<?xml version="1.0" encoding="utf-8"?>
<TestRun id="eba7fff2-d002-4c5b-8dc7-61f74c550a6c" name="Himmelt@XIAOXIN 2025-09-06 10:50:14" runUser="XIAOXIN\Himmelt" xmlns="http://microsoft.com/schemas/VisualStudio/TeamTest/2010">
  <Times creation="2025-09-06T10:50:14.2479325+08:00" queuing="2025-09-06T10:50:14.2479328+08:00" start="2025-09-06T10:50:13.1078890+08:00" finish="2025-09-06T10:50:14.9905551+08:00" />
  <TestSettings name="default" id="53026ad9-e6b6-40c4-998e-b522fbf5230f">
    <Deployment runDeploymentRoot="Himmelt_XIAOXIN_2025-09-06_10_50_14" />
  </TestSettings>
  <Results>
    <UnitTestResult executionId="b0c9b61f-0a2d-4713-89a2-bc5baac77b2b" testId="e1350ec0-05ff-dea7-b8e6-6a73ad5dafc4" testName="ModbusLib.Tests.GenericReadWrite.GenericCompatibilityTests.GenericReadWrite_LargeByteArray_Success(endianness: LittleEndian)" computerName="XIAOXIN" duration="00:00:00.0005019" startTime="2025-09-06T10:50:14.2769526+08:00" endTime="2025-09-06T10:50:14.2769527+08:00" testType="13cdc9d9-ddb5-4fa4-a97d-d965ccfc6d4b" outcome="Passed" testListId="8c84fa94-04c1-424b-9868-57a2d4851a1d" relativeResultsDirectory="b0c9b61f-0a2d-4713-89a2-bc5baac77b2b" />
    <UnitTestResult executionId="e0755c11-c6b6-48b3-93b5-272a93f8c2d8" testId="ac474067-67a2-ea6c-3f6d-8fbb15309754" testName="ModbusLib.Tests.Protocols.TcpProtocolTests.ValidateResponse_IncorrectLength_ReturnsFalse" computerName="XIAOXIN" duration="00:00:00.0001247" startTime="2025-09-06T10:50:14.2547446+08:00" endTime="2025-09-06T10:50:14.2547447+08:00" testType="13cdc9d9-ddb5-4fa4-a97d-d965ccfc6d4b" outcome="Passed" testListId="8c84fa94-04c1-424b-9868-57a2d4851a1d" relativeResultsDirectory="e0755c11-c6b6-48b3-93b5-272a93f8c2d8" />
    <UnitTestResult executionId="6522f992-fa80-4a2e-b726-310e1eedbd3f" testId="09e973ba-3892-ed51-4d66-7f01da9f3aa6" testName="ModbusLib.Tests.Protocols.TcpProtocolTests.ParseResponse_ReadHoldingRegistersValid_CorrectParsing" computerName="XIAOXIN" duration="00:00:00.0003544" startTime="2025-09-06T10:50:14.2523711+08:00" endTime="2025-09-06T10:50:14.2523712+08:00" testType="13cdc9d9-ddb5-4fa4-a97d-d965ccfc6d4b" outcome="Passed" testListId="8c84fa94-04c1-424b-9868-57a2d4851a1d" relativeResultsDirectory="6522f992-fa80-4a2e-b726-310e1eedbd3f" />
    <UnitTestResult executionId="735c11ee-2e89-4467-9f70-a8273072e2d4" testId="a8188de4-232a-aca2-3b2b-13cac3e5f01f" testName="ModbusLib.Tests.Protocols.RtuProtocolTests.BuildRequest_WriteSingleRegister_CorrectValue" computerName="XIAOXIN" duration="00:00:00.0004584" startTime="2025-09-06T10:50:14.2344226+08:00" endTime="2025-09-06T10:50:14.2344227+08:00" testType="13cdc9d9-ddb5-4fa4-a97d-d965ccfc6d4b" outcome="Passed" testListId="8c84fa94-04c1-424b-9868-57a2d4851a1d" relativeResultsDirectory="735c11ee-2e89-4467-9f70-a8273072e2d4" />
    <UnitTestResult executionId="d4c34715-e0e7-4942-ba99-1728d2a3be04" testId="6b51df92-44ef-badf-cf1f-ac70fe206287" testName="ModbusLib.Tests.Protocols.TcpProtocolTests.ValidateResponse_InvalidProtocolId_ReturnsFalse" computerName="XIAOXIN" duration="00:00:00.0006555" startTime="2025-09-06T10:50:14.2313001+08:00" endTime="2025-09-06T10:50:14.2313002+08:00" testType="13cdc9d9-ddb5-4fa4-a97d-d965ccfc6d4b" outcome="Passed" testListId="8c84fa94-04c1-424b-9868-57a2d4851a1d" relativeResultsDirectory="d4c34715-e0e7-4942-ba99-1728d2a3be04" />
    <UnitTestResult executionId="bf81bdf2-1cbe-401e-83d0-e283a40a8c1b" testId="cae0f664-2899-c696-ae20-8d83f3b5a0b5" testName="ModbusLib.Tests.ReadFunctions.ModbusReadTests.ReadHoldingRegistersAsync_MaximumQuantity_Success" computerName="XIAOXIN" duration="00:00:00.0032252" startTime="2025-09-06T10:50:14.2883176+08:00" endTime="2025-09-06T10:50:14.2883179+08:00" testType="13cdc9d9-ddb5-4fa4-a97d-d965ccfc6d4b" outcome="Passed" testListId="8c84fa94-04c1-424b-9868-57a2d4851a1d" relativeResultsDirectory="bf81bdf2-1cbe-401e-83d0-e283a40a8c1b" />
    <UnitTestResult executionId="3bcc7e4d-24c1-425f-b5ff-0d5c84f8e9ad" testId="4eb13dc4-2ff5-342e-3640-add27cc3693b" testName="ModbusLib.Tests.Factories.ModbusClientFactoryTests.CreateTcpClient_DefaultPort_Uses502" computerName="XIAOXIN" duration="00:00:00.0002682" startTime="2025-09-06T10:50:14.2371236+08:00" endTime="2025-09-06T10:50:14.2371237+08:00" testType="13cdc9d9-ddb5-4fa4-a97d-d965ccfc6d4b" outcome="Passed" testListId="8c84fa94-04c1-424b-9868-57a2d4851a1d" relativeResultsDirectory="3bcc7e4d-24c1-425f-b5ff-0d5c84f8e9ad" />
    <UnitTestResult executionId="6c36e145-5ae7-4786-a9ce-3f48b2968f51" testId="6a1d560f-f9f8-989e-302d-bb357a2222a2" testName="ModbusLib.Tests.Integration.BasicClientIntegrationTests.ModbusClient_InitialState_IsNotConnected" computerName="XIAOXIN" duration="00:00:00.0003326" startTime="2025-09-06T10:50:14.2755001+08:00" endTime="2025-09-06T10:50:14.2755002+08:00" testType="13cdc9d9-ddb5-4fa4-a97d-d965ccfc6d4b" outcome="Passed" testListId="8c84fa94-04c1-424b-9868-57a2d4851a1d" relativeResultsDirectory="6c36e145-5ae7-4786-a9ce-3f48b2968f51" />
    <UnitTestResult executionId="258370a6-4d28-4d01-aaa9-3cb93ea7d20f" testId="fe130ea2-82ec-85f2-3ef4-3c86f94a98ca" testName="ModbusLib.Tests.Integration.BasicClientIntegrationTests.ModbusClient_TransportException_PerformsRetry" computerName="XIAOXIN" duration="00:00:00.3104253" startTime="2025-09-06T10:50:14.5677705+08:00" endTime="2025-09-06T10:50:14.5677711+08:00" testType="13cdc9d9-ddb5-4fa4-a97d-d965ccfc6d4b" outcome="Passed" testListId="8c84fa94-04c1-424b-9868-57a2d4851a1d" relativeResultsDirectory="258370a6-4d28-4d01-aaa9-3cb93ea7d20f" />
    <UnitTestResult executionId="71f2be8b-eb7b-437d-899c-e81e2ca5c0f5" testId="0e71cae7-d978-1827-11f0-7e63c544f905" testName="ModbusLib.Tests.GenericReadWrite.GenericReadWriteIntegrationTests.ReadWriteHoldingRegisters_ByteArray_Success(endianness: LittleEndian)" computerName="XIAOXIN" duration="00:00:00.0002135" startTime="2025-09-06T10:50:14.2318276+08:00" endTime="2025-09-06T10:50:14.2318277+08:00" testType="13cdc9d9-ddb5-4fa4-a97d-d965ccfc6d4b" outcome="Passed" testListId="8c84fa94-04c1-424b-9868-57a2d4851a1d" relativeResultsDirectory="71f2be8b-eb7b-437d-899c-e81e2ca5c0f5" />
    <UnitTestResult executionId="277399e5-ac26-40d6-9ea3-2f533544921e" testId="bd62c191-c165-8ab0-54bb-5f80f86fd598" testName="ModbusLib.Tests.Factories.ModbusClientFactoryTests.CreateClient_RtuOverUdpType_ReturnsRtuOverUdpClient" computerName="XIAOXIN" duration="00:00:00.0123277" startTime="2025-09-06T10:50:14.2285012+08:00" endTime="2025-09-06T10:50:14.2285013+08:00" testType="13cdc9d9-ddb5-4fa4-a97d-d965ccfc6d4b" outcome="Passed" testListId="8c84fa94-04c1-424b-9868-57a2d4851a1d" relativeResultsDirectory="277399e5-ac26-40d6-9ea3-2f533544921e" />
    <UnitTestResult executionId="fdd98a3b-3c17-495f-9494-93f8b83dab84" testId="8e2f3957-156e-11d0-30ba-298f905843e9" testName="ModbusLib.Tests.GenericReadWrite.GenericBoundaryTests.SpanExtensions_SetBigEndian_InvalidAddress_ThrowsException" computerName="XIAOXIN" duration="00:00:00.0003953" startTime="2025-09-06T10:50:14.2530327+08:00" endTime="2025-09-06T10:50:14.2530328+08:00" testType="13cdc9d9-ddb5-4fa4-a97d-d965ccfc6d4b" outcome="Passed" testListId="8c84fa94-04c1-424b-9868-57a2d4851a1d" relativeResultsDirectory="fdd98a3b-3c17-495f-9494-93f8b83dab84" />
    <UnitTestResult executionId="c7fa91af-289c-424b-bf1f-bef3f5423cc8" testId="54c4d33c-c896-b7bc-8ff4-3a84b6f5c0b7" testName="ModbusLib.Tests.Protocols.TcpProtocolTests.CalculateExpectedResponseLength_VariousFunctions_CorrectLength(function: ReadCoils, quantity: 16, expectedLength: 11)" computerName="XIAOXIN" duration="00:00:00.0003929" startTime="2025-09-06T10:50:14.2293049+08:00" endTime="2025-09-06T10:50:14.2293049+08:00" testType="13cdc9d9-ddb5-4fa4-a97d-d965ccfc6d4b" outcome="Passed" testListId="8c84fa94-04c1-424b-9868-57a2d4851a1d" relativeResultsDirectory="c7fa91af-289c-424b-bf1f-bef3f5423cc8" />
    <UnitTestResult executionId="01c774ab-7fe7-43fd-9fa9-196dc1869e8e" testId="c12094e4-2901-27c5-211e-8fc0182268f6" testName="ModbusLib.Tests.GenericReadWrite.GenericBoundaryTests.WriteMultipleRegisters_EmptyArray_ThrowsArgumentException" computerName="XIAOXIN" duration="00:00:00.0010711" startTime="2025-09-06T10:50:14.2677484+08:00" endTime="2025-09-06T10:50:14.2677484+08:00" testType="13cdc9d9-ddb5-4fa4-a97d-d965ccfc6d4b" outcome="Passed" testListId="8c84fa94-04c1-424b-9868-57a2d4851a1d" relativeResultsDirectory="01c774ab-7fe7-43fd-9fa9-196dc1869e8e" />
    <UnitTestResult executionId="3b9a7939-0d5e-4e74-a54e-5c08fcb8f44b" testId="dff63d3a-1505-e84f-3447-f077f05c0952" testName="ModbusLib.Tests.GenericReadWrite.GenericBoundaryTests.ModbusDataConverter_MaxArraySize_DoesNotThrow" computerName="XIAOXIN" duration="00:00:00.0002048" startTime="2025-09-06T10:50:14.2582238+08:00" endTime="2025-09-06T10:50:14.2582238+08:00" testType="13cdc9d9-ddb5-4fa4-a97d-d965ccfc6d4b" outcome="Passed" testListId="8c84fa94-04c1-424b-9868-57a2d4851a1d" relativeResultsDirectory="3b9a7939-0d5e-4e74-a54e-5c08fcb8f44b" />
    <UnitTestResult executionId="cc349ca0-5f9b-41ad-80b0-96792b9f954c" testId="3811a3e6-d0ea-361a-97a7-481f8d660901" testName="ModbusLib.Tests.GenericReadWrite.ModbusDataConverterTests.GetTotalRegisterCount_MultipleInts_ReturnsCorrectCount" computerName="XIAOXIN" duration="00:00:00.0000844" startTime="2025-09-06T10:50:14.2528773+08:00" endTime="2025-09-06T10:50:14.2528773+08:00" testType="13cdc9d9-ddb5-4fa4-a97d-d965ccfc6d4b" outcome="Passed" testListId="8c84fa94-04c1-424b-9868-57a2d4851a1d" relativeResultsDirectory="cc349ca0-5f9b-41ad-80b0-96792b9f954c" />
    <UnitTestResult executionId="83c608df-9593-4d02-8b0f-2db81f1f3b62" testId="096e3a7f-0dd5-4f1a-e2e4-ed34da62a142" testName="ModbusLib.Tests.Factories.ModbusClientFactoryTests.CreateClient_AllTypesImplementIModbusClient_Success" computerName="XIAOXIN" duration="00:00:00.0005544" startTime="2025-09-06T10:50:14.2569287+08:00" endTime="2025-09-06T10:50:14.2569287+08:00" testType="13cdc9d9-ddb5-4fa4-a97d-d965ccfc6d4b" outcome="Passed" testListId="8c84fa94-04c1-424b-9868-57a2d4851a1d" relativeResultsDirectory="83c608df-9593-4d02-8b0f-2db81f1f3b62" />
    <UnitTestResult executionId="a9d40fd7-b9ec-4298-af30-f4af07bc0e5c" testId="ecc78a2f-ee5e-a72c-36fd-e26241e6a8c9" testName="ModbusLib.Tests.Protocols.RtuProtocolTests.BuildRequest_WriteMultipleRegisters_CorrectFrame" computerName="XIAOXIN" duration="00:00:00.0079319" startTime="2025-09-06T10:50:14.2336971+08:00" endTime="2025-09-06T10:50:14.2336972+08:00" testType="13cdc9d9-ddb5-4fa4-a97d-d965ccfc6d4b" outcome="Passed" testListId="8c84fa94-04c1-424b-9868-57a2d4851a1d" relativeResultsDirectory="a9d40fd7-b9ec-4298-af30-f4af07bc0e5c" />
    <UnitTestResult executionId="d7c60022-1705-47de-ae43-0657f43b7070" testId="200a5c27-d2f4-e16c-ec12-812726ca8fb2" testName="ModbusLib.Tests.GenericReadWrite.ModbusDataConverterTests.ToBytes_DifferentEndianness_DoesNotThrow(endianness: BigEndian)" computerName="XIAOXIN" duration="00:00:00.0002021" startTime="2025-09-06T10:50:14.2252762+08:00" endTime="2025-09-06T10:50:14.2252762+08:00" testType="13cdc9d9-ddb5-4fa4-a97d-d965ccfc6d4b" outcome="Passed" testListId="8c84fa94-04c1-424b-9868-57a2d4851a1d" relativeResultsDirectory="d7c60022-1705-47de-ae43-0657f43b7070" />
    <UnitTestResult executionId="c18c78f2-fcba-40f6-b6c2-aba33580e1b8" testId="3ca035b8-3046-a80c-191c-564d2fa94ee4" testName="ModbusLib.Tests.ReadFunctions.ModbusReadTests.ReadCoilsAsync_InvalidQuantity_ThrowsArgumentException(invalidQuantity: 0)" computerName="XIAOXIN" duration="00:00:00.0002770" startTime="2025-09-06T10:50:14.2977476+08:00" endTime="2025-09-06T10:50:14.2977476+08:00" testType="13cdc9d9-ddb5-4fa4-a97d-d965ccfc6d4b" outcome="Passed" testListId="8c84fa94-04c1-424b-9868-57a2d4851a1d" relativeResultsDirectory="c18c78f2-fcba-40f6-b6c2-aba33580e1b8" />
    <UnitTestResult executionId="59ab74dc-40fa-44b6-a8b2-2874bfa1a508" testId="8b3dea63-f2e0-52e1-2cd2-ccb946472b3f" testName="ModbusLib.Tests.GenericReadWrite.ModbusDataConverterTests.GetRegisterCount_Byte_ReturnsOne" computerName="XIAOXIN" duration="00:00:00.0000679" startTime="2025-09-06T10:50:14.2535155+08:00" endTime="2025-09-06T10:50:14.2535156+08:00" testType="13cdc9d9-ddb5-4fa4-a97d-d965ccfc6d4b" outcome="Passed" testListId="8c84fa94-04c1-424b-9868-57a2d4851a1d" relativeResultsDirectory="59ab74dc-40fa-44b6-a8b2-2874bfa1a508" />
    <UnitTestResult executionId="e06e441a-4de1-41f4-9087-95516812b4db" testId="c5c730f3-477e-908d-4794-ac4fb3959f88" testName="ModbusLib.Tests.Protocols.TcpProtocolTests.CalculateExpectedResponseLength_VariousFunctions_CorrectLength(function: ReadCoils, quantity: 8, expectedLength: 10)" computerName="XIAOXIN" duration="00:00:00.0000020" startTime="2025-09-06T10:50:14.2299116+08:00" endTime="2025-09-06T10:50:14.2299116+08:00" testType="13cdc9d9-ddb5-4fa4-a97d-d965ccfc6d4b" outcome="Passed" testListId="8c84fa94-04c1-424b-9868-57a2d4851a1d" relativeResultsDirectory="e06e441a-4de1-41f4-9087-95516812b4db" />
    <UnitTestResult executionId="ef2ecaf0-bc40-4565-b8e4-1acb7d0e9ce9" testId="e89e949b-4805-3a31-34aa-beb8bee58424" testName="ModbusLib.Tests.WriteFunctions.ModbusWriteTests.WriteMultipleCoilsAsync_NullArray_ThrowsArgumentException" computerName="XIAOXIN" duration="00:00:00.0005407" startTime="2025-09-06T10:50:14.2865839+08:00" endTime="2025-09-06T10:50:14.2865841+08:00" testType="13cdc9d9-ddb5-4fa4-a97d-d965ccfc6d4b" outcome="Passed" testListId="8c84fa94-04c1-424b-9868-57a2d4851a1d" relativeResultsDirectory="ef2ecaf0-bc40-4565-b8e4-1acb7d0e9ce9" />
    <UnitTestResult executionId="4dde8d15-9dad-4839-b850-2eb823e3ccc4" testId="ebfc4fe3-c2e6-b320-2d0b-ab8e8d8aeeaf" testName="ModbusLib.Tests.Factories.ModbusClientFactoryTests.CreateRtuOverUdpClient_ValidConfig_ReturnsRtuOverUdpClient" computerName="XIAOXIN" duration="00:00:00.0001549" startTime="2025-09-06T10:50:14.2285412+08:00" endTime="2025-09-06T10:50:14.2285412+08:00" testType="13cdc9d9-ddb5-4fa4-a97d-d965ccfc6d4b" outcome="Passed" testListId="8c84fa94-04c1-424b-9868-57a2d4851a1d" relativeResultsDirectory="4dde8d15-9dad-4839-b850-2eb823e3ccc4" />
    <UnitTestResult executionId="98ee3daa-0e40-493d-b6c7-2252b0484440" testId="3e7e149a-15ce-e1f1-dc52-99f7f2232858" testName="ModbusLib.Tests.GenericReadWrite.GenericBasicTests.ModbusDataConverter_IntArray_RoundTrip_Success(endianness: BigEndian)" computerName="XIAOXIN" duration="00:00:00.0000083" startTime="2025-09-06T10:50:14.2312228+08:00" endTime="2025-09-06T10:50:14.2312228+08:00" testType="13cdc9d9-ddb5-4fa4-a97d-d965ccfc6d4b" outcome="Passed" testListId="8c84fa94-04c1-424b-9868-57a2d4851a1d" relativeResultsDirectory="98ee3daa-0e40-493d-b6c7-2252b0484440" />
    <UnitTestResult executionId="33e33b5e-b6f9-411f-8761-eb00edefb42f" testId="477c800a-ec62-8202-0e92-00be7b29051e" testName="ModbusLib.Tests.GenericReadWrite.ModbusSpanExtensionsTests.GetSetRoundTrip_LittleEndian_Success" computerName="XIAOXIN" duration="00:00:00.0012874" startTime="2025-09-06T10:50:14.2545971+08:00" endTime="2025-09-06T10:50:14.2545972+08:00" testType="13cdc9d9-ddb5-4fa4-a97d-d965ccfc6d4b" outcome="Passed" testListId="8c84fa94-04c1-424b-9868-57a2d4851a1d" relativeResultsDirectory="33e33b5e-b6f9-411f-8761-eb00edefb42f" />
    <UnitTestResult executionId="79495bf5-309d-4d6d-b85a-d49a3443e250" testId="fbf5835f-821d-7808-b9c2-590bbf4fd361" testName="ModbusLib.Tests.GenericReadWrite.MidLittleEndianTests.ModbusDataConverter_MidLittleEndian_MultipleInts_CorrectConversion" computerName="XIAOXIN" duration="00:00:00.0002671" startTime="2025-09-06T10:50:14.2293536+08:00" endTime="2025-09-06T10:50:14.2293537+08:00" testType="13cdc9d9-ddb5-4fa4-a97d-d965ccfc6d4b" outcome="Passed" testListId="8c84fa94-04c1-424b-9868-57a2d4851a1d" relativeResultsDirectory="79495bf5-309d-4d6d-b85a-d49a3443e250" />
    <UnitTestResult executionId="a0249ecb-1207-447f-a991-f2dab6bb23f7" testId="5340c7c7-84b4-b162-91e9-15576dc434f3" testName="ModbusLib.Tests.ReadFunctions.ModbusReadTests.ReadCoilsAsync_MaximumQuantity_Success" computerName="XIAOXIN" duration="00:00:00.0012202" startTime="2025-09-06T10:50:14.3219599+08:00" endTime="2025-09-06T10:50:14.3219600+08:00" testType="13cdc9d9-ddb5-4fa4-a97d-d965ccfc6d4b" outcome="Passed" testListId="8c84fa94-04c1-424b-9868-57a2d4851a1d" relativeResultsDirectory="a0249ecb-1207-447f-a991-f2dab6bb23f7" />
    <UnitTestResult executionId="831ed59e-a1db-4d35-9b6d-a5c5fc815494" testId="42756bca-c1fd-49c4-b410-21aa1dafc002" testName="ModbusLib.Tests.Protocols.TcpProtocolTests.BuildRequest_TransactionIdWrapAround_HandlesOverflow" computerName="XIAOXIN" duration="00:00:00.0004277" startTime="2025-09-06T10:50:14.2359450+08:00" endTime="2025-09-06T10:50:14.2359451+08:00" testType="13cdc9d9-ddb5-4fa4-a97d-d965ccfc6d4b" outcome="Passed" testListId="8c84fa94-04c1-424b-9868-57a2d4851a1d" relativeResultsDirectory="831ed59e-a1db-4d35-9b6d-a5c5fc815494" />
    <UnitTestResult executionId="b3e5bfdc-e971-419c-ae31-83df646b692b" testId="d2ba59f5-4648-50f7-33a1-7920d6905064" testName="ModbusLib.Tests.GenericReadWrite.GenericBasicTests.ModbusDataConverter_ByteArray_RoundTrip_Success(endianness: LittleEndian)" computerName="XIAOXIN" duration="00:00:00.0000534" startTime="2025-09-06T10:50:14.2337654+08:00" endTime="2025-09-06T10:50:14.2337654+08:00" testType="13cdc9d9-ddb5-4fa4-a97d-d965ccfc6d4b" outcome="Passed" testListId="8c84fa94-04c1-424b-9868-57a2d4851a1d" relativeResultsDirectory="b3e5bfdc-e971-419c-ae31-83df646b692b" />
    <UnitTestResult executionId="f51ec172-12f8-49c3-815f-992b408fc952" testId="76d33c27-4d0f-c878-e7d7-a7e703584926" testName="ModbusLib.Tests.GenericReadWrite.GenericCompatibilityTests.GenericReadWrite_SimpleStruct_Success(endianness: LittleEndian)" computerName="XIAOXIN" duration="00:00:00.0142569" startTime="2025-09-06T10:50:14.2675493+08:00" endTime="2025-09-06T10:50:14.2675494+08:00" testType="13cdc9d9-ddb5-4fa4-a97d-d965ccfc6d4b" outcome="Passed" testListId="8c84fa94-04c1-424b-9868-57a2d4851a1d" relativeResultsDirectory="f51ec172-12f8-49c3-815f-992b408fc952" />
    <UnitTestResult executionId="879e7a47-8944-4c3d-9c11-fab6aa5e5654" testId="00121893-fae9-7800-e625-81491e89df62" testName="ModbusLib.Tests.Protocols.RtuProtocolTests.CalculateExpectedResponseLength_VariousFunctions_CorrectLength(function: WriteMultipleCoils, quantity: 16, expectedLength: 8)" computerName="XIAOXIN" duration="00:00:00.0002943" startTime="2025-09-06T10:50:14.2276049+08:00" endTime="2025-09-06T10:50:14.2276051+08:00" testType="13cdc9d9-ddb5-4fa4-a97d-d965ccfc6d4b" outcome="Passed" testListId="8c84fa94-04c1-424b-9868-57a2d4851a1d" relativeResultsDirectory="879e7a47-8944-4c3d-9c11-fab6aa5e5654" />
    <UnitTestResult executionId="c9ed3858-6996-427c-aea3-4a0cdaa5b47d" testId="21b3787f-7f11-81de-c8ba-8c434b794123" testName="ModbusLib.Tests.Integration.BasicClientIntegrationTests.ModbusClient_DisconnectAfterDispose_DoesNotThrow" computerName="XIAOXIN" duration="00:00:00.0012262" startTime="2025-09-06T10:50:14.2754155+08:00" endTime="2025-09-06T10:50:14.2754155+08:00" testType="13cdc9d9-ddb5-4fa4-a97d-d965ccfc6d4b" outcome="Passed" testListId="8c84fa94-04c1-424b-9868-57a2d4851a1d" relativeResultsDirectory="c9ed3858-6996-427c-aea3-4a0cdaa5b47d" />
    <UnitTestResult executionId="3029a039-1766-479f-b608-294697cc097a" testId="34ebf895-a96a-c7fd-7cee-36e43c71a2fa" testName="ModbusLib.Tests.GenericReadWrite.ModbusSpanExtensionsTests.GetSetRoundTrip_BigEndian_Success" computerName="XIAOXIN" duration="00:00:00.0041085" startTime="2025-09-06T10:50:14.2678916+08:00" endTime="2025-09-06T10:50:14.2678917+08:00" testType="13cdc9d9-ddb5-4fa4-a97d-d965ccfc6d4b" outcome="Passed" testListId="8c84fa94-04c1-424b-9868-57a2d4851a1d" relativeResultsDirectory="3029a039-1766-479f-b608-294697cc097a" />
    <UnitTestResult executionId="9787613c-a0c8-41c1-afc3-813523f39dfd" testId="37630390-9ccb-721e-77eb-25ee9ed1ca49" testName="ModbusLib.Tests.Protocols.RtuProtocolTests.CalculateExpectedResponseLength_VariousFunctions_CorrectLength(function: ReadHoldingRegisters, quantity: 10, expectedLength: 26)" computerName="XIAOXIN" duration="00:00:00.0000090" startTime="2025-09-06T10:50:14.2276599+08:00" endTime="2025-09-06T10:50:14.2276600+08:00" testType="13cdc9d9-ddb5-4fa4-a97d-d965ccfc6d4b" outcome="Passed" testListId="8c84fa94-04c1-424b-9868-57a2d4851a1d" relativeResultsDirectory="9787613c-a0c8-41c1-afc3-813523f39dfd" />
    <UnitTestResult executionId="5d537894-7a15-4300-bcbb-361186ccc5ce" testId="44f2bf4c-114b-3822-0c45-ab81347fae5e" testName="ModbusLib.Tests.Integration.BasicClientIntegrationTests.ModbusClient_ConnectAsync_UpdatesConnectionState" computerName="XIAOXIN" duration="00:00:00.0016077" startTime="2025-09-06T10:50:14.9140210+08:00" endTime="2025-09-06T10:50:14.9140213+08:00" testType="13cdc9d9-ddb5-4fa4-a97d-d965ccfc6d4b" outcome="Passed" testListId="8c84fa94-04c1-424b-9868-57a2d4851a1d" relativeResultsDirectory="5d537894-7a15-4300-bcbb-361186ccc5ce" />
    <UnitTestResult executionId="c1a03997-d017-43e4-9c44-c659b39770d8" testId="5a58d0d7-6c0e-8bd7-6aed-ef60ac243e6a" testName="ModbusLib.Tests.GenericReadWrite.GenericCompatibilityTests.GenericReadWrite_LongTypes_Success(endianness: BigEndian)" computerName="XIAOXIN" duration="00:00:00.0163716" startTime="2025-09-06T10:50:14.2755493+08:00" endTime="2025-09-06T10:50:14.2755493+08:00" testType="13cdc9d9-ddb5-4fa4-a97d-d965ccfc6d4b" outcome="Passed" testListId="8c84fa94-04c1-424b-9868-57a2d4851a1d" relativeResultsDirectory="c1a03997-d017-43e4-9c44-c659b39770d8" />
    <UnitTestResult executionId="9cc8efcb-d0f5-4705-872a-1e5565979b5b" testId="88915296-fbf6-b431-0461-dd18d28885f4" testName="ModbusLib.Tests.GenericReadWrite.GenericReadWriteIntegrationTests.ReadHoldingRegisters_InvalidCount_ThrowsArgumentException" computerName="XIAOXIN" duration="00:00:00.0006761" startTime="2025-09-06T10:50:14.2634967+08:00" endTime="2025-09-06T10:50:14.2634968+08:00" testType="13cdc9d9-ddb5-4fa4-a97d-d965ccfc6d4b" outcome="Passed" testListId="8c84fa94-04c1-424b-9868-57a2d4851a1d" relativeResultsDirectory="9cc8efcb-d0f5-4705-872a-1e5565979b5b" />
    <UnitTestResult executionId="258cfdc1-7774-40cf-a3a5-13971f4219f7" testId="4fefa1d2-2b1e-d1b0-d129-59cb8faad289" testName="ModbusLib.Tests.GenericReadWrite.ModbusSpanExtensionsTests.GetBigEndian_UShort_ReturnsCorrectValue" computerName="XIAOXIN" duration="00:00:00.0025959" startTime="2025-09-06T10:50:14.2506968+08:00" endTime="2025-09-06T10:50:14.2506969+08:00" testType="13cdc9d9-ddb5-4fa4-a97d-d965ccfc6d4b" outcome="Failed" testListId="8c84fa94-04c1-424b-9868-57a2d4851a1d" relativeResultsDirectory="258cfdc1-7774-40cf-a3a5-13971f4219f7">
      <Output>
        <ErrorInfo>
          <Message>Assert.Equal() Failure: Values differ&#xD;
Expected: 4660&#xD;
Actual:   13330</Message>
          <StackTrace>   at ModbusLib.Tests.GenericReadWrite.ModbusSpanExtensionsTests.GetBigEndian_UShort_ReturnsCorrectValue() in D:\Projects\ModbusLib\Tests\src\GenericReadWrite\ModbusSpanExtensionsTests.cs:line 35&#xD;
   at System.RuntimeMethodHandle.InvokeMethod(Object target, Void** arguments, Signature sig, Boolean isConstructor)&#xD;
   at System.Reflection.MethodBaseInvoker.InvokeWithNoArgs(Object obj, BindingFlags invokeAttr)</StackTrace>
        </ErrorInfo>
      </Output>
    </UnitTestResult>
    <UnitTestResult executionId="baf201e3-1515-4e7a-8879-bbc13eef89ec" testId="be9eb14a-c35c-d641-775a-e476a6c88e91" testName="ModbusLib.Tests.Protocols.TcpProtocolTests.BuildRequest_WriteSingleCoilNoData_ThrowsArgumentException" computerName="XIAOXIN" duration="00:00:00.0002563" startTime="2025-09-06T10:50:14.2376318+08:00" endTime="2025-09-06T10:50:14.2376319+08:00" testType="13cdc9d9-ddb5-4fa4-a97d-d965ccfc6d4b" outcome="Passed" testListId="8c84fa94-04c1-424b-9868-57a2d4851a1d" relativeResultsDirectory="baf201e3-1515-4e7a-8879-bbc13eef89ec" />
    <UnitTestResult executionId="d38077d4-6f1e-4977-a69c-2e1d900e4ba6" testId="559ab82a-3a29-7f27-83ff-33f8cde7d489" testName="ModbusLib.Tests.Factories.ModbusClientFactoryTests.CreateUdpClient_InvalidHost_ThrowsArgumentException(invalidHost: &quot;null&quot;)" computerName="XIAOXIN" duration="00:00:00.0004055" startTime="2025-09-06T10:50:14.2349890+08:00" endTime="2025-09-06T10:50:14.2349891+08:00" testType="13cdc9d9-ddb5-4fa4-a97d-d965ccfc6d4b" outcome="Passed" testListId="8c84fa94-04c1-424b-9868-57a2d4851a1d" relativeResultsDirectory="d38077d4-6f1e-4977-a69c-2e1d900e4ba6" />
    <UnitTestResult executionId="0a5bc2f0-ddc3-4cd5-8d88-90abbbd0d7b0" testId="f1a66aa1-0fd3-af4f-babe-511225483ea5" testName="ModbusLib.Tests.Integration.BasicClientIntegrationTests.ModbusClient_RetriesProperty_CanBeSet" computerName="XIAOXIN" duration="00:00:00.0002782" startTime="2025-09-06T10:50:14.9091850+08:00" endTime="2025-09-06T10:50:14.9091853+08:00" testType="13cdc9d9-ddb5-4fa4-a97d-d965ccfc6d4b" outcome="Passed" testListId="8c84fa94-04c1-424b-9868-57a2d4851a1d" relativeResultsDirectory="0a5bc2f0-ddc3-4cd5-8d88-90abbbd0d7b0" />
    <UnitTestResult executionId="d7f1e8a4-d2d7-4e75-9819-c4279716a27d" testId="29e76321-8d4b-7009-03d9-1c8a9c8d7e69" testName="ModbusLib.Tests.ReadFunctions.ModbusReadTests.ReadCoilsAsync_InvalidQuantity_ThrowsArgumentException(invalidQuantity: 2001)" computerName="XIAOXIN" duration="00:00:00.0006604" startTime="2025-09-06T10:50:14.2976544+08:00" endTime="2025-09-06T10:50:14.2976544+08:00" testType="13cdc9d9-ddb5-4fa4-a97d-d965ccfc6d4b" outcome="Passed" testListId="8c84fa94-04c1-424b-9868-57a2d4851a1d" relativeResultsDirectory="d7f1e8a4-d2d7-4e75-9819-c4279716a27d" />
    <UnitTestResult executionId="f342edf9-63e1-42a9-981f-f2ebe55a37ca" testId="d1a8d4fc-6ddf-af47-aff2-90caeb4ecc53" testName="ModbusLib.Tests.AdvancedFunctions.ModbusAdvancedTests.ReadWriteMultipleRegistersAsync_EmptyWriteArray_ThrowsArgumentException" computerName="XIAOXIN" duration="00:00:00.0052728" startTime="2025-09-06T10:50:14.3056202+08:00" endTime="2025-09-06T10:50:14.3056204+08:00" testType="13cdc9d9-ddb5-4fa4-a97d-d965ccfc6d4b" outcome="Passed" testListId="8c84fa94-04c1-424b-9868-57a2d4851a1d" relativeResultsDirectory="f342edf9-63e1-42a9-981f-f2ebe55a37ca" />
    <UnitTestResult executionId="b4cc13f5-47a4-4768-8007-3743a38653ae" testId="8798a339-a1d4-ba0c-60ca-baaf0a58bb07" testName="ModbusLib.Tests.Integration.BasicClientIntegrationTests.ModbusClient_ConnectAfterDispose_ThrowsObjectDisposedException" computerName="XIAOXIN" duration="00:00:00.0008246" startTime="2025-09-06T10:50:14.9149223+08:00" endTime="2025-09-06T10:50:14.9149227+08:00" testType="13cdc9d9-ddb5-4fa4-a97d-d965ccfc6d4b" outcome="Passed" testListId="8c84fa94-04c1-424b-9868-57a2d4851a1d" relativeResultsDirectory="b4cc13f5-47a4-4768-8007-3743a38653ae" />
    <UnitTestResult executionId="ff1d79ec-5ffb-4fcb-9f12-91d490365f9d" testId="1bf10a64-e4ed-626f-6603-08a7e395a786" testName="ModbusLib.Tests.ReadFunctions.ModbusReadTests.ReadDiscreteInputsAsync_InsufficientResponseData_ThrowsCommunicationException" computerName="XIAOXIN" duration="00:00:00.0020066" startTime="2025-09-06T10:50:14.2906776+08:00" endTime="2025-09-06T10:50:14.2906777+08:00" testType="13cdc9d9-ddb5-4fa4-a97d-d965ccfc6d4b" outcome="Passed" testListId="8c84fa94-04c1-424b-9868-57a2d4851a1d" relativeResultsDirectory="ff1d79ec-5ffb-4fcb-9f12-91d490365f9d" />
    <UnitTestResult executionId="86a85eca-b3c3-4162-a0df-0cf7ac170ceb" testId="a076e408-5a3b-5ad2-647d-fc2492486d99" testName="ModbusLib.Tests.GenericReadWrite.MidLittleEndianTests.ModbusDataConverter_MidLittleEndian_ByteArray_HandledCorrectly" computerName="XIAOXIN" duration="00:00:00.0030025" startTime="2025-09-06T10:50:14.2292773+08:00" endTime="2025-09-06T10:50:14.2292774+08:00" testType="13cdc9d9-ddb5-4fa4-a97d-d965ccfc6d4b" outcome="Passed" testListId="8c84fa94-04c1-424b-9868-57a2d4851a1d" relativeResultsDirectory="86a85eca-b3c3-4162-a0df-0cf7ac170ceb" />
    <UnitTestResult executionId="b102404f-2a49-450b-9066-92756238af77" testId="5990c425-3ea8-4814-b998-4b5cd31ce261" testName="ModbusLib.Tests.GenericReadWrite.GenericBoundaryTests.SpanExtensions_SetLittleEndian_NegativeAddress_ThrowsException" computerName="XIAOXIN" duration="00:00:00.0002694" startTime="2025-09-06T10:50:14.2674787+08:00" endTime="2025-09-06T10:50:14.2674788+08:00" testType="13cdc9d9-ddb5-4fa4-a97d-d965ccfc6d4b" outcome="Passed" testListId="8c84fa94-04c1-424b-9868-57a2d4851a1d" relativeResultsDirectory="b102404f-2a49-450b-9066-92756238af77" />
    <UnitTestResult executionId="0284e2d3-365d-4c81-b810-83628f92db09" testId="2d0c2adb-45e9-dc60-15f9-4cad1d6be487" testName="ModbusLib.Tests.Factories.ModbusClientFactoryTests.CreateRtuClient_NullConfig_ThrowsArgumentNullException" computerName="XIAOXIN" duration="00:00:00.0001368" startTime="2025-09-06T10:50:14.2587133+08:00" endTime="2025-09-06T10:50:14.2587134+08:00" testType="13cdc9d9-ddb5-4fa4-a97d-d965ccfc6d4b" outcome="Passed" testListId="8c84fa94-04c1-424b-9868-57a2d4851a1d" relativeResultsDirectory="0284e2d3-365d-4c81-b810-83628f92db09" />
    <UnitTestResult executionId="61c3268e-e3f0-4e83-ae82-2c5623265875" testId="ce44a582-1174-21a6-bc71-021f16372844" testName="ModbusLib.Tests.GenericReadWrite.MidLittleEndianTests.ModbusDataConverter_MidLittleEndian_SpecificValues_RoundTrip(testValue: -2023406815)" computerName="XIAOXIN" duration="00:00:00.0079300" startTime="2025-09-06T10:50:14.2069186+08:00" endTime="2025-09-06T10:50:14.2069186+08:00" testType="13cdc9d9-ddb5-4fa4-a97d-d965ccfc6d4b" outcome="Passed" testListId="8c84fa94-04c1-424b-9868-57a2d4851a1d" relativeResultsDirectory="61c3268e-e3f0-4e83-ae82-2c5623265875" />
    <UnitTestResult executionId="eecf2dac-20d6-4605-b4cd-314ae0f7ee57" testId="a31fa52f-6533-bbc6-5bd5-a60d53feef1d" testName="ModbusLib.Tests.Integration.BasicClientIntegrationTests.ModbusClient_NonRetryableException_DoesNotRetry" computerName="XIAOXIN" duration="00:00:00.0026150" startTime="2025-09-06T10:50:14.9088356+08:00" endTime="2025-09-06T10:50:14.9088359+08:00" testType="13cdc9d9-ddb5-4fa4-a97d-d965ccfc6d4b" outcome="Passed" testListId="8c84fa94-04c1-424b-9868-57a2d4851a1d" relativeResultsDirectory="eecf2dac-20d6-4605-b4cd-314ae0f7ee57" />
    <UnitTestResult executionId="1c47456f-513d-4f01-8148-030f93028bd8" testId="0134fc5a-ccd2-96ba-c790-276d584a7b6a" testName="ModbusLib.Tests.GenericReadWrite.GenericPerformanceTests.ModbusDataConverter_FloatArray_Performance" computerName="XIAOXIN" duration="00:00:00.0151497" startTime="2025-09-06T10:50:14.3146577+08:00" endTime="2025-09-06T10:50:14.3146581+08:00" testType="13cdc9d9-ddb5-4fa4-a97d-d965ccfc6d4b" outcome="Passed" testListId="8c84fa94-04c1-424b-9868-57a2d4851a1d" relativeResultsDirectory="1c47456f-513d-4f01-8148-030f93028bd8">
      <Output>
        <StdOut>Float array (size: 2500, iterations: 100) took 14ms&#xD;
Average per operation: 0.14ms</StdOut>
      </Output>
    </UnitTestResult>
    <UnitTestResult executionId="0c002d68-df28-4914-ae5c-381dc48b4dd8" testId="04218da4-4ef0-3f7a-6f77-4d58eff77fc0" testName="ModbusLib.Tests.GenericReadWrite.GenericPerformanceTests.ModbusDataConverter_DifferentEndianness_Performance(endianness: BigEndian)" computerName="XIAOXIN" duration="00:00:00.0286101" startTime="2025-09-06T10:50:14.2552846+08:00" endTime="2025-09-06T10:50:14.2552847+08:00" testType="13cdc9d9-ddb5-4fa4-a97d-d965ccfc6d4b" outcome="Passed" testListId="8c84fa94-04c1-424b-9868-57a2d4851a1d" relativeResultsDirectory="0c002d68-df28-4914-ae5c-381dc48b4dd8">
      <Output>
        <StdOut>Endianness BigEndian (size: 1000, iterations: 50) took 3ms&#xD;
Average per operation: 0.06ms</StdOut>
      </Output>
    </UnitTestResult>
    <UnitTestResult executionId="e8ca3a24-5651-469b-a22b-506076f41795" testId="9f5fc253-fedf-469e-55a4-d58939bfdc3c" testName="ModbusLib.Tests.Protocols.TcpProtocolTests.ValidateResponse_TooShort_ReturnsFalse" computerName="XIAOXIN" duration="00:00:00.0001549" startTime="2025-09-06T10:50:14.2545278+08:00" endTime="2025-09-06T10:50:14.2545279+08:00" testType="13cdc9d9-ddb5-4fa4-a97d-d965ccfc6d4b" outcome="Passed" testListId="8c84fa94-04c1-424b-9868-57a2d4851a1d" relativeResultsDirectory="e8ca3a24-5651-469b-a22b-506076f41795" />
    <UnitTestResult executionId="df811328-222f-4296-9f7a-94de42208648" testId="955c8624-6ae7-7330-2050-614f38aa3819" testName="ModbusLib.Tests.GenericReadWrite.MidLittleEndianTests.ModbusDataConverter_MidLittleEndian_SpecificValues_RoundTrip(testValue: -1412567295)" computerName="XIAOXIN" duration="00:00:00.0000117" startTime="2025-09-06T10:50:14.2273115+08:00" endTime="2025-09-06T10:50:14.2273118+08:00" testType="13cdc9d9-ddb5-4fa4-a97d-d965ccfc6d4b" outcome="Passed" testListId="8c84fa94-04c1-424b-9868-57a2d4851a1d" relativeResultsDirectory="df811328-222f-4296-9f7a-94de42208648" />
    <UnitTestResult executionId="b04a696b-0e3a-4901-a913-85a7cbf08b99" testId="a6670fb4-d8c4-fc74-766d-610ef4a14a89" testName="ModbusLib.Tests.GenericReadWrite.GenericCompatibilityTests.GenericReadWrite_ComplexStruct_Success(endianness: MidLittleEndian)" computerName="XIAOXIN" duration="00:00:00.0051590" startTime="2025-09-06T10:50:14.2763042+08:00" endTime="2025-09-06T10:50:14.2763043+08:00" testType="13cdc9d9-ddb5-4fa4-a97d-d965ccfc6d4b" outcome="Passed" testListId="8c84fa94-04c1-424b-9868-57a2d4851a1d" relativeResultsDirectory="b04a696b-0e3a-4901-a913-85a7cbf08b99" />
    <UnitTestResult executionId="0febed69-f7e1-43e1-bd1d-20b584eab9fe" testId="39f757b8-fe01-1a67-949e-1eccdcd4a617" testName="ModbusLib.Tests.Protocols.RtuProtocolTests.CalculateExpectedResponseLength_VariousFunctions_CorrectLength(function: ReadCoils, quantity: 16, expectedLength: 8)" computerName="XIAOXIN" duration="00:00:00.0000020" startTime="2025-09-06T10:50:14.2284635+08:00" endTime="2025-09-06T10:50:14.2284636+08:00" testType="13cdc9d9-ddb5-4fa4-a97d-d965ccfc6d4b" outcome="Passed" testListId="8c84fa94-04c1-424b-9868-57a2d4851a1d" relativeResultsDirectory="0febed69-f7e1-43e1-bd1d-20b584eab9fe" />
    <UnitTestResult executionId="6abc6c7e-95a7-478b-9dcb-6fff88d54462" testId="245dd0dc-336f-9bd2-5cb7-c3a92304f661" testName="ModbusLib.Tests.GenericReadWrite.ModbusSpanExtensionsTests.GetLittleEndian_UShort_ReturnsCorrectValue" computerName="XIAOXIN" duration="00:00:00.0005876" startTime="2025-09-06T10:50:14.2714889+08:00" endTime="2025-09-06T10:50:14.2714890+08:00" testType="13cdc9d9-ddb5-4fa4-a97d-d965ccfc6d4b" outcome="Failed" testListId="8c84fa94-04c1-424b-9868-57a2d4851a1d" relativeResultsDirectory="6abc6c7e-95a7-478b-9dcb-6fff88d54462">
      <Output>
        <ErrorInfo>
          <Message>Assert.Equal() Failure: Values differ&#xD;
Expected: 13330&#xD;
Actual:   4660</Message>
          <StackTrace>   at ModbusLib.Tests.GenericReadWrite.ModbusSpanExtensionsTests.GetLittleEndian_UShort_ReturnsCorrectValue() in D:\Projects\ModbusLib\Tests\src\GenericReadWrite\ModbusSpanExtensionsTests.cs:line 75&#xD;
   at System.RuntimeMethodHandle.InvokeMethod(Object target, Void** arguments, Signature sig, Boolean isConstructor)&#xD;
   at System.Reflection.MethodBaseInvoker.InvokeWithNoArgs(Object obj, BindingFlags invokeAttr)</StackTrace>
        </ErrorInfo>
      </Output>
    </UnitTestResult>
    <UnitTestResult executionId="f28c2f6d-620b-48b9-afee-d2187480ec3c" testId="e88e7d4b-e540-75fc-b036-67c711f374d0" testName="ModbusLib.Tests.Factories.ModbusClientFactoryTests.CreateRtuOverTcpClient_ValidConfig_ReturnsRtuOverTcpClient" computerName="XIAOXIN" duration="00:00:00.0000950" startTime="2025-09-06T10:50:14.2612612+08:00" endTime="2025-09-06T10:50:14.2612612+08:00" testType="13cdc9d9-ddb5-4fa4-a97d-d965ccfc6d4b" outcome="Passed" testListId="8c84fa94-04c1-424b-9868-57a2d4851a1d" relativeResultsDirectory="f28c2f6d-620b-48b9-afee-d2187480ec3c" />
    <UnitTestResult executionId="4b096b8d-1614-4979-9eeb-b07d629b845e" testId="7e122765-1dcd-400a-731a-f0d52121b6a4" testName="ModbusLib.Tests.Protocols.RtuProtocolTests.BuildRequest_WriteSingleCoil_FalseValue" computerName="XIAOXIN" duration="00:00:00.0016614" startTime="2025-09-06T10:50:14.2556920+08:00" endTime="2025-09-06T10:50:14.2556921+08:00" testType="13cdc9d9-ddb5-4fa4-a97d-d965ccfc6d4b" outcome="Passed" testListId="8c84fa94-04c1-424b-9868-57a2d4851a1d" relativeResultsDirectory="4b096b8d-1614-4979-9eeb-b07d629b845e" />
    <UnitTestResult executionId="823931a8-d6c0-4bcb-afc3-c98bf3ed4843" testId="5ff55214-e679-7986-acf1-243fb331dd57" testName="ModbusLib.Tests.Factories.ModbusClientFactoryTests.CreateRtuOverTcpClient_InvalidHost_ThrowsArgumentException(invalidHost: &quot;null&quot;)" computerName="XIAOXIN" duration="00:00:00.0002157" startTime="2025-09-06T10:50:14.2345452+08:00" endTime="2025-09-06T10:50:14.2345452+08:00" testType="13cdc9d9-ddb5-4fa4-a97d-d965ccfc6d4b" outcome="Passed" testListId="8c84fa94-04c1-424b-9868-57a2d4851a1d" relativeResultsDirectory="823931a8-d6c0-4bcb-afc3-c98bf3ed4843" />
    <UnitTestResult executionId="705cc952-18e1-44db-ad87-ead66f48b359" testId="50ecd80c-93cf-b149-56e0-d896df8638c3" testName="ModbusLib.Tests.GenericReadWrite.GenericPerformanceTests.RegisterCountCalculation_Performance" computerName="XIAOXIN" duration="00:00:00.0049292" startTime="2025-09-06T10:50:14.2733927+08:00" endTime="2025-09-06T10:50:14.2733927+08:00" testType="13cdc9d9-ddb5-4fa4-a97d-d965ccfc6d4b" outcome="Passed" testListId="8c84fa94-04c1-424b-9868-57a2d4851a1d" relativeResultsDirectory="705cc952-18e1-44db-ad87-ead66f48b359">
      <Output>
        <StdOut>Register count calculations (iterations: 100000) took 3ms&#xD;
Average per operation: 3E-05ms</StdOut>
      </Output>
    </UnitTestResult>
    <UnitTestResult executionId="7358752b-bcde-42b1-9974-6f457cbe1fbb" testId="e8ddce7f-558e-ac6e-b601-16e3e17257b5" testName="ModbusLib.Tests.GenericReadWrite.GenericBasicTests.ModbusDataConverter_FloatArray_RoundTrip_Success(endianness: MidLittleEndian)" computerName="XIAOXIN" duration="00:00:00.0000088" startTime="2025-09-06T10:50:14.2320124+08:00" endTime="2025-09-06T10:50:14.2320124+08:00" testType="13cdc9d9-ddb5-4fa4-a97d-d965ccfc6d4b" outcome="Passed" testListId="8c84fa94-04c1-424b-9868-57a2d4851a1d" relativeResultsDirectory="7358752b-bcde-42b1-9974-6f457cbe1fbb" />
    <UnitTestResult executionId="18fbb61d-45ae-423b-ab39-b987bd4c1c13" testId="54a207bb-066f-0562-39ef-f988f958fab6" testName="ModbusLib.Tests.Protocols.TcpProtocolTests.BuildRequest_WriteMultipleRegisters_CorrectLength" computerName="XIAOXIN" duration="00:00:00.0131348" startTime="2025-09-06T10:50:14.2291516+08:00" endTime="2025-09-06T10:50:14.2291516+08:00" testType="13cdc9d9-ddb5-4fa4-a97d-d965ccfc6d4b" outcome="Passed" testListId="8c84fa94-04c1-424b-9868-57a2d4851a1d" relativeResultsDirectory="18fbb61d-45ae-423b-ab39-b987bd4c1c13" />
    <UnitTestResult executionId="a87223cc-1a49-452b-93fd-bcca7d22f2d0" testId="d61bed47-100f-3ad6-938f-6e3e38af6bb2" testName="ModbusLib.Tests.Protocols.RtuProtocolTests.BuildRequest_WriteMultipleCoilsNoData_ThrowsArgumentException" computerName="XIAOXIN" duration="00:00:00.0002740" startTime="2025-09-06T10:50:14.2370998+08:00" endTime="2025-09-06T10:50:14.2370998+08:00" testType="13cdc9d9-ddb5-4fa4-a97d-d965ccfc6d4b" outcome="Passed" testListId="8c84fa94-04c1-424b-9868-57a2d4851a1d" relativeResultsDirectory="a87223cc-1a49-452b-93fd-bcca7d22f2d0" />
    <UnitTestResult executionId="9e67e320-09a6-4c3a-a342-703cbdfed497" testId="853e570b-762a-0df8-f1af-8fe8d9ce4f8a" testName="ModbusLib.Tests.GenericReadWrite.GenericReadWriteIntegrationTests.ReadWriteInputRegisters_DoubleArray_Success(endianness: BigEndian)" computerName="XIAOXIN" duration="00:00:00.0003143" startTime="2025-09-06T10:50:14.2357951+08:00" endTime="2025-09-06T10:50:14.2357952+08:00" testType="13cdc9d9-ddb5-4fa4-a97d-d965ccfc6d4b" outcome="Passed" testListId="8c84fa94-04c1-424b-9868-57a2d4851a1d" relativeResultsDirectory="9e67e320-09a6-4c3a-a342-703cbdfed497" />
    <UnitTestResult executionId="fa696e9d-4827-4b4a-8d9d-5c7faa8e7bb8" testId="87a6c832-fa22-2c71-5ed6-8fb3a953f944" testName="ModbusLib.Tests.Integration.BasicClientIntegrationTests.ModbusClient_ReadWriteSequence_Success" computerName="XIAOXIN" duration="00:00:00.0880296" startTime="2025-09-06T10:50:14.2746486+08:00" endTime="2025-09-06T10:50:14.2746486+08:00" testType="13cdc9d9-ddb5-4fa4-a97d-d965ccfc6d4b" outcome="Passed" testListId="8c84fa94-04c1-424b-9868-57a2d4851a1d" relativeResultsDirectory="fa696e9d-4827-4b4a-8d9d-5c7faa8e7bb8" />
    <UnitTestResult executionId="7abad85c-4927-49cc-bba4-3ec3783c2f43" testId="06feb2b3-b200-3412-affb-8dc616000cec" testName="ModbusLib.Tests.Factories.ModbusClientFactoryTests.CreateRtuOverUdpClient_InvalidHost_ThrowsArgumentException(invalidHost: &quot;&quot;)" computerName="XIAOXIN" duration="00:00:00.0001845" startTime="2025-09-06T10:50:14.2343903+08:00" endTime="2025-09-06T10:50:14.2343904+08:00" testType="13cdc9d9-ddb5-4fa4-a97d-d965ccfc6d4b" outcome="Passed" testListId="8c84fa94-04c1-424b-9868-57a2d4851a1d" relativeResultsDirectory="7abad85c-4927-49cc-bba4-3ec3783c2f43" />
    <UnitTestResult executionId="7331e679-fa49-4091-bb2d-da695045dc32" testId="78522144-6115-2633-95e9-00b5988f8edf" testName="ModbusLib.Tests.Protocols.TcpProtocolTests.BuildRequest_WriteSingleRegisterInsufficientData_ThrowsArgumentException" computerName="XIAOXIN" duration="00:00:00.0006533" startTime="2025-09-06T10:50:14.2312655+08:00" endTime="2025-09-06T10:50:14.2312656+08:00" testType="13cdc9d9-ddb5-4fa4-a97d-d965ccfc6d4b" outcome="Passed" testListId="8c84fa94-04c1-424b-9868-57a2d4851a1d" relativeResultsDirectory="7331e679-fa49-4091-bb2d-da695045dc32" />
    <UnitTestResult executionId="9c37fb65-f7bf-4e66-bc3f-39a5e405dd99" testId="b5216e1c-01e1-7a82-5b4e-8f8205e27f08" testName="ModbusLib.Tests.GenericReadWrite.GenericBoundaryTests.WriteMultipleRegisters_NullArray_ThrowsArgumentException" computerName="XIAOXIN" duration="00:00:00.0022001" startTime="2025-09-06T10:50:14.2567817+08:00" endTime="2025-09-06T10:50:14.2567817+08:00" testType="13cdc9d9-ddb5-4fa4-a97d-d965ccfc6d4b" outcome="Passed" testListId="8c84fa94-04c1-424b-9868-57a2d4851a1d" relativeResultsDirectory="9c37fb65-f7bf-4e66-bc3f-39a5e405dd99" />
    <UnitTestResult executionId="23292d06-5a30-4057-8453-2f943c73c97b" testId="eb8ad43d-accc-850d-aa24-e65261c26683" testName="ModbusLib.Tests.Protocols.RtuProtocolTests.ValidateResponse_ValidCrc_ReturnsTrue" computerName="XIAOXIN" duration="00:00:00.0001437" startTime="2025-09-06T10:50:14.2588312+08:00" endTime="2025-09-06T10:50:14.2588312+08:00" testType="13cdc9d9-ddb5-4fa4-a97d-d965ccfc6d4b" outcome="Passed" testListId="8c84fa94-04c1-424b-9868-57a2d4851a1d" relativeResultsDirectory="23292d06-5a30-4057-8453-2f943c73c97b" />
    <UnitTestResult executionId="4ef89b35-80a8-4153-8442-26cb6a197fe1" testId="2f185cef-7d69-2d2e-2b21-8e7d9f8e682f" testName="ModbusLib.Tests.Protocols.TcpProtocolTests.ParseResponse_ErrorResponse_CorrectErrorParsing" computerName="XIAOXIN" duration="00:00:00.0013188" startTime="2025-09-06T10:50:14.2371569+08:00" endTime="2025-09-06T10:50:14.2371570+08:00" testType="13cdc9d9-ddb5-4fa4-a97d-d965ccfc6d4b" outcome="Passed" testListId="8c84fa94-04c1-424b-9868-57a2d4851a1d" relativeResultsDirectory="4ef89b35-80a8-4153-8442-26cb6a197fe1" />
    <UnitTestResult executionId="e1a65c15-ab36-4703-822b-b2e298d4e319" testId="eba5cf8e-5673-54ae-fa55-9a5b58105958" testName="ModbusLib.Tests.Protocols.RtuProtocolTests.ParseResponse_ReadHoldingRegistersValid_CorrectParsing" computerName="XIAOXIN" duration="00:00:00.0016513" startTime="2025-09-06T10:50:14.2351994+08:00" endTime="2025-09-06T10:50:14.2351995+08:00" testType="13cdc9d9-ddb5-4fa4-a97d-d965ccfc6d4b" outcome="Passed" testListId="8c84fa94-04c1-424b-9868-57a2d4851a1d" relativeResultsDirectory="e1a65c15-ab36-4703-822b-b2e298d4e319" />
    <UnitTestResult executionId="6491d490-8fa2-4bdf-94b6-179d70f5884c" testId="dd8bd54d-ea78-2c11-8f51-c4e364aec876" testName="ModbusLib.Tests.GenericReadWrite.ModbusDataConverterTests.ToBytes_DifferentEndianness_DoesNotThrow(endianness: MidLittleEndian)" computerName="XIAOXIN" duration="00:00:00.0001094" startTime="2025-09-06T10:50:14.2252423+08:00" endTime="2025-09-06T10:50:14.2252424+08:00" testType="13cdc9d9-ddb5-4fa4-a97d-d965ccfc6d4b" outcome="Passed" testListId="8c84fa94-04c1-424b-9868-57a2d4851a1d" relativeResultsDirectory="6491d490-8fa2-4bdf-94b6-179d70f5884c" />
    <UnitTestResult executionId="3761dad3-c530-4c5a-a93c-0e3c542809b3" testId="a75b0826-00a5-d6bd-479f-7b7bc5456919" testName="ModbusLib.Tests.GenericReadWrite.MidLittleEndianTests.ModbusDataConverter_MidLittleEndian_SpecificValues_RoundTrip(testValue: 305419896)" computerName="XIAOXIN" duration="00:00:00.0000190" startTime="2025-09-06T10:50:14.2253934+08:00" endTime="2025-09-06T10:50:14.2253934+08:00" testType="13cdc9d9-ddb5-4fa4-a97d-d965ccfc6d4b" outcome="Passed" testListId="8c84fa94-04c1-424b-9868-57a2d4851a1d" relativeResultsDirectory="3761dad3-c530-4c5a-a93c-0e3c542809b3" />
    <UnitTestResult executionId="16e7b53c-a354-4be3-b43b-f4be422b810c" testId="27f13a69-c4aa-6e02-91c7-6f01c5545c8b" testName="ModbusLib.Tests.Factories.ModbusClientFactoryTests.CreateRtuClient_CustomSerialConfiguration_UsesCustomValues" computerName="XIAOXIN" duration="00:00:00.0003123" startTime="2025-09-06T10:50:14.2375854+08:00" endTime="2025-09-06T10:50:14.2375855+08:00" testType="13cdc9d9-ddb5-4fa4-a97d-d965ccfc6d4b" outcome="Passed" testListId="8c84fa94-04c1-424b-9868-57a2d4851a1d" relativeResultsDirectory="16e7b53c-a354-4be3-b43b-f4be422b810c" />
    <UnitTestResult executionId="21dd5caf-e70f-4863-b5c1-ac9eccdc4fa1" testId="052cdbf5-07cc-468c-aa66-ede67857e240" testName="ModbusLib.Tests.Protocols.RtuProtocolTests.CalculateExpectedResponseLength_VariousFunctions_CorrectLength(function: WriteMultipleRegisters, quantity: 10, expectedLength: 8)" computerName="XIAOXIN" duration="00:00:00.0000020" startTime="2025-09-06T10:50:14.2283993+08:00" endTime="2025-09-06T10:50:14.2283993+08:00" testType="13cdc9d9-ddb5-4fa4-a97d-d965ccfc6d4b" outcome="Passed" testListId="8c84fa94-04c1-424b-9868-57a2d4851a1d" relativeResultsDirectory="21dd5caf-e70f-4863-b5c1-ac9eccdc4fa1" />
    <UnitTestResult executionId="fe718526-94a1-4dab-9664-944f1ec0bae8" testId="e4c70c11-f753-2e0a-3a5a-f84b66962643" testName="ModbusLib.Tests.GenericReadWrite.GenericBasicTests.ModbusDataConverter_GetRegisterCount_BasicTypes_ReturnsCorrectValues" computerName="XIAOXIN" duration="00:00:00.0002255" startTime="2025-09-06T10:50:14.2343304+08:00" endTime="2025-09-06T10:50:14.2343304+08:00" testType="13cdc9d9-ddb5-4fa4-a97d-d965ccfc6d4b" outcome="Passed" testListId="8c84fa94-04c1-424b-9868-57a2d4851a1d" relativeResultsDirectory="fe718526-94a1-4dab-9664-944f1ec0bae8" />
    <UnitTestResult executionId="705e4f08-5271-4f09-95f8-86aa73c5ff9c" testId="93d9e520-6879-8cb5-3e35-4fd74cd186fd" testName="ModbusLib.Tests.GenericReadWrite.MidLittleEndianTests.ReadWriteHoldingRegisters_MidLittleEndian_IntArray_Success" computerName="XIAOXIN" duration="00:00:00.0017041" startTime="2025-09-06T10:50:14.2325285+08:00" endTime="2025-09-06T10:50:14.2325285+08:00" testType="13cdc9d9-ddb5-4fa4-a97d-d965ccfc6d4b" outcome="Passed" testListId="8c84fa94-04c1-424b-9868-57a2d4851a1d" relativeResultsDirectory="705e4f08-5271-4f09-95f8-86aa73c5ff9c" />
    <UnitTestResult executionId="d819b074-e0d7-44bc-a7fe-b0775e3b59e2" testId="1294b900-f078-9c20-6931-fbd71166eb96" testName="ModbusLib.Tests.GenericReadWrite.MidLittleEndianTests.ModbusDataConverter_MidLittleEndian_UShortArray_HandledCorrectly" computerName="XIAOXIN" duration="00:00:00.0013400" startTime="2025-09-06T10:50:14.2364305+08:00" endTime="2025-09-06T10:50:14.2364306+08:00" testType="13cdc9d9-ddb5-4fa4-a97d-d965ccfc6d4b" outcome="Passed" testListId="8c84fa94-04c1-424b-9868-57a2d4851a1d" relativeResultsDirectory="d819b074-e0d7-44bc-a7fe-b0775e3b59e2" />
    <UnitTestResult executionId="86cd6c2f-228b-4d9d-a06a-1498b115c8e3" testId="48ac35b0-a45f-a523-4945-7fb109273006" testName="ModbusLib.Tests.GenericReadWrite.GenericReadWriteIntegrationTests.WriteSingleRegister_Int_UsesMultipleRegisters" computerName="XIAOXIN" duration="00:00:00.0067998" startTime="2025-09-06T10:50:14.2035404+08:00" endTime="2025-09-06T10:50:14.2035597+08:00" testType="13cdc9d9-ddb5-4fa4-a97d-d965ccfc6d4b" outcome="Passed" testListId="8c84fa94-04c1-424b-9868-57a2d4851a1d" relativeResultsDirectory="86cd6c2f-228b-4d9d-a06a-1498b115c8e3" />
    <UnitTestResult executionId="a767398e-d33d-4c8c-8050-24b5aca03632" testId="4c56b31b-5451-9db8-4c2f-e73bf5382456" testName="ModbusLib.Tests.GenericReadWrite.GenericReadWriteIntegrationTests.ReadWriteHoldingRegisters_ByteArray_Success(endianness: BigEndian)" computerName="XIAOXIN" duration="00:00:00.0073919" startTime="2025-09-06T10:50:14.2313472+08:00" endTime="2025-09-06T10:50:14.2313473+08:00" testType="13cdc9d9-ddb5-4fa4-a97d-d965ccfc6d4b" outcome="Passed" testListId="8c84fa94-04c1-424b-9868-57a2d4851a1d" relativeResultsDirectory="a767398e-d33d-4c8c-8050-24b5aca03632" />
    <UnitTestResult executionId="20f7ff75-661e-41a1-9e4d-86eb49d4d85f" testId="76af85b0-86be-793c-b3ac-b29e96be8a1b" testName="ModbusLib.Tests.GenericReadWrite.GenericBoundaryTests.SpanExtensions_GetLittleEndian_NegativeAddress_ThrowsException" computerName="XIAOXIN" duration="00:00:00.0066471" startTime="2025-09-06T10:50:14.2068937+08:00" endTime="2025-09-06T10:50:14.2068938+08:00" testType="13cdc9d9-ddb5-4fa4-a97d-d965ccfc6d4b" outcome="Passed" testListId="8c84fa94-04c1-424b-9868-57a2d4851a1d" relativeResultsDirectory="20f7ff75-661e-41a1-9e4d-86eb49d4d85f" />
    <UnitTestResult executionId="96ca6a29-c7da-4b76-89ac-be8d3cb0c547" testId="427ae54c-3c34-7130-2d65-1d07eba99676" testName="ModbusLib.Tests.Factories.ModbusClientFactoryTests.CreateUdpClient_DefaultPort_Uses502" computerName="XIAOXIN" duration="00:00:00.0067482" startTime="2025-09-06T10:50:14.2332370+08:00" endTime="2025-09-06T10:50:14.2332371+08:00" testType="13cdc9d9-ddb5-4fa4-a97d-d965ccfc6d4b" outcome="Passed" testListId="8c84fa94-04c1-424b-9868-57a2d4851a1d" relativeResultsDirectory="96ca6a29-c7da-4b76-89ac-be8d3cb0c547" />
    <UnitTestResult executionId="d939382b-3d54-462f-a3ce-39162d8922bb" testId="fc2866c7-b6fc-2da5-2cf0-fda29ffde603" testName="ModbusLib.Tests.GenericReadWrite.MidLittleEndianTests.ModbusDataConverter_MidLittleEndian_Float_CorrectConversion" computerName="XIAOXIN" duration="00:00:00.0002372" startTime="2025-09-06T10:50:14.2300079+08:00" endTime="2025-09-06T10:50:14.2300080+08:00" testType="13cdc9d9-ddb5-4fa4-a97d-d965ccfc6d4b" outcome="Passed" testListId="8c84fa94-04c1-424b-9868-57a2d4851a1d" relativeResultsDirectory="d939382b-3d54-462f-a3ce-39162d8922bb" />
    <UnitTestResult executionId="199ccf8c-3635-48e8-9519-a2a1188a92e9" testId="eed3c8a5-7fcc-3e2a-111f-b790741d474e" testName="ModbusLib.Tests.GenericReadWrite.GenericCompatibilityTests.GenericReadWrite_LargeIntArray_Success(endianness: LittleEndian)" computerName="XIAOXIN" duration="00:00:00.0001792" startTime="2025-09-06T10:50:14.2768572+08:00" endTime="2025-09-06T10:50:14.2768573+08:00" testType="13cdc9d9-ddb5-4fa4-a97d-d965ccfc6d4b" outcome="Passed" testListId="8c84fa94-04c1-424b-9868-57a2d4851a1d" relativeResultsDirectory="199ccf8c-3635-48e8-9519-a2a1188a92e9" />
    <UnitTestResult executionId="b8ea5647-ac7e-4c92-ac54-10a12765ba68" testId="d1eaf5b9-0ba1-2487-4922-ad2b28131975" testName="ModbusLib.Tests.WriteFunctions.ModbusWriteTests.WriteMultipleRegistersAsync_MaximumQuantity_Success" computerName="XIAOXIN" duration="00:00:00.0029267" startTime="2025-09-06T10:50:14.2838121+08:00" endTime="2025-09-06T10:50:14.2838122+08:00" testType="13cdc9d9-ddb5-4fa4-a97d-d965ccfc6d4b" outcome="Passed" testListId="8c84fa94-04c1-424b-9868-57a2d4851a1d" relativeResultsDirectory="b8ea5647-ac7e-4c92-ac54-10a12765ba68" />
    <UnitTestResult executionId="293b3fa0-6f23-4b99-b61a-16ca26aac8a9" testId="2ebaf4ca-13bb-015d-d298-f9863d2df474" testName="ModbusLib.Tests.WriteFunctions.ModbusWriteTests.WriteSingleRegisterAsync_ValidValues_Success(value: 0)" computerName="XIAOXIN" duration="00:00:00.0017371" startTime="2025-09-06T10:50:14.2774905+08:00" endTime="2025-09-06T10:50:14.2774905+08:00" testType="13cdc9d9-ddb5-4fa4-a97d-d965ccfc6d4b" outcome="Passed" testListId="8c84fa94-04c1-424b-9868-57a2d4851a1d" relativeResultsDirectory="293b3fa0-6f23-4b99-b61a-16ca26aac8a9" />
    <UnitTestResult executionId="f020ddca-817f-416a-b6c0-5e983484de8e" testId="8ac769c3-b00c-40e9-8f6c-2802d1f5a242" testName="ModbusLib.Tests.AdvancedFunctions.ModbusAdvancedTests.ReadWriteMultipleRegistersAsync_TooManyWriteRegisters_ThrowsArgumentException" computerName="XIAOXIN" duration="00:00:00.0765125" startTime="2025-09-06T10:50:14.2734448+08:00" endTime="2025-09-06T10:50:14.2734449+08:00" testType="13cdc9d9-ddb5-4fa4-a97d-d965ccfc6d4b" outcome="Passed" testListId="8c84fa94-04c1-424b-9868-57a2d4851a1d" relativeResultsDirectory="f020ddca-817f-416a-b6c0-5e983484de8e" />
    <UnitTestResult executionId="bc1c520e-331c-4167-82d4-a146ca83134d" testId="d2729fa6-c20b-4941-5f73-7c0b90813274" testName="ModbusLib.Tests.GenericReadWrite.GenericBasicTests.ModbusDataConverter_DifferentEndianness_ProducesDifferentResults" computerName="XIAOXIN" duration="00:00:00.0006703" startTime="2025-09-06T10:50:14.2326496+08:00" endTime="2025-09-06T10:50:14.2326497+08:00" testType="13cdc9d9-ddb5-4fa4-a97d-d965ccfc6d4b" outcome="Passed" testListId="8c84fa94-04c1-424b-9868-57a2d4851a1d" relativeResultsDirectory="bc1c520e-331c-4167-82d4-a146ca83134d" />
    <UnitTestResult executionId="ce82eaa1-ac72-469e-8b95-32b67f48d170" testId="403bee57-2f12-40c4-a674-baab9ae18e23" testName="ModbusLib.Tests.WriteFunctions.ModbusWriteTests.WriteMultipleRegistersAsync_DataConversion_CorrectByteArray" computerName="XIAOXIN" duration="00:00:00.0919902" startTime="2025-09-06T10:50:14.2746898+08:00" endTime="2025-09-06T10:50:14.2746898+08:00" testType="13cdc9d9-ddb5-4fa4-a97d-d965ccfc6d4b" outcome="Passed" testListId="8c84fa94-04c1-424b-9868-57a2d4851a1d" relativeResultsDirectory="ce82eaa1-ac72-469e-8b95-32b67f48d170" />
    <UnitTestResult executionId="232e5828-3f7c-4e40-8452-645a92770919" testId="07c0cf65-4c30-aca4-7f62-879b4948c077" testName="ModbusLib.Tests.GenericReadWrite.GenericBoundaryTests.GetTotalRegisterCount_EdgeCases_ReturnsCorrectValue(byteCount: 1, expectedRegisters: 1)" computerName="XIAOXIN" duration="00:00:00.0000818" startTime="2025-09-06T10:50:14.2534622+08:00" endTime="2025-09-06T10:50:14.2534622+08:00" testType="13cdc9d9-ddb5-4fa4-a97d-d965ccfc6d4b" outcome="Passed" testListId="8c84fa94-04c1-424b-9868-57a2d4851a1d" relativeResultsDirectory="232e5828-3f7c-4e40-8452-645a92770919" />
    <UnitTestResult executionId="7bed3c78-f4e9-4f21-acfb-7dde8532be44" testId="2b845f3f-b50a-7145-af60-a69349cfe923" testName="ModbusLib.Tests.Protocols.RtuProtocolTests.BuildRequest_WriteSingleCoil_TrueValue" computerName="XIAOXIN" duration="00:00:00.0005319" startTime="2025-09-06T10:50:14.2547137+08:00" endTime="2025-09-06T10:50:14.2547138+08:00" testType="13cdc9d9-ddb5-4fa4-a97d-d965ccfc6d4b" outcome="Passed" testListId="8c84fa94-04c1-424b-9868-57a2d4851a1d" relativeResultsDirectory="7bed3c78-f4e9-4f21-acfb-7dde8532be44" />
    <UnitTestResult executionId="182033cb-6f9e-4b99-9ea5-cf3a079d46d2" testId="bd07edbe-41e1-5243-c025-46f78a7481ed" testName="ModbusLib.Tests.ReadFunctions.ModbusReadTests.ReadInputRegistersAsync_ValidRequest_ReturnsCorrectUshortArray" computerName="XIAOXIN" duration="00:00:00.0024045" startTime="2025-09-06T10:50:14.3206283+08:00" endTime="2025-09-06T10:50:14.3206284+08:00" testType="13cdc9d9-ddb5-4fa4-a97d-d965ccfc6d4b" outcome="Passed" testListId="8c84fa94-04c1-424b-9868-57a2d4851a1d" relativeResultsDirectory="182033cb-6f9e-4b99-9ea5-cf3a079d46d2" />
    <UnitTestResult executionId="7d5b5fff-8d49-4c42-8169-d0160d6cf675" testId="f0d19d6c-a235-b919-f14a-67af0cd779b9" testName="ModbusLib.Tests.ReadFunctions.ModbusReadTests.ReadCoilsAsync_ValidRequest_ReturnsCorrectBoolArray" computerName="XIAOXIN" duration="00:00:00.0157528" startTime="2025-09-06T10:50:14.3157658+08:00" endTime="2025-09-06T10:50:14.3157660+08:00" testType="13cdc9d9-ddb5-4fa4-a97d-d965ccfc6d4b" outcome="Passed" testListId="8c84fa94-04c1-424b-9868-57a2d4851a1d" relativeResultsDirectory="7d5b5fff-8d49-4c42-8169-d0160d6cf675" />
    <UnitTestResult executionId="053f201c-71db-42e4-bd0c-3d4c4443d43e" testId="53c6ca51-bfaa-e6aa-71e7-9ea53eb22011" testName="ModbusLib.Tests.Integration.BasicClientIntegrationTests.ModbusClient_RetriesProperty_DefaultValue" computerName="XIAOXIN" duration="00:00:00.0002610" startTime="2025-09-06T10:50:14.2754598+08:00" endTime="2025-09-06T10:50:14.2754598+08:00" testType="13cdc9d9-ddb5-4fa4-a97d-d965ccfc6d4b" outcome="Passed" testListId="8c84fa94-04c1-424b-9868-57a2d4851a1d" relativeResultsDirectory="053f201c-71db-42e4-bd0c-3d4c4443d43e" />
    <UnitTestResult executionId="3667739d-9803-44bd-a682-3fd15705e5b4" testId="0a00ec3d-e225-1052-6505-8c2ca3cdc8ae" testName="ModbusLib.Tests.Protocols.RtuProtocolTests.BuildRequest_WriteSingleCoilNoData_ThrowsArgumentException" computerName="XIAOXIN" duration="00:00:00.0002293" startTime="2025-09-06T10:50:14.2582108+08:00" endTime="2025-09-06T10:50:14.2582109+08:00" testType="13cdc9d9-ddb5-4fa4-a97d-d965ccfc6d4b" outcome="Passed" testListId="8c84fa94-04c1-424b-9868-57a2d4851a1d" relativeResultsDirectory="3667739d-9803-44bd-a682-3fd15705e5b4" />
    <UnitTestResult executionId="c9c51c31-1dde-4187-b9c8-16dda962f282" testId="301e2ca9-8fdf-9366-4241-5525872e1753" testName="ModbusLib.Tests.Protocols.RtuProtocolTests.BuildRequest_WriteMultipleCoils_CorrectFrame" computerName="XIAOXIN" duration="00:00:00.0006344" startTime="2025-09-06T10:50:14.2365123+08:00" endTime="2025-09-06T10:50:14.2365123+08:00" testType="13cdc9d9-ddb5-4fa4-a97d-d965ccfc6d4b" outcome="Passed" testListId="8c84fa94-04c1-424b-9868-57a2d4851a1d" relativeResultsDirectory="c9c51c31-1dde-4187-b9c8-16dda962f282" />
    <UnitTestResult executionId="449a1586-04ca-4b7d-a3c5-a5b217cc5778" testId="6625c9dd-1927-b875-70c3-850ec0ff7eae" testName="ModbusLib.Tests.WriteFunctions.ModbusWriteTests.WriteSingleRegisterAsync_ValidValues_Success(value: 100)" computerName="XIAOXIN" duration="00:00:00.0014760" startTime="2025-09-06T10:50:14.2770357+08:00" endTime="2025-09-06T10:50:14.2770357+08:00" testType="13cdc9d9-ddb5-4fa4-a97d-d965ccfc6d4b" outcome="Passed" testListId="8c84fa94-04c1-424b-9868-57a2d4851a1d" relativeResultsDirectory="449a1586-04ca-4b7d-a3c5-a5b217cc5778" />
    <UnitTestResult executionId="bf71c5bc-cd8a-4462-a62c-059f42784d74" testId="94faad71-f334-ef13-c24e-744e800f2827" testName="ModbusLib.Tests.GenericReadWrite.GenericCompatibilityTests.GenericReadWrite_AllBasicTypes_Success(endianness: MidLittleEndian)" computerName="XIAOXIN" duration="00:00:00.0367028" startTime="2025-09-06T10:50:14.2734977+08:00" endTime="2025-09-06T10:50:14.2734978+08:00" testType="13cdc9d9-ddb5-4fa4-a97d-d965ccfc6d4b" outcome="Passed" testListId="8c84fa94-04c1-424b-9868-57a2d4851a1d" relativeResultsDirectory="bf71c5bc-cd8a-4462-a62c-059f42784d74" />
    <UnitTestResult executionId="0584bff6-d47d-476b-9090-30cf6c76f386" testId="a3276eca-c91e-5fa4-935f-68d383a4fc24" testName="ModbusLib.Tests.Factories.ModbusClientFactoryTests.CreateTcpClient_ValidConfig_ReturnsTcpClient" computerName="XIAOXIN" duration="00:00:00.0001981" startTime="2025-09-06T10:50:14.2359132+08:00" endTime="2025-09-06T10:50:14.2359132+08:00" testType="13cdc9d9-ddb5-4fa4-a97d-d965ccfc6d4b" outcome="Passed" testListId="8c84fa94-04c1-424b-9868-57a2d4851a1d" relativeResultsDirectory="0584bff6-d47d-476b-9090-30cf6c76f386" />
    <UnitTestResult executionId="5a3bf122-e998-493b-a8d8-a40787be4f76" testId="1491b3a5-21af-2796-c830-eb7e31970239" testName="ModbusLib.Tests.Protocols.TcpProtocolTests.BuildRequest_WriteSingleCoil_CorrectMbapLength" computerName="XIAOXIN" duration="00:00:00.0030923" startTime="2025-09-06T10:50:14.2345945+08:00" endTime="2025-09-06T10:50:14.2345946+08:00" testType="13cdc9d9-ddb5-4fa4-a97d-d965ccfc6d4b" outcome="Passed" testListId="8c84fa94-04c1-424b-9868-57a2d4851a1d" relativeResultsDirectory="5a3bf122-e998-493b-a8d8-a40787be4f76" />
    <UnitTestResult executionId="8d62c329-67c4-436d-825d-95763206d85b" testId="be3d85c2-f8dd-7c5d-fd07-f504c909629d" testName="ModbusLib.Tests.WriteFunctions.ModbusWriteTests.WriteMultipleCoilsAsync_TooManyCoils_ThrowsArgumentException" computerName="XIAOXIN" duration="00:00:00.0007182" startTime="2025-09-06T10:50:14.2796742+08:00" endTime="2025-09-06T10:50:14.2796744+08:00" testType="13cdc9d9-ddb5-4fa4-a97d-d965ccfc6d4b" outcome="Passed" testListId="8c84fa94-04c1-424b-9868-57a2d4851a1d" relativeResultsDirectory="8d62c329-67c4-436d-825d-95763206d85b" />
    <UnitTestResult executionId="754e43ab-4ac1-4559-83ff-541f31bdaa4c" testId="70df8018-c99e-9173-d78b-c512b199be04" testName="ModbusLib.Tests.WriteFunctions.ModbusWriteTests.WriteMultipleRegistersAsync_TooManyRegisters_ThrowsArgumentException" computerName="XIAOXIN" duration="00:00:00.0005916" startTime="2025-09-06T10:50:14.2808207+08:00" endTime="2025-09-06T10:50:14.2808210+08:00" testType="13cdc9d9-ddb5-4fa4-a97d-d965ccfc6d4b" outcome="Passed" testListId="8c84fa94-04c1-424b-9868-57a2d4851a1d" relativeResultsDirectory="754e43ab-4ac1-4559-83ff-541f31bdaa4c" />
    <UnitTestResult executionId="e09a6e66-d2ee-4d7e-84b2-f247c7aecdf8" testId="a155b8bf-1969-bd95-9f46-b6de5809a8a6" testName="ModbusLib.Tests.GenericReadWrite.GenericBasicTests.ModbusDataConverter_EmptyArray_HandledCorrectly" computerName="XIAOXIN" duration="00:00:00.0026541" startTime="2025-09-06T10:50:14.2318767+08:00" endTime="2025-09-06T10:50:14.2318768+08:00" testType="13cdc9d9-ddb5-4fa4-a97d-d965ccfc6d4b" outcome="Passed" testListId="8c84fa94-04c1-424b-9868-57a2d4851a1d" relativeResultsDirectory="e09a6e66-d2ee-4d7e-84b2-f247c7aecdf8" />
    <UnitTestResult executionId="8fc23db5-85fb-4801-add4-79ae2e458b47" testId="95ee7f61-2498-b12a-d0c5-c6e370788c3e" testName="ModbusLib.Tests.GenericReadWrite.GenericCompatibilityTests.GenericReadWrite_LargeByteArray_Success(endianness: BigEndian)" computerName="XIAOXIN" duration="00:00:00.0002747" startTime="2025-09-06T10:50:14.2769970+08:00" endTime="2025-09-06T10:50:14.2769971+08:00" testType="13cdc9d9-ddb5-4fa4-a97d-d965ccfc6d4b" outcome="Passed" testListId="8c84fa94-04c1-424b-9868-57a2d4851a1d" relativeResultsDirectory="8fc23db5-85fb-4801-add4-79ae2e458b47" />
    <UnitTestResult executionId="e993945f-2da8-4113-9a29-afd07fd924ee" testId="2ae61ee1-96fa-ca62-9327-a98a3cf1cbd8" testName="ModbusLib.Tests.GenericReadWrite.GenericPerformanceTests.ModbusDataConverter_DifferentEndianness_Performance(endianness: MidLittleEndian)" computerName="XIAOXIN" duration="00:00:00.0019608" startTime="2025-09-06T10:50:14.2586444+08:00" endTime="2025-09-06T10:50:14.2586444+08:00" testType="13cdc9d9-ddb5-4fa4-a97d-d965ccfc6d4b" outcome="Passed" testListId="8c84fa94-04c1-424b-9868-57a2d4851a1d" relativeResultsDirectory="e993945f-2da8-4113-9a29-afd07fd924ee">
      <Output>
        <StdOut>Endianness MidLittleEndian (size: 1000, iterations: 50) took 1ms&#xD;
Average per operation: 0.02ms</StdOut>
      </Output>
    </UnitTestResult>
    <UnitTestResult executionId="80245ee6-ff32-4762-b4b8-b5edd19b39cb" testId="e5ecc30a-747f-c08f-5eb1-094a6f34beb6" testName="ModbusLib.Tests.GenericReadWrite.GenericPerformanceTests.ModbusDataConverter_IntArray_Performance" computerName="XIAOXIN" duration="00:00:00.0114725" startTime="2025-09-06T10:50:14.2733165+08:00" endTime="2025-09-06T10:50:14.2733166+08:00" testType="13cdc9d9-ddb5-4fa4-a97d-d965ccfc6d4b" outcome="Passed" testListId="8c84fa94-04c1-424b-9868-57a2d4851a1d" relativeResultsDirectory="80245ee6-ff32-4762-b4b8-b5edd19b39cb">
      <Output>
        <StdOut>Int array (size: 2500, iterations: 100) took 11ms&#xD;
Average per operation: 0.11ms</StdOut>
      </Output>
    </UnitTestResult>
    <UnitTestResult executionId="62aaa55f-a87b-4031-bbb7-383344aaa193" testId="a406bb7a-d1e4-7051-c966-fa757d5c6992" testName="ModbusLib.Tests.WriteFunctions.ModbusWriteTests.WriteSingleRegisterAsync_ValidValues_Success(value: 65535)" computerName="XIAOXIN" duration="00:00:00.0025726" startTime="2025-09-06T10:50:14.2762670+08:00" endTime="2025-09-06T10:50:14.2762671+08:00" testType="13cdc9d9-ddb5-4fa4-a97d-d965ccfc6d4b" outcome="Passed" testListId="8c84fa94-04c1-424b-9868-57a2d4851a1d" relativeResultsDirectory="62aaa55f-a87b-4031-bbb7-383344aaa193" />
    <UnitTestResult executionId="eccef702-9b41-4939-8928-c39ee330c75e" testId="dc2b365f-282a-dbe2-c26a-7ed7e84d6597" testName="ModbusLib.Tests.GenericReadWrite.GenericCompatibilityTests.GenericReadWrite_AllBasicTypes_Success(endianness: BigEndian)" computerName="XIAOXIN" duration="00:00:00.0003966" startTime="2025-09-06T10:50:14.2744445+08:00" endTime="2025-09-06T10:50:14.2744446+08:00" testType="13cdc9d9-ddb5-4fa4-a97d-d965ccfc6d4b" outcome="Passed" testListId="8c84fa94-04c1-424b-9868-57a2d4851a1d" relativeResultsDirectory="eccef702-9b41-4939-8928-c39ee330c75e" />
    <UnitTestResult executionId="4b181756-dcf3-477b-b4f1-ca7336c9d063" testId="b9cf61ee-1149-e422-9400-cfcb915f3eaa" testName="ModbusLib.Tests.Factories.ModbusClientFactoryTests.CreateRtuClient_InvalidPortName_ThrowsArgumentException(invalidPortName: &quot;null&quot;)" computerName="XIAOXIN" duration="00:00:00.0003288" startTime="2025-09-06T10:50:14.2555864+08:00" endTime="2025-09-06T10:50:14.2555865+08:00" testType="13cdc9d9-ddb5-4fa4-a97d-d965ccfc6d4b" outcome="Passed" testListId="8c84fa94-04c1-424b-9868-57a2d4851a1d" relativeResultsDirectory="4b181756-dcf3-477b-b4f1-ca7336c9d063" />
    <UnitTestResult executionId="ed5e3c3d-53a9-4694-b23a-146e57e2af3e" testId="8e5fa42b-80ae-b88e-1733-bfc4eb2c3314" testName="ModbusLib.Tests.GenericReadWrite.GenericBasicTests.ModbusDataConverter_GetTotalRegisterCount_MultipleElements_ReturnsCorrectValues" computerName="XIAOXIN" duration="00:00:00.0001038" startTime="2025-09-06T10:50:14.2332042+08:00" endTime="2025-09-06T10:50:14.2332042+08:00" testType="13cdc9d9-ddb5-4fa4-a97d-d965ccfc6d4b" outcome="Passed" testListId="8c84fa94-04c1-424b-9868-57a2d4851a1d" relativeResultsDirectory="ed5e3c3d-53a9-4694-b23a-146e57e2af3e" />
    <UnitTestResult executionId="ccdc61d8-3357-4f1e-9d03-dfd911fc2735" testId="7282a7b6-ef73-d503-5a5f-071cc026373d" testName="ModbusLib.Tests.GenericReadWrite.GenericBoundaryTests.GetTotalRegisterCount_EdgeCases_ReturnsCorrectValue(byteCount: 5, expectedRegisters: 3)" computerName="XIAOXIN" duration="00:00:00.0000019" startTime="2025-09-06T10:50:14.2540311+08:00" endTime="2025-09-06T10:50:14.2540312+08:00" testType="13cdc9d9-ddb5-4fa4-a97d-d965ccfc6d4b" outcome="Passed" testListId="8c84fa94-04c1-424b-9868-57a2d4851a1d" relativeResultsDirectory="ccdc61d8-3357-4f1e-9d03-dfd911fc2735" />
    <UnitTestResult executionId="a9178404-39d3-4e63-a9d0-70fc08542f21" testId="7446bf5f-f528-ce00-cb21-653ece4f9e84" testName="ModbusLib.Tests.Integration.BasicClientIntegrationTests.FactoryCreateClients_HasCorrectInitialState" computerName="XIAOXIN" duration="00:00:00.0009835" startTime="2025-09-06T10:50:14.9159526+08:00" endTime="2025-09-06T10:50:14.9159536+08:00" testType="13cdc9d9-ddb5-4fa4-a97d-d965ccfc6d4b" outcome="Passed" testListId="8c84fa94-04c1-424b-9868-57a2d4851a1d" relativeResultsDirectory="a9178404-39d3-4e63-a9d0-70fc08542f21" />
    <UnitTestResult executionId="09e6d042-ea1d-441f-be6d-309afe7ca611" testId="65e99711-f80f-73bf-6f3b-6d486d208589" testName="ModbusLib.Tests.GenericReadWrite.MidLittleEndianTests.ModbusDataConverter_MidLittleEndian_SingleInt_CorrectConversion" computerName="XIAOXIN" duration="00:00:00.0001354" startTime="2025-09-06T10:50:14.2330695+08:00" endTime="2025-09-06T10:50:14.2330696+08:00" testType="13cdc9d9-ddb5-4fa4-a97d-d965ccfc6d4b" outcome="Passed" testListId="8c84fa94-04c1-424b-9868-57a2d4851a1d" relativeResultsDirectory="09e6d042-ea1d-441f-be6d-309afe7ca611" />
    <UnitTestResult executionId="abe079d5-8c3f-47bd-ae05-2e4ea6e2e415" testId="f67c8813-8427-2ce9-569d-56e04b3520a9" testName="ModbusLib.Tests.GenericReadWrite.GenericPerformanceTests.ModbusDataConverter_DifferentEndianness_Performance(endianness: LittleEndian)" computerName="XIAOXIN" duration="00:00:00.0003911" startTime="2025-09-06T10:50:14.2566655+08:00" endTime="2025-09-06T10:50:14.2566655+08:00" testType="13cdc9d9-ddb5-4fa4-a97d-d965ccfc6d4b" outcome="Passed" testListId="8c84fa94-04c1-424b-9868-57a2d4851a1d" relativeResultsDirectory="abe079d5-8c3f-47bd-ae05-2e4ea6e2e415">
      <Output>
        <StdOut>Endianness LittleEndian (size: 1000, iterations: 50) took 0ms&#xD;
Average per operation: 0ms</StdOut>
      </Output>
    </UnitTestResult>
    <UnitTestResult executionId="58a7e327-4b87-49ff-9bdd-caea0990496a" testId="58ada9db-68d6-1834-14ca-5929551f8944" testName="ModbusLib.Tests.GenericReadWrite.GenericBasicTests.ModbusSpanExtensions_LittleEndian_BasicOperations_Success" computerName="XIAOXIN" duration="00:00:00.0005602" startTime="2025-09-06T10:50:14.2331276+08:00" endTime="2025-09-06T10:50:14.2331276+08:00" testType="13cdc9d9-ddb5-4fa4-a97d-d965ccfc6d4b" outcome="Passed" testListId="8c84fa94-04c1-424b-9868-57a2d4851a1d" relativeResultsDirectory="58a7e327-4b87-49ff-9bdd-caea0990496a" />
    <UnitTestResult executionId="daf59519-2086-481d-a4d7-95f83d817fb3" testId="89a7b90f-02fb-041d-45cf-b578460823ab" testName="ModbusLib.Tests.GenericReadWrite.ModbusDataConverterTests.ToBytes_IntArray_BigEndian_ReturnsCorrectBytes" computerName="XIAOXIN" duration="00:00:00.0082808" startTime="2025-09-06T10:50:14.2528113+08:00" endTime="2025-09-06T10:50:14.2528114+08:00" testType="13cdc9d9-ddb5-4fa4-a97d-d965ccfc6d4b" outcome="Failed" testListId="8c84fa94-04c1-424b-9868-57a2d4851a1d" relativeResultsDirectory="daf59519-2086-481d-a4d7-95f83d817fb3">
      <Output>
        <ErrorInfo>
          <Message>Assert.Equal() Failure: Values differ&#xD;
Expected: 120&#xD;
Actual:   18</Message>
          <StackTrace>   at ModbusLib.Tests.GenericReadWrite.ModbusDataConverterTests.ToBytes_IntArray_BigEndian_ReturnsCorrectBytes() in D:\Projects\ModbusLib\Tests\src\GenericReadWrite\ModbusDataConverterTests.cs:line 108&#xD;
   at System.RuntimeMethodHandle.InvokeMethod(Object target, Void** arguments, Signature sig, Boolean isConstructor)&#xD;
   at System.Reflection.MethodBaseInvoker.InvokeWithNoArgs(Object obj, BindingFlags invokeAttr)</StackTrace>
        </ErrorInfo>
      </Output>
    </UnitTestResult>
    <UnitTestResult executionId="68e74098-a596-4811-8b21-2adea0a1ef1f" testId="b620b1c6-bb65-35c5-cd96-59d65f55e59a" testName="ModbusLib.Tests.GenericReadWrite.GenericBoundaryTests.ModbusDataConverter_FromBytes_EmptyBytes_ThrowsException" computerName="XIAOXIN" duration="00:00:00.0002404" startTime="2025-09-06T10:50:14.2674086+08:00" endTime="2025-09-06T10:50:14.2674087+08:00" testType="13cdc9d9-ddb5-4fa4-a97d-d965ccfc6d4b" outcome="Passed" testListId="8c84fa94-04c1-424b-9868-57a2d4851a1d" relativeResultsDirectory="68e74098-a596-4811-8b21-2adea0a1ef1f" />
    <UnitTestResult executionId="ff3be777-f9c5-4ad3-9c8c-bdfee59c8560" testId="18398a06-33e8-2b21-e4ca-cebe64b64a9d" testName="ModbusLib.Tests.AdvancedFunctions.ModbusAdvancedTests.ReadWriteMultipleRegistersAsync_ValidRequest_ReturnsCorrectData" computerName="XIAOXIN" duration="00:00:00.0023053" startTime="2025-09-06T10:50:14.2942625+08:00" endTime="2025-09-06T10:50:14.2942627+08:00" testType="13cdc9d9-ddb5-4fa4-a97d-d965ccfc6d4b" outcome="Passed" testListId="8c84fa94-04c1-424b-9868-57a2d4851a1d" relativeResultsDirectory="ff3be777-f9c5-4ad3-9c8c-bdfee59c8560" />
    <UnitTestResult executionId="b537a357-83ae-4c09-ac02-17ae1de8b23b" testId="ad850256-3bde-7d3b-221c-64f79c39dad7" testName="ModbusLib.Tests.Factories.ModbusClientFactoryTests.CreateTcpClient_NullConfig_ThrowsArgumentNullException" computerName="XIAOXIN" duration="00:00:00.0005637" startTime="2025-09-06T10:50:14.2292094+08:00" endTime="2025-09-06T10:50:14.2292095+08:00" testType="13cdc9d9-ddb5-4fa4-a97d-d965ccfc6d4b" outcome="Passed" testListId="8c84fa94-04c1-424b-9868-57a2d4851a1d" relativeResultsDirectory="b537a357-83ae-4c09-ac02-17ae1de8b23b" />
    <UnitTestResult executionId="fc5e19c4-9a87-43d1-90d6-4381dc08f8bc" testId="209d6141-e3fa-a04f-2aed-f81406a6d556" testName="ModbusLib.Tests.AdvancedFunctions.ModbusAdvancedTests.ReadWriteMultipleRegistersAsync_NullWriteArray_ThrowsArgumentException" computerName="XIAOXIN" duration="00:00:00.0005870" startTime="2025-09-06T10:50:14.2949191+08:00" endTime="2025-09-06T10:50:14.2949193+08:00" testType="13cdc9d9-ddb5-4fa4-a97d-d965ccfc6d4b" outcome="Passed" testListId="8c84fa94-04c1-424b-9868-57a2d4851a1d" relativeResultsDirectory="fc5e19c4-9a87-43d1-90d6-4381dc08f8bc" />
    <UnitTestResult executionId="eab59aa6-4ed5-4201-bf6b-258534c14d9e" testId="a4f7811c-6a4c-ac0c-a233-1c2bbf02f9bc" testName="ModbusLib.Tests.Protocols.TcpProtocolTests.BuildRequest_ReadCoils_CorrectMbapHeader" computerName="XIAOXIN" duration="00:00:00.0008685" startTime="2025-09-06T10:50:14.2300597+08:00" endTime="2025-09-06T10:50:14.2300598+08:00" testType="13cdc9d9-ddb5-4fa4-a97d-d965ccfc6d4b" outcome="Passed" testListId="8c84fa94-04c1-424b-9868-57a2d4851a1d" relativeResultsDirectory="eab59aa6-4ed5-4201-bf6b-258534c14d9e" />
    <UnitTestResult executionId="fe498321-9034-4e68-9ebc-a5155d2830d9" testId="2e3551ea-a910-3701-c66d-5ff6cafc9873" testName="ModbusLib.Tests.Protocols.TcpProtocolTests.ParseResponse_TooShort_ThrowsException" computerName="XIAOXIN" duration="00:00:00.0002688" startTime="2025-09-06T10:50:14.2378020+08:00" endTime="2025-09-06T10:50:14.2378020+08:00" testType="13cdc9d9-ddb5-4fa4-a97d-d965ccfc6d4b" outcome="Passed" testListId="8c84fa94-04c1-424b-9868-57a2d4851a1d" relativeResultsDirectory="fe498321-9034-4e68-9ebc-a5155d2830d9" />
    <UnitTestResult executionId="5dc7c3f8-a1f8-4465-8ed7-defff9c7a87d" testId="e5a71cf3-631f-7129-3fae-ae583931783c" testName="ModbusLib.Tests.Protocols.TcpProtocolTests.CalculateExpectedResponseLength_VariousFunctions_CorrectLength(function: WriteSingleCoil, quantity: 1, expectedLength: 12)" computerName="XIAOXIN" duration="00:00:00.0000028" startTime="2025-09-06T10:50:14.2298216+08:00" endTime="2025-09-06T10:50:14.2298217+08:00" testType="13cdc9d9-ddb5-4fa4-a97d-d965ccfc6d4b" outcome="Passed" testListId="8c84fa94-04c1-424b-9868-57a2d4851a1d" relativeResultsDirectory="5dc7c3f8-a1f8-4465-8ed7-defff9c7a87d" />
    <UnitTestResult executionId="301d809c-7502-4521-9fb9-f0a7a0c20792" testId="6a9c52bf-959e-fdeb-ce08-f059dc176a75" testName="ModbusLib.Tests.Protocols.TcpProtocolTests.ValidateResponse_ValidResponse_ReturnsTrue" computerName="XIAOXIN" duration="00:00:00.0003144" startTime="2025-09-06T10:50:14.2357664+08:00" endTime="2025-09-06T10:50:14.2357665+08:00" testType="13cdc9d9-ddb5-4fa4-a97d-d965ccfc6d4b" outcome="Passed" testListId="8c84fa94-04c1-424b-9868-57a2d4851a1d" relativeResultsDirectory="301d809c-7502-4521-9fb9-f0a7a0c20792" />
    <UnitTestResult executionId="064835aa-8622-4795-b508-59be7d47332e" testId="fe0666a2-5c4e-6213-2303-52fe12e3dc56" testName="ModbusLib.Tests.Protocols.TcpProtocolTests.ParseResponse_InvalidProtocolId_ThrowsException" computerName="XIAOXIN" duration="00:00:00.0004070" startTime="2025-09-06T10:50:14.2351409+08:00" endTime="2025-09-06T10:50:14.2351410+08:00" testType="13cdc9d9-ddb5-4fa4-a97d-d965ccfc6d4b" outcome="Passed" testListId="8c84fa94-04c1-424b-9868-57a2d4851a1d" relativeResultsDirectory="064835aa-8622-4795-b508-59be7d47332e" />
    <UnitTestResult executionId="5886045a-3993-4577-a704-9fc60dea3ea8" testId="89a31d53-4c9f-77b4-d065-200a82c0ca28" testName="ModbusLib.Tests.Factories.ModbusClientFactoryTests.CreateRtuOverUdpClient_DefaultPort_Uses502" computerName="XIAOXIN" duration="00:00:00.0000819" startTime="2025-09-06T10:50:14.2602735+08:00" endTime="2025-09-06T10:50:14.2602735+08:00" testType="13cdc9d9-ddb5-4fa4-a97d-d965ccfc6d4b" outcome="Passed" testListId="8c84fa94-04c1-424b-9868-57a2d4851a1d" relativeResultsDirectory="5886045a-3993-4577-a704-9fc60dea3ea8" />
    <UnitTestResult executionId="bf1a3c3a-95df-4fd4-9d56-7300733b8094" testId="0e35e222-8ec4-9486-3277-970cbc28cfe2" testName="ModbusLib.Tests.Protocols.RtuProtocolTests.ParseResponse_InvalidCrc_ThrowsException" computerName="XIAOXIN" duration="00:00:00.0002797" startTime="2025-09-06T10:50:14.2574854+08:00" endTime="2025-09-06T10:50:14.2574855+08:00" testType="13cdc9d9-ddb5-4fa4-a97d-d965ccfc6d4b" outcome="Passed" testListId="8c84fa94-04c1-424b-9868-57a2d4851a1d" relativeResultsDirectory="bf1a3c3a-95df-4fd4-9d56-7300733b8094" />
    <UnitTestResult executionId="252ee5da-458a-47fb-a65e-ccf7ebf7ed33" testId="133d7c94-d7e0-b06a-90f4-13ccd45b11a3" testName="ModbusLib.Tests.AdvancedFunctions.ModbusAdvancedTests.ReadWriteMultipleRegistersAsync_InvalidReadQuantity_ThrowsArgumentException(invalidReadQuantity: 0)" computerName="XIAOXIN" duration="00:00:00.0004929" startTime="2025-09-06T10:50:14.2976941+08:00" endTime="2025-09-06T10:50:14.2976942+08:00" testType="13cdc9d9-ddb5-4fa4-a97d-d965ccfc6d4b" outcome="Passed" testListId="8c84fa94-04c1-424b-9868-57a2d4851a1d" relativeResultsDirectory="252ee5da-458a-47fb-a65e-ccf7ebf7ed33" />
    <UnitTestResult executionId="6d559ddf-2897-4ac8-9091-e6e20dd10400" testId="0fce7aac-8681-2e72-91dd-26b943894d6f" testName="ModbusLib.Tests.Protocols.TcpProtocolTests.BuildRequest_UnsupportedFunction_ThrowsNotSupportedException" computerName="XIAOXIN" duration="00:00:00.0009145" startTime="2025-09-06T10:50:14.2541242+08:00" endTime="2025-09-06T10:50:14.2541242+08:00" testType="13cdc9d9-ddb5-4fa4-a97d-d965ccfc6d4b" outcome="Passed" testListId="8c84fa94-04c1-424b-9868-57a2d4851a1d" relativeResultsDirectory="6d559ddf-2897-4ac8-9091-e6e20dd10400" />
    <UnitTestResult executionId="56ebc50e-d732-497b-b677-29b41336c920" testId="8d201825-38aa-2f79-311d-aac08c678c23" testName="ModbusLib.Tests.GenericReadWrite.GenericReadWriteIntegrationTests.ReadWriteHoldingRegisters_FloatArray_Success(endianness: LittleEndian)" computerName="XIAOXIN" duration="00:00:00.0008314" startTime="2025-09-06T10:50:14.2331748+08:00" endTime="2025-09-06T10:50:14.2331749+08:00" testType="13cdc9d9-ddb5-4fa4-a97d-d965ccfc6d4b" outcome="Passed" testListId="8c84fa94-04c1-424b-9868-57a2d4851a1d" relativeResultsDirectory="56ebc50e-d732-497b-b677-29b41336c920" />
    <UnitTestResult executionId="a75520c0-b94e-40f5-b640-4cf0503649ab" testId="846799f1-e436-5163-1962-ee1fa5b1eef2" testName="ModbusLib.Tests.GenericReadWrite.GenericCompatibilityTests.GenericReadWrite_SpecialDoubleValues_Success" computerName="XIAOXIN" duration="00:00:00.0035089" startTime="2025-09-06T10:50:14.2775415+08:00" endTime="2025-09-06T10:50:14.2775416+08:00" testType="13cdc9d9-ddb5-4fa4-a97d-d965ccfc6d4b" outcome="Passed" testListId="8c84fa94-04c1-424b-9868-57a2d4851a1d" relativeResultsDirectory="a75520c0-b94e-40f5-b640-4cf0503649ab" />
    <UnitTestResult executionId="7d208fbc-ca77-4ca3-9acc-01ff7050bec2" testId="a588bc82-3e28-ef56-b83d-b89a6237fd05" testName="ModbusLib.Tests.GenericReadWrite.ModbusSpanExtensionsTests.SetLittleEndian_Byte_SetsCorrectValue" computerName="XIAOXIN" duration="00:00:00.0019367" startTime="2025-09-06T10:50:14.2601460+08:00" endTime="2025-09-06T10:50:14.2601460+08:00" testType="13cdc9d9-ddb5-4fa4-a97d-d965ccfc6d4b" outcome="Passed" testListId="8c84fa94-04c1-424b-9868-57a2d4851a1d" relativeResultsDirectory="7d208fbc-ca77-4ca3-9acc-01ff7050bec2" />
    <UnitTestResult executionId="df0976d9-bdbe-42a8-a5db-acd151f5eb1b" testId="ccbc7a03-8775-24de-b27b-b995c458fb6c" testName="ModbusLib.Tests.Protocols.TcpProtocolTests.ParseResponse_EmptyDataResponse_HandlesCorrectly" computerName="XIAOXIN" duration="00:00:00.0002858" startTime="2025-09-06T10:50:14.2325696+08:00" endTime="2025-09-06T10:50:14.2325696+08:00" testType="13cdc9d9-ddb5-4fa4-a97d-d965ccfc6d4b" outcome="Passed" testListId="8c84fa94-04c1-424b-9868-57a2d4851a1d" relativeResultsDirectory="df0976d9-bdbe-42a8-a5db-acd151f5eb1b" />
    <UnitTestResult executionId="6d93bf89-6395-4695-8a0e-459987414ebb" testId="87d8b694-b422-2e4a-fd4a-ea2c0df50313" testName="ModbusLib.Tests.GenericReadWrite.GenericBoundaryTests.GetTotalRegisterCount_ZeroCount_ReturnsZero" computerName="XIAOXIN" duration="00:00:00.0000863" startTime="2025-09-06T10:50:14.2678442+08:00" endTime="2025-09-06T10:50:14.2678442+08:00" testType="13cdc9d9-ddb5-4fa4-a97d-d965ccfc6d4b" outcome="Passed" testListId="8c84fa94-04c1-424b-9868-57a2d4851a1d" relativeResultsDirectory="6d93bf89-6395-4695-8a0e-459987414ebb" />
    <UnitTestResult executionId="28683749-42a5-4223-8b61-aaa9117cdbd7" testId="c06bf551-d66f-b34c-92a5-1b1feb51c079" testName="ModbusLib.Tests.Protocols.TcpProtocolTests.CalculateExpectedResponseLength_VariousFunctions_CorrectLength(function: WriteSingleRegister, quantity: 1, expectedLength: 12)" computerName="XIAOXIN" duration="00:00:00.0000018" startTime="2025-09-06T10:50:14.2298831+08:00" endTime="2025-09-06T10:50:14.2298831+08:00" testType="13cdc9d9-ddb5-4fa4-a97d-d965ccfc6d4b" outcome="Passed" testListId="8c84fa94-04c1-424b-9868-57a2d4851a1d" relativeResultsDirectory="28683749-42a5-4223-8b61-aaa9117cdbd7" />
    <UnitTestResult executionId="454e419b-b26d-4449-b4cf-19225525dcc1" testId="2e3a089e-4ddd-0119-1a12-5db0db6e2c4a" testName="ModbusLib.Tests.GenericReadWrite.GenericCompatibilityTests.GenericReadWrite_SpecialFloatValues_Success" computerName="XIAOXIN" duration="00:00:00.0013113" startTime="2025-09-06T10:50:14.2761520+08:00" endTime="2025-09-06T10:50:14.2761520+08:00" testType="13cdc9d9-ddb5-4fa4-a97d-d965ccfc6d4b" outcome="Passed" testListId="8c84fa94-04c1-424b-9868-57a2d4851a1d" relativeResultsDirectory="454e419b-b26d-4449-b4cf-19225525dcc1" />
    <UnitTestResult executionId="27c08ef5-21f4-4acb-8465-ad707be7bb34" testId="2faf224c-bc32-cfaa-d6e7-267e1783644e" testName="ModbusLib.Tests.Protocols.TcpProtocolTests.CalculateExpectedResponseLength_VariousFunctions_CorrectLength(function: WriteMultipleCoils, quantity: 16, expectedLength: 12)" computerName="XIAOXIN" duration="00:00:00.0000032" startTime="2025-09-06T10:50:14.2298526+08:00" endTime="2025-09-06T10:50:14.2298527+08:00" testType="13cdc9d9-ddb5-4fa4-a97d-d965ccfc6d4b" outcome="Passed" testListId="8c84fa94-04c1-424b-9868-57a2d4851a1d" relativeResultsDirectory="27c08ef5-21f4-4acb-8465-ad707be7bb34" />
    <UnitTestResult executionId="deb608ae-da3c-4280-b33b-069f1952747c" testId="f952e59c-9335-0bfe-5930-008d5dd78c7b" testName="ModbusLib.Tests.Factories.ModbusClientFactoryTests.CreateRtuClient_WithPortNameAndBaudRate_ReturnsRtuClient" computerName="XIAOXIN" duration="00:00:00.0000679" startTime="2025-09-06T10:50:14.2579712+08:00" endTime="2025-09-06T10:50:14.2579713+08:00" testType="13cdc9d9-ddb5-4fa4-a97d-d965ccfc6d4b" outcome="Passed" testListId="8c84fa94-04c1-424b-9868-57a2d4851a1d" relativeResultsDirectory="deb608ae-da3c-4280-b33b-069f1952747c" />
    <UnitTestResult executionId="283b06f9-7688-4b53-a917-d9c098d87fe3" testId="7d43f9b2-42c7-de75-168d-e7fe6c2f0ba4" testName="ModbusLib.Tests.GenericReadWrite.ModbusDataConverterTests.GetRegisterCount_Int_ReturnsTwo" computerName="XIAOXIN" duration="00:00:00.0000624" startTime="2025-09-06T10:50:14.2529485+08:00" endTime="2025-09-06T10:50:14.2529486+08:00" testType="13cdc9d9-ddb5-4fa4-a97d-d965ccfc6d4b" outcome="Passed" testListId="8c84fa94-04c1-424b-9868-57a2d4851a1d" relativeResultsDirectory="283b06f9-7688-4b53-a917-d9c098d87fe3" />
    <UnitTestResult executionId="f7e69149-d2ad-4bbd-b667-90b06deb4feb" testId="9044797d-9c8c-3424-a868-4cd6eb8279db" testName="ModbusLib.Tests.GenericReadWrite.GenericCompatibilityTests.GenericReadWrite_SimpleStruct_Success(endianness: MidLittleEndian)" computerName="XIAOXIN" duration="00:00:00.0000406" startTime="2025-09-06T10:50:14.2676765+08:00" endTime="2025-09-06T10:50:14.2676766+08:00" testType="13cdc9d9-ddb5-4fa4-a97d-d965ccfc6d4b" outcome="Passed" testListId="8c84fa94-04c1-424b-9868-57a2d4851a1d" relativeResultsDirectory="f7e69149-d2ad-4bbd-b667-90b06deb4feb" />
    <UnitTestResult executionId="59eefdbc-f59e-4396-928a-c5eac08c38d1" testId="6e02d53f-02e2-bfcd-09e4-9de35f5c4ba8" testName="ModbusLib.Tests.GenericReadWrite.GenericBoundaryTests.GetTotalRegisterCount_EdgeCases_ReturnsCorrectValue(byteCount: 4, expectedRegisters: 2)" computerName="XIAOXIN" duration="00:00:00.0002572" startTime="2025-09-06T10:50:14.2536299+08:00" endTime="2025-09-06T10:50:14.2536300+08:00" testType="13cdc9d9-ddb5-4fa4-a97d-d965ccfc6d4b" outcome="Passed" testListId="8c84fa94-04c1-424b-9868-57a2d4851a1d" relativeResultsDirectory="59eefdbc-f59e-4396-928a-c5eac08c38d1" />
    <UnitTestResult executionId="703d6ceb-b206-469c-bf94-4143ba7a71e3" testId="08f85264-b865-8405-6766-e01431e27d22" testName="ModbusLib.Tests.Factories.ModbusClientFactoryTests.CreateRtuOverTcpClient_WithHostAndPort_ReturnsRtuOverTcpClient" computerName="XIAOXIN" duration="00:00:00.0019108" startTime="2025-09-06T10:50:14.2547756+08:00" endTime="2025-09-06T10:50:14.2547756+08:00" testType="13cdc9d9-ddb5-4fa4-a97d-d965ccfc6d4b" outcome="Passed" testListId="8c84fa94-04c1-424b-9868-57a2d4851a1d" relativeResultsDirectory="703d6ceb-b206-469c-bf94-4143ba7a71e3" />
    <UnitTestResult executionId="933a871c-5b77-4bd0-92ff-5104cf08e21b" testId="f8ce6604-431a-ec4a-d048-c4a9e33558ea" testName="ModbusLib.Tests.GenericReadWrite.ModbusSpanExtensionsTests.GetLittleEndian_Byte_ReturnsCorrectValue" computerName="XIAOXIN" duration="00:00:00.0004874" startTime="2025-09-06T10:50:14.2618512+08:00" endTime="2025-09-06T10:50:14.2618512+08:00" testType="13cdc9d9-ddb5-4fa4-a97d-d965ccfc6d4b" outcome="Passed" testListId="8c84fa94-04c1-424b-9868-57a2d4851a1d" relativeResultsDirectory="933a871c-5b77-4bd0-92ff-5104cf08e21b" />
    <UnitTestResult executionId="9c2d053e-2387-470b-9137-c1dee70e7c4f" testId="9b93db35-af8d-aeaa-7058-8f31c2e28b92" testName="ModbusLib.Tests.Factories.ModbusClientFactoryTests.CreateUdpClient_NullConfig_ThrowsArgumentNullException" computerName="XIAOXIN" duration="00:00:00.0002386" startTime="2025-09-06T10:50:14.2369569+08:00" endTime="2025-09-06T10:50:14.2369569+08:00" testType="13cdc9d9-ddb5-4fa4-a97d-d965ccfc6d4b" outcome="Passed" testListId="8c84fa94-04c1-424b-9868-57a2d4851a1d" relativeResultsDirectory="9c2d053e-2387-470b-9137-c1dee70e7c4f" />
    <UnitTestResult executionId="7fccb1f3-8b20-4aca-a095-1c39515409b9" testId="74755c67-67c1-c701-1bf4-cf7e1b0637e3" testName="ModbusLib.Tests.GenericReadWrite.GenericBoundaryTests.GetTotalRegisterCount_EdgeCases_ReturnsCorrectValue(byteCount: 2, expectedRegisters: 1)" computerName="XIAOXIN" duration="00:00:00.0000078" startTime="2025-09-06T10:50:14.2536637+08:00" endTime="2025-09-06T10:50:14.2536637+08:00" testType="13cdc9d9-ddb5-4fa4-a97d-d965ccfc6d4b" outcome="Passed" testListId="8c84fa94-04c1-424b-9868-57a2d4851a1d" relativeResultsDirectory="7fccb1f3-8b20-4aca-a095-1c39515409b9" />
    <UnitTestResult executionId="b9dffaeb-f524-4538-902a-57cb4a49db03" testId="09588256-9cd3-8547-39e8-adb70f0142f2" testName="ModbusLib.Tests.Factories.ModbusClientFactoryTests.CreateRtuOverTcpClient_InvalidHost_ThrowsArgumentException(invalidHost: &quot;&quot;)" computerName="XIAOXIN" duration="00:00:00.0004142" startTime="2025-09-06T10:50:14.2344961+08:00" endTime="2025-09-06T10:50:14.2344961+08:00" testType="13cdc9d9-ddb5-4fa4-a97d-d965ccfc6d4b" outcome="Passed" testListId="8c84fa94-04c1-424b-9868-57a2d4851a1d" relativeResultsDirectory="b9dffaeb-f524-4538-902a-57cb4a49db03" />
    <UnitTestResult executionId="1dbfa9ce-fae6-424b-ada4-8019017bc877" testId="9c2ff94e-29fc-5987-3a0a-6c8c5be6de7e" testName="ModbusLib.Tests.GenericReadWrite.ModbusDataConverterTests.ToBytes_DifferentEndianness_DoesNotThrow(endianness: LittleEndian)" computerName="XIAOXIN" duration="00:00:00.0000078" startTime="2025-09-06T10:50:14.2253076+08:00" endTime="2025-09-06T10:50:14.2253076+08:00" testType="13cdc9d9-ddb5-4fa4-a97d-d965ccfc6d4b" outcome="Passed" testListId="8c84fa94-04c1-424b-9868-57a2d4851a1d" relativeResultsDirectory="1dbfa9ce-fae6-424b-ada4-8019017bc877" />
    <UnitTestResult executionId="38ddd502-118c-4412-bc4b-8642c1104396" testId="3391d062-8fd9-13e6-f608-09aaecab5252" testName="ModbusLib.Tests.GenericReadWrite.ModbusSpanExtensionsTests.SetBigEndian_OutOfRange_ThrowsArgumentOutOfRangeException" computerName="XIAOXIN" duration="00:00:00.0002272" startTime="2025-09-06T10:50:14.2656074+08:00" endTime="2025-09-06T10:50:14.2656075+08:00" testType="13cdc9d9-ddb5-4fa4-a97d-d965ccfc6d4b" outcome="Passed" testListId="8c84fa94-04c1-424b-9868-57a2d4851a1d" relativeResultsDirectory="38ddd502-118c-4412-bc4b-8642c1104396" />
    <UnitTestResult executionId="89ec5c08-3007-499c-8a25-c54c6e7ec46f" testId="3dee866c-7afc-631e-e15a-c1ac0697476f" testName="ModbusLib.Tests.Integration.BasicClientIntegrationTests.ModbusClient_SimpleReadOperation_Success" computerName="XIAOXIN" duration="00:00:00.0045416" startTime="2025-09-06T10:50:14.8919144+08:00" endTime="2025-09-06T10:50:14.8919147+08:00" testType="13cdc9d9-ddb5-4fa4-a97d-d965ccfc6d4b" outcome="Passed" testListId="8c84fa94-04c1-424b-9868-57a2d4851a1d" relativeResultsDirectory="89ec5c08-3007-499c-8a25-c54c6e7ec46f" />
    <UnitTestResult executionId="5c7f95a3-ab85-4247-96d0-9f0596f15c41" testId="5d7c37df-948f-1d3a-eb9c-06ca65b28bda" testName="ModbusLib.Tests.WriteFunctions.ModbusWriteTests.WriteMultipleRegistersAsync_NullArray_ThrowsArgumentException" computerName="XIAOXIN" duration="00:00:00.0005576" startTime="2025-09-06T10:50:14.2801357+08:00" endTime="2025-09-06T10:50:14.2801358+08:00" testType="13cdc9d9-ddb5-4fa4-a97d-d965ccfc6d4b" outcome="Passed" testListId="8c84fa94-04c1-424b-9868-57a2d4851a1d" relativeResultsDirectory="5c7f95a3-ab85-4247-96d0-9f0596f15c41" />
    <UnitTestResult executionId="6f86d471-e480-4001-abae-87d9da027b5d" testId="248ac818-6d18-9119-af87-56a53a9749df" testName="ModbusLib.Tests.Protocols.RtuProtocolTests.ValidateResponse_InvalidCrc_ReturnsFalse" computerName="XIAOXIN" duration="00:00:00.0001222" startTime="2025-09-06T10:50:14.2587475+08:00" endTime="2025-09-06T10:50:14.2587476+08:00" testType="13cdc9d9-ddb5-4fa4-a97d-d965ccfc6d4b" outcome="Passed" testListId="8c84fa94-04c1-424b-9868-57a2d4851a1d" relativeResultsDirectory="6f86d471-e480-4001-abae-87d9da027b5d" />
    <UnitTestResult executionId="a8dd8b01-3c8a-4c58-8317-daf541428402" testId="c1090cf4-30b9-bd3c-a8b0-ed3abc69cd9d" testName="ModbusLib.Tests.GenericReadWrite.GenericCompatibilityTests.GenericReadWrite_LargeIntArray_Success(endianness: BigEndian)" computerName="XIAOXIN" duration="00:00:00.0005343" startTime="2025-09-06T10:50:14.2768172+08:00" endTime="2025-09-06T10:50:14.2768172+08:00" testType="13cdc9d9-ddb5-4fa4-a97d-d965ccfc6d4b" outcome="Passed" testListId="8c84fa94-04c1-424b-9868-57a2d4851a1d" relativeResultsDirectory="a8dd8b01-3c8a-4c58-8317-daf541428402" />
    <UnitTestResult executionId="b6a552e9-ad74-415c-bda2-49831542f4ac" testId="f2a77da2-7160-19ba-963d-931ff5b43e62" testName="ModbusLib.Tests.GenericReadWrite.GenericBoundaryTests.ReadInputRegisters_ZeroCount_ThrowsArgumentException" computerName="XIAOXIN" duration="00:00:00.0015789" startTime="2025-09-06T10:50:14.2580880+08:00" endTime="2025-09-06T10:50:14.2580881+08:00" testType="13cdc9d9-ddb5-4fa4-a97d-d965ccfc6d4b" outcome="Passed" testListId="8c84fa94-04c1-424b-9868-57a2d4851a1d" relativeResultsDirectory="b6a552e9-ad74-415c-bda2-49831542f4ac" />
    <UnitTestResult executionId="1330f694-18ce-442b-8c8b-4ccc837a765b" testId="495e0a1d-55b0-9e1b-7082-9beb8d31f296" testName="ModbusLib.Tests.GenericReadWrite.MidLittleEndianTests.ModbusDataConverter_MidLittleEndian_SpecificValues_RoundTrip(testValue: 0)" computerName="XIAOXIN" duration="00:00:00.0000104" startTime="2025-09-06T10:50:14.2274500+08:00" endTime="2025-09-06T10:50:14.2274501+08:00" testType="13cdc9d9-ddb5-4fa4-a97d-d965ccfc6d4b" outcome="Passed" testListId="8c84fa94-04c1-424b-9868-57a2d4851a1d" relativeResultsDirectory="1330f694-18ce-442b-8c8b-4ccc837a765b" />
    <UnitTestResult executionId="37b48074-cb01-4443-884b-63cfb566dce9" testId="a182dddd-532c-210a-d604-4bb0b18c5889" testName="ModbusLib.Tests.GenericReadWrite.ModbusDataConverterTests.GetTotalRegisterCount_MultipleBytes_ReturnsCorrectCount" computerName="XIAOXIN" duration="00:00:00.0000537" startTime="2025-09-06T10:50:14.2529912+08:00" endTime="2025-09-06T10:50:14.2529913+08:00" testType="13cdc9d9-ddb5-4fa4-a97d-d965ccfc6d4b" outcome="Passed" testListId="8c84fa94-04c1-424b-9868-57a2d4851a1d" relativeResultsDirectory="37b48074-cb01-4443-884b-63cfb566dce9" />
    <UnitTestResult executionId="83d619fe-83a9-4f78-a877-30475ae8766f" testId="08ce0394-0022-a791-0e39-e526c4a2c84b" testName="ModbusLib.Tests.ReadFunctions.ModbusReadTests.ReadHoldingRegistersAsync_ValidRequest_ReturnsCorrectUshortArray" computerName="XIAOXIN" duration="00:00:00.0023236" startTime="2025-09-06T10:50:14.3181595+08:00" endTime="2025-09-06T10:50:14.3181596+08:00" testType="13cdc9d9-ddb5-4fa4-a97d-d965ccfc6d4b" outcome="Passed" testListId="8c84fa94-04c1-424b-9868-57a2d4851a1d" relativeResultsDirectory="83d619fe-83a9-4f78-a877-30475ae8766f" />
    <UnitTestResult executionId="8793f25b-57d3-4782-a9f1-9bac2b1c7ddc" testId="a0ce5da4-3e94-87f9-6916-0135774e30da" testName="ModbusLib.Tests.Protocols.RtuProtocolTests.CalculateExpectedResponseLength_VariousFunctions_CorrectLength(function: WriteSingleCoil, quantity: 1, expectedLength: 8)" computerName="XIAOXIN" duration="00:00:00.0000024" startTime="2025-09-06T10:50:14.2283680+08:00" endTime="2025-09-06T10:50:14.2283680+08:00" testType="13cdc9d9-ddb5-4fa4-a97d-d965ccfc6d4b" outcome="Passed" testListId="8c84fa94-04c1-424b-9868-57a2d4851a1d" relativeResultsDirectory="8793f25b-57d3-4782-a9f1-9bac2b1c7ddc" />
    <UnitTestResult executionId="7352ebcd-6919-4031-872c-05c93ea25460" testId="8be18ded-c6f5-cb86-35c6-9fb12fbc8259" testName="ModbusLib.Tests.GenericReadWrite.GenericCompatibilityTests.GenericReadWrite_ComplexStruct_Success(endianness: BigEndian)" computerName="XIAOXIN" duration="00:00:00.0000167" startTime="2025-09-06T10:50:14.2767684+08:00" endTime="2025-09-06T10:50:14.2767684+08:00" testType="13cdc9d9-ddb5-4fa4-a97d-d965ccfc6d4b" outcome="Passed" testListId="8c84fa94-04c1-424b-9868-57a2d4851a1d" relativeResultsDirectory="7352ebcd-6919-4031-872c-05c93ea25460" />
    <UnitTestResult executionId="f08589a3-23af-44b0-bf6c-72c1d07a1c44" testId="01050945-7bda-ec74-1335-fb66aec21182" testName="ModbusLib.Tests.Protocols.RtuProtocolTests.CalculateExpectedResponseLength_VariousFunctions_CorrectLength(function: ReadInputRegisters, quantity: 5, expectedLength: 16)" computerName="XIAOXIN" duration="00:00:00.0000020" startTime="2025-09-06T10:50:14.2284316+08:00" endTime="2025-09-06T10:50:14.2284317+08:00" testType="13cdc9d9-ddb5-4fa4-a97d-d965ccfc6d4b" outcome="Passed" testListId="8c84fa94-04c1-424b-9868-57a2d4851a1d" relativeResultsDirectory="f08589a3-23af-44b0-bf6c-72c1d07a1c44" />
    <UnitTestResult executionId="7c73db1b-3c63-46cd-8453-4a7196887cb8" testId="07ff4826-7da9-d9b9-8924-94bb478c98a6" testName="ModbusLib.Tests.GenericReadWrite.GenericBoundaryTests.SpanExtensions_GetBigEndian_InvalidAddress_ThrowsException" computerName="XIAOXIN" duration="00:00:00.0006389" startTime="2025-09-06T10:50:14.2656768+08:00" endTime="2025-09-06T10:50:14.2656769+08:00" testType="13cdc9d9-ddb5-4fa4-a97d-d965ccfc6d4b" outcome="Passed" testListId="8c84fa94-04c1-424b-9868-57a2d4851a1d" relativeResultsDirectory="7c73db1b-3c63-46cd-8453-4a7196887cb8" />
    <UnitTestResult executionId="56811a05-402e-49b8-bff2-93e135614661" testId="2b56d25e-5f2c-81ed-696e-75179872084b" testName="ModbusLib.Tests.Protocols.TcpProtocolTests.CalculateExpectedResponseLength_VariousFunctions_CorrectLength(function: ReadHoldingRegisters, quantity: 10, expectedLength: 29)" computerName="XIAOXIN" duration="00:00:00.0000090" startTime="2025-09-06T10:50:14.2297786+08:00" endTime="2025-09-06T10:50:14.2297787+08:00" testType="13cdc9d9-ddb5-4fa4-a97d-d965ccfc6d4b" outcome="Passed" testListId="8c84fa94-04c1-424b-9868-57a2d4851a1d" relativeResultsDirectory="56811a05-402e-49b8-bff2-93e135614661" />
    <UnitTestResult executionId="d28a2b81-03c5-40c6-b701-d9cf5b9344d0" testId="30aa461f-dc4d-4336-4c6f-9f1b55bd062a" testName="ModbusLib.Tests.GenericReadWrite.ModbusDataConverterTests.FromBytes_ToFloatArray_RoundTrip_Success" computerName="XIAOXIN" duration="00:00:00.0001993" startTime="2025-09-06T10:50:14.2540595+08:00" endTime="2025-09-06T10:50:14.2540595+08:00" testType="13cdc9d9-ddb5-4fa4-a97d-d965ccfc6d4b" outcome="Passed" testListId="8c84fa94-04c1-424b-9868-57a2d4851a1d" relativeResultsDirectory="d28a2b81-03c5-40c6-b701-d9cf5b9344d0" />
    <UnitTestResult executionId="392808c7-2de3-4b68-a6e4-3872950b9923" testId="68a48b36-4fa6-962a-8f10-8478fa553323" testName="ModbusLib.Tests.WriteFunctions.ModbusWriteTests.WriteSingleCoilAsync_ValidValues_Success(value: True)" computerName="XIAOXIN" duration="00:00:00.0024484" startTime="2025-09-06T10:50:14.2890783+08:00" endTime="2025-09-06T10:50:14.2890784+08:00" testType="13cdc9d9-ddb5-4fa4-a97d-d965ccfc6d4b" outcome="Passed" testListId="8c84fa94-04c1-424b-9868-57a2d4851a1d" relativeResultsDirectory="392808c7-2de3-4b68-a6e4-3872950b9923" />
    <UnitTestResult executionId="a9d00e63-db55-4de5-a734-fb165f927a7a" testId="1ca06f6f-3df2-55f5-9ccd-e23d8eadfe25" testName="ModbusLib.Tests.GenericReadWrite.GenericReadWriteIntegrationTests.WriteSingleRegister_UShort_Success" computerName="XIAOXIN" duration="00:00:00.0017836" startTime="2025-09-06T10:50:14.2375456+08:00" endTime="2025-09-06T10:50:14.2375456+08:00" testType="13cdc9d9-ddb5-4fa4-a97d-d965ccfc6d4b" outcome="Passed" testListId="8c84fa94-04c1-424b-9868-57a2d4851a1d" relativeResultsDirectory="a9d00e63-db55-4de5-a734-fb165f927a7a" />
    <UnitTestResult executionId="468256f9-7f9a-4d10-bc51-71ffcc87edc4" testId="ed5771a0-9d22-450f-86e5-c81fb0c1a0b6" testName="ModbusLib.Tests.Protocols.RtuProtocolTests.BuildRequest_UnsupportedFunction_ThrowsNotSupportedException" computerName="XIAOXIN" duration="00:00:00.0004217" startTime="2025-09-06T10:50:14.2573306+08:00" endTime="2025-09-06T10:50:14.2573307+08:00" testType="13cdc9d9-ddb5-4fa4-a97d-d965ccfc6d4b" outcome="Passed" testListId="8c84fa94-04c1-424b-9868-57a2d4851a1d" relativeResultsDirectory="468256f9-7f9a-4d10-bc51-71ffcc87edc4" />
    <UnitTestResult executionId="0a2c0e38-5ac7-4ba0-bd27-02a641f42ffe" testId="460a6941-a2e9-cd06-63bc-6a334a1761e0" testName="ModbusLib.Tests.Protocols.RtuProtocolTests.CalculateExpectedResponseLength_VariousFunctions_CorrectLength(function: WriteSingleRegister, quantity: 1, expectedLength: 8)" computerName="XIAOXIN" duration="00:00:00.0000035" startTime="2025-09-06T10:50:14.2283254+08:00" endTime="2025-09-06T10:50:14.2283255+08:00" testType="13cdc9d9-ddb5-4fa4-a97d-d965ccfc6d4b" outcome="Passed" testListId="8c84fa94-04c1-424b-9868-57a2d4851a1d" relativeResultsDirectory="0a2c0e38-5ac7-4ba0-bd27-02a641f42ffe" />
    <UnitTestResult executionId="583a7465-b3ef-48bf-8dd8-fd6d28788bc6" testId="9468bcd1-9c4d-2520-3087-db160c21aa88" testName="ModbusLib.Tests.GenericReadWrite.GenericBoundaryTests.ReadHoldingRegisters_ZeroCount_ThrowsArgumentException" computerName="XIAOXIN" duration="00:00:00.0008299" startTime="2025-09-06T10:50:14.2657464+08:00" endTime="2025-09-06T10:50:14.2657465+08:00" testType="13cdc9d9-ddb5-4fa4-a97d-d965ccfc6d4b" outcome="Passed" testListId="8c84fa94-04c1-424b-9868-57a2d4851a1d" relativeResultsDirectory="583a7465-b3ef-48bf-8dd8-fd6d28788bc6" />
    <UnitTestResult executionId="a5893382-4319-4b0d-8d03-3274c7353e45" testId="6f970b1f-16f5-35af-e19f-561426464bf7" testName="ModbusLib.Tests.GenericReadWrite.GenericReadWriteIntegrationTests.ReadWriteInputRegisters_DoubleArray_Success(endianness: LittleEndian)" computerName="XIAOXIN" duration="00:00:00.0022815" startTime="2025-09-06T10:50:14.2351237+08:00" endTime="2025-09-06T10:50:14.2351238+08:00" testType="13cdc9d9-ddb5-4fa4-a97d-d965ccfc6d4b" outcome="Passed" testListId="8c84fa94-04c1-424b-9868-57a2d4851a1d" relativeResultsDirectory="a5893382-4319-4b0d-8d03-3274c7353e45" />
    <UnitTestResult executionId="84d7d887-1156-4c98-b888-79dfa2ada803" testId="52835730-c49c-ecdc-4449-100b3a3a61c3" testName="ModbusLib.Tests.Protocols.TcpProtocolTests.CalculateExpectedResponseLength_VariousFunctions_CorrectLength(function: WriteMultipleRegisters, quantity: 10, expectedLength: 12)" computerName="XIAOXIN" duration="00:00:00.0000022" startTime="2025-09-06T10:50:14.2299418+08:00" endTime="2025-09-06T10:50:14.2299418+08:00" testType="13cdc9d9-ddb5-4fa4-a97d-d965ccfc6d4b" outcome="Passed" testListId="8c84fa94-04c1-424b-9868-57a2d4851a1d" relativeResultsDirectory="84d7d887-1156-4c98-b888-79dfa2ada803" />
    <UnitTestResult executionId="69fad7d1-3b59-4ee7-a986-30b16c0445a6" testId="e5fe1a1c-feb5-938e-9fd3-9587706ea42a" testName="ModbusLib.Tests.GenericReadWrite.ModbusSpanExtensionsTests.GetBigEndian_Int_ReturnsCorrectValue" computerName="XIAOXIN" duration="00:00:00.0010588" startTime="2025-09-06T10:50:14.2653806+08:00" endTime="2025-09-06T10:50:14.2653808+08:00" testType="13cdc9d9-ddb5-4fa4-a97d-d965ccfc6d4b" outcome="Failed" testListId="8c84fa94-04c1-424b-9868-57a2d4851a1d" relativeResultsDirectory="69fad7d1-3b59-4ee7-a986-30b16c0445a6">
      <Output>
        <ErrorInfo>
          <Message>Assert.Equal() Failure: Values differ&#xD;
Expected: 305419896&#xD;
Actual:   2018915346</Message>
          <StackTrace>   at ModbusLib.Tests.GenericReadWrite.ModbusSpanExtensionsTests.GetBigEndian_Int_ReturnsCorrectValue() in D:\Projects\ModbusLib\Tests\src\GenericReadWrite\ModbusSpanExtensionsTests.cs:line 49&#xD;
   at System.RuntimeMethodHandle.InvokeMethod(Object target, Void** arguments, Signature sig, Boolean isConstructor)&#xD;
   at System.Reflection.MethodBaseInvoker.InvokeWithNoArgs(Object obj, BindingFlags invokeAttr)</StackTrace>
        </ErrorInfo>
      </Output>
    </UnitTestResult>
    <UnitTestResult executionId="2a65b795-4fb7-497f-bddc-5d01c532e16a" testId="681f0fca-f9a1-ed05-216e-057f177e521c" testName="ModbusLib.Tests.Factories.ModbusClientFactoryTests.CreateMultipleClients_SameConfiguration_ReturnsIndependentInstances" computerName="XIAOXIN" duration="00:00:00.0005589" startTime="2025-09-06T10:50:14.2358391+08:00" endTime="2025-09-06T10:50:14.2358392+08:00" testType="13cdc9d9-ddb5-4fa4-a97d-d965ccfc6d4b" outcome="Passed" testListId="8c84fa94-04c1-424b-9868-57a2d4851a1d" relativeResultsDirectory="2a65b795-4fb7-497f-bddc-5d01c532e16a" />
    <UnitTestResult executionId="525a0b20-4502-4dd9-a984-0ba242033b02" testId="48fb78f6-1600-55e1-7f9a-08c1ddae112a" testName="ModbusLib.Tests.GenericReadWrite.GenericBoundaryTests.ModbusDataConverter_FromBytes_ZeroCount_ReturnsEmptyArray" computerName="XIAOXIN" duration="00:00:00.0001861" startTime="2025-09-06T10:50:14.2541999+08:00" endTime="2025-09-06T10:50:14.2541999+08:00" testType="13cdc9d9-ddb5-4fa4-a97d-d965ccfc6d4b" outcome="Passed" testListId="8c84fa94-04c1-424b-9868-57a2d4851a1d" relativeResultsDirectory="525a0b20-4502-4dd9-a984-0ba242033b02" />
    <UnitTestResult executionId="cf7cee4e-fe06-4318-a827-012fc6b4a99f" testId="685e904f-9e80-2f2f-7314-48b02e6dbfa7" testName="ModbusLib.Tests.Integration.BasicClientIntegrationTests.ModbusClient_DisconnectAsync_UpdatesConnectionState" computerName="XIAOXIN" duration="00:00:00.0029652" startTime="2025-09-06T10:50:14.9122548+08:00" endTime="2025-09-06T10:50:14.9122551+08:00" testType="13cdc9d9-ddb5-4fa4-a97d-d965ccfc6d4b" outcome="Passed" testListId="8c84fa94-04c1-424b-9868-57a2d4851a1d" relativeResultsDirectory="cf7cee4e-fe06-4318-a827-012fc6b4a99f" />
    <UnitTestResult executionId="0eca3a73-5643-42be-9ca9-6d460489953a" testId="f0729d76-616f-dbd4-0fed-73d667305f4e" testName="ModbusLib.Tests.GenericReadWrite.MidLittleEndianTests.ModbusDataConverter_CompareDifferentEndianness_ProducesDifferentResults" computerName="XIAOXIN" duration="00:00:00.0001310" startTime="2025-09-06T10:50:14.2370638+08:00" endTime="2025-09-06T10:50:14.2370639+08:00" testType="13cdc9d9-ddb5-4fa4-a97d-d965ccfc6d4b" outcome="Passed" testListId="8c84fa94-04c1-424b-9868-57a2d4851a1d" relativeResultsDirectory="0eca3a73-5643-42be-9ca9-6d460489953a" />
    <UnitTestResult executionId="2c0a6bce-d36c-4492-9abd-bc95da512e89" testId="4087cc78-c97e-f912-006d-2fcb6505617f" testName="ModbusLib.Tests.Protocols.TcpProtocolTests.BuildRequest_TransactionIdIncrement_Sequential" computerName="XIAOXIN" duration="00:00:00.0001923" startTime="2025-09-06T10:50:14.2320473+08:00" endTime="2025-09-06T10:50:14.2320474+08:00" testType="13cdc9d9-ddb5-4fa4-a97d-d965ccfc6d4b" outcome="Passed" testListId="8c84fa94-04c1-424b-9868-57a2d4851a1d" relativeResultsDirectory="2c0a6bce-d36c-4492-9abd-bc95da512e89" />
    <UnitTestResult executionId="a4617376-77cf-4a10-9c78-5f7fe398e760" testId="8a9d9ece-271a-0583-c809-303d0bc7cb7c" testName="ModbusLib.Tests.GenericReadWrite.GenericReadWriteIntegrationTests.ReadWriteHoldingRegisters_IntArray_Success(endianness: BigEndian)" computerName="XIAOXIN" duration="00:00:00.0001906" startTime="2025-09-06T10:50:14.2326143+08:00" endTime="2025-09-06T10:50:14.2326143+08:00" testType="13cdc9d9-ddb5-4fa4-a97d-d965ccfc6d4b" outcome="Passed" testListId="8c84fa94-04c1-424b-9868-57a2d4851a1d" relativeResultsDirectory="a4617376-77cf-4a10-9c78-5f7fe398e760" />
    <UnitTestResult executionId="c58d6163-03d3-44f2-b7a4-a92077e99e7c" testId="063108f2-5c4e-53c5-07ea-ec7552576f30" testName="ModbusLib.Tests.GenericReadWrite.GenericBasicTests.ModbusDataConverter_FloatArray_RoundTrip_Success(endianness: LittleEndian)" computerName="XIAOXIN" duration="00:00:00.0001825" startTime="2025-09-06T10:50:14.2319163+08:00" endTime="2025-09-06T10:50:14.2319164+08:00" testType="13cdc9d9-ddb5-4fa4-a97d-d965ccfc6d4b" outcome="Passed" testListId="8c84fa94-04c1-424b-9868-57a2d4851a1d" relativeResultsDirectory="c58d6163-03d3-44f2-b7a4-a92077e99e7c" />
    <UnitTestResult executionId="a7eee7d0-5ff1-4ec8-8e6d-0dae5d83c82c" testId="6a829240-af31-53f6-eb16-e247bb834346" testName="ModbusLib.Tests.GenericReadWrite.ModbusDataConverterTests.GetRegisterCount_UShort_ReturnsOne" computerName="XIAOXIN" duration="00:00:00.0000782" startTime="2025-09-06T10:50:14.2535539+08:00" endTime="2025-09-06T10:50:14.2535540+08:00" testType="13cdc9d9-ddb5-4fa4-a97d-d965ccfc6d4b" outcome="Passed" testListId="8c84fa94-04c1-424b-9868-57a2d4851a1d" relativeResultsDirectory="a7eee7d0-5ff1-4ec8-8e6d-0dae5d83c82c" />
    <UnitTestResult executionId="8342ab33-7c2d-412d-ba34-5b5f9cbb89cc" testId="e64c78af-bdf8-eade-ba6f-8a58466f5896" testName="ModbusLib.Tests.GenericReadWrite.GenericCompatibilityTests.GenericReadWrite_SimpleStruct_Success(endianness: BigEndian)" computerName="XIAOXIN" duration="00:00:00.0003937" startTime="2025-09-06T10:50:14.2676149+08:00" endTime="2025-09-06T10:50:14.2676150+08:00" testType="13cdc9d9-ddb5-4fa4-a97d-d965ccfc6d4b" outcome="Passed" testListId="8c84fa94-04c1-424b-9868-57a2d4851a1d" relativeResultsDirectory="8342ab33-7c2d-412d-ba34-5b5f9cbb89cc" />
    <UnitTestResult executionId="fee68651-69fb-4072-a509-a7167191784d" testId="dafaa681-a454-527a-c688-300ed7e8671e" testName="ModbusLib.Tests.Protocols.RtuProtocolTests.ParseResponse_TooShort_ThrowsException" computerName="XIAOXIN" duration="00:00:00.0003772" startTime="2025-09-06T10:50:14.2588978+08:00" endTime="2025-09-06T10:50:14.2588978+08:00" testType="13cdc9d9-ddb5-4fa4-a97d-d965ccfc6d4b" outcome="Passed" testListId="8c84fa94-04c1-424b-9868-57a2d4851a1d" relativeResultsDirectory="fee68651-69fb-4072-a509-a7167191784d" />
    <UnitTestResult executionId="6fdd30dc-783e-4f18-9b67-cb8cf97d2147" testId="6afb7f4f-6ebb-2e19-f5f1-c72d655f83a2" testName="ModbusLib.Tests.Factories.ModbusClientFactoryTests.CreateClient_RtuType_ReturnsRtuClient" computerName="XIAOXIN" duration="00:00:00.0006184" startTime="2025-09-06T10:50:14.2364619+08:00" endTime="2025-09-06T10:50:14.2364619+08:00" testType="13cdc9d9-ddb5-4fa4-a97d-d965ccfc6d4b" outcome="Passed" testListId="8c84fa94-04c1-424b-9868-57a2d4851a1d" relativeResultsDirectory="6fdd30dc-783e-4f18-9b67-cb8cf97d2147" />
    <UnitTestResult executionId="416becdf-7ad2-43e5-9cf8-8d5c027cf518" testId="5543e054-5ff1-ff3a-4672-4a392f0d9085" testName="ModbusLib.Tests.Protocols.TcpProtocolTests.ParseResponse_ReadCoilsValid_CorrectParsing" computerName="XIAOXIN" duration="00:00:00.0017995" startTime="2025-09-06T10:50:14.2319460+08:00" endTime="2025-09-06T10:50:14.2319461+08:00" testType="13cdc9d9-ddb5-4fa4-a97d-d965ccfc6d4b" outcome="Passed" testListId="8c84fa94-04c1-424b-9868-57a2d4851a1d" relativeResultsDirectory="416becdf-7ad2-43e5-9cf8-8d5c027cf518" />
    <UnitTestResult executionId="3fd3d02a-7982-4ee3-9f1b-6b4a06c32432" testId="19a38a7b-3cb8-4d1b-b0e8-8f162f211dfe" testName="ModbusLib.Tests.Factories.ModbusClientFactoryTests.CreateRtuOverUdpClient_NullConfig_ThrowsArgumentNullException" computerName="XIAOXIN" duration="00:00:00.0001751" startTime="2025-09-06T10:50:14.2377215+08:00" endTime="2025-09-06T10:50:14.2377216+08:00" testType="13cdc9d9-ddb5-4fa4-a97d-d965ccfc6d4b" outcome="Passed" testListId="8c84fa94-04c1-424b-9868-57a2d4851a1d" relativeResultsDirectory="3fd3d02a-7982-4ee3-9f1b-6b4a06c32432" />
    <UnitTestResult executionId="ed0cc97c-8509-4025-9659-0795b9e175e5" testId="ebc6d51f-fc0d-9f75-055b-40cbcd471994" testName="ModbusLib.Tests.GenericReadWrite.GenericBasicTests.ModbusDataConverter_ByteArray_RoundTrip_Success(endianness: MidLittleEndian)" computerName="XIAOXIN" duration="00:00:00.0001609" startTime="2025-09-06T10:50:14.2336689+08:00" endTime="2025-09-06T10:50:14.2336689+08:00" testType="13cdc9d9-ddb5-4fa4-a97d-d965ccfc6d4b" outcome="Passed" testListId="8c84fa94-04c1-424b-9868-57a2d4851a1d" relativeResultsDirectory="ed0cc97c-8509-4025-9659-0795b9e175e5" />
    <UnitTestResult executionId="43d038fd-9bf1-49e0-868f-ee175f428024" testId="a141a05b-d7ac-e418-8091-43dc4664e902" testName="ModbusLib.Tests.ReadFunctions.ModbusReadTests.ReadCoilsAsync_BoundaryValues_Success" computerName="XIAOXIN" duration="00:00:00.0020723" startTime="2025-09-06T10:50:14.3000310+08:00" endTime="2025-09-06T10:50:14.3000311+08:00" testType="13cdc9d9-ddb5-4fa4-a97d-d965ccfc6d4b" outcome="Passed" testListId="8c84fa94-04c1-424b-9868-57a2d4851a1d" relativeResultsDirectory="43d038fd-9bf1-49e0-868f-ee175f428024" />
    <UnitTestResult executionId="932e73d2-553c-4189-961e-845994309b16" testId="45d19557-1024-46d5-ff8b-758b9cd77a7c" testName="ModbusLib.Tests.Protocols.TcpProtocolTests.BuildRequest_ReadHoldingRegisters_CorrectFrame" computerName="XIAOXIN" duration="00:00:00.0003134" startTime="2025-09-06T10:50:14.2385922+08:00" endTime="2025-09-06T10:50:14.2385923+08:00" testType="13cdc9d9-ddb5-4fa4-a97d-d965ccfc6d4b" outcome="Passed" testListId="8c84fa94-04c1-424b-9868-57a2d4851a1d" relativeResultsDirectory="932e73d2-553c-4189-961e-845994309b16" />
    <UnitTestResult executionId="266260dd-75f6-4617-bf3c-b6eb9095548d" testId="beaedefa-451e-ae2d-1510-99533403595c" testName="ModbusLib.Tests.GenericReadWrite.GenericReadWriteIntegrationTests.ReadWriteHoldingRegisters_IntArray_Success(endianness: LittleEndian)" computerName="XIAOXIN" duration="00:00:00.0016117" startTime="2025-09-06T10:50:14.2324844+08:00" endTime="2025-09-06T10:50:14.2324845+08:00" testType="13cdc9d9-ddb5-4fa4-a97d-d965ccfc6d4b" outcome="Passed" testListId="8c84fa94-04c1-424b-9868-57a2d4851a1d" relativeResultsDirectory="266260dd-75f6-4617-bf3c-b6eb9095548d" />
    <UnitTestResult executionId="381a6d8b-23c4-49b0-8f0e-094126bb7360" testId="27fab389-0d50-9fb5-929c-7fe8970d2d0e" testName="ModbusLib.Tests.ReadFunctions.ModbusReadTests.ReadHoldingRegistersAsync_IncorrectDataLength_ThrowsCommunicationException" computerName="XIAOXIN" duration="00:00:00.0011739" startTime="2025-09-06T10:50:14.2977891+08:00" endTime="2025-09-06T10:50:14.2977892+08:00" testType="13cdc9d9-ddb5-4fa4-a97d-d965ccfc6d4b" outcome="Passed" testListId="8c84fa94-04c1-424b-9868-57a2d4851a1d" relativeResultsDirectory="381a6d8b-23c4-49b0-8f0e-094126bb7360" />
    <UnitTestResult executionId="84252e0d-231d-41d8-a1c0-3b220d23237a" testId="197523df-7e73-6860-e3f2-17552ba53642" testName="ModbusLib.Tests.Integration.BasicClientIntegrationTests.ModbusClient_RequestWhenNotConnected_ThrowsConnectionException" computerName="XIAOXIN" duration="00:00:00.0010004" startTime="2025-09-06T10:50:14.8840299+08:00" endTime="2025-09-06T10:50:14.8840301+08:00" testType="13cdc9d9-ddb5-4fa4-a97d-d965ccfc6d4b" outcome="Passed" testListId="8c84fa94-04c1-424b-9868-57a2d4851a1d" relativeResultsDirectory="84252e0d-231d-41d8-a1c0-3b220d23237a" />
    <UnitTestResult executionId="c95ee641-4d4b-4f16-8520-9d543c759906" testId="ff80af3b-aada-39c4-bb07-86060d7d73d1" testName="ModbusLib.Tests.Protocols.RtuProtocolTests.ParseResponse_ErrorResponse_CorrectErrorParsing" computerName="XIAOXIN" duration="00:00:00.0003696" startTime="2025-09-06T10:50:14.2535786+08:00" endTime="2025-09-06T10:50:14.2535787+08:00" testType="13cdc9d9-ddb5-4fa4-a97d-d965ccfc6d4b" outcome="Passed" testListId="8c84fa94-04c1-424b-9868-57a2d4851a1d" relativeResultsDirectory="c95ee641-4d4b-4f16-8520-9d543c759906" />
    <UnitTestResult executionId="5be97b93-7675-4df1-9df0-d73903b3da3c" testId="79f9a34e-c2f9-beee-3517-e82914cec2e2" testName="ModbusLib.Tests.WriteFunctions.ModbusWriteTests.WriteMultipleCoilsAsync_LargeArray_Success" computerName="XIAOXIN" duration="00:00:00.0020729" startTime="2025-09-06T10:50:14.2775703+08:00" endTime="2025-09-06T10:50:14.2775703+08:00" testType="13cdc9d9-ddb5-4fa4-a97d-d965ccfc6d4b" outcome="Passed" testListId="8c84fa94-04c1-424b-9868-57a2d4851a1d" relativeResultsDirectory="5be97b93-7675-4df1-9df0-d73903b3da3c" />
    <UnitTestResult executionId="c34b904f-7939-4000-8b11-b59acd2798b3" testId="9e8a4ca9-be10-24c8-96e0-6a6aa1cb1f36" testName="ModbusLib.Tests.GenericReadWrite.GenericCompatibilityTests.GenericReadWrite_FloatingPointTypes_Success(endianness: MidLittleEndian)" computerName="XIAOXIN" duration="00:00:00.0240994" startTime="2025-09-06T10:50:14.2363944+08:00" endTime="2025-09-06T10:50:14.2363945+08:00" testType="13cdc9d9-ddb5-4fa4-a97d-d965ccfc6d4b" outcome="Passed" testListId="8c84fa94-04c1-424b-9868-57a2d4851a1d" relativeResultsDirectory="c34b904f-7939-4000-8b11-b59acd2798b3" />
    <UnitTestResult executionId="264f5d30-d5a7-4b9e-ba28-09f37671f2c8" testId="9a74e1a1-f175-680b-187a-25599b540d66" testName="ModbusLib.Tests.GenericReadWrite.MidLittleEndianTests.WriteSingleRegister_MidLittleEndian_Int_UsesMultipleRegisters" computerName="XIAOXIN" duration="00:00:00.0004385" startTime="2025-09-06T10:50:14.2326949+08:00" endTime="2025-09-06T10:50:14.2326950+08:00" testType="13cdc9d9-ddb5-4fa4-a97d-d965ccfc6d4b" outcome="Passed" testListId="8c84fa94-04c1-424b-9868-57a2d4851a1d" relativeResultsDirectory="264f5d30-d5a7-4b9e-ba28-09f37671f2c8" />
    <UnitTestResult executionId="c10028cf-07f7-4c54-bf56-c400405f54d8" testId="66e79068-9ba0-18a4-06fb-e3f7dbe59e3f" testName="ModbusLib.Tests.GenericReadWrite.ModbusDataConverterTests.ToBytes_ByteArray_ReturnsCorrectBytes(input: [171, 205], endianness: LittleEndian)" computerName="XIAOXIN" duration="00:00:00.0006639" startTime="2025-09-06T10:50:14.2274947+08:00" endTime="2025-09-06T10:50:14.2274948+08:00" testType="13cdc9d9-ddb5-4fa4-a97d-d965ccfc6d4b" outcome="Passed" testListId="8c84fa94-04c1-424b-9868-57a2d4851a1d" relativeResultsDirectory="c10028cf-07f7-4c54-bf56-c400405f54d8" />
    <UnitTestResult executionId="ca67484e-f0b8-4a37-8d26-f489b5966272" testId="cd97a4ce-10fb-6e91-23d7-cc19df138c81" testName="ModbusLib.Tests.ReadFunctions.ModbusReadTests.ReadHoldingRegistersAsync_InvalidQuantity_ThrowsArgumentException(invalidQuantity: 126)" computerName="XIAOXIN" duration="00:00:00.0002985" startTime="2025-09-06T10:50:14.2822081+08:00" endTime="2025-09-06T10:50:14.2822082+08:00" testType="13cdc9d9-ddb5-4fa4-a97d-d965ccfc6d4b" outcome="Passed" testListId="8c84fa94-04c1-424b-9868-57a2d4851a1d" relativeResultsDirectory="ca67484e-f0b8-4a37-8d26-f489b5966272" />
    <UnitTestResult executionId="b4527520-e27d-48bf-b623-b42dbc17d4e7" testId="36f51760-ec80-a679-a4fe-117af6a6dfd1" testName="ModbusLib.Tests.Factories.ModbusClientFactoryTests.CreateUdpClient_InvalidHost_ThrowsArgumentException(invalidHost: &quot;&quot;)" computerName="XIAOXIN" duration="00:00:00.0001689" startTime="2025-09-06T10:50:14.2350247+08:00" endTime="2025-09-06T10:50:14.2350247+08:00" testType="13cdc9d9-ddb5-4fa4-a97d-d965ccfc6d4b" outcome="Passed" testListId="8c84fa94-04c1-424b-9868-57a2d4851a1d" relativeResultsDirectory="b4527520-e27d-48bf-b623-b42dbc17d4e7" />
    <UnitTestResult executionId="b88d8daf-f7b5-40c8-a9af-0270b776ba66" testId="dfc0911b-f1f1-cbce-f7a2-5a0ea82a79d0" testName="ModbusLib.Tests.WriteFunctions.ModbusWriteTests.WriteMultipleRegistersAsync_SpecialValues_Success" computerName="XIAOXIN" duration="00:00:00.0043166" startTime="2025-09-06T10:50:14.2753554+08:00" endTime="2025-09-06T10:50:14.2753555+08:00" testType="13cdc9d9-ddb5-4fa4-a97d-d965ccfc6d4b" outcome="Passed" testListId="8c84fa94-04c1-424b-9868-57a2d4851a1d" relativeResultsDirectory="b88d8daf-f7b5-40c8-a9af-0270b776ba66" />
    <UnitTestResult executionId="8da5e857-c430-4fee-9183-c77fe3006667" testId="4d783bd1-938b-73d2-6049-6da0ba2807a1" testName="ModbusLib.Tests.GenericReadWrite.GenericBasicTests.ModbusSpanExtensions_BasicOperations_Success" computerName="XIAOXIN" duration="00:00:00.0006739" startTime="2025-09-06T10:50:14.2345269+08:00" endTime="2025-09-06T10:50:14.2345270+08:00" testType="13cdc9d9-ddb5-4fa4-a97d-d965ccfc6d4b" outcome="Passed" testListId="8c84fa94-04c1-424b-9868-57a2d4851a1d" relativeResultsDirectory="8da5e857-c430-4fee-9183-c77fe3006667" />
    <UnitTestResult executionId="499745a4-b463-401b-8c18-e701ac7499d5" testId="51af8181-329e-04d8-039c-63215592b094" testName="ModbusLib.Tests.GenericReadWrite.GenericCompatibilityTests.GenericReadWrite_FloatingPointTypes_Success(endianness: BigEndian)" computerName="XIAOXIN" duration="00:00:00.0002660" startTime="2025-09-06T10:50:14.2365939+08:00" endTime="2025-09-06T10:50:14.2365940+08:00" testType="13cdc9d9-ddb5-4fa4-a97d-d965ccfc6d4b" outcome="Passed" testListId="8c84fa94-04c1-424b-9868-57a2d4851a1d" relativeResultsDirectory="499745a4-b463-401b-8c18-e701ac7499d5" />
    <UnitTestResult executionId="ac0c5abf-df9a-4eb5-bda3-a30603037e27" testId="7868a721-dedc-76a2-d4ed-0e1d1b316c9c" testName="ModbusLib.Tests.GenericReadWrite.GenericBasicTests.ModbusDataConverter_FloatArray_RoundTrip_Success(endianness: BigEndian)" computerName="XIAOXIN" duration="00:00:00.0001625" startTime="2025-09-06T10:50:14.2319824+08:00" endTime="2025-09-06T10:50:14.2319824+08:00" testType="13cdc9d9-ddb5-4fa4-a97d-d965ccfc6d4b" outcome="Passed" testListId="8c84fa94-04c1-424b-9868-57a2d4851a1d" relativeResultsDirectory="ac0c5abf-df9a-4eb5-bda3-a30603037e27" />
    <UnitTestResult executionId="eda81ed9-0073-4a55-8c41-bf9a62e8288d" testId="9c950f50-85ef-e631-9f90-b5e1458f9338" testName="ModbusLib.Tests.WriteFunctions.ModbusWriteTests.WriteSingleCoilAsync_DataTransformation_CorrectFormat" computerName="XIAOXIN" duration="00:00:00.0032669" startTime="2025-09-06T10:50:14.2761032+08:00" endTime="2025-09-06T10:50:14.2761033+08:00" testType="13cdc9d9-ddb5-4fa4-a97d-d965ccfc6d4b" outcome="Passed" testListId="8c84fa94-04c1-424b-9868-57a2d4851a1d" relativeResultsDirectory="eda81ed9-0073-4a55-8c41-bf9a62e8288d" />
    <UnitTestResult executionId="72b3324a-14fd-485d-a1d8-6c0f6d3b856b" testId="6038a8e1-9bcf-40f6-1f5f-3a02c8b9f7e9" testName="ModbusLib.Tests.WriteFunctions.ModbusWriteTests.WriteSingleCoilAsync_ErrorResponse_ThrowsModbusException" computerName="XIAOXIN" duration="00:00:00.0013197" startTime="2025-09-06T10:50:14.2859385+08:00" endTime="2025-09-06T10:50:14.2859386+08:00" testType="13cdc9d9-ddb5-4fa4-a97d-d965ccfc6d4b" outcome="Passed" testListId="8c84fa94-04c1-424b-9868-57a2d4851a1d" relativeResultsDirectory="72b3324a-14fd-485d-a1d8-6c0f6d3b856b" />
    <UnitTestResult executionId="2e7addd3-9452-414d-8194-bc88310c5476" testId="73cbd55e-cec4-d77d-b305-dea8507979a3" testName="ModbusLib.Tests.Factories.ModbusClientFactoryTests.CreateTcpClient_CustomPortConfiguration_UsesCustomValues" computerName="XIAOXIN" duration="00:00:00.0001831" startTime="2025-09-06T10:50:14.2575201+08:00" endTime="2025-09-06T10:50:14.2575202+08:00" testType="13cdc9d9-ddb5-4fa4-a97d-d965ccfc6d4b" outcome="Passed" testListId="8c84fa94-04c1-424b-9868-57a2d4851a1d" relativeResultsDirectory="2e7addd3-9452-414d-8194-bc88310c5476" />
    <UnitTestResult executionId="d8772fda-f68e-4a16-a0cb-251d4535f2d5" testId="804cd3b7-eae1-5170-1f2f-9f7bdf3a70d4" testName="ModbusLib.Tests.WriteFunctions.ModbusWriteTests.WriteSingleCoilAsync_FalseValue_CorrectData" computerName="XIAOXIN" duration="00:00:00.0043236" startTime="2025-09-06T10:50:14.2776051+08:00" endTime="2025-09-06T10:50:14.2776051+08:00" testType="13cdc9d9-ddb5-4fa4-a97d-d965ccfc6d4b" outcome="Passed" testListId="8c84fa94-04c1-424b-9868-57a2d4851a1d" relativeResultsDirectory="d8772fda-f68e-4a16-a0cb-251d4535f2d5" />
    <UnitTestResult executionId="56874162-168e-462f-8259-6b2d80a8f399" testId="7657b361-07cf-356b-f804-e231ea48865b" testName="ModbusLib.Tests.Protocols.RtuProtocolTests.ValidateResponse_TooShort_ReturnsFalse" computerName="XIAOXIN" duration="00:00:00.0001915" startTime="2025-09-06T10:50:14.2359578+08:00" endTime="2025-09-06T10:50:14.2359578+08:00" testType="13cdc9d9-ddb5-4fa4-a97d-d965ccfc6d4b" outcome="Passed" testListId="8c84fa94-04c1-424b-9868-57a2d4851a1d" relativeResultsDirectory="56874162-168e-462f-8259-6b2d80a8f399" />
    <UnitTestResult executionId="71c2dade-354f-4d0f-a618-f7aa841cc93b" testId="a1f7b939-30e7-1bbe-1c3a-a235fa02e26d" testName="ModbusLib.Tests.GenericReadWrite.GenericCompatibilityTests.GenericReadWrite_MinMaxValues_Success(endianness: MidLittleEndian)" computerName="XIAOXIN" duration="00:00:00.0009045" startTime="2025-09-06T10:50:14.2745383+08:00" endTime="2025-09-06T10:50:14.2745383+08:00" testType="13cdc9d9-ddb5-4fa4-a97d-d965ccfc6d4b" outcome="Passed" testListId="8c84fa94-04c1-424b-9868-57a2d4851a1d" relativeResultsDirectory="71c2dade-354f-4d0f-a618-f7aa841cc93b" />
    <UnitTestResult executionId="3f9830a7-4710-4e02-abe3-cfab1b6b1b9c" testId="865086a8-04a5-9a37-269a-b5b614650e93" testName="ModbusLib.Tests.Factories.ModbusClientFactoryTests.CreateRtuClient_InvalidPortName_ThrowsArgumentException(invalidPortName: &quot;&quot;)" computerName="XIAOXIN" duration="00:00:00.0001430" startTime="2025-09-06T10:50:14.2556300+08:00" endTime="2025-09-06T10:50:14.2556301+08:00" testType="13cdc9d9-ddb5-4fa4-a97d-d965ccfc6d4b" outcome="Passed" testListId="8c84fa94-04c1-424b-9868-57a2d4851a1d" relativeResultsDirectory="3f9830a7-4710-4e02-abe3-cfab1b6b1b9c" />
    <UnitTestResult executionId="c789c0e4-5194-44d9-a7c8-87c9c059dfae" testId="3a238b42-edc8-4553-b132-f154f6a259c6" testName="ModbusLib.Tests.GenericReadWrite.ModbusSpanExtensionsTests.GetLittleEndian_Int_ReturnsCorrectValue" computerName="XIAOXIN" duration="00:00:00.0002282" startTime="2025-09-06T10:50:14.2617421+08:00" endTime="2025-09-06T10:50:14.2617423+08:00" testType="13cdc9d9-ddb5-4fa4-a97d-d965ccfc6d4b" outcome="Failed" testListId="8c84fa94-04c1-424b-9868-57a2d4851a1d" relativeResultsDirectory="c789c0e4-5194-44d9-a7c8-87c9c059dfae">
      <Output>
        <ErrorInfo>
          <Message>Assert.Equal() Failure: Values differ&#xD;
Expected: 2018915346&#xD;
Actual:   1450709556</Message>
          <StackTrace>   at ModbusLib.Tests.GenericReadWrite.ModbusSpanExtensionsTests.GetLittleEndian_Int_ReturnsCorrectValue() in D:\Projects\ModbusLib\Tests\src\GenericReadWrite\ModbusSpanExtensionsTests.cs:line 89&#xD;
   at System.RuntimeMethodHandle.InvokeMethod(Object target, Void** arguments, Signature sig, Boolean isConstructor)&#xD;
   at System.Reflection.MethodBaseInvoker.InvokeWithNoArgs(Object obj, BindingFlags invokeAttr)</StackTrace>
        </ErrorInfo>
      </Output>
    </UnitTestResult>
    <UnitTestResult executionId="569242cd-404d-4aeb-a2e5-90610886e0f6" testId="4fa7632d-56cf-1c41-a2fb-72ff80bd8eea" testName="ModbusLib.Tests.GenericReadWrite.ModbusDataConverterTests.FromBytes_ToIntArray_RoundTrip_Success" computerName="XIAOXIN" duration="00:00:00.0001022" startTime="2025-09-06T10:50:14.2534167+08:00" endTime="2025-09-06T10:50:14.2534168+08:00" testType="13cdc9d9-ddb5-4fa4-a97d-d965ccfc6d4b" outcome="Passed" testListId="8c84fa94-04c1-424b-9868-57a2d4851a1d" relativeResultsDirectory="569242cd-404d-4aeb-a2e5-90610886e0f6" />
    <UnitTestResult executionId="c7de6604-c09c-4a96-8c60-61b4fa156292" testId="cedfbaec-9474-60ba-c8fe-8706fc545dd3" testName="ModbusLib.Tests.ReadFunctions.ModbusReadTests.ReadDiscreteInputsAsync_ValidRequest_ReturnsCorrectBoolArray" computerName="XIAOXIN" duration="00:00:00.0049963" startTime="2025-09-06T10:50:14.2954582+08:00" endTime="2025-09-06T10:50:14.2954583+08:00" testType="13cdc9d9-ddb5-4fa4-a97d-d965ccfc6d4b" outcome="Passed" testListId="8c84fa94-04c1-424b-9868-57a2d4851a1d" relativeResultsDirectory="c7de6604-c09c-4a96-8c60-61b4fa156292" />
    <UnitTestResult executionId="cd37d571-37b7-43b7-91fc-ca64160e3c61" testId="9202b02e-4e92-02c8-af8a-52cd6337ffb8" testName="ModbusLib.Tests.AdvancedFunctions.ModbusAdvancedTests.ReadWriteMultipleRegistersAsync_ErrorResponse_ThrowsModbusException" computerName="XIAOXIN" duration="00:00:00.0011605" startTime="2025-09-06T10:50:14.2855846+08:00" endTime="2025-09-06T10:50:14.2855847+08:00" testType="13cdc9d9-ddb5-4fa4-a97d-d965ccfc6d4b" outcome="Passed" testListId="8c84fa94-04c1-424b-9868-57a2d4851a1d" relativeResultsDirectory="cd37d571-37b7-43b7-91fc-ca64160e3c61" />
    <UnitTestResult executionId="616d26b0-3706-4dd1-8ca3-1555d955fb64" testId="5a80ff61-9584-39b6-93ce-84b7c6c6be80" testName="ModbusLib.Tests.Factories.ModbusClientFactoryTests.CreateUdpClient_WithHostAndPort_ReturnsUdpClient" computerName="XIAOXIN" duration="00:00:00.0001366" startTime="2025-09-06T10:50:14.2390831+08:00" endTime="2025-09-06T10:50:14.2390832+08:00" testType="13cdc9d9-ddb5-4fa4-a97d-d965ccfc6d4b" outcome="Passed" testListId="8c84fa94-04c1-424b-9868-57a2d4851a1d" relativeResultsDirectory="616d26b0-3706-4dd1-8ca3-1555d955fb64" />
    <UnitTestResult executionId="27fa1036-aeab-4fda-9c8c-76cbe513eecc" testId="0e2568b6-f8d3-13b8-fdc8-7e8fee2587d9" testName="ModbusLib.Tests.ReadFunctions.ModbusReadTests.ReadHoldingRegistersAsync_InvalidQuantity_ThrowsArgumentException(invalidQuantity: 0)" computerName="XIAOXIN" duration="00:00:00.0007129" startTime="2025-09-06T10:50:14.2821667+08:00" endTime="2025-09-06T10:50:14.2821668+08:00" testType="13cdc9d9-ddb5-4fa4-a97d-d965ccfc6d4b" outcome="Passed" testListId="8c84fa94-04c1-424b-9868-57a2d4851a1d" relativeResultsDirectory="27fa1036-aeab-4fda-9c8c-76cbe513eecc" />
    <UnitTestResult executionId="901e9212-c55b-4675-a5d5-1057673b18df" testId="fbe89eb3-03ca-f64e-ec71-3473e97d1bcb" testName="ModbusLib.Tests.Integration.BasicClientIntegrationTests.ModbusClient_OperationAfterDispose_ThrowsObjectDisposedException" computerName="XIAOXIN" duration="00:00:00.0016664" startTime="2025-09-06T10:50:14.9060600+08:00" endTime="2025-09-06T10:50:14.9060605+08:00" testType="13cdc9d9-ddb5-4fa4-a97d-d965ccfc6d4b" outcome="Passed" testListId="8c84fa94-04c1-424b-9868-57a2d4851a1d" relativeResultsDirectory="901e9212-c55b-4675-a5d5-1057673b18df" />
    <UnitTestResult executionId="0450aa09-aeb9-46c3-aab7-64aed3a6b2be" testId="2862e01c-c4ae-58ea-0326-9d8aef8a2b50" testName="ModbusLib.Tests.WriteFunctions.ModbusWriteTests.WriteMultipleCoilsAsync_DataConversion_CorrectByteArray" computerName="XIAOXIN" duration="00:00:00.0022301" startTime="2025-09-06T10:50:14.2937628+08:00" endTime="2025-09-06T10:50:14.2937630+08:00" testType="13cdc9d9-ddb5-4fa4-a97d-d965ccfc6d4b" outcome="Passed" testListId="8c84fa94-04c1-424b-9868-57a2d4851a1d" relativeResultsDirectory="0450aa09-aeb9-46c3-aab7-64aed3a6b2be" />
    <UnitTestResult executionId="dc3340b0-bc69-452f-ba9b-50e8a825c778" testId="0f3bf857-2af0-e8e9-e356-472f13eb4907" testName="ModbusLib.Tests.GenericReadWrite.GenericCompatibilityTests.GenericReadWrite_LongTypes_Success(endianness: LittleEndian)" computerName="XIAOXIN" duration="00:00:00.0015044" startTime="2025-09-06T10:50:14.2760595+08:00" endTime="2025-09-06T10:50:14.2760596+08:00" testType="13cdc9d9-ddb5-4fa4-a97d-d965ccfc6d4b" outcome="Passed" testListId="8c84fa94-04c1-424b-9868-57a2d4851a1d" relativeResultsDirectory="dc3340b0-bc69-452f-ba9b-50e8a825c778" />
    <UnitTestResult executionId="0615b800-cdd9-415b-bada-a630cd08b0fd" testId="329dd99a-08c5-453c-4dc0-70fd7d658d3f" testName="ModbusLib.Tests.Integration.BasicClientIntegrationTests.FactoryCreateClients_AllTypes_ImplementsIModbusClient" computerName="XIAOXIN" duration="00:00:00.0004055" startTime="2025-09-06T10:50:14.8954892+08:00" endTime="2025-09-06T10:50:14.8954894+08:00" testType="13cdc9d9-ddb5-4fa4-a97d-d965ccfc6d4b" outcome="Passed" testListId="8c84fa94-04c1-424b-9868-57a2d4851a1d" relativeResultsDirectory="0615b800-cdd9-415b-bada-a630cd08b0fd" />
    <UnitTestResult executionId="19fa97cf-a012-4f84-a0d4-7eca1e6026f0" testId="20433633-88f1-2d6d-4244-2397a8febdbe" testName="ModbusLib.Tests.Integration.BasicClientIntegrationTests.ModbusClient_ConnectFailed_ReturnsFalse" computerName="XIAOXIN" duration="00:00:00.0029894" startTime="2025-09-06T10:50:14.8949902+08:00" endTime="2025-09-06T10:50:14.8949905+08:00" testType="13cdc9d9-ddb5-4fa4-a97d-d965ccfc6d4b" outcome="Passed" testListId="8c84fa94-04c1-424b-9868-57a2d4851a1d" relativeResultsDirectory="19fa97cf-a012-4f84-a0d4-7eca1e6026f0" />
    <UnitTestResult executionId="32d3a352-e45c-4119-885f-498f6b2d64f3" testId="4953023a-dc03-89e4-b0d2-aec24c561c2d" testName="ModbusLib.Tests.GenericReadWrite.ModbusSpanExtensionsTests.SetBigEndian_UShort_SetsCorrectValue" computerName="XIAOXIN" duration="00:00:00.0005426" startTime="2025-09-06T10:50:14.2731441+08:00" endTime="2025-09-06T10:50:14.2731443+08:00" testType="13cdc9d9-ddb5-4fa4-a97d-d965ccfc6d4b" outcome="Failed" testListId="8c84fa94-04c1-424b-9868-57a2d4851a1d" relativeResultsDirectory="32d3a352-e45c-4119-885f-498f6b2d64f3">
      <Output>
        <ErrorInfo>
          <Message>Assert.Equal() Failure: Values differ&#xD;
Expected: 4660&#xD;
Actual:   13330</Message>
          <StackTrace>   at ModbusLib.Tests.GenericReadWrite.ModbusSpanExtensionsTests.SetBigEndian_UShort_SetsCorrectValue() in D:\Projects\ModbusLib\Tests\src\GenericReadWrite\ModbusSpanExtensionsTests.cs:line 117&#xD;
   at System.RuntimeMethodHandle.InvokeMethod(Object target, Void** arguments, Signature sig, Boolean isConstructor)&#xD;
   at System.Reflection.MethodBaseInvoker.InvokeWithNoArgs(Object obj, BindingFlags invokeAttr)</StackTrace>
        </ErrorInfo>
      </Output>
    </UnitTestResult>
    <UnitTestResult executionId="54b510dd-176e-42c3-8ee9-5ecdb0cf8891" testId="88012b0c-b40b-9f71-5422-c571c645413b" testName="ModbusLib.Tests.Protocols.RtuProtocolTests.BuildRequest_ReadHoldingRegisters_CorrectFrame" computerName="XIAOXIN" duration="00:00:00.0004308" startTime="2025-09-06T10:50:14.2358790+08:00" endTime="2025-09-06T10:50:14.2358791+08:00" testType="13cdc9d9-ddb5-4fa4-a97d-d965ccfc6d4b" outcome="Passed" testListId="8c84fa94-04c1-424b-9868-57a2d4851a1d" relativeResultsDirectory="54b510dd-176e-42c3-8ee9-5ecdb0cf8891" />
    <UnitTestResult executionId="794301e9-5561-45b9-bcc5-416fe60168eb" testId="c6f90b60-6128-39f9-e076-81ec6d87867f" testName="ModbusLib.Tests.AdvancedFunctions.ModbusAdvancedTests.ReadWriteMultipleRegistersAsync_WriteDataIntegrity_CorrectByteOrder" computerName="XIAOXIN" duration="00:00:00.0022667" startTime="2025-09-06T10:50:14.2918858+08:00" endTime="2025-09-06T10:50:14.2918860+08:00" testType="13cdc9d9-ddb5-4fa4-a97d-d965ccfc6d4b" outcome="Passed" testListId="8c84fa94-04c1-424b-9868-57a2d4851a1d" relativeResultsDirectory="794301e9-5561-45b9-bcc5-416fe60168eb" />
    <UnitTestResult executionId="54e02622-735b-48a7-b9db-bf49d1dd3a14" testId="654579d2-c34c-02f8-1418-da9b3bcfeb8d" testName="ModbusLib.Tests.AdvancedFunctions.ModbusAdvancedTests.ReadWriteMultipleRegistersAsync_ComplexScenario_DataIntegrity" computerName="XIAOXIN" duration="00:00:00.0034568" startTime="2025-09-06T10:50:14.2999001+08:00" endTime="2025-09-06T10:50:14.2999003+08:00" testType="13cdc9d9-ddb5-4fa4-a97d-d965ccfc6d4b" outcome="Passed" testListId="8c84fa94-04c1-424b-9868-57a2d4851a1d" relativeResultsDirectory="54e02622-735b-48a7-b9db-bf49d1dd3a14" />
    <UnitTestResult executionId="678e3c1d-b6c7-4756-a938-e680c9d76ae9" testId="a4de3ca7-45d7-f6bc-452d-efe05505c31c" testName="ModbusLib.Tests.Factories.ModbusClientFactoryTests.CreateRtuClient_DefaultBaudRate_Uses9600" computerName="XIAOXIN" duration="00:00:00.0001268" startTime="2025-09-06T10:50:14.2573638+08:00" endTime="2025-09-06T10:50:14.2573638+08:00" testType="13cdc9d9-ddb5-4fa4-a97d-d965ccfc6d4b" outcome="Passed" testListId="8c84fa94-04c1-424b-9868-57a2d4851a1d" relativeResultsDirectory="678e3c1d-b6c7-4756-a938-e680c9d76ae9" />
    <UnitTestResult executionId="f10d108d-7839-4e6d-8fdb-e9a8f043ebe7" testId="5539426a-4319-04a9-da9b-164e240dc5d1" testName="ModbusLib.Tests.Protocols.TcpProtocolTests.CalculateExpectedResponseLength_VariousFunctions_CorrectLength(function: ReadInputRegisters, quantity: 5, expectedLength: 19)" computerName="XIAOXIN" duration="00:00:00.0002891" startTime="2025-09-06T10:50:14.2293685+08:00" endTime="2025-09-06T10:50:14.2293686+08:00" testType="13cdc9d9-ddb5-4fa4-a97d-d965ccfc6d4b" outcome="Passed" testListId="8c84fa94-04c1-424b-9868-57a2d4851a1d" relativeResultsDirectory="f10d108d-7839-4e6d-8fdb-e9a8f043ebe7" />
    <UnitTestResult executionId="bfc4f7a5-478d-49d6-b97a-12254b39dab2" testId="a7a00093-6ebb-8498-9fad-54784f526544" testName="ModbusLib.Tests.Integration.BasicClientIntegrationTests.ModbusClient_TimeoutProperty_SetsTransportTimeout" computerName="XIAOXIN" duration="00:00:00.0086903" startTime="2025-09-06T10:50:14.9042706+08:00" endTime="2025-09-06T10:50:14.9042711+08:00" testType="13cdc9d9-ddb5-4fa4-a97d-d965ccfc6d4b" outcome="Passed" testListId="8c84fa94-04c1-424b-9868-57a2d4851a1d" relativeResultsDirectory="bfc4f7a5-478d-49d6-b97a-12254b39dab2" />
    <UnitTestResult executionId="1e7b41b5-bb18-4488-9ab5-4739e6dc3685" testId="e1fd49fd-77b1-eb01-64ca-819ab2864cc2" testName="ModbusLib.Tests.GenericReadWrite.GenericBasicTests.ModbusDataConverter_IntArray_RoundTrip_Success(endianness: MidLittleEndian)" computerName="XIAOXIN" duration="00:00:00.0003318" startTime="2025-09-06T10:50:14.2311798+08:00" endTime="2025-09-06T10:50:14.2311799+08:00" testType="13cdc9d9-ddb5-4fa4-a97d-d965ccfc6d4b" outcome="Passed" testListId="8c84fa94-04c1-424b-9868-57a2d4851a1d" relativeResultsDirectory="1e7b41b5-bb18-4488-9ab5-4739e6dc3685" />
    <UnitTestResult executionId="30602958-dfe0-41e5-ac09-9754ef7c40d3" testId="c7e57ef9-615a-fb58-ca3f-0ad2c1e8c3fb" testName="ModbusLib.Tests.WriteFunctions.ModbusWriteTests.WriteMultipleCoilsAsync_EmptyArray_ThrowsArgumentException" computerName="XIAOXIN" duration="00:00:00.0013726" startTime="2025-09-06T10:50:14.2761895+08:00" endTime="2025-09-06T10:50:14.2761896+08:00" testType="13cdc9d9-ddb5-4fa4-a97d-d965ccfc6d4b" outcome="Passed" testListId="8c84fa94-04c1-424b-9868-57a2d4851a1d" relativeResultsDirectory="30602958-dfe0-41e5-ac09-9754ef7c40d3" />
    <UnitTestResult executionId="f48eae4b-5432-4683-8e8a-88d669327c98" testId="9f2eda9e-2213-b382-6502-d334776b57f5" testName="ModbusLib.Tests.WriteFunctions.ModbusWriteTests.WriteSingleRegisterAsync_DataFormat_BigEndian" computerName="XIAOXIN" duration="00:00:00.0028145" startTime="2025-09-06T10:50:14.2789918+08:00" endTime="2025-09-06T10:50:14.2789919+08:00" testType="13cdc9d9-ddb5-4fa4-a97d-d965ccfc6d4b" outcome="Passed" testListId="8c84fa94-04c1-424b-9868-57a2d4851a1d" relativeResultsDirectory="f48eae4b-5432-4683-8e8a-88d669327c98" />
    <UnitTestResult executionId="467ac7ec-8303-46e9-a101-2ba570f9cb32" testId="41d6de66-f560-2ebe-5918-3666aecdd3d2" testName="ModbusLib.Tests.GenericReadWrite.GenericBoundaryTests.GetTotalRegisterCount_NegativeCount_ReturnsZero" computerName="XIAOXIN" duration="00:00:00.0001949" startTime="2025-09-06T10:50:14.2673175+08:00" endTime="2025-09-06T10:50:14.2673177+08:00" testType="13cdc9d9-ddb5-4fa4-a97d-d965ccfc6d4b" outcome="Failed" testListId="8c84fa94-04c1-424b-9868-57a2d4851a1d" relativeResultsDirectory="467ac7ec-8303-46e9-a101-2ba570f9cb32">
      <Output>
        <ErrorInfo>
          <Message>Assert.Equal() Failure: Values differ&#xD;
Expected: 0&#xD;
Actual:   -1</Message>
          <StackTrace>   at ModbusLib.Tests.GenericReadWrite.GenericBoundaryTests.GetTotalRegisterCount_NegativeCount_ReturnsZero() in D:\Projects\ModbusLib\Tests\src\GenericReadWrite\GenericBoundaryTests.cs:line 124&#xD;
   at System.RuntimeMethodHandle.InvokeMethod(Object target, Void** arguments, Signature sig, Boolean isConstructor)&#xD;
   at System.Reflection.MethodBaseInvoker.InvokeWithNoArgs(Object obj, BindingFlags invokeAttr)</StackTrace>
        </ErrorInfo>
      </Output>
    </UnitTestResult>
    <UnitTestResult executionId="a31f33fb-cde8-4e38-a438-80f9226cdf75" testId="ed75005d-1571-2f13-995e-d68b4c844da3" testName="ModbusLib.Tests.GenericReadWrite.GenericBoundaryTests.SpanExtensions_EdgeAddress_Success" computerName="XIAOXIN" duration="00:00:00.0001717" startTime="2025-09-06T10:50:14.2655384+08:00" endTime="2025-09-06T10:50:14.2655385+08:00" testType="13cdc9d9-ddb5-4fa4-a97d-d965ccfc6d4b" outcome="Passed" testListId="8c84fa94-04c1-424b-9868-57a2d4851a1d" relativeResultsDirectory="a31f33fb-cde8-4e38-a438-80f9226cdf75" />
    <UnitTestResult executionId="630e3115-af96-4390-bd4a-1362a2aea1af" testId="d9e1d5fe-d1ea-2e91-cf19-3347b7632135" testName="ModbusLib.Tests.GenericReadWrite.ModbusSpanExtensionsTests.SetLittleEndian_Int_SetsCorrectValue" computerName="XIAOXIN" duration="00:00:00.0002531" startTime="2025-09-06T10:50:14.2608392+08:00" endTime="2025-09-06T10:50:14.2608393+08:00" testType="13cdc9d9-ddb5-4fa4-a97d-d965ccfc6d4b" outcome="Failed" testListId="8c84fa94-04c1-424b-9868-57a2d4851a1d" relativeResultsDirectory="630e3115-af96-4390-bd4a-1362a2aea1af">
      <Output>
        <ErrorInfo>
          <Message>Assert.Equal() Failure: Values differ&#xD;
Expected: 30806&#xD;
Actual:   22136</Message>
          <StackTrace>   at ModbusLib.Tests.GenericReadWrite.ModbusSpanExtensionsTests.SetLittleEndian_Int_SetsCorrectValue() in D:\Projects\ModbusLib\Tests\src\GenericReadWrite\ModbusSpanExtensionsTests.cs:line 174&#xD;
   at System.RuntimeMethodHandle.InvokeMethod(Object target, Void** arguments, Signature sig, Boolean isConstructor)&#xD;
   at System.Reflection.MethodBaseInvoker.InvokeWithNoArgs(Object obj, BindingFlags invokeAttr)</StackTrace>
        </ErrorInfo>
      </Output>
    </UnitTestResult>
    <UnitTestResult executionId="2e9d5fb6-27fb-4967-8dc5-c633d131b031" testId="976b27cb-0653-d89f-97ed-6cc94391ff87" testName="ModbusLib.Tests.Protocols.RtuProtocolTests.BuildRequest_ReadCoils_CorrectFrame" computerName="XIAOXIN" duration="00:00:00.0004076" startTime="2025-09-06T10:50:14.2568679+08:00" endTime="2025-09-06T10:50:14.2568679+08:00" testType="13cdc9d9-ddb5-4fa4-a97d-d965ccfc6d4b" outcome="Passed" testListId="8c84fa94-04c1-424b-9868-57a2d4851a1d" relativeResultsDirectory="2e9d5fb6-27fb-4967-8dc5-c633d131b031" />
    <UnitTestResult executionId="0fd3b23c-6051-4b06-a5fb-4d60b4dd6be0" testId="d8e76d58-47b7-f401-964c-ff084a06c94b" testName="ModbusLib.Tests.Protocols.RtuProtocolTests.CalculateExpectedResponseLength_VariousFunctions_CorrectLength(function: ReadCoils, quantity: 8, expectedLength: 7)" computerName="XIAOXIN" duration="00:00:00.0117195" startTime="2025-09-06T10:50:14.2275669+08:00" endTime="2025-09-06T10:50:14.2275669+08:00" testType="13cdc9d9-ddb5-4fa4-a97d-d965ccfc6d4b" outcome="Passed" testListId="8c84fa94-04c1-424b-9868-57a2d4851a1d" relativeResultsDirectory="0fd3b23c-6051-4b06-a5fb-4d60b4dd6be0" />
    <UnitTestResult executionId="0f3a7c60-8bd9-4e2d-b16f-e05759183a0a" testId="ab9324e8-e308-9d2f-bd4d-ae968494b7c6" testName="ModbusLib.Tests.GenericReadWrite.ModbusDataConverterTests.ToBytes_ByteArray_ReturnsCorrectBytes(input: [18, 52], endianness: BigEndian)" computerName="XIAOXIN" duration="00:00:00.0001923" startTime="2025-09-06T10:50:14.2275294+08:00" endTime="2025-09-06T10:50:14.2275295+08:00" testType="13cdc9d9-ddb5-4fa4-a97d-d965ccfc6d4b" outcome="Passed" testListId="8c84fa94-04c1-424b-9868-57a2d4851a1d" relativeResultsDirectory="0f3a7c60-8bd9-4e2d-b16f-e05759183a0a" />
    <UnitTestResult executionId="51f9078f-b68e-44a2-bd3d-3c60bbe4f80f" testId="b9df5b4a-d571-30e6-76f1-c996ac9136d5" testName="ModbusLib.Tests.GenericReadWrite.ModbusSpanExtensionsTests.SetBigEndian_Byte_SetsCorrectValue" computerName="XIAOXIN" duration="00:00:00.0012584" startTime="2025-09-06T10:50:14.2574130+08:00" endTime="2025-09-06T10:50:14.2574130+08:00" testType="13cdc9d9-ddb5-4fa4-a97d-d965ccfc6d4b" outcome="Passed" testListId="8c84fa94-04c1-424b-9868-57a2d4851a1d" relativeResultsDirectory="51f9078f-b68e-44a2-bd3d-3c60bbe4f80f" />
    <UnitTestResult executionId="be17d00b-226c-4202-a55f-c041e020cf4c" testId="f9201b2e-ecbc-c112-55af-2f274b6b8878" testName="ModbusLib.Tests.GenericReadWrite.GenericCompatibilityTests.GenericReadWrite_AllBasicTypes_Success(endianness: LittleEndian)" computerName="XIAOXIN" duration="00:00:00.0000891" startTime="2025-09-06T10:50:14.2744953+08:00" endTime="2025-09-06T10:50:14.2744954+08:00" testType="13cdc9d9-ddb5-4fa4-a97d-d965ccfc6d4b" outcome="Passed" testListId="8c84fa94-04c1-424b-9868-57a2d4851a1d" relativeResultsDirectory="be17d00b-226c-4202-a55f-c041e020cf4c" />
    <UnitTestResult executionId="c747c158-d32c-40b6-8991-90d36a7184d1" testId="2f33949c-1e1d-c6a6-f96d-5181b890b05f" testName="ModbusLib.Tests.Integration.BasicClientIntegrationTests.ModbusClient_ExceedsMaxRetries_ThrowsException" computerName="XIAOXIN" duration="00:00:00.3127322" startTime="2025-09-06T10:50:14.8829097+08:00" endTime="2025-09-06T10:50:14.8829101+08:00" testType="13cdc9d9-ddb5-4fa4-a97d-d965ccfc6d4b" outcome="Passed" testListId="8c84fa94-04c1-424b-9868-57a2d4851a1d" relativeResultsDirectory="c747c158-d32c-40b6-8991-90d36a7184d1" />
    <UnitTestResult executionId="9df56bf4-ee00-4c12-ba4d-dfca4ed1778c" testId="d3b241b4-d26c-b88e-d386-547294979303" testName="ModbusLib.Tests.GenericReadWrite.GenericCompatibilityTests.GenericReadWrite_FloatingPointTypes_Success(endianness: LittleEndian)" computerName="XIAOXIN" duration="00:00:00.0000191" startTime="2025-09-06T10:50:14.2370267+08:00" endTime="2025-09-06T10:50:14.2370268+08:00" testType="13cdc9d9-ddb5-4fa4-a97d-d965ccfc6d4b" outcome="Passed" testListId="8c84fa94-04c1-424b-9868-57a2d4851a1d" relativeResultsDirectory="9df56bf4-ee00-4c12-ba4d-dfca4ed1778c" />
    <UnitTestResult executionId="dd5c3fad-733a-4755-940a-8f600447e410" testId="c63e3230-b426-b663-0937-bcf2ee0859c6" testName="ModbusLib.Tests.GenericReadWrite.GenericBoundaryTests.ModbusDataConverter_EmptyArray_DoesNotThrow" computerName="XIAOXIN" duration="00:00:00.0002518" startTime="2025-09-06T10:50:14.2587962+08:00" endTime="2025-09-06T10:50:14.2587962+08:00" testType="13cdc9d9-ddb5-4fa4-a97d-d965ccfc6d4b" outcome="Passed" testListId="8c84fa94-04c1-424b-9868-57a2d4851a1d" relativeResultsDirectory="dd5c3fad-733a-4755-940a-8f600447e410" />
    <UnitTestResult executionId="f3d44eed-a1f5-4822-a1f9-f7bd289b1491" testId="751f08d8-6668-04bb-13f9-ee73a073aa29" testName="ModbusLib.Tests.GenericReadWrite.GenericBoundaryTests.ModbusDataConverter_FromBytes_NegativeCount_ThrowsException" computerName="XIAOXIN" duration="00:00:00.0010818" startTime="2025-09-06T10:50:14.2629051+08:00" endTime="2025-09-06T10:50:14.2629052+08:00" testType="13cdc9d9-ddb5-4fa4-a97d-d965ccfc6d4b" outcome="Failed" testListId="8c84fa94-04c1-424b-9868-57a2d4851a1d" relativeResultsDirectory="f3d44eed-a1f5-4822-a1f9-f7bd289b1491">
      <Output>
        <ErrorInfo>
          <Message>Assert.Throws() Failure: Exception type was not an exact match&#xD;
Expected: typeof(System.ArgumentException)&#xD;
Actual:   typeof(System.ArgumentOutOfRangeException)&#xD;
---- System.ArgumentOutOfRangeException : minimumLength ('-4') must be a non-negative value. (Parameter 'minimumLength')&#xD;
Actual value was -4.</Message>
          <StackTrace>   at ModbusLib.Tests.GenericReadWrite.GenericBoundaryTests.ModbusDataConverter_FromBytes_NegativeCount_ThrowsException() in D:\Projects\ModbusLib\Tests\src\GenericReadWrite\GenericBoundaryTests.cs:line 80&#xD;
   at System.RuntimeMethodHandle.InvokeMethod(Object target, Void** arguments, Signature sig, Boolean isConstructor)&#xD;
   at System.Reflection.MethodBaseInvoker.InvokeWithNoArgs(Object obj, BindingFlags invokeAttr)&#xD;
----- Inner Stack Trace -----&#xD;
   at System.ArgumentOutOfRangeException.ThrowNegative[T](T value, String paramName)&#xD;
   at System.ArgumentOutOfRangeException.ThrowIfNegative[T](T value, String paramName)&#xD;
   at System.Buffers.SharedArrayPool`1.Rent(Int32 minimumLength)&#xD;
   at ModbusLib.Models.ModbusDataConverter.FromBytes[T](Byte[] bytes, Int32 count, ModbusEndianness endianness) in D:\Projects\ModbusLib\ModbusLib\src\Models\ModbusDataConverter.cs:line 79&#xD;
   at ModbusLib.Tests.GenericReadWrite.GenericBoundaryTests.&lt;&gt;c__DisplayClass7_0.&lt;ModbusDataConverter_FromBytes_NegativeCount_ThrowsException&gt;b__0() in D:\Projects\ModbusLib\Tests\src\GenericReadWrite\GenericBoundaryTests.cs:line 81</StackTrace>
        </ErrorInfo>
      </Output>
    </UnitTestResult>
    <UnitTestResult executionId="b8eeba53-8644-4a97-8a30-6f91b83627a5" testId="ad4cc763-93a7-431e-9d07-06d211cedc5f" testName="ModbusLib.Tests.ReadFunctions.ModbusReadTests.ReadInputRegistersAsync_SpecialValues_Success" computerName="XIAOXIN" duration="00:00:00.1239600" startTime="2025-09-06T10:50:14.2808956+08:00" endTime="2025-09-06T10:50:14.2808957+08:00" testType="13cdc9d9-ddb5-4fa4-a97d-d965ccfc6d4b" outcome="Passed" testListId="8c84fa94-04c1-424b-9868-57a2d4851a1d" relativeResultsDirectory="b8eeba53-8644-4a97-8a30-6f91b83627a5" />
    <UnitTestResult executionId="be6f8c96-bd46-4a48-b2d7-302b97bdf98d" testId="7c63c7a9-ef20-87a9-9a86-6fce7dbb7235" testName="ModbusLib.Tests.Integration.BasicClientIntegrationTests.ModbusClient_Dispose_DisposesTransport" computerName="XIAOXIN" duration="00:00:00.0035619" startTime="2025-09-06T10:50:14.2753039+08:00" endTime="2025-09-06T10:50:14.2753040+08:00" testType="13cdc9d9-ddb5-4fa4-a97d-d965ccfc6d4b" outcome="Passed" testListId="8c84fa94-04c1-424b-9868-57a2d4851a1d" relativeResultsDirectory="be6f8c96-bd46-4a48-b2d7-302b97bdf98d" />
    <UnitTestResult executionId="e3f20d04-fe82-4bb1-b795-b927c012f6de" testId="bc43362b-d6bd-6a6b-d7f0-2de07c359d8b" testName="ModbusLib.Tests.GenericReadWrite.GenericReadWriteIntegrationTests.WriteMultipleRegisters_EmptyArray_ThrowsArgumentException" computerName="XIAOXIN" duration="00:00:00.0006764" startTime="2025-09-06T10:50:14.2645221+08:00" endTime="2025-09-06T10:50:14.2645222+08:00" testType="13cdc9d9-ddb5-4fa4-a97d-d965ccfc6d4b" outcome="Passed" testListId="8c84fa94-04c1-424b-9868-57a2d4851a1d" relativeResultsDirectory="e3f20d04-fe82-4bb1-b795-b927c012f6de" />
    <UnitTestResult executionId="fe2a352b-c887-4269-8218-0a10038264ce" testId="d2e561f6-4e98-432e-94f4-d4383609cf13" testName="ModbusLib.Tests.Factories.ModbusClientFactoryTests.CreateTcpClient_WithHostAndPort_ReturnsTcpClient" computerName="XIAOXIN" duration="00:00:00.0001326" startTime="2025-09-06T10:50:14.2602367+08:00" endTime="2025-09-06T10:50:14.2602368+08:00" testType="13cdc9d9-ddb5-4fa4-a97d-d965ccfc6d4b" outcome="Passed" testListId="8c84fa94-04c1-424b-9868-57a2d4851a1d" relativeResultsDirectory="fe2a352b-c887-4269-8218-0a10038264ce" />
    <UnitTestResult executionId="5f4f2cd4-4b90-4941-931f-bbd4dec266c8" testId="0ececda0-c3fa-4f6d-55b6-0a6442582321" testName="ModbusLib.Tests.GenericReadWrite.ModbusDataConverterTests.FromBytes_ToByteArray_RoundTrip_Success" computerName="XIAOXIN" duration="00:00:00.0001095" startTime="2025-09-06T10:50:14.2546410+08:00" endTime="2025-09-06T10:50:14.2546411+08:00" testType="13cdc9d9-ddb5-4fa4-a97d-d965ccfc6d4b" outcome="Passed" testListId="8c84fa94-04c1-424b-9868-57a2d4851a1d" relativeResultsDirectory="5f4f2cd4-4b90-4941-931f-bbd4dec266c8" />
    <UnitTestResult executionId="94eb009c-6499-46f4-8f06-44ae7aa009ca" testId="1c84df26-e9fe-4d77-a959-8c13c0d532d4" testName="ModbusLib.Tests.AdvancedFunctions.ModbusAdvancedTests.ReadWriteMultipleRegistersAsync_MaximumReadQuantity_Success" computerName="XIAOXIN" duration="00:00:00.0478034" startTime="2025-09-06T10:50:14.2820785+08:00" endTime="2025-09-06T10:50:14.2820785+08:00" testType="13cdc9d9-ddb5-4fa4-a97d-d965ccfc6d4b" outcome="Passed" testListId="8c84fa94-04c1-424b-9868-57a2d4851a1d" relativeResultsDirectory="94eb009c-6499-46f4-8f06-44ae7aa009ca" />
    <UnitTestResult executionId="1b4936fb-a1a6-4d92-910c-26f4e6f682b9" testId="e00946a9-f36b-c156-204a-517e9373fad4" testName="ModbusLib.Tests.Factories.ModbusClientFactoryTests.CreateTcpClient_InvalidHost_ThrowsArgumentException(invalidHost: &quot;null&quot;)" computerName="XIAOXIN" duration="00:00:00.0002182" startTime="2025-09-06T10:50:14.2378303+08:00" endTime="2025-09-06T10:50:14.2378303+08:00" testType="13cdc9d9-ddb5-4fa4-a97d-d965ccfc6d4b" outcome="Passed" testListId="8c84fa94-04c1-424b-9868-57a2d4851a1d" relativeResultsDirectory="1b4936fb-a1a6-4d92-910c-26f4e6f682b9" />
    <UnitTestResult executionId="2d0326a4-b54c-4128-8a9a-899218d7cfec" testId="b3152e1d-e572-aebc-7469-096859696600" testName="ModbusLib.Tests.WriteFunctions.ModbusWriteTests.WriteMultipleRegistersAsync_ValidArray_Success" computerName="XIAOXIN" duration="00:00:00.0020138" startTime="2025-09-06T10:50:14.2755798+08:00" endTime="2025-09-06T10:50:14.2755798+08:00" testType="13cdc9d9-ddb5-4fa4-a97d-d965ccfc6d4b" outcome="Passed" testListId="8c84fa94-04c1-424b-9868-57a2d4851a1d" relativeResultsDirectory="2d0326a4-b54c-4128-8a9a-899218d7cfec" />
    <UnitTestResult executionId="65d75c24-38c1-45dd-9144-82324f21c2f5" testId="9368d1c1-8bd0-243e-21ab-c0cf65825690" testName="ModbusLib.Tests.GenericReadWrite.GenericBasicTests.ModbusDataConverter_IntArray_RoundTrip_Success(endianness: LittleEndian)" computerName="XIAOXIN" duration="00:00:00.0060290" startTime="2025-09-06T10:50:14.2285785+08:00" endTime="2025-09-06T10:50:14.2285786+08:00" testType="13cdc9d9-ddb5-4fa4-a97d-d965ccfc6d4b" outcome="Passed" testListId="8c84fa94-04c1-424b-9868-57a2d4851a1d" relativeResultsDirectory="65d75c24-38c1-45dd-9144-82324f21c2f5" />
    <UnitTestResult executionId="917cd993-61b9-4289-a46d-36f5d107ef59" testId="1050ab71-4125-915a-5f64-ee1114bab09f" testName="ModbusLib.Tests.GenericReadWrite.GenericCompatibilityTests.GenericReadWrite_MinMaxValues_Success(endianness: LittleEndian)" computerName="XIAOXIN" duration="00:00:00.0000730" startTime="2025-09-06T10:50:14.2746105+08:00" endTime="2025-09-06T10:50:14.2746105+08:00" testType="13cdc9d9-ddb5-4fa4-a97d-d965ccfc6d4b" outcome="Passed" testListId="8c84fa94-04c1-424b-9868-57a2d4851a1d" relativeResultsDirectory="917cd993-61b9-4289-a46d-36f5d107ef59" />
    <UnitTestResult executionId="cb6765de-4a79-44a9-ae2d-ab1f9f762197" testId="dc3d199e-afb1-cbd5-4fdf-b0a86561d0d0" testName="ModbusLib.Tests.GenericReadWrite.GenericCompatibilityTests.GenericReadWrite_ComplexStruct_Success(endianness: LittleEndian)" computerName="XIAOXIN" duration="00:00:00.0002306" startTime="2025-09-06T10:50:14.2767211+08:00" endTime="2025-09-06T10:50:14.2767212+08:00" testType="13cdc9d9-ddb5-4fa4-a97d-d965ccfc6d4b" outcome="Passed" testListId="8c84fa94-04c1-424b-9868-57a2d4851a1d" relativeResultsDirectory="cb6765de-4a79-44a9-ae2d-ab1f9f762197" />
    <UnitTestResult executionId="6acb04c2-2352-4c06-afa4-a306c08193c7" testId="4962fe6d-b9b7-5082-dd64-4bcd9daff4fd" testName="ModbusLib.Tests.AdvancedFunctions.ModbusAdvancedTests.ReadWriteMultipleRegistersAsync_IncorrectResponseDataLength_ThrowsCommunicationException" computerName="XIAOXIN" duration="00:00:00.0010899" startTime="2025-09-06T10:50:14.2867497+08:00" endTime="2025-09-06T10:50:14.2867499+08:00" testType="13cdc9d9-ddb5-4fa4-a97d-d965ccfc6d4b" outcome="Passed" testListId="8c84fa94-04c1-424b-9868-57a2d4851a1d" relativeResultsDirectory="6acb04c2-2352-4c06-afa4-a306c08193c7" />
    <UnitTestResult executionId="17b5803b-dc65-4abd-8114-77ad79766f1a" testId="0a09f26e-ae3a-bd9d-866c-70453e1bec5d" testName="ModbusLib.Tests.AdvancedFunctions.ModbusAdvancedTests.ReadWriteMultipleRegistersAsync_MaximumWriteQuantity_Success" computerName="XIAOXIN" duration="00:00:00.0034673" startTime="2025-09-06T10:50:14.2843901+08:00" endTime="2025-09-06T10:50:14.2843903+08:00" testType="13cdc9d9-ddb5-4fa4-a97d-d965ccfc6d4b" outcome="Passed" testListId="8c84fa94-04c1-424b-9868-57a2d4851a1d" relativeResultsDirectory="17b5803b-dc65-4abd-8114-77ad79766f1a" />
    <UnitTestResult executionId="a63707b2-a4be-43b4-baba-51ef59ec130a" testId="34683f3d-638e-11eb-c5f7-540d5b40b83c" testName="ModbusLib.Tests.GenericReadWrite.GenericBoundaryTests.GetTotalRegisterCount_EdgeCases_ReturnsCorrectValue(byteCount: 3, expectedRegisters: 2)" computerName="XIAOXIN" duration="00:00:00.0000025" startTime="2025-09-06T10:50:14.2539947+08:00" endTime="2025-09-06T10:50:14.2539947+08:00" testType="13cdc9d9-ddb5-4fa4-a97d-d965ccfc6d4b" outcome="Passed" testListId="8c84fa94-04c1-424b-9868-57a2d4851a1d" relativeResultsDirectory="a63707b2-a4be-43b4-baba-51ef59ec130a" />
    <UnitTestResult executionId="8499f001-e48f-4cf1-a183-9a965637f1fc" testId="51a99ef4-6872-0274-7ab4-c35de7791465" testName="ModbusLib.Tests.GenericReadWrite.GenericBoundaryTests.ModbusDataConverter_FromBytes_NullBytes_ThrowsException" computerName="XIAOXIN" duration="00:00:00.0074242" startTime="2025-09-06T10:50:14.2518773+08:00" endTime="2025-09-06T10:50:14.2518775+08:00" testType="13cdc9d9-ddb5-4fa4-a97d-d965ccfc6d4b" outcome="Failed" testListId="8c84fa94-04c1-424b-9868-57a2d4851a1d" relativeResultsDirectory="8499f001-e48f-4cf1-a183-9a965637f1fc">
      <Output>
        <ErrorInfo>
          <Message>Assert.Throws() Failure: Exception type was not an exact match&#xD;
Expected: typeof(System.ArgumentNullException)&#xD;
Actual:   typeof(System.NullReferenceException)&#xD;
---- System.NullReferenceException : Object reference not set to an instance of an object.</Message>
          <StackTrace>   at ModbusLib.Tests.GenericReadWrite.GenericBoundaryTests.ModbusDataConverter_FromBytes_NullBytes_ThrowsException() in D:\Projects\ModbusLib\Tests\src\GenericReadWrite\GenericBoundaryTests.cs:line 56&#xD;
   at System.RuntimeMethodHandle.InvokeMethod(Object target, Void** arguments, Signature sig, Boolean isConstructor)&#xD;
   at System.Reflection.MethodBaseInvoker.InvokeWithNoArgs(Object obj, BindingFlags invokeAttr)&#xD;
----- Inner Stack Trace -----&#xD;
   at ModbusLib.Models.ModbusDataConverter.FromBytes[T](Byte[] bytes, Int32 count, ModbusEndianness endianness) in D:\Projects\ModbusLib\ModbusLib\src\Models\ModbusDataConverter.cs:line 76&#xD;
   at ModbusLib.Tests.GenericReadWrite.GenericBoundaryTests.&lt;&gt;c.&lt;ModbusDataConverter_FromBytes_NullBytes_ThrowsException&gt;b__5_0() in D:\Projects\ModbusLib\Tests\src\GenericReadWrite\GenericBoundaryTests.cs:line 57</StackTrace>
        </ErrorInfo>
      </Output>
    </UnitTestResult>
    <UnitTestResult executionId="ec8f9996-dd81-4688-a4fe-12f7621fd44f" testId="30113ce5-0efd-56af-6cb4-88b345fe64c1" testName="ModbusLib.Tests.GenericReadWrite.ModbusDataConverterTests.FromBytes_InsufficientData_ThrowsArgumentException" computerName="XIAOXIN" duration="00:00:00.0002464" startTime="2025-09-06T10:50:14.2545709+08:00" endTime="2025-09-06T10:50:14.2545710+08:00" testType="13cdc9d9-ddb5-4fa4-a97d-d965ccfc6d4b" outcome="Passed" testListId="8c84fa94-04c1-424b-9868-57a2d4851a1d" relativeResultsDirectory="ec8f9996-dd81-4688-a4fe-12f7621fd44f" />
    <UnitTestResult executionId="02a7f625-3749-4a09-bc96-2ad5018bd857" testId="661bd3bd-5171-63b9-04cc-1acb45224e71" testName="ModbusLib.Tests.ReadFunctions.ModbusReadTests.ReadCoilsAsync_ErrorResponse_ThrowsModbusException" computerName="XIAOXIN" duration="00:00:00.0029874" startTime="2025-09-06T10:50:14.2849992+08:00" endTime="2025-09-06T10:50:14.2849994+08:00" testType="13cdc9d9-ddb5-4fa4-a97d-d965ccfc6d4b" outcome="Passed" testListId="8c84fa94-04c1-424b-9868-57a2d4851a1d" relativeResultsDirectory="02a7f625-3749-4a09-bc96-2ad5018bd857" />
    <UnitTestResult executionId="5d1138b3-ed1a-44f7-9588-1a253da10e1e" testId="d736f662-9ad3-47b7-9385-580fb9cf5718" testName="ModbusLib.Tests.Factories.ModbusClientFactoryTests.CreateRtuOverTcpClient_DefaultPort_Uses502" computerName="XIAOXIN" duration="00:00:00.0000771" startTime="2025-09-06T10:50:14.2575733+08:00" endTime="2025-09-06T10:50:14.2575733+08:00" testType="13cdc9d9-ddb5-4fa4-a97d-d965ccfc6d4b" outcome="Passed" testListId="8c84fa94-04c1-424b-9868-57a2d4851a1d" relativeResultsDirectory="5d1138b3-ed1a-44f7-9588-1a253da10e1e" />
    <UnitTestResult executionId="a23a3972-221f-4457-b9a7-74014c521f11" testId="b0fbfedf-366f-9756-9006-372749629945" testName="ModbusLib.Tests.Protocols.TcpProtocolTests.ParseResponse_IncompleteData_ThrowsException" computerName="XIAOXIN" duration="00:00:00.0002249" startTime="2025-09-06T10:50:14.2546667+08:00" endTime="2025-09-06T10:50:14.2546668+08:00" testType="13cdc9d9-ddb5-4fa4-a97d-d965ccfc6d4b" outcome="Passed" testListId="8c84fa94-04c1-424b-9868-57a2d4851a1d" relativeResultsDirectory="a23a3972-221f-4457-b9a7-74014c521f11" />
    <UnitTestResult executionId="c5f548b8-79d0-4fd2-8c54-cd06fe5a81c0" testId="86acbe90-955f-e3e9-95fa-34868be4c674" testName="ModbusLib.Tests.Protocols.RtuProtocolTests.BuildRequest_WriteSingleRegisterInsufficientData_ThrowsArgumentException" computerName="XIAOXIN" duration="00:00:00.0006420" startTime="2025-09-06T10:50:14.2508942+08:00" endTime="2025-09-06T10:50:14.2508943+08:00" testType="13cdc9d9-ddb5-4fa4-a97d-d965ccfc6d4b" outcome="Passed" testListId="8c84fa94-04c1-424b-9868-57a2d4851a1d" relativeResultsDirectory="c5f548b8-79d0-4fd2-8c54-cd06fe5a81c0" />
    <UnitTestResult executionId="92f5b27e-ed34-40b8-926e-2936577cda00" testId="603442d0-4240-0d2f-de09-8b1033e58d07" testName="ModbusLib.Tests.WriteFunctions.ModbusWriteTests.WriteMultipleCoilsAsync_ValidArray_Success" computerName="XIAOXIN" duration="00:00:00.0020197" startTime="2025-09-06T10:50:14.2762282+08:00" endTime="2025-09-06T10:50:14.2762282+08:00" testType="13cdc9d9-ddb5-4fa4-a97d-d965ccfc6d4b" outcome="Passed" testListId="8c84fa94-04c1-424b-9868-57a2d4851a1d" relativeResultsDirectory="92f5b27e-ed34-40b8-926e-2936577cda00" />
    <UnitTestResult executionId="dd802037-4fec-4875-b7b5-6c67c15e515e" testId="2443e421-41e1-42a1-44f3-79c093f62e28" testName="ModbusLib.Tests.GenericReadWrite.ModbusSpanExtensionsTests.SetLittleEndian_UShort_SetsCorrectValue" computerName="XIAOXIN" duration="00:00:00.0005641" startTime="2025-09-06T10:50:14.2634334+08:00" endTime="2025-09-06T10:50:14.2634335+08:00" testType="13cdc9d9-ddb5-4fa4-a97d-d965ccfc6d4b" outcome="Failed" testListId="8c84fa94-04c1-424b-9868-57a2d4851a1d" relativeResultsDirectory="dd802037-4fec-4875-b7b5-6c67c15e515e">
      <Output>
        <ErrorInfo>
          <Message>Assert.Equal() Failure: Values differ&#xD;
Expected: 13330&#xD;
Actual:   4660</Message>
          <StackTrace>   at ModbusLib.Tests.GenericReadWrite.ModbusSpanExtensionsTests.SetLittleEndian_UShort_SetsCorrectValue() in D:\Projects\ModbusLib\Tests\src\GenericReadWrite\ModbusSpanExtensionsTests.cs:line 160&#xD;
   at System.RuntimeMethodHandle.InvokeMethod(Object target, Void** arguments, Signature sig, Boolean isConstructor)&#xD;
   at System.Reflection.MethodBaseInvoker.InvokeWithNoArgs(Object obj, BindingFlags invokeAttr)</StackTrace>
        </ErrorInfo>
      </Output>
    </UnitTestResult>
    <UnitTestResult executionId="49cd85b0-ba78-4e74-a266-0e81fceece7d" testId="0c140fde-e442-61a3-91f0-0d909d97f497" testName="ModbusLib.Tests.Factories.ModbusClientFactoryTests.CreateClient_UnsupportedConnectionType_ThrowsNotSupportedException" computerName="XIAOXIN" duration="00:00:00.0008157" startTime="2025-09-06T10:50:14.2601076+08:00" endTime="2025-09-06T10:50:14.2601077+08:00" testType="13cdc9d9-ddb5-4fa4-a97d-d965ccfc6d4b" outcome="Passed" testListId="8c84fa94-04c1-424b-9868-57a2d4851a1d" relativeResultsDirectory="49cd85b0-ba78-4e74-a266-0e81fceece7d" />
    <UnitTestResult executionId="cfcffc2d-0107-4ed5-83cd-e4a4bf2441e0" testId="538f0004-ee99-a5dd-43e1-bbb1f30c0e9a" testName="ModbusLib.Tests.GenericReadWrite.GenericPerformanceTests.ModbusDataConverter_LargeByteArray_Performance" computerName="XIAOXIN" duration="00:00:00.0268721" startTime="2025-09-06T10:50:14.3416527+08:00" endTime="2025-09-06T10:50:14.3416532+08:00" testType="13cdc9d9-ddb5-4fa4-a97d-d965ccfc6d4b" outcome="Passed" testListId="8c84fa94-04c1-424b-9868-57a2d4851a1d" relativeResultsDirectory="cfcffc2d-0107-4ed5-83cd-e4a4bf2441e0">
      <Output>
        <StdOut>Large byte array (size: 10000, iterations: 100) took 26ms&#xD;
Average per operation: 0.26ms</StdOut>
      </Output>
    </UnitTestResult>
    <UnitTestResult executionId="6e7a3af5-8bc0-40dc-b3fe-f862e45fd7a1" testId="23a1f655-7aae-c40d-9ea5-4cb3c5cd6c74" testName="ModbusLib.Tests.Factories.ModbusClientFactoryTests.CreateRtuClient_ValidConfig_ReturnsRtuClient" computerName="XIAOXIN" duration="00:00:00.0001123" startTime="2025-09-06T10:50:14.2603176+08:00" endTime="2025-09-06T10:50:14.2603177+08:00" testType="13cdc9d9-ddb5-4fa4-a97d-d965ccfc6d4b" outcome="Passed" testListId="8c84fa94-04c1-424b-9868-57a2d4851a1d" relativeResultsDirectory="6e7a3af5-8bc0-40dc-b3fe-f862e45fd7a1" />
    <UnitTestResult executionId="f91502d2-aa5a-4238-9fdb-1191527d5d01" testId="c982b85c-0e52-9ea2-ef28-1eb2807e9dc9" testName="ModbusLib.Tests.GenericReadWrite.GenericPerformanceTests.ModbusSpanExtensions_BigEndian_Performance" computerName="XIAOXIN" duration="00:00:00.0914100" startTime="2025-09-06T10:50:14.2994785+08:00" endTime="2025-09-06T10:50:14.2994787+08:00" testType="13cdc9d9-ddb5-4fa4-a97d-d965ccfc6d4b" outcome="Passed" testListId="8c84fa94-04c1-424b-9868-57a2d4851a1d" relativeResultsDirectory="f91502d2-aa5a-4238-9fdb-1191527d5d01">
      <Output>
        <StdOut>Span BigEndian operations (buffer: 1000, iterations: 1000) took 91ms&#xD;
Average per operation: 0.091ms</StdOut>
      </Output>
    </UnitTestResult>
    <UnitTestResult executionId="0836b291-a987-44c3-926a-3d4b5de31e5e" testId="f699dd08-5e4a-2500-1f9a-e25a6693e39a" testName="ModbusLib.Tests.Factories.ModbusClientFactoryTests.CreateClients_DifferentTypes_ReturnsCorrectTypes" computerName="XIAOXIN" duration="00:00:00.0002222" startTime="2025-09-06T10:50:14.2581303+08:00" endTime="2025-09-06T10:50:14.2581304+08:00" testType="13cdc9d9-ddb5-4fa4-a97d-d965ccfc6d4b" outcome="Passed" testListId="8c84fa94-04c1-424b-9868-57a2d4851a1d" relativeResultsDirectory="0836b291-a987-44c3-926a-3d4b5de31e5e" />
    <UnitTestResult executionId="4e114f1c-88cf-4220-b671-957b616a93d2" testId="8c5f12e5-9c4b-384d-6fa3-d13905467cf1" testName="ModbusLib.Tests.Factories.ModbusClientFactoryTests.CreateClient_RtuOverTcpType_ReturnsRtuOverTcpClient" computerName="XIAOXIN" duration="00:00:00.0001247" startTime="2025-09-06T10:50:14.2574504+08:00" endTime="2025-09-06T10:50:14.2574504+08:00" testType="13cdc9d9-ddb5-4fa4-a97d-d965ccfc6d4b" outcome="Passed" testListId="8c84fa94-04c1-424b-9868-57a2d4851a1d" relativeResultsDirectory="4e114f1c-88cf-4220-b671-957b616a93d2" />
    <UnitTestResult executionId="739dc6ca-e46e-4f1c-a1a8-1cbed773bf1d" testId="5fbdb26d-3293-a8de-1e6d-305597edcab5" testName="ModbusLib.Tests.GenericReadWrite.ModbusSpanExtensionsTests.SetBigEndian_Int_SetsCorrectValue" computerName="XIAOXIN" duration="00:00:00.0002383" startTime="2025-09-06T10:50:14.2707731+08:00" endTime="2025-09-06T10:50:14.2707733+08:00" testType="13cdc9d9-ddb5-4fa4-a97d-d965ccfc6d4b" outcome="Failed" testListId="8c84fa94-04c1-424b-9868-57a2d4851a1d" relativeResultsDirectory="739dc6ca-e46e-4f1c-a1a8-1cbed773bf1d">
      <Output>
        <ErrorInfo>
          <Message>Assert.Equal() Failure: Values differ&#xD;
Expected: 4660&#xD;
Actual:   30806</Message>
          <StackTrace>   at ModbusLib.Tests.GenericReadWrite.ModbusSpanExtensionsTests.SetBigEndian_Int_SetsCorrectValue() in D:\Projects\ModbusLib\Tests\src\GenericReadWrite\ModbusSpanExtensionsTests.cs:line 131&#xD;
   at System.RuntimeMethodHandle.InvokeMethod(Object target, Void** arguments, Signature sig, Boolean isConstructor)&#xD;
   at System.Reflection.MethodBaseInvoker.InvokeWithNoArgs(Object obj, BindingFlags invokeAttr)</StackTrace>
        </ErrorInfo>
      </Output>
    </UnitTestResult>
    <UnitTestResult executionId="b3b68615-f9a4-4edb-918b-00fea7b34dd1" testId="46e3d7cf-ea23-7dcc-62a0-14187cb92e69" testName="ModbusLib.Tests.GenericReadWrite.MidLittleEndianTests.ModbusDataConverter_MidLittleEndian_OddByteCount_HandledCorrectly" computerName="XIAOXIN" duration="00:00:00.0001285" startTime="2025-09-06T10:50:14.2365356+08:00" endTime="2025-09-06T10:50:14.2365356+08:00" testType="13cdc9d9-ddb5-4fa4-a97d-d965ccfc6d4b" outcome="Passed" testListId="8c84fa94-04c1-424b-9868-57a2d4851a1d" relativeResultsDirectory="b3b68615-f9a4-4edb-918b-00fea7b34dd1" />
    <UnitTestResult executionId="7bf6d53e-1fba-4a4d-aead-a7ab6d93fa13" testId="59837421-7c29-6523-99d3-74bbfe8fe9c4" testName="ModbusLib.Tests.Factories.ModbusClientFactoryTests.CreateClient_UdpType_ReturnsUdpClient" computerName="XIAOXIN" duration="00:00:00.0001850" startTime="2025-09-06T10:50:14.2566835+08:00" endTime="2025-09-06T10:50:14.2566836+08:00" testType="13cdc9d9-ddb5-4fa4-a97d-d965ccfc6d4b" outcome="Passed" testListId="8c84fa94-04c1-424b-9868-57a2d4851a1d" relativeResultsDirectory="7bf6d53e-1fba-4a4d-aead-a7ab6d93fa13" />
    <UnitTestResult executionId="2e5d087d-f76f-4ec4-8dd2-86c4c46f9ea1" testId="b730576d-3511-b0b9-40c7-43a83d045e9a" testName="ModbusLib.Tests.GenericReadWrite.MidLittleEndianTests.ReadWriteHoldingRegisters_MidLittleEndian_FloatArray_Success" computerName="XIAOXIN" duration="00:00:00.0020184" startTime="2025-09-06T10:50:14.2313945+08:00" endTime="2025-09-06T10:50:14.2313946+08:00" testType="13cdc9d9-ddb5-4fa4-a97d-d965ccfc6d4b" outcome="Passed" testListId="8c84fa94-04c1-424b-9868-57a2d4851a1d" relativeResultsDirectory="2e5d087d-f76f-4ec4-8dd2-86c4c46f9ea1" />
    <UnitTestResult executionId="2e5b4915-edcd-49e6-a8f6-0c936fa43e4f" testId="d89df07e-2cd9-0ee7-22ff-69350312743f" testName="ModbusLib.Tests.Factories.ModbusClientFactoryTests.CreateClient_TcpType_ReturnsTcpClient" computerName="XIAOXIN" duration="00:00:00.0001481" startTime="2025-09-06T10:50:14.2568272+08:00" endTime="2025-09-06T10:50:14.2568273+08:00" testType="13cdc9d9-ddb5-4fa4-a97d-d965ccfc6d4b" outcome="Passed" testListId="8c84fa94-04c1-424b-9868-57a2d4851a1d" relativeResultsDirectory="2e5b4915-edcd-49e6-a8f6-0c936fa43e4f" />
    <UnitTestResult executionId="354fc4ba-56c3-4f91-9003-edf85aeeb8ba" testId="9fe14633-674e-f429-8358-a0e736a7db6f" testName="ModbusLib.Tests.WriteFunctions.ModbusWriteTests.WriteSingleCoilAsync_ValidValues_Success(value: False)" computerName="XIAOXIN" duration="00:00:00.0022728" startTime="2025-09-06T10:50:14.2914563+08:00" endTime="2025-09-06T10:50:14.2914565+08:00" testType="13cdc9d9-ddb5-4fa4-a97d-d965ccfc6d4b" outcome="Passed" testListId="8c84fa94-04c1-424b-9868-57a2d4851a1d" relativeResultsDirectory="354fc4ba-56c3-4f91-9003-edf85aeeb8ba" />
    <UnitTestResult executionId="14a04ce0-cd9a-4efb-ad5b-a9cec578afc0" testId="cb025955-a459-54b6-1acf-e70366821ce1" testName="ModbusLib.Tests.GenericReadWrite.GenericReadWriteIntegrationTests.WriteMultipleRegisters_TooManyRegisters_ThrowsArgumentException" computerName="XIAOXIN" duration="00:00:00.0087902" startTime="2025-09-06T10:50:14.2618195+08:00" endTime="2025-09-06T10:50:14.2618196+08:00" testType="13cdc9d9-ddb5-4fa4-a97d-d965ccfc6d4b" outcome="Passed" testListId="8c84fa94-04c1-424b-9868-57a2d4851a1d" relativeResultsDirectory="14a04ce0-cd9a-4efb-ad5b-a9cec578afc0" />
    <UnitTestResult executionId="d670853e-4027-4812-82ab-2c4b7c228da6" testId="eb26f735-083b-8abb-afb0-75616e4f7277" testName="ModbusLib.Tests.AdvancedFunctions.ModbusAdvancedTests.ReadWriteMultipleRegistersAsync_InvalidReadQuantity_ThrowsArgumentException(invalidReadQuantity: 126)" computerName="XIAOXIN" duration="00:00:00.0008864" startTime="2025-09-06T10:50:14.2971030+08:00" endTime="2025-09-06T10:50:14.2971030+08:00" testType="13cdc9d9-ddb5-4fa4-a97d-d965ccfc6d4b" outcome="Passed" testListId="8c84fa94-04c1-424b-9868-57a2d4851a1d" relativeResultsDirectory="d670853e-4027-4812-82ab-2c4b7c228da6" />
    <UnitTestResult executionId="e61300ba-3a1c-4e09-bff3-d797e44f5108" testId="8dda40ed-2756-612f-a5a6-b9241f6cac60" testName="ModbusLib.Tests.Factories.ModbusClientFactoryTests.CreateClient_TcpTypeWithoutNetworkConfig_ThrowsArgumentNullException" computerName="XIAOXIN" duration="00:00:00.0001641" startTime="2025-09-06T10:50:14.2580161+08:00" endTime="2025-09-06T10:50:14.2580162+08:00" testType="13cdc9d9-ddb5-4fa4-a97d-d965ccfc6d4b" outcome="Passed" testListId="8c84fa94-04c1-424b-9868-57a2d4851a1d" relativeResultsDirectory="e61300ba-3a1c-4e09-bff3-d797e44f5108" />
    <UnitTestResult executionId="e484b02c-56fe-4980-8e5a-985e5c599fd9" testId="cd53719c-f457-1076-db69-656e217f61d4" testName="ModbusLib.Tests.GenericReadWrite.MidLittleEndianTests.ModbusDataConverter_MidLittleEndian_SpecificValues_RoundTrip(testValue: -1)" computerName="XIAOXIN" duration="00:00:00.0009543" startTime="2025-09-06T10:50:14.2253538+08:00" endTime="2025-09-06T10:50:14.2253539+08:00" testType="13cdc9d9-ddb5-4fa4-a97d-d965ccfc6d4b" outcome="Passed" testListId="8c84fa94-04c1-424b-9868-57a2d4851a1d" relativeResultsDirectory="e484b02c-56fe-4980-8e5a-985e5c599fd9" />
    <UnitTestResult executionId="5efbcfaa-3f4f-4fa1-b705-50946c565dc6" testId="30621b55-1a4e-ad43-661f-42427c4049c1" testName="ModbusLib.Tests.GenericReadWrite.ModbusSpanExtensionsTests.GetBigEndian_OutOfRange_ThrowsArgumentOutOfRangeException" computerName="XIAOXIN" duration="00:00:00.0058881" startTime="2025-09-06T10:50:14.2069118+08:00" endTime="2025-09-06T10:50:14.2069119+08:00" testType="13cdc9d9-ddb5-4fa4-a97d-d965ccfc6d4b" outcome="Passed" testListId="8c84fa94-04c1-424b-9868-57a2d4851a1d" relativeResultsDirectory="5efbcfaa-3f4f-4fa1-b705-50946c565dc6" />
    <UnitTestResult executionId="1b343b48-3391-430f-a4a4-c72c44b7a88f" testId="2becd8fd-8a23-583b-62f7-77681a676b2f" testName="ModbusLib.Tests.WriteFunctions.ModbusWriteTests.WriteSingleRegisterAsync_ValidValues_Success(value: 32767)" computerName="XIAOXIN" duration="00:00:00.0015678" startTime="2025-09-06T10:50:14.2769035+08:00" endTime="2025-09-06T10:50:14.2769036+08:00" testType="13cdc9d9-ddb5-4fa4-a97d-d965ccfc6d4b" outcome="Passed" testListId="8c84fa94-04c1-424b-9868-57a2d4851a1d" relativeResultsDirectory="1b343b48-3391-430f-a4a4-c72c44b7a88f" />
    <UnitTestResult executionId="aa025742-5afb-47c0-a249-1ae5c86dcda4" testId="27b4953f-9c3d-ba57-9bad-ee91e8f45672" testName="ModbusLib.Tests.Factories.ModbusClientFactoryTests.CreateUdpClient_ValidConfig_ReturnsUdpClient" computerName="XIAOXIN" duration="00:00:00.0001942" startTime="2025-09-06T10:50:14.2551136+08:00" endTime="2025-09-06T10:50:14.2551137+08:00" testType="13cdc9d9-ddb5-4fa4-a97d-d965ccfc6d4b" outcome="Passed" testListId="8c84fa94-04c1-424b-9868-57a2d4851a1d" relativeResultsDirectory="aa025742-5afb-47c0-a249-1ae5c86dcda4" />
    <UnitTestResult executionId="86af70a5-0be4-4ab1-ae4e-281b64629646" testId="f587e4db-c032-5e8c-bc2b-5611efad30b2" testName="ModbusLib.Tests.AdvancedFunctions.ModbusAdvancedTests.ReadWriteMultipleRegistersAsync_RequestDataFormat_CorrectStructure" computerName="XIAOXIN" duration="00:00:00.0027298" startTime="2025-09-06T10:50:14.2895387+08:00" endTime="2025-09-06T10:50:14.2895389+08:00" testType="13cdc9d9-ddb5-4fa4-a97d-d965ccfc6d4b" outcome="Passed" testListId="8c84fa94-04c1-424b-9868-57a2d4851a1d" relativeResultsDirectory="86af70a5-0be4-4ab1-ae4e-281b64629646" />
    <UnitTestResult executionId="d752bc86-cc24-4d78-ac21-9dd86154bcbd" testId="3d6ab73d-df9a-36bc-1fde-58fd4b2e0996" testName="ModbusLib.Tests.Factories.ModbusClientFactoryTests.CreateTcpClient_InvalidHost_ThrowsArgumentException(invalidHost: &quot;&quot;)" computerName="XIAOXIN" duration="00:00:00.0001802" startTime="2025-09-06T10:50:14.2379290+08:00" endTime="2025-09-06T10:50:14.2379291+08:00" testType="13cdc9d9-ddb5-4fa4-a97d-d965ccfc6d4b" outcome="Passed" testListId="8c84fa94-04c1-424b-9868-57a2d4851a1d" relativeResultsDirectory="d752bc86-cc24-4d78-ac21-9dd86154bcbd" />
    <UnitTestResult executionId="921b8ef9-b6dc-478a-87e7-964648c8647b" testId="958979d9-0df3-6f8c-df54-578dede5de02" testName="ModbusLib.Tests.GenericReadWrite.GenericCompatibilityTests.GenericReadWrite_MinMaxValues_Success(endianness: BigEndian)" computerName="XIAOXIN" duration="00:00:00.0004565" startTime="2025-09-06T10:50:14.2745745+08:00" endTime="2025-09-06T10:50:14.2745745+08:00" testType="13cdc9d9-ddb5-4fa4-a97d-d965ccfc6d4b" outcome="Passed" testListId="8c84fa94-04c1-424b-9868-57a2d4851a1d" relativeResultsDirectory="921b8ef9-b6dc-478a-87e7-964648c8647b" />
    <UnitTestResult executionId="bcc7ac3e-74df-4ec1-b43e-f13f1b13319a" testId="aa3fc26a-f2f3-420c-1519-8628a1981013" testName="ModbusLib.Tests.GenericReadWrite.GenericBoundaryTests.WriteMultipleRegisters_ExceedsRegisterLimit_ThrowsArgumentException" computerName="XIAOXIN" duration="00:00:00.0009283" startTime="2025-09-06T10:50:14.2643276+08:00" endTime="2025-09-06T10:50:14.2643278+08:00" testType="13cdc9d9-ddb5-4fa4-a97d-d965ccfc6d4b" outcome="Passed" testListId="8c84fa94-04c1-424b-9868-57a2d4851a1d" relativeResultsDirectory="bcc7ac3e-74df-4ec1-b43e-f13f1b13319a" />
    <UnitTestResult executionId="17e4aa05-c18a-4b7e-a7b2-ac36453c77a2" testId="3156a273-6caa-7e6b-43d5-4f73feb17192" testName="ModbusLib.Tests.GenericReadWrite.ModbusDataConverterTests.GetRegisterCount_Float_ReturnsTwo" computerName="XIAOXIN" duration="00:00:00.0070341" startTime="2025-09-06T10:50:14.2065777+08:00" endTime="2025-09-06T10:50:14.2065778+08:00" testType="13cdc9d9-ddb5-4fa4-a97d-d965ccfc6d4b" outcome="Passed" testListId="8c84fa94-04c1-424b-9868-57a2d4851a1d" relativeResultsDirectory="17e4aa05-c18a-4b7e-a7b2-ac36453c77a2" />
    <UnitTestResult executionId="d047148d-fdcc-40b5-a738-388e97c93b1e" testId="fd9c70cb-0e7b-967e-1c79-81bd5ff2c183" testName="ModbusLib.Tests.WriteFunctions.ModbusWriteTests.WriteMultipleRegistersAsync_EmptyArray_ThrowsArgumentException" computerName="XIAOXIN" duration="00:00:00.0007336" startTime="2025-09-06T10:50:14.2845659+08:00" endTime="2025-09-06T10:50:14.2845661+08:00" testType="13cdc9d9-ddb5-4fa4-a97d-d965ccfc6d4b" outcome="Passed" testListId="8c84fa94-04c1-424b-9868-57a2d4851a1d" relativeResultsDirectory="d047148d-fdcc-40b5-a738-388e97c93b1e" />
    <UnitTestResult executionId="394cf118-2eb2-4491-8e6e-d2e57bce9b50" testId="8bc238e3-5c06-b48d-7dae-8b68de252013" testName="ModbusLib.Tests.GenericReadWrite.GenericCompatibilityTests.GenericReadWrite_LongTypes_Success(endianness: MidLittleEndian)" computerName="XIAOXIN" duration="00:00:00.0017861" startTime="2025-09-06T10:50:14.2759843+08:00" endTime="2025-09-06T10:50:14.2759844+08:00" testType="13cdc9d9-ddb5-4fa4-a97d-d965ccfc6d4b" outcome="Passed" testListId="8c84fa94-04c1-424b-9868-57a2d4851a1d" relativeResultsDirectory="394cf118-2eb2-4491-8e6e-d2e57bce9b50" />
    <UnitTestResult executionId="c073e13b-bc49-4c70-8be1-c6cf93d32d01" testId="b6430163-7d92-10ff-0ae3-1fb83accc6db" testName="ModbusLib.Tests.Protocols.RtuProtocolTests.BuildRequest_CrcCalculation_ValidChecksum" computerName="XIAOXIN" duration="00:00:00.0001948" startTime="2025-09-06T10:50:14.2541043+08:00" endTime="2025-09-06T10:50:14.2541044+08:00" testType="13cdc9d9-ddb5-4fa4-a97d-d965ccfc6d4b" outcome="Passed" testListId="8c84fa94-04c1-424b-9868-57a2d4851a1d" relativeResultsDirectory="c073e13b-bc49-4c70-8be1-c6cf93d32d01" />
    <UnitTestResult executionId="4e5def42-9016-4e86-846e-bb2627975eb8" testId="9e9689cc-34ba-37a8-6b2e-21fb400dc28f" testName="ModbusLib.Tests.GenericReadWrite.GenericBoundaryTests.WriteMultipleRegisters_ExactlyAtLimit_Success" computerName="XIAOXIN" duration="00:00:00.0005197" startTime="2025-09-06T10:50:14.2645664+08:00" endTime="2025-09-06T10:50:14.2645664+08:00" testType="13cdc9d9-ddb5-4fa4-a97d-d965ccfc6d4b" outcome="Passed" testListId="8c84fa94-04c1-424b-9868-57a2d4851a1d" relativeResultsDirectory="4e5def42-9016-4e86-846e-bb2627975eb8" />
    <UnitTestResult executionId="fc1bbb99-c82f-40ac-9be9-3be3743cb036" testId="55df3538-9c80-287e-f09c-4445baeb3203" testName="ModbusLib.Tests.GenericReadWrite.MidLittleEndianTests.ModbusDataConverter_MidLittleEndian_Double_HandledCorrectly" computerName="XIAOXIN" duration="00:00:00.0029478" startTime="2025-09-06T10:50:14.2350837+08:00" endTime="2025-09-06T10:50:14.2350838+08:00" testType="13cdc9d9-ddb5-4fa4-a97d-d965ccfc6d4b" outcome="Passed" testListId="8c84fa94-04c1-424b-9868-57a2d4851a1d" relativeResultsDirectory="fc1bbb99-c82f-40ac-9be9-3be3743cb036" />
    <UnitTestResult executionId="c35c9985-c776-4125-a203-02e8874dbaec" testId="651b206a-ee4e-c462-0c23-35e418a25369" testName="ModbusLib.Tests.GenericReadWrite.ModbusDataConverterTests.GetRegisterCount_Double_ReturnsFour" computerName="XIAOXIN" duration="00:00:00.0001675" startTime="2025-09-06T10:50:14.2251550+08:00" endTime="2025-09-06T10:50:14.2251550+08:00" testType="13cdc9d9-ddb5-4fa4-a97d-d965ccfc6d4b" outcome="Passed" testListId="8c84fa94-04c1-424b-9868-57a2d4851a1d" relativeResultsDirectory="c35c9985-c776-4125-a203-02e8874dbaec" />
    <UnitTestResult executionId="25ebe597-632f-45bd-8c51-fdabcc7c1910" testId="b2cf016a-3428-0bad-2d42-8c41c4c2a113" testName="ModbusLib.Tests.GenericReadWrite.ModbusSpanExtensionsTests.GetBigEndian_Byte_ReturnsCorrectValue" computerName="XIAOXIN" duration="00:00:00.0010032" startTime="2025-09-06T10:50:14.2551572+08:00" endTime="2025-09-06T10:50:14.2551572+08:00" testType="13cdc9d9-ddb5-4fa4-a97d-d965ccfc6d4b" outcome="Passed" testListId="8c84fa94-04c1-424b-9868-57a2d4851a1d" relativeResultsDirectory="25ebe597-632f-45bd-8c51-fdabcc7c1910" />
    <UnitTestResult executionId="9f4c9fff-2fcd-4a07-ba39-ed6311c207a6" testId="830d6192-a677-f6e8-a5d4-a079842c173c" testName="ModbusLib.Tests.Factories.ModbusClientFactoryTests.CreateRtuOverUdpClient_InvalidHost_ThrowsArgumentException(invalidHost: &quot;null&quot;)" computerName="XIAOXIN" duration="00:00:00.0002922" startTime="2025-09-06T10:50:14.2338361+08:00" endTime="2025-09-06T10:50:14.2338362+08:00" testType="13cdc9d9-ddb5-4fa4-a97d-d965ccfc6d4b" outcome="Passed" testListId="8c84fa94-04c1-424b-9868-57a2d4851a1d" relativeResultsDirectory="9f4c9fff-2fcd-4a07-ba39-ed6311c207a6" />
    <UnitTestResult executionId="55ccf296-f127-47c2-bb86-28e206b51848" testId="55af9da8-d813-fb3d-3a35-eea6bafa3235" testName="ModbusLib.Tests.Factories.ModbusClientFactoryTests.CreateRtuOverUdpClient_WithHostAndPort_ReturnsRtuOverUdpClient" computerName="XIAOXIN" duration="00:00:00.0002194" startTime="2025-09-06T10:50:14.2337036+08:00" endTime="2025-09-06T10:50:14.2337037+08:00" testType="13cdc9d9-ddb5-4fa4-a97d-d965ccfc6d4b" outcome="Passed" testListId="8c84fa94-04c1-424b-9868-57a2d4851a1d" relativeResultsDirectory="55ccf296-f127-47c2-bb86-28e206b51848" />
    <UnitTestResult executionId="b041ae1f-aa0b-4d9b-bdc1-ab1556e2b346" testId="be6195bc-b4d3-0a5e-ace7-d5deca770d84" testName="ModbusLib.Tests.Protocols.RtuProtocolTests.ParseResponse_ReadCoilsValid_CorrectParsing" computerName="XIAOXIN" duration="00:00:00.0004207" startTime="2025-09-06T10:50:14.2580435+08:00" endTime="2025-09-06T10:50:14.2580435+08:00" testType="13cdc9d9-ddb5-4fa4-a97d-d965ccfc6d4b" outcome="Passed" testListId="8c84fa94-04c1-424b-9868-57a2d4851a1d" relativeResultsDirectory="b041ae1f-aa0b-4d9b-bdc1-ab1556e2b346" />
    <UnitTestResult executionId="2e359b11-bec7-466a-bc76-0003b7c74cd5" testId="2a8a5741-14db-a9c3-03ef-a03eae28637b" testName="ModbusLib.Tests.GenericReadWrite.GenericBasicTests.ModbusDataConverter_ByteArray_RoundTrip_Success(endianness: BigEndian)" computerName="XIAOXIN" duration="00:00:00.0001465" startTime="2025-09-06T10:50:14.2332599+08:00" endTime="2025-09-06T10:50:14.2332599+08:00" testType="13cdc9d9-ddb5-4fa4-a97d-d965ccfc6d4b" outcome="Passed" testListId="8c84fa94-04c1-424b-9868-57a2d4851a1d" relativeResultsDirectory="2e359b11-bec7-466a-bc76-0003b7c74cd5" />
    <UnitTestResult executionId="cee94ba2-69bf-495e-bc02-3dd20ea490bf" testId="bf7d4585-2c52-56a8-0161-c02d78a936b7" testName="ModbusLib.Tests.Factories.ModbusClientFactoryTests.CreateRtuOverTcpClient_NullConfig_ThrowsArgumentNullException" computerName="XIAOXIN" duration="00:00:00.0002737" startTime="2025-09-06T10:50:14.2523397+08:00" endTime="2025-09-06T10:50:14.2523398+08:00" testType="13cdc9d9-ddb5-4fa4-a97d-d965ccfc6d4b" outcome="Passed" testListId="8c84fa94-04c1-424b-9868-57a2d4851a1d" relativeResultsDirectory="cee94ba2-69bf-495e-bc02-3dd20ea490bf" />
    <UnitTestResult executionId="3c3b1df9-2b44-4f2d-83b0-943d563fb45d" testId="8ca15d71-a3a7-982c-c385-57d6e8597813" testName="ModbusLib.Tests.GenericReadWrite.GenericBoundaryTests.ModbusDataConverter_NullArray_ThrowsException" computerName="XIAOXIN" duration="00:00:00.0003763" startTime="2025-09-06T10:50:14.2596168+08:00" endTime="2025-09-06T10:50:14.2596168+08:00" testType="13cdc9d9-ddb5-4fa4-a97d-d965ccfc6d4b" outcome="Failed" testListId="8c84fa94-04c1-424b-9868-57a2d4851a1d" relativeResultsDirectory="3c3b1df9-2b44-4f2d-83b0-943d563fb45d">
      <Output>
        <ErrorInfo>
          <Message>Assert.Throws() Failure: Exception type was not an exact match&#xD;
Expected: typeof(System.ArgumentNullException)&#xD;
Actual:   typeof(System.NullReferenceException)&#xD;
---- System.NullReferenceException : Object reference not set to an instance of an object.</Message>
          <StackTrace>   at ModbusLib.Tests.GenericReadWrite.GenericBoundaryTests.ModbusDataConverter_NullArray_ThrowsException() in D:\Projects\ModbusLib\Tests\src\GenericReadWrite\GenericBoundaryTests.cs:line 37&#xD;
   at System.RuntimeMethodHandle.InvokeMethod(Object target, Void** arguments, Signature sig, Boolean isConstructor)&#xD;
   at System.Reflection.MethodBaseInvoker.InvokeWithNoArgs(Object obj, BindingFlags invokeAttr)&#xD;
----- Inner Stack Trace -----&#xD;
   at ModbusLib.Models.ModbusDataConverter.ToBytes[T](T[] values, ModbusEndianness endianness) in D:\Projects\ModbusLib\ModbusLib\src\Models\ModbusDataConverter.cs:line 44&#xD;
   at ModbusLib.Tests.GenericReadWrite.GenericBoundaryTests.&lt;&gt;c.&lt;ModbusDataConverter_NullArray_ThrowsException&gt;b__3_0() in D:\Projects\ModbusLib\Tests\src\GenericReadWrite\GenericBoundaryTests.cs:line 38</StackTrace>
        </ErrorInfo>
      </Output>
    </UnitTestResult>
    <UnitTestResult executionId="529d5ec7-cb87-4bb4-8468-cc9a4b59b88f" testId="3a542a63-d1f2-f134-d012-51ca63b7f607" testName="ModbusLib.Tests.Factories.ModbusClientFactoryTests.CreateClient_RtuTypeWithoutSerialConfig_ThrowsArgumentNullException" computerName="XIAOXIN" duration="00:00:00.0002360" startTime="2025-09-06T10:50:14.2551935+08:00" endTime="2025-09-06T10:50:14.2551935+08:00" testType="13cdc9d9-ddb5-4fa4-a97d-d965ccfc6d4b" outcome="Passed" testListId="8c84fa94-04c1-424b-9868-57a2d4851a1d" relativeResultsDirectory="529d5ec7-cb87-4bb4-8468-cc9a4b59b88f" />
    <UnitTestResult executionId="602c1c8f-849b-4864-be8c-438dc3b62858" testId="179279d4-51cc-7ace-a3f4-992bfbdd080c" testName="ModbusLib.Tests.GenericReadWrite.GenericBoundaryTests.GetTotalRegisterCount_LargeCount_ReturnsCorrectValue" computerName="XIAOXIN" duration="00:00:00.0001301" startTime="2025-09-06T10:50:14.2601984+08:00" endTime="2025-09-06T10:50:14.2601985+08:00" testType="13cdc9d9-ddb5-4fa4-a97d-d965ccfc6d4b" outcome="Passed" testListId="8c84fa94-04c1-424b-9868-57a2d4851a1d" relativeResultsDirectory="602c1c8f-849b-4864-be8c-438dc3b62858" />
    <UnitTestResult executionId="0133a7b5-3ccf-48cc-aa5c-3b56f730ea67" testId="aeb58d62-9226-3158-64a2-be022f79aee4" testName="ModbusLib.Tests.GenericReadWrite.GenericReadWriteIntegrationTests.ReadWriteHoldingRegisters_FloatArray_Success(endianness: BigEndian)" computerName="XIAOXIN" duration="00:00:00.0002215" startTime="2025-09-06T10:50:14.2336268+08:00" endTime="2025-09-06T10:50:14.2336269+08:00" testType="13cdc9d9-ddb5-4fa4-a97d-d965ccfc6d4b" outcome="Passed" testListId="8c84fa94-04c1-424b-9868-57a2d4851a1d" relativeResultsDirectory="0133a7b5-3ccf-48cc-aa5c-3b56f730ea67" />
    <UnitTestResult executionId="66fc5310-0097-4129-86f8-ba62af3f7a47" testId="7d89d9d6-469c-5e60-758a-2ead9041a07e" testName="ModbusLib.Tests.Integration.BasicClientIntegrationTests.ModbusClient_SimpleWriteOperation_Success" computerName="XIAOXIN" duration="00:00:00.0031034" startTime="2025-09-06T10:50:14.8872206+08:00" endTime="2025-09-06T10:50:14.8872210+08:00" testType="13cdc9d9-ddb5-4fa4-a97d-d965ccfc6d4b" outcome="Passed" testListId="8c84fa94-04c1-424b-9868-57a2d4851a1d" relativeResultsDirectory="66fc5310-0097-4129-86f8-ba62af3f7a47" />
  </Results>
  <TestDefinitions>
    <UnitTest name="ModbusLib.Tests.GenericReadWrite.GenericBoundaryTests.SpanExtensions_SetBigEndian_InvalidAddress_ThrowsException" storage="d:\projects\modbuslib\tests\bin\debug\net9.0\modbuslib.tests.dll" id="8e2f3957-156e-11d0-30ba-298f905843e9">
      <Execution id="fdd98a3b-3c17-495f-9494-93f8b83dab84" />
      <TestMethod codeBase="D:\Projects\ModbusLib\Tests\bin\Debug\net9.0\ModbusLib.Tests.dll" adapterTypeName="executor://xunit/VsTestRunner2/netcoreapp" className="ModbusLib.Tests.GenericReadWrite.GenericBoundaryTests" name="SpanExtensions_SetBigEndian_InvalidAddress_ThrowsException" />
    </UnitTest>
    <UnitTest name="ModbusLib.Tests.GenericReadWrite.GenericBoundaryTests.GetTotalRegisterCount_LargeCount_ReturnsCorrectValue" storage="d:\projects\modbuslib\tests\bin\debug\net9.0\modbuslib.tests.dll" id="179279d4-51cc-7ace-a3f4-992bfbdd080c">
      <Execution id="602c1c8f-849b-4864-be8c-438dc3b62858" />
      <TestMethod codeBase="D:\Projects\ModbusLib\Tests\bin\Debug\net9.0\ModbusLib.Tests.dll" adapterTypeName="executor://xunit/VsTestRunner2/netcoreapp" className="ModbusLib.Tests.GenericReadWrite.GenericBoundaryTests" name="GetTotalRegisterCount_LargeCount_ReturnsCorrectValue" />
    </UnitTest>
    <UnitTest name="ModbusLib.Tests.Protocols.TcpProtocolTests.BuildRequest_WriteSingleRegisterInsufficientData_ThrowsArgumentException" storage="d:\projects\modbuslib\tests\bin\debug\net9.0\modbuslib.tests.dll" id="78522144-6115-2633-95e9-00b5988f8edf">
      <Execution id="7331e679-fa49-4091-bb2d-da695045dc32" />
      <TestMethod codeBase="D:\Projects\ModbusLib\Tests\bin\Debug\net9.0\ModbusLib.Tests.dll" adapterTypeName="executor://xunit/VsTestRunner2/netcoreapp" className="ModbusLib.Tests.Protocols.TcpProtocolTests" name="BuildRequest_WriteSingleRegisterInsufficientData_ThrowsArgumentException" />
    </UnitTest>
    <UnitTest name="ModbusLib.Tests.Protocols.TcpProtocolTests.CalculateExpectedResponseLength_VariousFunctions_CorrectLength(function: WriteMultipleCoils, quantity: 16, expectedLength: 12)" storage="d:\projects\modbuslib\tests\bin\debug\net9.0\modbuslib.tests.dll" id="2faf224c-bc32-cfaa-d6e7-267e1783644e">
      <Execution id="27c08ef5-21f4-4acb-8465-ad707be7bb34" />
      <TestMethod codeBase="D:\Projects\ModbusLib\Tests\bin\Debug\net9.0\ModbusLib.Tests.dll" adapterTypeName="executor://xunit/VsTestRunner2/netcoreapp" className="ModbusLib.Tests.Protocols.TcpProtocolTests" name="CalculateExpectedResponseLength_VariousFunctions_CorrectLength" />
    </UnitTest>
    <UnitTest name="ModbusLib.Tests.Factories.ModbusClientFactoryTests.CreateRtuClient_DefaultBaudRate_Uses9600" storage="d:\projects\modbuslib\tests\bin\debug\net9.0\modbuslib.tests.dll" id="a4de3ca7-45d7-f6bc-452d-efe05505c31c">
      <Execution id="678e3c1d-b6c7-4756-a938-e680c9d76ae9" />
      <TestMethod codeBase="D:\Projects\ModbusLib\Tests\bin\Debug\net9.0\ModbusLib.Tests.dll" adapterTypeName="executor://xunit/VsTestRunner2/netcoreapp" className="ModbusLib.Tests.Factories.ModbusClientFactoryTests" name="CreateRtuClient_DefaultBaudRate_Uses9600" />
    </UnitTest>
    <UnitTest name="ModbusLib.Tests.GenericReadWrite.GenericCompatibilityTests.GenericReadWrite_LongTypes_Success(endianness: MidLittleEndian)" storage="d:\projects\modbuslib\tests\bin\debug\net9.0\modbuslib.tests.dll" id="8bc238e3-5c06-b48d-7dae-8b68de252013">
      <Execution id="394cf118-2eb2-4491-8e6e-d2e57bce9b50" />
      <TestMethod codeBase="D:\Projects\ModbusLib\Tests\bin\Debug\net9.0\ModbusLib.Tests.dll" adapterTypeName="executor://xunit/VsTestRunner2/netcoreapp" className="ModbusLib.Tests.GenericReadWrite.GenericCompatibilityTests" name="GenericReadWrite_LongTypes_Success" />
    </UnitTest>
    <UnitTest name="ModbusLib.Tests.WriteFunctions.ModbusWriteTests.WriteMultipleCoilsAsync_LargeArray_Success" storage="d:\projects\modbuslib\tests\bin\debug\net9.0\modbuslib.tests.dll" id="79f9a34e-c2f9-beee-3517-e82914cec2e2">
      <Execution id="5be97b93-7675-4df1-9df0-d73903b3da3c" />
      <TestMethod codeBase="D:\Projects\ModbusLib\Tests\bin\Debug\net9.0\ModbusLib.Tests.dll" adapterTypeName="executor://xunit/VsTestRunner2/netcoreapp" className="ModbusLib.Tests.WriteFunctions.ModbusWriteTests" name="WriteMultipleCoilsAsync_LargeArray_Success" />
    </UnitTest>
    <UnitTest name="ModbusLib.Tests.GenericReadWrite.GenericBoundaryTests.GetTotalRegisterCount_ZeroCount_ReturnsZero" storage="d:\projects\modbuslib\tests\bin\debug\net9.0\modbuslib.tests.dll" id="87d8b694-b422-2e4a-fd4a-ea2c0df50313">
      <Execution id="6d93bf89-6395-4695-8a0e-459987414ebb" />
      <TestMethod codeBase="D:\Projects\ModbusLib\Tests\bin\Debug\net9.0\ModbusLib.Tests.dll" adapterTypeName="executor://xunit/VsTestRunner2/netcoreapp" className="ModbusLib.Tests.GenericReadWrite.GenericBoundaryTests" name="GetTotalRegisterCount_ZeroCount_ReturnsZero" />
    </UnitTest>
    <UnitTest name="ModbusLib.Tests.GenericReadWrite.GenericCompatibilityTests.GenericReadWrite_ComplexStruct_Success(endianness: MidLittleEndian)" storage="d:\projects\modbuslib\tests\bin\debug\net9.0\modbuslib.tests.dll" id="a6670fb4-d8c4-fc74-766d-610ef4a14a89">
      <Execution id="b04a696b-0e3a-4901-a913-85a7cbf08b99" />
      <TestMethod codeBase="D:\Projects\ModbusLib\Tests\bin\Debug\net9.0\ModbusLib.Tests.dll" adapterTypeName="executor://xunit/VsTestRunner2/netcoreapp" className="ModbusLib.Tests.GenericReadWrite.GenericCompatibilityTests" name="GenericReadWrite_ComplexStruct_Success" />
    </UnitTest>
    <UnitTest name="ModbusLib.Tests.GenericReadWrite.GenericPerformanceTests.ModbusDataConverter_IntArray_Performance" storage="d:\projects\modbuslib\tests\bin\debug\net9.0\modbuslib.tests.dll" id="e5ecc30a-747f-c08f-5eb1-094a6f34beb6">
      <Execution id="80245ee6-ff32-4762-b4b8-b5edd19b39cb" />
      <TestMethod codeBase="D:\Projects\ModbusLib\Tests\bin\Debug\net9.0\ModbusLib.Tests.dll" adapterTypeName="executor://xunit/VsTestRunner2/netcoreapp" className="ModbusLib.Tests.GenericReadWrite.GenericPerformanceTests" name="ModbusDataConverter_IntArray_Performance" />
    </UnitTest>
    <UnitTest name="ModbusLib.Tests.GenericReadWrite.GenericBasicTests.ModbusDataConverter_IntArray_RoundTrip_Success(endianness: BigEndian)" storage="d:\projects\modbuslib\tests\bin\debug\net9.0\modbuslib.tests.dll" id="3e7e149a-15ce-e1f1-dc52-99f7f2232858">
      <Execution id="98ee3daa-0e40-493d-b6c7-2252b0484440" />
      <TestMethod codeBase="D:\Projects\ModbusLib\Tests\bin\Debug\net9.0\ModbusLib.Tests.dll" adapterTypeName="executor://xunit/VsTestRunner2/netcoreapp" className="ModbusLib.Tests.GenericReadWrite.GenericBasicTests" name="ModbusDataConverter_IntArray_RoundTrip_Success" />
    </UnitTest>
    <UnitTest name="ModbusLib.Tests.Factories.ModbusClientFactoryTests.CreateTcpClient_CustomPortConfiguration_UsesCustomValues" storage="d:\projects\modbuslib\tests\bin\debug\net9.0\modbuslib.tests.dll" id="73cbd55e-cec4-d77d-b305-dea8507979a3">
      <Execution id="2e7addd3-9452-414d-8194-bc88310c5476" />
      <TestMethod codeBase="D:\Projects\ModbusLib\Tests\bin\Debug\net9.0\ModbusLib.Tests.dll" adapterTypeName="executor://xunit/VsTestRunner2/netcoreapp" className="ModbusLib.Tests.Factories.ModbusClientFactoryTests" name="CreateTcpClient_CustomPortConfiguration_UsesCustomValues" />
    </UnitTest>
    <UnitTest name="ModbusLib.Tests.Protocols.RtuProtocolTests.BuildRequest_UnsupportedFunction_ThrowsNotSupportedException" storage="d:\projects\modbuslib\tests\bin\debug\net9.0\modbuslib.tests.dll" id="ed5771a0-9d22-450f-86e5-c81fb0c1a0b6">
      <Execution id="468256f9-7f9a-4d10-bc51-71ffcc87edc4" />
      <TestMethod codeBase="D:\Projects\ModbusLib\Tests\bin\Debug\net9.0\ModbusLib.Tests.dll" adapterTypeName="executor://xunit/VsTestRunner2/netcoreapp" className="ModbusLib.Tests.Protocols.RtuProtocolTests" name="BuildRequest_UnsupportedFunction_ThrowsNotSupportedException" />
    </UnitTest>
    <UnitTest name="ModbusLib.Tests.Factories.ModbusClientFactoryTests.CreateUdpClient_NullConfig_ThrowsArgumentNullException" storage="d:\projects\modbuslib\tests\bin\debug\net9.0\modbuslib.tests.dll" id="9b93db35-af8d-aeaa-7058-8f31c2e28b92">
      <Execution id="9c2d053e-2387-470b-9137-c1dee70e7c4f" />
      <TestMethod codeBase="D:\Projects\ModbusLib\Tests\bin\Debug\net9.0\ModbusLib.Tests.dll" adapterTypeName="executor://xunit/VsTestRunner2/netcoreapp" className="ModbusLib.Tests.Factories.ModbusClientFactoryTests" name="CreateUdpClient_NullConfig_ThrowsArgumentNullException" />
    </UnitTest>
    <UnitTest name="ModbusLib.Tests.GenericReadWrite.ModbusDataConverterTests.ToBytes_DifferentEndianness_DoesNotThrow(endianness: MidLittleEndian)" storage="d:\projects\modbuslib\tests\bin\debug\net9.0\modbuslib.tests.dll" id="dd8bd54d-ea78-2c11-8f51-c4e364aec876">
      <Execution id="6491d490-8fa2-4bdf-94b6-179d70f5884c" />
      <TestMethod codeBase="D:\Projects\ModbusLib\Tests\bin\Debug\net9.0\ModbusLib.Tests.dll" adapterTypeName="executor://xunit/VsTestRunner2/netcoreapp" className="ModbusLib.Tests.GenericReadWrite.ModbusDataConverterTests" name="ToBytes_DifferentEndianness_DoesNotThrow" />
    </UnitTest>
    <UnitTest name="ModbusLib.Tests.Factories.ModbusClientFactoryTests.CreateRtuOverTcpClient_WithHostAndPort_ReturnsRtuOverTcpClient" storage="d:\projects\modbuslib\tests\bin\debug\net9.0\modbuslib.tests.dll" id="08f85264-b865-8405-6766-e01431e27d22">
      <Execution id="703d6ceb-b206-469c-bf94-4143ba7a71e3" />
      <TestMethod codeBase="D:\Projects\ModbusLib\Tests\bin\Debug\net9.0\ModbusLib.Tests.dll" adapterTypeName="executor://xunit/VsTestRunner2/netcoreapp" className="ModbusLib.Tests.Factories.ModbusClientFactoryTests" name="CreateRtuOverTcpClient_WithHostAndPort_ReturnsRtuOverTcpClient" />
    </UnitTest>
    <UnitTest name="ModbusLib.Tests.Protocols.TcpProtocolTests.CalculateExpectedResponseLength_VariousFunctions_CorrectLength(function: WriteMultipleRegisters, quantity: 10, expectedLength: 12)" storage="d:\projects\modbuslib\tests\bin\debug\net9.0\modbuslib.tests.dll" id="52835730-c49c-ecdc-4449-100b3a3a61c3">
      <Execution id="84d7d887-1156-4c98-b888-79dfa2ada803" />
      <TestMethod codeBase="D:\Projects\ModbusLib\Tests\bin\Debug\net9.0\ModbusLib.Tests.dll" adapterTypeName="executor://xunit/VsTestRunner2/netcoreapp" className="ModbusLib.Tests.Protocols.TcpProtocolTests" name="CalculateExpectedResponseLength_VariousFunctions_CorrectLength" />
    </UnitTest>
    <UnitTest name="ModbusLib.Tests.Protocols.TcpProtocolTests.BuildRequest_ReadHoldingRegisters_CorrectFrame" storage="d:\projects\modbuslib\tests\bin\debug\net9.0\modbuslib.tests.dll" id="45d19557-1024-46d5-ff8b-758b9cd77a7c">
      <Execution id="932e73d2-553c-4189-961e-845994309b16" />
      <TestMethod codeBase="D:\Projects\ModbusLib\Tests\bin\Debug\net9.0\ModbusLib.Tests.dll" adapterTypeName="executor://xunit/VsTestRunner2/netcoreapp" className="ModbusLib.Tests.Protocols.TcpProtocolTests" name="BuildRequest_ReadHoldingRegisters_CorrectFrame" />
    </UnitTest>
    <UnitTest name="ModbusLib.Tests.GenericReadWrite.MidLittleEndianTests.ModbusDataConverter_MidLittleEndian_SpecificValues_RoundTrip(testValue: -2023406815)" storage="d:\projects\modbuslib\tests\bin\debug\net9.0\modbuslib.tests.dll" id="ce44a582-1174-21a6-bc71-021f16372844">
      <Execution id="61c3268e-e3f0-4e83-ae82-2c5623265875" />
      <TestMethod codeBase="D:\Projects\ModbusLib\Tests\bin\Debug\net9.0\ModbusLib.Tests.dll" adapterTypeName="executor://xunit/VsTestRunner2/netcoreapp" className="ModbusLib.Tests.GenericReadWrite.MidLittleEndianTests" name="ModbusDataConverter_MidLittleEndian_SpecificValues_RoundTrip" />
    </UnitTest>
    <UnitTest name="ModbusLib.Tests.AdvancedFunctions.ModbusAdvancedTests.ReadWriteMultipleRegistersAsync_InvalidReadQuantity_ThrowsArgumentException(invalidReadQuantity: 0)" storage="d:\projects\modbuslib\tests\bin\debug\net9.0\modbuslib.tests.dll" id="133d7c94-d7e0-b06a-90f4-13ccd45b11a3">
      <Execution id="252ee5da-458a-47fb-a65e-ccf7ebf7ed33" />
      <TestMethod codeBase="D:\Projects\ModbusLib\Tests\bin\Debug\net9.0\ModbusLib.Tests.dll" adapterTypeName="executor://xunit/VsTestRunner2/netcoreapp" className="ModbusLib.Tests.AdvancedFunctions.ModbusAdvancedTests" name="ReadWriteMultipleRegistersAsync_InvalidReadQuantity_ThrowsArgumentException" />
    </UnitTest>
    <UnitTest name="ModbusLib.Tests.GenericReadWrite.GenericPerformanceTests.ModbusDataConverter_LargeByteArray_Performance" storage="d:\projects\modbuslib\tests\bin\debug\net9.0\modbuslib.tests.dll" id="538f0004-ee99-a5dd-43e1-bbb1f30c0e9a">
      <Execution id="cfcffc2d-0107-4ed5-83cd-e4a4bf2441e0" />
      <TestMethod codeBase="D:\Projects\ModbusLib\Tests\bin\Debug\net9.0\ModbusLib.Tests.dll" adapterTypeName="executor://xunit/VsTestRunner2/netcoreapp" className="ModbusLib.Tests.GenericReadWrite.GenericPerformanceTests" name="ModbusDataConverter_LargeByteArray_Performance" />
    </UnitTest>
    <UnitTest name="ModbusLib.Tests.WriteFunctions.ModbusWriteTests.WriteMultipleRegistersAsync_TooManyRegisters_ThrowsArgumentException" storage="d:\projects\modbuslib\tests\bin\debug\net9.0\modbuslib.tests.dll" id="70df8018-c99e-9173-d78b-c512b199be04">
      <Execution id="754e43ab-4ac1-4559-83ff-541f31bdaa4c" />
      <TestMethod codeBase="D:\Projects\ModbusLib\Tests\bin\Debug\net9.0\ModbusLib.Tests.dll" adapterTypeName="executor://xunit/VsTestRunner2/netcoreapp" className="ModbusLib.Tests.WriteFunctions.ModbusWriteTests" name="WriteMultipleRegistersAsync_TooManyRegisters_ThrowsArgumentException" />
    </UnitTest>
    <UnitTest name="ModbusLib.Tests.WriteFunctions.ModbusWriteTests.WriteMultipleCoilsAsync_ValidArray_Success" storage="d:\projects\modbuslib\tests\bin\debug\net9.0\modbuslib.tests.dll" id="603442d0-4240-0d2f-de09-8b1033e58d07">
      <Execution id="92f5b27e-ed34-40b8-926e-2936577cda00" />
      <TestMethod codeBase="D:\Projects\ModbusLib\Tests\bin\Debug\net9.0\ModbusLib.Tests.dll" adapterTypeName="executor://xunit/VsTestRunner2/netcoreapp" className="ModbusLib.Tests.WriteFunctions.ModbusWriteTests" name="WriteMultipleCoilsAsync_ValidArray_Success" />
    </UnitTest>
    <UnitTest name="ModbusLib.Tests.GenericReadWrite.ModbusDataConverterTests.FromBytes_InsufficientData_ThrowsArgumentException" storage="d:\projects\modbuslib\tests\bin\debug\net9.0\modbuslib.tests.dll" id="30113ce5-0efd-56af-6cb4-88b345fe64c1">
      <Execution id="ec8f9996-dd81-4688-a4fe-12f7621fd44f" />
      <TestMethod codeBase="D:\Projects\ModbusLib\Tests\bin\Debug\net9.0\ModbusLib.Tests.dll" adapterTypeName="executor://xunit/VsTestRunner2/netcoreapp" className="ModbusLib.Tests.GenericReadWrite.ModbusDataConverterTests" name="FromBytes_InsufficientData_ThrowsArgumentException" />
    </UnitTest>
    <UnitTest name="ModbusLib.Tests.Protocols.TcpProtocolTests.BuildRequest_TransactionIdWrapAround_HandlesOverflow" storage="d:\projects\modbuslib\tests\bin\debug\net9.0\modbuslib.tests.dll" id="42756bca-c1fd-49c4-b410-21aa1dafc002">
      <Execution id="831ed59e-a1db-4d35-9b6d-a5c5fc815494" />
      <TestMethod codeBase="D:\Projects\ModbusLib\Tests\bin\Debug\net9.0\ModbusLib.Tests.dll" adapterTypeName="executor://xunit/VsTestRunner2/netcoreapp" className="ModbusLib.Tests.Protocols.TcpProtocolTests" name="BuildRequest_TransactionIdWrapAround_HandlesOverflow" />
    </UnitTest>
    <UnitTest name="ModbusLib.Tests.GenericReadWrite.ModbusDataConverterTests.GetRegisterCount_Byte_ReturnsOne" storage="d:\projects\modbuslib\tests\bin\debug\net9.0\modbuslib.tests.dll" id="8b3dea63-f2e0-52e1-2cd2-ccb946472b3f">
      <Execution id="59ab74dc-40fa-44b6-a8b2-2874bfa1a508" />
      <TestMethod codeBase="D:\Projects\ModbusLib\Tests\bin\Debug\net9.0\ModbusLib.Tests.dll" adapterTypeName="executor://xunit/VsTestRunner2/netcoreapp" className="ModbusLib.Tests.GenericReadWrite.ModbusDataConverterTests" name="GetRegisterCount_Byte_ReturnsOne" />
    </UnitTest>
    <UnitTest name="ModbusLib.Tests.ReadFunctions.ModbusReadTests.ReadHoldingRegistersAsync_IncorrectDataLength_ThrowsCommunicationException" storage="d:\projects\modbuslib\tests\bin\debug\net9.0\modbuslib.tests.dll" id="27fab389-0d50-9fb5-929c-7fe8970d2d0e">
      <Execution id="381a6d8b-23c4-49b0-8f0e-094126bb7360" />
      <TestMethod codeBase="D:\Projects\ModbusLib\Tests\bin\Debug\net9.0\ModbusLib.Tests.dll" adapterTypeName="executor://xunit/VsTestRunner2/netcoreapp" className="ModbusLib.Tests.ReadFunctions.ModbusReadTests" name="ReadHoldingRegistersAsync_IncorrectDataLength_ThrowsCommunicationException" />
    </UnitTest>
    <UnitTest name="ModbusLib.Tests.GenericReadWrite.GenericCompatibilityTests.GenericReadWrite_LongTypes_Success(endianness: LittleEndian)" storage="d:\projects\modbuslib\tests\bin\debug\net9.0\modbuslib.tests.dll" id="0f3bf857-2af0-e8e9-e356-472f13eb4907">
      <Execution id="dc3340b0-bc69-452f-ba9b-50e8a825c778" />
      <TestMethod codeBase="D:\Projects\ModbusLib\Tests\bin\Debug\net9.0\ModbusLib.Tests.dll" adapterTypeName="executor://xunit/VsTestRunner2/netcoreapp" className="ModbusLib.Tests.GenericReadWrite.GenericCompatibilityTests" name="GenericReadWrite_LongTypes_Success" />
    </UnitTest>
    <UnitTest name="ModbusLib.Tests.GenericReadWrite.GenericCompatibilityTests.GenericReadWrite_AllBasicTypes_Success(endianness: BigEndian)" storage="d:\projects\modbuslib\tests\bin\debug\net9.0\modbuslib.tests.dll" id="dc2b365f-282a-dbe2-c26a-7ed7e84d6597">
      <Execution id="eccef702-9b41-4939-8928-c39ee330c75e" />
      <TestMethod codeBase="D:\Projects\ModbusLib\Tests\bin\Debug\net9.0\ModbusLib.Tests.dll" adapterTypeName="executor://xunit/VsTestRunner2/netcoreapp" className="ModbusLib.Tests.GenericReadWrite.GenericCompatibilityTests" name="GenericReadWrite_AllBasicTypes_Success" />
    </UnitTest>
    <UnitTest name="ModbusLib.Tests.Protocols.TcpProtocolTests.ParseResponse_InvalidProtocolId_ThrowsException" storage="d:\projects\modbuslib\tests\bin\debug\net9.0\modbuslib.tests.dll" id="fe0666a2-5c4e-6213-2303-52fe12e3dc56">
      <Execution id="064835aa-8622-4795-b508-59be7d47332e" />
      <TestMethod codeBase="D:\Projects\ModbusLib\Tests\bin\Debug\net9.0\ModbusLib.Tests.dll" adapterTypeName="executor://xunit/VsTestRunner2/netcoreapp" className="ModbusLib.Tests.Protocols.TcpProtocolTests" name="ParseResponse_InvalidProtocolId_ThrowsException" />
    </UnitTest>
    <UnitTest name="ModbusLib.Tests.GenericReadWrite.ModbusDataConverterTests.ToBytes_DifferentEndianness_DoesNotThrow(endianness: LittleEndian)" storage="d:\projects\modbuslib\tests\bin\debug\net9.0\modbuslib.tests.dll" id="9c2ff94e-29fc-5987-3a0a-6c8c5be6de7e">
      <Execution id="1dbfa9ce-fae6-424b-ada4-8019017bc877" />
      <TestMethod codeBase="D:\Projects\ModbusLib\Tests\bin\Debug\net9.0\ModbusLib.Tests.dll" adapterTypeName="executor://xunit/VsTestRunner2/netcoreapp" className="ModbusLib.Tests.GenericReadWrite.ModbusDataConverterTests" name="ToBytes_DifferentEndianness_DoesNotThrow" />
    </UnitTest>
    <UnitTest name="ModbusLib.Tests.WriteFunctions.ModbusWriteTests.WriteMultipleRegistersAsync_SpecialValues_Success" storage="d:\projects\modbuslib\tests\bin\debug\net9.0\modbuslib.tests.dll" id="dfc0911b-f1f1-cbce-f7a2-5a0ea82a79d0">
      <Execution id="b88d8daf-f7b5-40c8-a9af-0270b776ba66" />
      <TestMethod codeBase="D:\Projects\ModbusLib\Tests\bin\Debug\net9.0\ModbusLib.Tests.dll" adapterTypeName="executor://xunit/VsTestRunner2/netcoreapp" className="ModbusLib.Tests.WriteFunctions.ModbusWriteTests" name="WriteMultipleRegistersAsync_SpecialValues_Success" />
    </UnitTest>
    <UnitTest name="ModbusLib.Tests.Integration.BasicClientIntegrationTests.ModbusClient_TransportException_PerformsRetry" storage="d:\projects\modbuslib\tests\bin\debug\net9.0\modbuslib.tests.dll" id="fe130ea2-82ec-85f2-3ef4-3c86f94a98ca">
      <Execution id="258370a6-4d28-4d01-aaa9-3cb93ea7d20f" />
      <TestMethod codeBase="D:\Projects\ModbusLib\Tests\bin\Debug\net9.0\ModbusLib.Tests.dll" adapterTypeName="executor://xunit/VsTestRunner2/netcoreapp" className="ModbusLib.Tests.Integration.BasicClientIntegrationTests" name="ModbusClient_TransportException_PerformsRetry" />
    </UnitTest>
    <UnitTest name="ModbusLib.Tests.AdvancedFunctions.ModbusAdvancedTests.ReadWriteMultipleRegistersAsync_EmptyWriteArray_ThrowsArgumentException" storage="d:\projects\modbuslib\tests\bin\debug\net9.0\modbuslib.tests.dll" id="d1a8d4fc-6ddf-af47-aff2-90caeb4ecc53">
      <Execution id="f342edf9-63e1-42a9-981f-f2ebe55a37ca" />
      <TestMethod codeBase="D:\Projects\ModbusLib\Tests\bin\Debug\net9.0\ModbusLib.Tests.dll" adapterTypeName="executor://xunit/VsTestRunner2/netcoreapp" className="ModbusLib.Tests.AdvancedFunctions.ModbusAdvancedTests" name="ReadWriteMultipleRegistersAsync_EmptyWriteArray_ThrowsArgumentException" />
    </UnitTest>
    <UnitTest name="ModbusLib.Tests.GenericReadWrite.GenericReadWriteIntegrationTests.ReadWriteHoldingRegisters_IntArray_Success(endianness: LittleEndian)" storage="d:\projects\modbuslib\tests\bin\debug\net9.0\modbuslib.tests.dll" id="beaedefa-451e-ae2d-1510-99533403595c">
      <Execution id="266260dd-75f6-4617-bf3c-b6eb9095548d" />
      <TestMethod codeBase="D:\Projects\ModbusLib\Tests\bin\Debug\net9.0\ModbusLib.Tests.dll" adapterTypeName="executor://xunit/VsTestRunner2/netcoreapp" className="ModbusLib.Tests.GenericReadWrite.GenericReadWriteIntegrationTests" name="ReadWriteHoldingRegisters_IntArray_Success" />
    </UnitTest>
    <UnitTest name="ModbusLib.Tests.AdvancedFunctions.ModbusAdvancedTests.ReadWriteMultipleRegistersAsync_InvalidReadQuantity_ThrowsArgumentException(invalidReadQuantity: 126)" storage="d:\projects\modbuslib\tests\bin\debug\net9.0\modbuslib.tests.dll" id="eb26f735-083b-8abb-afb0-75616e4f7277">
      <Execution id="d670853e-4027-4812-82ab-2c4b7c228da6" />
      <TestMethod codeBase="D:\Projects\ModbusLib\Tests\bin\Debug\net9.0\ModbusLib.Tests.dll" adapterTypeName="executor://xunit/VsTestRunner2/netcoreapp" className="ModbusLib.Tests.AdvancedFunctions.ModbusAdvancedTests" name="ReadWriteMultipleRegistersAsync_InvalidReadQuantity_ThrowsArgumentException" />
    </UnitTest>
    <UnitTest name="ModbusLib.Tests.GenericReadWrite.GenericReadWriteIntegrationTests.WriteMultipleRegisters_TooManyRegisters_ThrowsArgumentException" storage="d:\projects\modbuslib\tests\bin\debug\net9.0\modbuslib.tests.dll" id="cb025955-a459-54b6-1acf-e70366821ce1">
      <Execution id="14a04ce0-cd9a-4efb-ad5b-a9cec578afc0" />
      <TestMethod codeBase="D:\Projects\ModbusLib\Tests\bin\Debug\net9.0\ModbusLib.Tests.dll" adapterTypeName="executor://xunit/VsTestRunner2/netcoreapp" className="ModbusLib.Tests.GenericReadWrite.GenericReadWriteIntegrationTests" name="WriteMultipleRegisters_TooManyRegisters_ThrowsArgumentException" />
    </UnitTest>
    <UnitTest name="ModbusLib.Tests.GenericReadWrite.GenericCompatibilityTests.GenericReadWrite_SimpleStruct_Success(endianness: MidLittleEndian)" storage="d:\projects\modbuslib\tests\bin\debug\net9.0\modbuslib.tests.dll" id="9044797d-9c8c-3424-a868-4cd6eb8279db">
      <Execution id="f7e69149-d2ad-4bbd-b667-90b06deb4feb" />
      <TestMethod codeBase="D:\Projects\ModbusLib\Tests\bin\Debug\net9.0\ModbusLib.Tests.dll" adapterTypeName="executor://xunit/VsTestRunner2/netcoreapp" className="ModbusLib.Tests.GenericReadWrite.GenericCompatibilityTests" name="GenericReadWrite_SimpleStruct_Success" />
    </UnitTest>
    <UnitTest name="ModbusLib.Tests.Factories.ModbusClientFactoryTests.CreateTcpClient_DefaultPort_Uses502" storage="d:\projects\modbuslib\tests\bin\debug\net9.0\modbuslib.tests.dll" id="4eb13dc4-2ff5-342e-3640-add27cc3693b">
      <Execution id="3bcc7e4d-24c1-425f-b5ff-0d5c84f8e9ad" />
      <TestMethod codeBase="D:\Projects\ModbusLib\Tests\bin\Debug\net9.0\ModbusLib.Tests.dll" adapterTypeName="executor://xunit/VsTestRunner2/netcoreapp" className="ModbusLib.Tests.Factories.ModbusClientFactoryTests" name="CreateTcpClient_DefaultPort_Uses502" />
    </UnitTest>
    <UnitTest name="ModbusLib.Tests.GenericReadWrite.GenericReadWriteIntegrationTests.WriteSingleRegister_UShort_Success" storage="d:\projects\modbuslib\tests\bin\debug\net9.0\modbuslib.tests.dll" id="1ca06f6f-3df2-55f5-9ccd-e23d8eadfe25">
      <Execution id="a9d00e63-db55-4de5-a734-fb165f927a7a" />
      <TestMethod codeBase="D:\Projects\ModbusLib\Tests\bin\Debug\net9.0\ModbusLib.Tests.dll" adapterTypeName="executor://xunit/VsTestRunner2/netcoreapp" className="ModbusLib.Tests.GenericReadWrite.GenericReadWriteIntegrationTests" name="WriteSingleRegister_UShort_Success" />
    </UnitTest>
    <UnitTest name="ModbusLib.Tests.Factories.ModbusClientFactoryTests.CreateClient_TcpTypeWithoutNetworkConfig_ThrowsArgumentNullException" storage="d:\projects\modbuslib\tests\bin\debug\net9.0\modbuslib.tests.dll" id="8dda40ed-2756-612f-a5a6-b9241f6cac60">
      <Execution id="e61300ba-3a1c-4e09-bff3-d797e44f5108" />
      <TestMethod codeBase="D:\Projects\ModbusLib\Tests\bin\Debug\net9.0\ModbusLib.Tests.dll" adapterTypeName="executor://xunit/VsTestRunner2/netcoreapp" className="ModbusLib.Tests.Factories.ModbusClientFactoryTests" name="CreateClient_TcpTypeWithoutNetworkConfig_ThrowsArgumentNullException" />
    </UnitTest>
    <UnitTest name="ModbusLib.Tests.GenericReadWrite.MidLittleEndianTests.ModbusDataConverter_MidLittleEndian_Float_CorrectConversion" storage="d:\projects\modbuslib\tests\bin\debug\net9.0\modbuslib.tests.dll" id="fc2866c7-b6fc-2da5-2cf0-fda29ffde603">
      <Execution id="d939382b-3d54-462f-a3ce-39162d8922bb" />
      <TestMethod codeBase="D:\Projects\ModbusLib\Tests\bin\Debug\net9.0\ModbusLib.Tests.dll" adapterTypeName="executor://xunit/VsTestRunner2/netcoreapp" className="ModbusLib.Tests.GenericReadWrite.MidLittleEndianTests" name="ModbusDataConverter_MidLittleEndian_Float_CorrectConversion" />
    </UnitTest>
    <UnitTest name="ModbusLib.Tests.Protocols.TcpProtocolTests.ParseResponse_ReadHoldingRegistersValid_CorrectParsing" storage="d:\projects\modbuslib\tests\bin\debug\net9.0\modbuslib.tests.dll" id="09e973ba-3892-ed51-4d66-7f01da9f3aa6">
      <Execution id="6522f992-fa80-4a2e-b726-310e1eedbd3f" />
      <TestMethod codeBase="D:\Projects\ModbusLib\Tests\bin\Debug\net9.0\ModbusLib.Tests.dll" adapterTypeName="executor://xunit/VsTestRunner2/netcoreapp" className="ModbusLib.Tests.Protocols.TcpProtocolTests" name="ParseResponse_ReadHoldingRegistersValid_CorrectParsing" />
    </UnitTest>
    <UnitTest name="ModbusLib.Tests.GenericReadWrite.GenericBoundaryTests.ReadHoldingRegisters_ZeroCount_ThrowsArgumentException" storage="d:\projects\modbuslib\tests\bin\debug\net9.0\modbuslib.tests.dll" id="9468bcd1-9c4d-2520-3087-db160c21aa88">
      <Execution id="583a7465-b3ef-48bf-8dd8-fd6d28788bc6" />
      <TestMethod codeBase="D:\Projects\ModbusLib\Tests\bin\Debug\net9.0\ModbusLib.Tests.dll" adapterTypeName="executor://xunit/VsTestRunner2/netcoreapp" className="ModbusLib.Tests.GenericReadWrite.GenericBoundaryTests" name="ReadHoldingRegisters_ZeroCount_ThrowsArgumentException" />
    </UnitTest>
    <UnitTest name="ModbusLib.Tests.Protocols.RtuProtocolTests.ParseResponse_TooShort_ThrowsException" storage="d:\projects\modbuslib\tests\bin\debug\net9.0\modbuslib.tests.dll" id="dafaa681-a454-527a-c688-300ed7e8671e">
      <Execution id="fee68651-69fb-4072-a509-a7167191784d" />
      <TestMethod codeBase="D:\Projects\ModbusLib\Tests\bin\Debug\net9.0\ModbusLib.Tests.dll" adapterTypeName="executor://xunit/VsTestRunner2/netcoreapp" className="ModbusLib.Tests.Protocols.RtuProtocolTests" name="ParseResponse_TooShort_ThrowsException" />
    </UnitTest>
    <UnitTest name="ModbusLib.Tests.GenericReadWrite.GenericCompatibilityTests.GenericReadWrite_MinMaxValues_Success(endianness: LittleEndian)" storage="d:\projects\modbuslib\tests\bin\debug\net9.0\modbuslib.tests.dll" id="1050ab71-4125-915a-5f64-ee1114bab09f">
      <Execution id="917cd993-61b9-4289-a46d-36f5d107ef59" />
      <TestMethod codeBase="D:\Projects\ModbusLib\Tests\bin\Debug\net9.0\ModbusLib.Tests.dll" adapterTypeName="executor://xunit/VsTestRunner2/netcoreapp" className="ModbusLib.Tests.GenericReadWrite.GenericCompatibilityTests" name="GenericReadWrite_MinMaxValues_Success" />
    </UnitTest>
    <UnitTest name="ModbusLib.Tests.Protocols.RtuProtocolTests.BuildRequest_CrcCalculation_ValidChecksum" storage="d:\projects\modbuslib\tests\bin\debug\net9.0\modbuslib.tests.dll" id="b6430163-7d92-10ff-0ae3-1fb83accc6db">
      <Execution id="c073e13b-bc49-4c70-8be1-c6cf93d32d01" />
      <TestMethod codeBase="D:\Projects\ModbusLib\Tests\bin\Debug\net9.0\ModbusLib.Tests.dll" adapterTypeName="executor://xunit/VsTestRunner2/netcoreapp" className="ModbusLib.Tests.Protocols.RtuProtocolTests" name="BuildRequest_CrcCalculation_ValidChecksum" />
    </UnitTest>
    <UnitTest name="ModbusLib.Tests.Protocols.RtuProtocolTests.ParseResponse_ErrorResponse_CorrectErrorParsing" storage="d:\projects\modbuslib\tests\bin\debug\net9.0\modbuslib.tests.dll" id="ff80af3b-aada-39c4-bb07-86060d7d73d1">
      <Execution id="c95ee641-4d4b-4f16-8520-9d543c759906" />
      <TestMethod codeBase="D:\Projects\ModbusLib\Tests\bin\Debug\net9.0\ModbusLib.Tests.dll" adapterTypeName="executor://xunit/VsTestRunner2/netcoreapp" className="ModbusLib.Tests.Protocols.RtuProtocolTests" name="ParseResponse_ErrorResponse_CorrectErrorParsing" />
    </UnitTest>
    <UnitTest name="ModbusLib.Tests.GenericReadWrite.GenericBoundaryTests.GetTotalRegisterCount_EdgeCases_ReturnsCorrectValue(byteCount: 4, expectedRegisters: 2)" storage="d:\projects\modbuslib\tests\bin\debug\net9.0\modbuslib.tests.dll" id="6e02d53f-02e2-bfcd-09e4-9de35f5c4ba8">
      <Execution id="59eefdbc-f59e-4396-928a-c5eac08c38d1" />
      <TestMethod codeBase="D:\Projects\ModbusLib\Tests\bin\Debug\net9.0\ModbusLib.Tests.dll" adapterTypeName="executor://xunit/VsTestRunner2/netcoreapp" className="ModbusLib.Tests.GenericReadWrite.GenericBoundaryTests" name="GetTotalRegisterCount_EdgeCases_ReturnsCorrectValue" />
    </UnitTest>
    <UnitTest name="ModbusLib.Tests.ReadFunctions.ModbusReadTests.ReadHoldingRegistersAsync_MaximumQuantity_Success" storage="d:\projects\modbuslib\tests\bin\debug\net9.0\modbuslib.tests.dll" id="cae0f664-2899-c696-ae20-8d83f3b5a0b5">
      <Execution id="bf81bdf2-1cbe-401e-83d0-e283a40a8c1b" />
      <TestMethod codeBase="D:\Projects\ModbusLib\Tests\bin\Debug\net9.0\ModbusLib.Tests.dll" adapterTypeName="executor://xunit/VsTestRunner2/netcoreapp" className="ModbusLib.Tests.ReadFunctions.ModbusReadTests" name="ReadHoldingRegistersAsync_MaximumQuantity_Success" />
    </UnitTest>
    <UnitTest name="ModbusLib.Tests.Protocols.RtuProtocolTests.CalculateExpectedResponseLength_VariousFunctions_CorrectLength(function: ReadCoils, quantity: 16, expectedLength: 8)" storage="d:\projects\modbuslib\tests\bin\debug\net9.0\modbuslib.tests.dll" id="39f757b8-fe01-1a67-949e-1eccdcd4a617">
      <Execution id="0febed69-f7e1-43e1-bd1d-20b584eab9fe" />
      <TestMethod codeBase="D:\Projects\ModbusLib\Tests\bin\Debug\net9.0\ModbusLib.Tests.dll" adapterTypeName="executor://xunit/VsTestRunner2/netcoreapp" className="ModbusLib.Tests.Protocols.RtuProtocolTests" name="CalculateExpectedResponseLength_VariousFunctions_CorrectLength" />
    </UnitTest>
    <UnitTest name="ModbusLib.Tests.Integration.BasicClientIntegrationTests.ModbusClient_ConnectAfterDispose_ThrowsObjectDisposedException" storage="d:\projects\modbuslib\tests\bin\debug\net9.0\modbuslib.tests.dll" id="8798a339-a1d4-ba0c-60ca-baaf0a58bb07">
      <Execution id="b4cc13f5-47a4-4768-8007-3743a38653ae" />
      <TestMethod codeBase="D:\Projects\ModbusLib\Tests\bin\Debug\net9.0\ModbusLib.Tests.dll" adapterTypeName="executor://xunit/VsTestRunner2/netcoreapp" className="ModbusLib.Tests.Integration.BasicClientIntegrationTests" name="ModbusClient_ConnectAfterDispose_ThrowsObjectDisposedException" />
    </UnitTest>
    <UnitTest name="ModbusLib.Tests.GenericReadWrite.GenericBasicTests.ModbusDataConverter_GetTotalRegisterCount_MultipleElements_ReturnsCorrectValues" storage="d:\projects\modbuslib\tests\bin\debug\net9.0\modbuslib.tests.dll" id="8e5fa42b-80ae-b88e-1733-bfc4eb2c3314">
      <Execution id="ed5e3c3d-53a9-4694-b23a-146e57e2af3e" />
      <TestMethod codeBase="D:\Projects\ModbusLib\Tests\bin\Debug\net9.0\ModbusLib.Tests.dll" adapterTypeName="executor://xunit/VsTestRunner2/netcoreapp" className="ModbusLib.Tests.GenericReadWrite.GenericBasicTests" name="ModbusDataConverter_GetTotalRegisterCount_MultipleElements_ReturnsCorrectValues" />
    </UnitTest>
    <UnitTest name="ModbusLib.Tests.GenericReadWrite.GenericCompatibilityTests.GenericReadWrite_LargeIntArray_Success(endianness: BigEndian)" storage="d:\projects\modbuslib\tests\bin\debug\net9.0\modbuslib.tests.dll" id="c1090cf4-30b9-bd3c-a8b0-ed3abc69cd9d">
      <Execution id="a8dd8b01-3c8a-4c58-8317-daf541428402" />
      <TestMethod codeBase="D:\Projects\ModbusLib\Tests\bin\Debug\net9.0\ModbusLib.Tests.dll" adapterTypeName="executor://xunit/VsTestRunner2/netcoreapp" className="ModbusLib.Tests.GenericReadWrite.GenericCompatibilityTests" name="GenericReadWrite_LargeIntArray_Success" />
    </UnitTest>
    <UnitTest name="ModbusLib.Tests.Protocols.RtuProtocolTests.ParseResponse_ReadCoilsValid_CorrectParsing" storage="d:\projects\modbuslib\tests\bin\debug\net9.0\modbuslib.tests.dll" id="be6195bc-b4d3-0a5e-ace7-d5deca770d84">
      <Execution id="b041ae1f-aa0b-4d9b-bdc1-ab1556e2b346" />
      <TestMethod codeBase="D:\Projects\ModbusLib\Tests\bin\Debug\net9.0\ModbusLib.Tests.dll" adapterTypeName="executor://xunit/VsTestRunner2/netcoreapp" className="ModbusLib.Tests.Protocols.RtuProtocolTests" name="ParseResponse_ReadCoilsValid_CorrectParsing" />
    </UnitTest>
    <UnitTest name="ModbusLib.Tests.Factories.ModbusClientFactoryTests.CreateRtuClient_ValidConfig_ReturnsRtuClient" storage="d:\projects\modbuslib\tests\bin\debug\net9.0\modbuslib.tests.dll" id="23a1f655-7aae-c40d-9ea5-4cb3c5cd6c74">
      <Execution id="6e7a3af5-8bc0-40dc-b3fe-f862e45fd7a1" />
      <TestMethod codeBase="D:\Projects\ModbusLib\Tests\bin\Debug\net9.0\ModbusLib.Tests.dll" adapterTypeName="executor://xunit/VsTestRunner2/netcoreapp" className="ModbusLib.Tests.Factories.ModbusClientFactoryTests" name="CreateRtuClient_ValidConfig_ReturnsRtuClient" />
    </UnitTest>
    <UnitTest name="ModbusLib.Tests.GenericReadWrite.ModbusSpanExtensionsTests.SetLittleEndian_Int_SetsCorrectValue" storage="d:\projects\modbuslib\tests\bin\debug\net9.0\modbuslib.tests.dll" id="d9e1d5fe-d1ea-2e91-cf19-3347b7632135">
      <Execution id="630e3115-af96-4390-bd4a-1362a2aea1af" />
      <TestMethod codeBase="D:\Projects\ModbusLib\Tests\bin\Debug\net9.0\ModbusLib.Tests.dll" adapterTypeName="executor://xunit/VsTestRunner2/netcoreapp" className="ModbusLib.Tests.GenericReadWrite.ModbusSpanExtensionsTests" name="SetLittleEndian_Int_SetsCorrectValue" />
    </UnitTest>
    <UnitTest name="ModbusLib.Tests.GenericReadWrite.GenericBasicTests.ModbusDataConverter_ByteArray_RoundTrip_Success(endianness: MidLittleEndian)" storage="d:\projects\modbuslib\tests\bin\debug\net9.0\modbuslib.tests.dll" id="ebc6d51f-fc0d-9f75-055b-40cbcd471994">
      <Execution id="ed0cc97c-8509-4025-9659-0795b9e175e5" />
      <TestMethod codeBase="D:\Projects\ModbusLib\Tests\bin\Debug\net9.0\ModbusLib.Tests.dll" adapterTypeName="executor://xunit/VsTestRunner2/netcoreapp" className="ModbusLib.Tests.GenericReadWrite.GenericBasicTests" name="ModbusDataConverter_ByteArray_RoundTrip_Success" />
    </UnitTest>
    <UnitTest name="ModbusLib.Tests.Integration.BasicClientIntegrationTests.ModbusClient_DisconnectAsync_UpdatesConnectionState" storage="d:\projects\modbuslib\tests\bin\debug\net9.0\modbuslib.tests.dll" id="685e904f-9e80-2f2f-7314-48b02e6dbfa7">
      <Execution id="cf7cee4e-fe06-4318-a827-012fc6b4a99f" />
      <TestMethod codeBase="D:\Projects\ModbusLib\Tests\bin\Debug\net9.0\ModbusLib.Tests.dll" adapterTypeName="executor://xunit/VsTestRunner2/netcoreapp" className="ModbusLib.Tests.Integration.BasicClientIntegrationTests" name="ModbusClient_DisconnectAsync_UpdatesConnectionState" />
    </UnitTest>
    <UnitTest name="ModbusLib.Tests.ReadFunctions.ModbusReadTests.ReadCoilsAsync_InvalidQuantity_ThrowsArgumentException(invalidQuantity: 0)" storage="d:\projects\modbuslib\tests\bin\debug\net9.0\modbuslib.tests.dll" id="3ca035b8-3046-a80c-191c-564d2fa94ee4">
      <Execution id="c18c78f2-fcba-40f6-b6c2-aba33580e1b8" />
      <TestMethod codeBase="D:\Projects\ModbusLib\Tests\bin\Debug\net9.0\ModbusLib.Tests.dll" adapterTypeName="executor://xunit/VsTestRunner2/netcoreapp" className="ModbusLib.Tests.ReadFunctions.ModbusReadTests" name="ReadCoilsAsync_InvalidQuantity_ThrowsArgumentException" />
    </UnitTest>
    <UnitTest name="ModbusLib.Tests.WriteFunctions.ModbusWriteTests.WriteMultipleRegistersAsync_MaximumQuantity_Success" storage="d:\projects\modbuslib\tests\bin\debug\net9.0\modbuslib.tests.dll" id="d1eaf5b9-0ba1-2487-4922-ad2b28131975">
      <Execution id="b8ea5647-ac7e-4c92-ac54-10a12765ba68" />
      <TestMethod codeBase="D:\Projects\ModbusLib\Tests\bin\Debug\net9.0\ModbusLib.Tests.dll" adapterTypeName="executor://xunit/VsTestRunner2/netcoreapp" className="ModbusLib.Tests.WriteFunctions.ModbusWriteTests" name="WriteMultipleRegistersAsync_MaximumQuantity_Success" />
    </UnitTest>
    <UnitTest name="ModbusLib.Tests.Factories.ModbusClientFactoryTests.CreateRtuOverUdpClient_InvalidHost_ThrowsArgumentException(invalidHost: &quot;&quot;)" storage="d:\projects\modbuslib\tests\bin\debug\net9.0\modbuslib.tests.dll" id="06feb2b3-b200-3412-affb-8dc616000cec">
      <Execution id="7abad85c-4927-49cc-bba4-3ec3783c2f43" />
      <TestMethod codeBase="D:\Projects\ModbusLib\Tests\bin\Debug\net9.0\ModbusLib.Tests.dll" adapterTypeName="executor://xunit/VsTestRunner2/netcoreapp" className="ModbusLib.Tests.Factories.ModbusClientFactoryTests" name="CreateRtuOverUdpClient_InvalidHost_ThrowsArgumentException" />
    </UnitTest>
    <UnitTest name="ModbusLib.Tests.GenericReadWrite.GenericReadWriteIntegrationTests.ReadWriteHoldingRegisters_ByteArray_Success(endianness: BigEndian)" storage="d:\projects\modbuslib\tests\bin\debug\net9.0\modbuslib.tests.dll" id="4c56b31b-5451-9db8-4c2f-e73bf5382456">
      <Execution id="a767398e-d33d-4c8c-8050-24b5aca03632" />
      <TestMethod codeBase="D:\Projects\ModbusLib\Tests\bin\Debug\net9.0\ModbusLib.Tests.dll" adapterTypeName="executor://xunit/VsTestRunner2/netcoreapp" className="ModbusLib.Tests.GenericReadWrite.GenericReadWriteIntegrationTests" name="ReadWriteHoldingRegisters_ByteArray_Success" />
    </UnitTest>
    <UnitTest name="ModbusLib.Tests.Protocols.RtuProtocolTests.BuildRequest_WriteSingleCoilNoData_ThrowsArgumentException" storage="d:\projects\modbuslib\tests\bin\debug\net9.0\modbuslib.tests.dll" id="0a00ec3d-e225-1052-6505-8c2ca3cdc8ae">
      <Execution id="3667739d-9803-44bd-a682-3fd15705e5b4" />
      <TestMethod codeBase="D:\Projects\ModbusLib\Tests\bin\Debug\net9.0\ModbusLib.Tests.dll" adapterTypeName="executor://xunit/VsTestRunner2/netcoreapp" className="ModbusLib.Tests.Protocols.RtuProtocolTests" name="BuildRequest_WriteSingleCoilNoData_ThrowsArgumentException" />
    </UnitTest>
    <UnitTest name="ModbusLib.Tests.Protocols.RtuProtocolTests.BuildRequest_ReadHoldingRegisters_CorrectFrame" storage="d:\projects\modbuslib\tests\bin\debug\net9.0\modbuslib.tests.dll" id="88012b0c-b40b-9f71-5422-c571c645413b">
      <Execution id="54b510dd-176e-42c3-8ee9-5ecdb0cf8891" />
      <TestMethod codeBase="D:\Projects\ModbusLib\Tests\bin\Debug\net9.0\ModbusLib.Tests.dll" adapterTypeName="executor://xunit/VsTestRunner2/netcoreapp" className="ModbusLib.Tests.Protocols.RtuProtocolTests" name="BuildRequest_ReadHoldingRegisters_CorrectFrame" />
    </UnitTest>
    <UnitTest name="ModbusLib.Tests.WriteFunctions.ModbusWriteTests.WriteMultipleCoilsAsync_NullArray_ThrowsArgumentException" storage="d:\projects\modbuslib\tests\bin\debug\net9.0\modbuslib.tests.dll" id="e89e949b-4805-3a31-34aa-beb8bee58424">
      <Execution id="ef2ecaf0-bc40-4565-b8e4-1acb7d0e9ce9" />
      <TestMethod codeBase="D:\Projects\ModbusLib\Tests\bin\Debug\net9.0\ModbusLib.Tests.dll" adapterTypeName="executor://xunit/VsTestRunner2/netcoreapp" className="ModbusLib.Tests.WriteFunctions.ModbusWriteTests" name="WriteMultipleCoilsAsync_NullArray_ThrowsArgumentException" />
    </UnitTest>
    <UnitTest name="ModbusLib.Tests.GenericReadWrite.MidLittleEndianTests.ReadWriteHoldingRegisters_MidLittleEndian_FloatArray_Success" storage="d:\projects\modbuslib\tests\bin\debug\net9.0\modbuslib.tests.dll" id="b730576d-3511-b0b9-40c7-43a83d045e9a">
      <Execution id="2e5d087d-f76f-4ec4-8dd2-86c4c46f9ea1" />
      <TestMethod codeBase="D:\Projects\ModbusLib\Tests\bin\Debug\net9.0\ModbusLib.Tests.dll" adapterTypeName="executor://xunit/VsTestRunner2/netcoreapp" className="ModbusLib.Tests.GenericReadWrite.MidLittleEndianTests" name="ReadWriteHoldingRegisters_MidLittleEndian_FloatArray_Success" />
    </UnitTest>
    <UnitTest name="ModbusLib.Tests.GenericReadWrite.GenericReadWriteIntegrationTests.ReadWriteHoldingRegisters_IntArray_Success(endianness: BigEndian)" storage="d:\projects\modbuslib\tests\bin\debug\net9.0\modbuslib.tests.dll" id="8a9d9ece-271a-0583-c809-303d0bc7cb7c">
      <Execution id="a4617376-77cf-4a10-9c78-5f7fe398e760" />
      <TestMethod codeBase="D:\Projects\ModbusLib\Tests\bin\Debug\net9.0\ModbusLib.Tests.dll" adapterTypeName="executor://xunit/VsTestRunner2/netcoreapp" className="ModbusLib.Tests.GenericReadWrite.GenericReadWriteIntegrationTests" name="ReadWriteHoldingRegisters_IntArray_Success" />
    </UnitTest>
    <UnitTest name="ModbusLib.Tests.GenericReadWrite.MidLittleEndianTests.ModbusDataConverter_MidLittleEndian_SpecificValues_RoundTrip(testValue: -1)" storage="d:\projects\modbuslib\tests\bin\debug\net9.0\modbuslib.tests.dll" id="cd53719c-f457-1076-db69-656e217f61d4">
      <Execution id="e484b02c-56fe-4980-8e5a-985e5c599fd9" />
      <TestMethod codeBase="D:\Projects\ModbusLib\Tests\bin\Debug\net9.0\ModbusLib.Tests.dll" adapterTypeName="executor://xunit/VsTestRunner2/netcoreapp" className="ModbusLib.Tests.GenericReadWrite.MidLittleEndianTests" name="ModbusDataConverter_MidLittleEndian_SpecificValues_RoundTrip" />
    </UnitTest>
    <UnitTest name="ModbusLib.Tests.GenericReadWrite.GenericBoundaryTests.WriteMultipleRegisters_EmptyArray_ThrowsArgumentException" storage="d:\projects\modbuslib\tests\bin\debug\net9.0\modbuslib.tests.dll" id="c12094e4-2901-27c5-211e-8fc0182268f6">
      <Execution id="01c774ab-7fe7-43fd-9fa9-196dc1869e8e" />
      <TestMethod codeBase="D:\Projects\ModbusLib\Tests\bin\Debug\net9.0\ModbusLib.Tests.dll" adapterTypeName="executor://xunit/VsTestRunner2/netcoreapp" className="ModbusLib.Tests.GenericReadWrite.GenericBoundaryTests" name="WriteMultipleRegisters_EmptyArray_ThrowsArgumentException" />
    </UnitTest>
    <UnitTest name="ModbusLib.Tests.GenericReadWrite.GenericBoundaryTests.ModbusDataConverter_NullArray_ThrowsException" storage="d:\projects\modbuslib\tests\bin\debug\net9.0\modbuslib.tests.dll" id="8ca15d71-a3a7-982c-c385-57d6e8597813">
      <Execution id="3c3b1df9-2b44-4f2d-83b0-943d563fb45d" />
      <TestMethod codeBase="D:\Projects\ModbusLib\Tests\bin\Debug\net9.0\ModbusLib.Tests.dll" adapterTypeName="executor://xunit/VsTestRunner2/netcoreapp" className="ModbusLib.Tests.GenericReadWrite.GenericBoundaryTests" name="ModbusDataConverter_NullArray_ThrowsException" />
    </UnitTest>
    <UnitTest name="ModbusLib.Tests.Protocols.RtuProtocolTests.ValidateResponse_TooShort_ReturnsFalse" storage="d:\projects\modbuslib\tests\bin\debug\net9.0\modbuslib.tests.dll" id="7657b361-07cf-356b-f804-e231ea48865b">
      <Execution id="56874162-168e-462f-8259-6b2d80a8f399" />
      <TestMethod codeBase="D:\Projects\ModbusLib\Tests\bin\Debug\net9.0\ModbusLib.Tests.dll" adapterTypeName="executor://xunit/VsTestRunner2/netcoreapp" className="ModbusLib.Tests.Protocols.RtuProtocolTests" name="ValidateResponse_TooShort_ReturnsFalse" />
    </UnitTest>
    <UnitTest name="ModbusLib.Tests.GenericReadWrite.MidLittleEndianTests.ModbusDataConverter_MidLittleEndian_SpecificValues_RoundTrip(testValue: 0)" storage="d:\projects\modbuslib\tests\bin\debug\net9.0\modbuslib.tests.dll" id="495e0a1d-55b0-9e1b-7082-9beb8d31f296">
      <Execution id="1330f694-18ce-442b-8c8b-4ccc837a765b" />
      <TestMethod codeBase="D:\Projects\ModbusLib\Tests\bin\Debug\net9.0\ModbusLib.Tests.dll" adapterTypeName="executor://xunit/VsTestRunner2/netcoreapp" className="ModbusLib.Tests.GenericReadWrite.MidLittleEndianTests" name="ModbusDataConverter_MidLittleEndian_SpecificValues_RoundTrip" />
    </UnitTest>
    <UnitTest name="ModbusLib.Tests.GenericReadWrite.GenericBoundaryTests.GetTotalRegisterCount_NegativeCount_ReturnsZero" storage="d:\projects\modbuslib\tests\bin\debug\net9.0\modbuslib.tests.dll" id="41d6de66-f560-2ebe-5918-3666aecdd3d2">
      <Execution id="467ac7ec-8303-46e9-a101-2ba570f9cb32" />
      <TestMethod codeBase="D:\Projects\ModbusLib\Tests\bin\Debug\net9.0\ModbusLib.Tests.dll" adapterTypeName="executor://xunit/VsTestRunner2/netcoreapp" className="ModbusLib.Tests.GenericReadWrite.GenericBoundaryTests" name="GetTotalRegisterCount_NegativeCount_ReturnsZero" />
    </UnitTest>
    <UnitTest name="ModbusLib.Tests.Integration.BasicClientIntegrationTests.ModbusClient_NonRetryableException_DoesNotRetry" storage="d:\projects\modbuslib\tests\bin\debug\net9.0\modbuslib.tests.dll" id="a31fa52f-6533-bbc6-5bd5-a60d53feef1d">
      <Execution id="eecf2dac-20d6-4605-b4cd-314ae0f7ee57" />
      <TestMethod codeBase="D:\Projects\ModbusLib\Tests\bin\Debug\net9.0\ModbusLib.Tests.dll" adapterTypeName="executor://xunit/VsTestRunner2/netcoreapp" className="ModbusLib.Tests.Integration.BasicClientIntegrationTests" name="ModbusClient_NonRetryableException_DoesNotRetry" />
    </UnitTest>
    <UnitTest name="ModbusLib.Tests.GenericReadWrite.GenericBasicTests.ModbusDataConverter_IntArray_RoundTrip_Success(endianness: LittleEndian)" storage="d:\projects\modbuslib\tests\bin\debug\net9.0\modbuslib.tests.dll" id="9368d1c1-8bd0-243e-21ab-c0cf65825690">
      <Execution id="65d75c24-38c1-45dd-9144-82324f21c2f5" />
      <TestMethod codeBase="D:\Projects\ModbusLib\Tests\bin\Debug\net9.0\ModbusLib.Tests.dll" adapterTypeName="executor://xunit/VsTestRunner2/netcoreapp" className="ModbusLib.Tests.GenericReadWrite.GenericBasicTests" name="ModbusDataConverter_IntArray_RoundTrip_Success" />
    </UnitTest>
    <UnitTest name="ModbusLib.Tests.GenericReadWrite.ModbusSpanExtensionsTests.GetLittleEndian_Byte_ReturnsCorrectValue" storage="d:\projects\modbuslib\tests\bin\debug\net9.0\modbuslib.tests.dll" id="f8ce6604-431a-ec4a-d048-c4a9e33558ea">
      <Execution id="933a871c-5b77-4bd0-92ff-5104cf08e21b" />
      <TestMethod codeBase="D:\Projects\ModbusLib\Tests\bin\Debug\net9.0\ModbusLib.Tests.dll" adapterTypeName="executor://xunit/VsTestRunner2/netcoreapp" className="ModbusLib.Tests.GenericReadWrite.ModbusSpanExtensionsTests" name="GetLittleEndian_Byte_ReturnsCorrectValue" />
    </UnitTest>
    <UnitTest name="ModbusLib.Tests.Factories.ModbusClientFactoryTests.CreateClient_AllTypesImplementIModbusClient_Success" storage="d:\projects\modbuslib\tests\bin\debug\net9.0\modbuslib.tests.dll" id="096e3a7f-0dd5-4f1a-e2e4-ed34da62a142">
      <Execution id="83c608df-9593-4d02-8b0f-2db81f1f3b62" />
      <TestMethod codeBase="D:\Projects\ModbusLib\Tests\bin\Debug\net9.0\ModbusLib.Tests.dll" adapterTypeName="executor://xunit/VsTestRunner2/netcoreapp" className="ModbusLib.Tests.Factories.ModbusClientFactoryTests" name="CreateClient_AllTypesImplementIModbusClient_Success" />
    </UnitTest>
    <UnitTest name="ModbusLib.Tests.GenericReadWrite.ModbusDataConverterTests.GetRegisterCount_UShort_ReturnsOne" storage="d:\projects\modbuslib\tests\bin\debug\net9.0\modbuslib.tests.dll" id="6a829240-af31-53f6-eb16-e247bb834346">
      <Execution id="a7eee7d0-5ff1-4ec8-8e6d-0dae5d83c82c" />
      <TestMethod codeBase="D:\Projects\ModbusLib\Tests\bin\Debug\net9.0\ModbusLib.Tests.dll" adapterTypeName="executor://xunit/VsTestRunner2/netcoreapp" className="ModbusLib.Tests.GenericReadWrite.ModbusDataConverterTests" name="GetRegisterCount_UShort_ReturnsOne" />
    </UnitTest>
    <UnitTest name="ModbusLib.Tests.GenericReadWrite.GenericBoundaryTests.WriteMultipleRegisters_ExactlyAtLimit_Success" storage="d:\projects\modbuslib\tests\bin\debug\net9.0\modbuslib.tests.dll" id="9e9689cc-34ba-37a8-6b2e-21fb400dc28f">
      <Execution id="4e5def42-9016-4e86-846e-bb2627975eb8" />
      <TestMethod codeBase="D:\Projects\ModbusLib\Tests\bin\Debug\net9.0\ModbusLib.Tests.dll" adapterTypeName="executor://xunit/VsTestRunner2/netcoreapp" className="ModbusLib.Tests.GenericReadWrite.GenericBoundaryTests" name="WriteMultipleRegisters_ExactlyAtLimit_Success" />
    </UnitTest>
    <UnitTest name="ModbusLib.Tests.Factories.ModbusClientFactoryTests.CreateTcpClient_InvalidHost_ThrowsArgumentException(invalidHost: &quot;&quot;)" storage="d:\projects\modbuslib\tests\bin\debug\net9.0\modbuslib.tests.dll" id="3d6ab73d-df9a-36bc-1fde-58fd4b2e0996">
      <Execution id="d752bc86-cc24-4d78-ac21-9dd86154bcbd" />
      <TestMethod codeBase="D:\Projects\ModbusLib\Tests\bin\Debug\net9.0\ModbusLib.Tests.dll" adapterTypeName="executor://xunit/VsTestRunner2/netcoreapp" className="ModbusLib.Tests.Factories.ModbusClientFactoryTests" name="CreateTcpClient_InvalidHost_ThrowsArgumentException" />
    </UnitTest>
    <UnitTest name="ModbusLib.Tests.Factories.ModbusClientFactoryTests.CreateTcpClient_InvalidHost_ThrowsArgumentException(invalidHost: &quot;null&quot;)" storage="d:\projects\modbuslib\tests\bin\debug\net9.0\modbuslib.tests.dll" id="e00946a9-f36b-c156-204a-517e9373fad4">
      <Execution id="1b4936fb-a1a6-4d92-910c-26f4e6f682b9" />
      <TestMethod codeBase="D:\Projects\ModbusLib\Tests\bin\Debug\net9.0\ModbusLib.Tests.dll" adapterTypeName="executor://xunit/VsTestRunner2/netcoreapp" className="ModbusLib.Tests.Factories.ModbusClientFactoryTests" name="CreateTcpClient_InvalidHost_ThrowsArgumentException" />
    </UnitTest>
    <UnitTest name="ModbusLib.Tests.AdvancedFunctions.ModbusAdvancedTests.ReadWriteMultipleRegistersAsync_ErrorResponse_ThrowsModbusException" storage="d:\projects\modbuslib\tests\bin\debug\net9.0\modbuslib.tests.dll" id="9202b02e-4e92-02c8-af8a-52cd6337ffb8">
      <Execution id="cd37d571-37b7-43b7-91fc-ca64160e3c61" />
      <TestMethod codeBase="D:\Projects\ModbusLib\Tests\bin\Debug\net9.0\ModbusLib.Tests.dll" adapterTypeName="executor://xunit/VsTestRunner2/netcoreapp" className="ModbusLib.Tests.AdvancedFunctions.ModbusAdvancedTests" name="ReadWriteMultipleRegistersAsync_ErrorResponse_ThrowsModbusException" />
    </UnitTest>
    <UnitTest name="ModbusLib.Tests.GenericReadWrite.GenericCompatibilityTests.GenericReadWrite_FloatingPointTypes_Success(endianness: LittleEndian)" storage="d:\projects\modbuslib\tests\bin\debug\net9.0\modbuslib.tests.dll" id="d3b241b4-d26c-b88e-d386-547294979303">
      <Execution id="9df56bf4-ee00-4c12-ba4d-dfca4ed1778c" />
      <TestMethod codeBase="D:\Projects\ModbusLib\Tests\bin\Debug\net9.0\ModbusLib.Tests.dll" adapterTypeName="executor://xunit/VsTestRunner2/netcoreapp" className="ModbusLib.Tests.GenericReadWrite.GenericCompatibilityTests" name="GenericReadWrite_FloatingPointTypes_Success" />
    </UnitTest>
    <UnitTest name="ModbusLib.Tests.ReadFunctions.ModbusReadTests.ReadHoldingRegistersAsync_InvalidQuantity_ThrowsArgumentException(invalidQuantity: 0)" storage="d:\projects\modbuslib\tests\bin\debug\net9.0\modbuslib.tests.dll" id="0e2568b6-f8d3-13b8-fdc8-7e8fee2587d9">
      <Execution id="27fa1036-aeab-4fda-9c8c-76cbe513eecc" />
      <TestMethod codeBase="D:\Projects\ModbusLib\Tests\bin\Debug\net9.0\ModbusLib.Tests.dll" adapterTypeName="executor://xunit/VsTestRunner2/netcoreapp" className="ModbusLib.Tests.ReadFunctions.ModbusReadTests" name="ReadHoldingRegistersAsync_InvalidQuantity_ThrowsArgumentException" />
    </UnitTest>
    <UnitTest name="ModbusLib.Tests.AdvancedFunctions.ModbusAdvancedTests.ReadWriteMultipleRegistersAsync_ComplexScenario_DataIntegrity" storage="d:\projects\modbuslib\tests\bin\debug\net9.0\modbuslib.tests.dll" id="654579d2-c34c-02f8-1418-da9b3bcfeb8d">
      <Execution id="54e02622-735b-48a7-b9db-bf49d1dd3a14" />
      <TestMethod codeBase="D:\Projects\ModbusLib\Tests\bin\Debug\net9.0\ModbusLib.Tests.dll" adapterTypeName="executor://xunit/VsTestRunner2/netcoreapp" className="ModbusLib.Tests.AdvancedFunctions.ModbusAdvancedTests" name="ReadWriteMultipleRegistersAsync_ComplexScenario_DataIntegrity" />
    </UnitTest>
    <UnitTest name="ModbusLib.Tests.WriteFunctions.ModbusWriteTests.WriteMultipleRegistersAsync_DataConversion_CorrectByteArray" storage="d:\projects\modbuslib\tests\bin\debug\net9.0\modbuslib.tests.dll" id="403bee57-2f12-40c4-a674-baab9ae18e23">
      <Execution id="ce82eaa1-ac72-469e-8b95-32b67f48d170" />
      <TestMethod codeBase="D:\Projects\ModbusLib\Tests\bin\Debug\net9.0\ModbusLib.Tests.dll" adapterTypeName="executor://xunit/VsTestRunner2/netcoreapp" className="ModbusLib.Tests.WriteFunctions.ModbusWriteTests" name="WriteMultipleRegistersAsync_DataConversion_CorrectByteArray" />
    </UnitTest>
    <UnitTest name="ModbusLib.Tests.Factories.ModbusClientFactoryTests.CreateTcpClient_NullConfig_ThrowsArgumentNullException" storage="d:\projects\modbuslib\tests\bin\debug\net9.0\modbuslib.tests.dll" id="ad850256-3bde-7d3b-221c-64f79c39dad7">
      <Execution id="b537a357-83ae-4c09-ac02-17ae1de8b23b" />
      <TestMethod codeBase="D:\Projects\ModbusLib\Tests\bin\Debug\net9.0\ModbusLib.Tests.dll" adapterTypeName="executor://xunit/VsTestRunner2/netcoreapp" className="ModbusLib.Tests.Factories.ModbusClientFactoryTests" name="CreateTcpClient_NullConfig_ThrowsArgumentNullException" />
    </UnitTest>
    <UnitTest name="ModbusLib.Tests.Protocols.TcpProtocolTests.ParseResponse_IncompleteData_ThrowsException" storage="d:\projects\modbuslib\tests\bin\debug\net9.0\modbuslib.tests.dll" id="b0fbfedf-366f-9756-9006-372749629945">
      <Execution id="a23a3972-221f-4457-b9a7-74014c521f11" />
      <TestMethod codeBase="D:\Projects\ModbusLib\Tests\bin\Debug\net9.0\ModbusLib.Tests.dll" adapterTypeName="executor://xunit/VsTestRunner2/netcoreapp" className="ModbusLib.Tests.Protocols.TcpProtocolTests" name="ParseResponse_IncompleteData_ThrowsException" />
    </UnitTest>
    <UnitTest name="ModbusLib.Tests.GenericReadWrite.GenericCompatibilityTests.GenericReadWrite_MinMaxValues_Success(endianness: BigEndian)" storage="d:\projects\modbuslib\tests\bin\debug\net9.0\modbuslib.tests.dll" id="958979d9-0df3-6f8c-df54-578dede5de02">
      <Execution id="921b8ef9-b6dc-478a-87e7-964648c8647b" />
      <TestMethod codeBase="D:\Projects\ModbusLib\Tests\bin\Debug\net9.0\ModbusLib.Tests.dll" adapterTypeName="executor://xunit/VsTestRunner2/netcoreapp" className="ModbusLib.Tests.GenericReadWrite.GenericCompatibilityTests" name="GenericReadWrite_MinMaxValues_Success" />
    </UnitTest>
    <UnitTest name="ModbusLib.Tests.GenericReadWrite.GenericBasicTests.ModbusSpanExtensions_LittleEndian_BasicOperations_Success" storage="d:\projects\modbuslib\tests\bin\debug\net9.0\modbuslib.tests.dll" id="58ada9db-68d6-1834-14ca-5929551f8944">
      <Execution id="58a7e327-4b87-49ff-9bdd-caea0990496a" />
      <TestMethod codeBase="D:\Projects\ModbusLib\Tests\bin\Debug\net9.0\ModbusLib.Tests.dll" adapterTypeName="executor://xunit/VsTestRunner2/netcoreapp" className="ModbusLib.Tests.GenericReadWrite.GenericBasicTests" name="ModbusSpanExtensions_LittleEndian_BasicOperations_Success" />
    </UnitTest>
    <UnitTest name="ModbusLib.Tests.AdvancedFunctions.ModbusAdvancedTests.ReadWriteMultipleRegistersAsync_NullWriteArray_ThrowsArgumentException" storage="d:\projects\modbuslib\tests\bin\debug\net9.0\modbuslib.tests.dll" id="209d6141-e3fa-a04f-2aed-f81406a6d556">
      <Execution id="fc5e19c4-9a87-43d1-90d6-4381dc08f8bc" />
      <TestMethod codeBase="D:\Projects\ModbusLib\Tests\bin\Debug\net9.0\ModbusLib.Tests.dll" adapterTypeName="executor://xunit/VsTestRunner2/netcoreapp" className="ModbusLib.Tests.AdvancedFunctions.ModbusAdvancedTests" name="ReadWriteMultipleRegistersAsync_NullWriteArray_ThrowsArgumentException" />
    </UnitTest>
    <UnitTest name="ModbusLib.Tests.GenericReadWrite.GenericPerformanceTests.ModbusDataConverter_DifferentEndianness_Performance(endianness: LittleEndian)" storage="d:\projects\modbuslib\tests\bin\debug\net9.0\modbuslib.tests.dll" id="f67c8813-8427-2ce9-569d-56e04b3520a9">
      <Execution id="abe079d5-8c3f-47bd-ae05-2e4ea6e2e415" />
      <TestMethod codeBase="D:\Projects\ModbusLib\Tests\bin\Debug\net9.0\ModbusLib.Tests.dll" adapterTypeName="executor://xunit/VsTestRunner2/netcoreapp" className="ModbusLib.Tests.GenericReadWrite.GenericPerformanceTests" name="ModbusDataConverter_DifferentEndianness_Performance" />
    </UnitTest>
    <UnitTest name="ModbusLib.Tests.GenericReadWrite.GenericBasicTests.ModbusDataConverter_GetRegisterCount_BasicTypes_ReturnsCorrectValues" storage="d:\projects\modbuslib\tests\bin\debug\net9.0\modbuslib.tests.dll" id="e4c70c11-f753-2e0a-3a5a-f84b66962643">
      <Execution id="fe718526-94a1-4dab-9664-944f1ec0bae8" />
      <TestMethod codeBase="D:\Projects\ModbusLib\Tests\bin\Debug\net9.0\ModbusLib.Tests.dll" adapterTypeName="executor://xunit/VsTestRunner2/netcoreapp" className="ModbusLib.Tests.GenericReadWrite.GenericBasicTests" name="ModbusDataConverter_GetRegisterCount_BasicTypes_ReturnsCorrectValues" />
    </UnitTest>
    <UnitTest name="ModbusLib.Tests.Factories.ModbusClientFactoryTests.CreateRtuOverTcpClient_NullConfig_ThrowsArgumentNullException" storage="d:\projects\modbuslib\tests\bin\debug\net9.0\modbuslib.tests.dll" id="bf7d4585-2c52-56a8-0161-c02d78a936b7">
      <Execution id="cee94ba2-69bf-495e-bc02-3dd20ea490bf" />
      <TestMethod codeBase="D:\Projects\ModbusLib\Tests\bin\Debug\net9.0\ModbusLib.Tests.dll" adapterTypeName="executor://xunit/VsTestRunner2/netcoreapp" className="ModbusLib.Tests.Factories.ModbusClientFactoryTests" name="CreateRtuOverTcpClient_NullConfig_ThrowsArgumentNullException" />
    </UnitTest>
    <UnitTest name="ModbusLib.Tests.Protocols.RtuProtocolTests.ValidateResponse_InvalidCrc_ReturnsFalse" storage="d:\projects\modbuslib\tests\bin\debug\net9.0\modbuslib.tests.dll" id="248ac818-6d18-9119-af87-56a53a9749df">
      <Execution id="6f86d471-e480-4001-abae-87d9da027b5d" />
      <TestMethod codeBase="D:\Projects\ModbusLib\Tests\bin\Debug\net9.0\ModbusLib.Tests.dll" adapterTypeName="executor://xunit/VsTestRunner2/netcoreapp" className="ModbusLib.Tests.Protocols.RtuProtocolTests" name="ValidateResponse_InvalidCrc_ReturnsFalse" />
    </UnitTest>
    <UnitTest name="ModbusLib.Tests.Protocols.TcpProtocolTests.BuildRequest_UnsupportedFunction_ThrowsNotSupportedException" storage="d:\projects\modbuslib\tests\bin\debug\net9.0\modbuslib.tests.dll" id="0fce7aac-8681-2e72-91dd-26b943894d6f">
      <Execution id="6d559ddf-2897-4ac8-9091-e6e20dd10400" />
      <TestMethod codeBase="D:\Projects\ModbusLib\Tests\bin\Debug\net9.0\ModbusLib.Tests.dll" adapterTypeName="executor://xunit/VsTestRunner2/netcoreapp" className="ModbusLib.Tests.Protocols.TcpProtocolTests" name="BuildRequest_UnsupportedFunction_ThrowsNotSupportedException" />
    </UnitTest>
    <UnitTest name="ModbusLib.Tests.Factories.ModbusClientFactoryTests.CreateRtuClient_CustomSerialConfiguration_UsesCustomValues" storage="d:\projects\modbuslib\tests\bin\debug\net9.0\modbuslib.tests.dll" id="27f13a69-c4aa-6e02-91c7-6f01c5545c8b">
      <Execution id="16e7b53c-a354-4be3-b43b-f4be422b810c" />
      <TestMethod codeBase="D:\Projects\ModbusLib\Tests\bin\Debug\net9.0\ModbusLib.Tests.dll" adapterTypeName="executor://xunit/VsTestRunner2/netcoreapp" className="ModbusLib.Tests.Factories.ModbusClientFactoryTests" name="CreateRtuClient_CustomSerialConfiguration_UsesCustomValues" />
    </UnitTest>
    <UnitTest name="ModbusLib.Tests.ReadFunctions.ModbusReadTests.ReadDiscreteInputsAsync_InsufficientResponseData_ThrowsCommunicationException" storage="d:\projects\modbuslib\tests\bin\debug\net9.0\modbuslib.tests.dll" id="1bf10a64-e4ed-626f-6603-08a7e395a786">
      <Execution id="ff1d79ec-5ffb-4fcb-9f12-91d490365f9d" />
      <TestMethod codeBase="D:\Projects\ModbusLib\Tests\bin\Debug\net9.0\ModbusLib.Tests.dll" adapterTypeName="executor://xunit/VsTestRunner2/netcoreapp" className="ModbusLib.Tests.ReadFunctions.ModbusReadTests" name="ReadDiscreteInputsAsync_InsufficientResponseData_ThrowsCommunicationException" />
    </UnitTest>
    <UnitTest name="ModbusLib.Tests.Factories.ModbusClientFactoryTests.CreateUdpClient_WithHostAndPort_ReturnsUdpClient" storage="d:\projects\modbuslib\tests\bin\debug\net9.0\modbuslib.tests.dll" id="5a80ff61-9584-39b6-93ce-84b7c6c6be80">
      <Execution id="616d26b0-3706-4dd1-8ca3-1555d955fb64" />
      <TestMethod codeBase="D:\Projects\ModbusLib\Tests\bin\Debug\net9.0\ModbusLib.Tests.dll" adapterTypeName="executor://xunit/VsTestRunner2/netcoreapp" className="ModbusLib.Tests.Factories.ModbusClientFactoryTests" name="CreateUdpClient_WithHostAndPort_ReturnsUdpClient" />
    </UnitTest>
    <UnitTest name="ModbusLib.Tests.GenericReadWrite.ModbusDataConverterTests.GetRegisterCount_Double_ReturnsFour" storage="d:\projects\modbuslib\tests\bin\debug\net9.0\modbuslib.tests.dll" id="651b206a-ee4e-c462-0c23-35e418a25369">
      <Execution id="c35c9985-c776-4125-a203-02e8874dbaec" />
      <TestMethod codeBase="D:\Projects\ModbusLib\Tests\bin\Debug\net9.0\ModbusLib.Tests.dll" adapterTypeName="executor://xunit/VsTestRunner2/netcoreapp" className="ModbusLib.Tests.GenericReadWrite.ModbusDataConverterTests" name="GetRegisterCount_Double_ReturnsFour" />
    </UnitTest>
    <UnitTest name="ModbusLib.Tests.Integration.BasicClientIntegrationTests.FactoryCreateClients_HasCorrectInitialState" storage="d:\projects\modbuslib\tests\bin\debug\net9.0\modbuslib.tests.dll" id="7446bf5f-f528-ce00-cb21-653ece4f9e84">
      <Execution id="a9178404-39d3-4e63-a9d0-70fc08542f21" />
      <TestMethod codeBase="D:\Projects\ModbusLib\Tests\bin\Debug\net9.0\ModbusLib.Tests.dll" adapterTypeName="executor://xunit/VsTestRunner2/netcoreapp" className="ModbusLib.Tests.Integration.BasicClientIntegrationTests" name="FactoryCreateClients_HasCorrectInitialState" />
    </UnitTest>
    <UnitTest name="ModbusLib.Tests.Integration.BasicClientIntegrationTests.ModbusClient_SimpleReadOperation_Success" storage="d:\projects\modbuslib\tests\bin\debug\net9.0\modbuslib.tests.dll" id="3dee866c-7afc-631e-e15a-c1ac0697476f">
      <Execution id="89ec5c08-3007-499c-8a25-c54c6e7ec46f" />
      <TestMethod codeBase="D:\Projects\ModbusLib\Tests\bin\Debug\net9.0\ModbusLib.Tests.dll" adapterTypeName="executor://xunit/VsTestRunner2/netcoreapp" className="ModbusLib.Tests.Integration.BasicClientIntegrationTests" name="ModbusClient_SimpleReadOperation_Success" />
    </UnitTest>
    <UnitTest name="ModbusLib.Tests.Factories.ModbusClientFactoryTests.CreateRtuOverUdpClient_WithHostAndPort_ReturnsRtuOverUdpClient" storage="d:\projects\modbuslib\tests\bin\debug\net9.0\modbuslib.tests.dll" id="55af9da8-d813-fb3d-3a35-eea6bafa3235">
      <Execution id="55ccf296-f127-47c2-bb86-28e206b51848" />
      <TestMethod codeBase="D:\Projects\ModbusLib\Tests\bin\Debug\net9.0\ModbusLib.Tests.dll" adapterTypeName="executor://xunit/VsTestRunner2/netcoreapp" className="ModbusLib.Tests.Factories.ModbusClientFactoryTests" name="CreateRtuOverUdpClient_WithHostAndPort_ReturnsRtuOverUdpClient" />
    </UnitTest>
    <UnitTest name="ModbusLib.Tests.GenericReadWrite.GenericCompatibilityTests.GenericReadWrite_ComplexStruct_Success(endianness: LittleEndian)" storage="d:\projects\modbuslib\tests\bin\debug\net9.0\modbuslib.tests.dll" id="dc3d199e-afb1-cbd5-4fdf-b0a86561d0d0">
      <Execution id="cb6765de-4a79-44a9-ae2d-ab1f9f762197" />
      <TestMethod codeBase="D:\Projects\ModbusLib\Tests\bin\Debug\net9.0\ModbusLib.Tests.dll" adapterTypeName="executor://xunit/VsTestRunner2/netcoreapp" className="ModbusLib.Tests.GenericReadWrite.GenericCompatibilityTests" name="GenericReadWrite_ComplexStruct_Success" />
    </UnitTest>
    <UnitTest name="ModbusLib.Tests.Factories.ModbusClientFactoryTests.CreateRtuOverUdpClient_NullConfig_ThrowsArgumentNullException" storage="d:\projects\modbuslib\tests\bin\debug\net9.0\modbuslib.tests.dll" id="19a38a7b-3cb8-4d1b-b0e8-8f162f211dfe">
      <Execution id="3fd3d02a-7982-4ee3-9f1b-6b4a06c32432" />
      <TestMethod codeBase="D:\Projects\ModbusLib\Tests\bin\Debug\net9.0\ModbusLib.Tests.dll" adapterTypeName="executor://xunit/VsTestRunner2/netcoreapp" className="ModbusLib.Tests.Factories.ModbusClientFactoryTests" name="CreateRtuOverUdpClient_NullConfig_ThrowsArgumentNullException" />
    </UnitTest>
    <UnitTest name="ModbusLib.Tests.WriteFunctions.ModbusWriteTests.WriteSingleRegisterAsync_DataFormat_BigEndian" storage="d:\projects\modbuslib\tests\bin\debug\net9.0\modbuslib.tests.dll" id="9f2eda9e-2213-b382-6502-d334776b57f5">
      <Execution id="f48eae4b-5432-4683-8e8a-88d669327c98" />
      <TestMethod codeBase="D:\Projects\ModbusLib\Tests\bin\Debug\net9.0\ModbusLib.Tests.dll" adapterTypeName="executor://xunit/VsTestRunner2/netcoreapp" className="ModbusLib.Tests.WriteFunctions.ModbusWriteTests" name="WriteSingleRegisterAsync_DataFormat_BigEndian" />
    </UnitTest>
    <UnitTest name="ModbusLib.Tests.Integration.BasicClientIntegrationTests.FactoryCreateClients_AllTypes_ImplementsIModbusClient" storage="d:\projects\modbuslib\tests\bin\debug\net9.0\modbuslib.tests.dll" id="329dd99a-08c5-453c-4dc0-70fd7d658d3f">
      <Execution id="0615b800-cdd9-415b-bada-a630cd08b0fd" />
      <TestMethod codeBase="D:\Projects\ModbusLib\Tests\bin\Debug\net9.0\ModbusLib.Tests.dll" adapterTypeName="executor://xunit/VsTestRunner2/netcoreapp" className="ModbusLib.Tests.Integration.BasicClientIntegrationTests" name="FactoryCreateClients_AllTypes_ImplementsIModbusClient" />
    </UnitTest>
    <UnitTest name="ModbusLib.Tests.GenericReadWrite.GenericReadWriteIntegrationTests.ReadWriteHoldingRegisters_ByteArray_Success(endianness: LittleEndian)" storage="d:\projects\modbuslib\tests\bin\debug\net9.0\modbuslib.tests.dll" id="0e71cae7-d978-1827-11f0-7e63c544f905">
      <Execution id="71f2be8b-eb7b-437d-899c-e81e2ca5c0f5" />
      <TestMethod codeBase="D:\Projects\ModbusLib\Tests\bin\Debug\net9.0\ModbusLib.Tests.dll" adapterTypeName="executor://xunit/VsTestRunner2/netcoreapp" className="ModbusLib.Tests.GenericReadWrite.GenericReadWriteIntegrationTests" name="ReadWriteHoldingRegisters_ByteArray_Success" />
    </UnitTest>
    <UnitTest name="ModbusLib.Tests.GenericReadWrite.ModbusDataConverterTests.GetTotalRegisterCount_MultipleBytes_ReturnsCorrectCount" storage="d:\projects\modbuslib\tests\bin\debug\net9.0\modbuslib.tests.dll" id="a182dddd-532c-210a-d604-4bb0b18c5889">
      <Execution id="37b48074-cb01-4443-884b-63cfb566dce9" />
      <TestMethod codeBase="D:\Projects\ModbusLib\Tests\bin\Debug\net9.0\ModbusLib.Tests.dll" adapterTypeName="executor://xunit/VsTestRunner2/netcoreapp" className="ModbusLib.Tests.GenericReadWrite.ModbusDataConverterTests" name="GetTotalRegisterCount_MultipleBytes_ReturnsCorrectCount" />
    </UnitTest>
    <UnitTest name="ModbusLib.Tests.Integration.BasicClientIntegrationTests.ModbusClient_ReadWriteSequence_Success" storage="d:\projects\modbuslib\tests\bin\debug\net9.0\modbuslib.tests.dll" id="87a6c832-fa22-2c71-5ed6-8fb3a953f944">
      <Execution id="fa696e9d-4827-4b4a-8d9d-5c7faa8e7bb8" />
      <TestMethod codeBase="D:\Projects\ModbusLib\Tests\bin\Debug\net9.0\ModbusLib.Tests.dll" adapterTypeName="executor://xunit/VsTestRunner2/netcoreapp" className="ModbusLib.Tests.Integration.BasicClientIntegrationTests" name="ModbusClient_ReadWriteSequence_Success" />
    </UnitTest>
    <UnitTest name="ModbusLib.Tests.Protocols.TcpProtocolTests.CalculateExpectedResponseLength_VariousFunctions_CorrectLength(function: ReadCoils, quantity: 8, expectedLength: 10)" storage="d:\projects\modbuslib\tests\bin\debug\net9.0\modbuslib.tests.dll" id="c5c730f3-477e-908d-4794-ac4fb3959f88">
      <Execution id="e06e441a-4de1-41f4-9087-95516812b4db" />
      <TestMethod codeBase="D:\Projects\ModbusLib\Tests\bin\Debug\net9.0\ModbusLib.Tests.dll" adapterTypeName="executor://xunit/VsTestRunner2/netcoreapp" className="ModbusLib.Tests.Protocols.TcpProtocolTests" name="CalculateExpectedResponseLength_VariousFunctions_CorrectLength" />
    </UnitTest>
    <UnitTest name="ModbusLib.Tests.ReadFunctions.ModbusReadTests.ReadCoilsAsync_ValidRequest_ReturnsCorrectBoolArray" storage="d:\projects\modbuslib\tests\bin\debug\net9.0\modbuslib.tests.dll" id="f0d19d6c-a235-b919-f14a-67af0cd779b9">
      <Execution id="7d5b5fff-8d49-4c42-8169-d0160d6cf675" />
      <TestMethod codeBase="D:\Projects\ModbusLib\Tests\bin\Debug\net9.0\ModbusLib.Tests.dll" adapterTypeName="executor://xunit/VsTestRunner2/netcoreapp" className="ModbusLib.Tests.ReadFunctions.ModbusReadTests" name="ReadCoilsAsync_ValidRequest_ReturnsCorrectBoolArray" />
    </UnitTest>
    <UnitTest name="ModbusLib.Tests.Protocols.RtuProtocolTests.CalculateExpectedResponseLength_VariousFunctions_CorrectLength(function: WriteMultipleCoils, quantity: 16, expectedLength: 8)" storage="d:\projects\modbuslib\tests\bin\debug\net9.0\modbuslib.tests.dll" id="00121893-fae9-7800-e625-81491e89df62">
      <Execution id="879e7a47-8944-4c3d-9c11-fab6aa5e5654" />
      <TestMethod codeBase="D:\Projects\ModbusLib\Tests\bin\Debug\net9.0\ModbusLib.Tests.dll" adapterTypeName="executor://xunit/VsTestRunner2/netcoreapp" className="ModbusLib.Tests.Protocols.RtuProtocolTests" name="CalculateExpectedResponseLength_VariousFunctions_CorrectLength" />
    </UnitTest>
    <UnitTest name="ModbusLib.Tests.Factories.ModbusClientFactoryTests.CreateClient_UdpType_ReturnsUdpClient" storage="d:\projects\modbuslib\tests\bin\debug\net9.0\modbuslib.tests.dll" id="59837421-7c29-6523-99d3-74bbfe8fe9c4">
      <Execution id="7bf6d53e-1fba-4a4d-aead-a7ab6d93fa13" />
      <TestMethod codeBase="D:\Projects\ModbusLib\Tests\bin\Debug\net9.0\ModbusLib.Tests.dll" adapterTypeName="executor://xunit/VsTestRunner2/netcoreapp" className="ModbusLib.Tests.Factories.ModbusClientFactoryTests" name="CreateClient_UdpType_ReturnsUdpClient" />
    </UnitTest>
    <UnitTest name="ModbusLib.Tests.GenericReadWrite.MidLittleEndianTests.ModbusDataConverter_MidLittleEndian_MultipleInts_CorrectConversion" storage="d:\projects\modbuslib\tests\bin\debug\net9.0\modbuslib.tests.dll" id="fbf5835f-821d-7808-b9c2-590bbf4fd361">
      <Execution id="79495bf5-309d-4d6d-b85a-d49a3443e250" />
      <TestMethod codeBase="D:\Projects\ModbusLib\Tests\bin\Debug\net9.0\ModbusLib.Tests.dll" adapterTypeName="executor://xunit/VsTestRunner2/netcoreapp" className="ModbusLib.Tests.GenericReadWrite.MidLittleEndianTests" name="ModbusDataConverter_MidLittleEndian_MultipleInts_CorrectConversion" />
    </UnitTest>
    <UnitTest name="ModbusLib.Tests.AdvancedFunctions.ModbusAdvancedTests.ReadWriteMultipleRegistersAsync_ValidRequest_ReturnsCorrectData" storage="d:\projects\modbuslib\tests\bin\debug\net9.0\modbuslib.tests.dll" id="18398a06-33e8-2b21-e4ca-cebe64b64a9d">
      <Execution id="ff3be777-f9c5-4ad3-9c8c-bdfee59c8560" />
      <TestMethod codeBase="D:\Projects\ModbusLib\Tests\bin\Debug\net9.0\ModbusLib.Tests.dll" adapterTypeName="executor://xunit/VsTestRunner2/netcoreapp" className="ModbusLib.Tests.AdvancedFunctions.ModbusAdvancedTests" name="ReadWriteMultipleRegistersAsync_ValidRequest_ReturnsCorrectData" />
    </UnitTest>
    <UnitTest name="ModbusLib.Tests.GenericReadWrite.GenericBoundaryTests.ModbusDataConverter_FromBytes_NullBytes_ThrowsException" storage="d:\projects\modbuslib\tests\bin\debug\net9.0\modbuslib.tests.dll" id="51a99ef4-6872-0274-7ab4-c35de7791465">
      <Execution id="8499f001-e48f-4cf1-a183-9a965637f1fc" />
      <TestMethod codeBase="D:\Projects\ModbusLib\Tests\bin\Debug\net9.0\ModbusLib.Tests.dll" adapterTypeName="executor://xunit/VsTestRunner2/netcoreapp" className="ModbusLib.Tests.GenericReadWrite.GenericBoundaryTests" name="ModbusDataConverter_FromBytes_NullBytes_ThrowsException" />
    </UnitTest>
    <UnitTest name="ModbusLib.Tests.GenericReadWrite.ModbusDataConverterTests.ToBytes_ByteArray_ReturnsCorrectBytes(input: [18, 52], endianness: BigEndian)" storage="d:\projects\modbuslib\tests\bin\debug\net9.0\modbuslib.tests.dll" id="ab9324e8-e308-9d2f-bd4d-ae968494b7c6">
      <Execution id="0f3a7c60-8bd9-4e2d-b16f-e05759183a0a" />
      <TestMethod codeBase="D:\Projects\ModbusLib\Tests\bin\Debug\net9.0\ModbusLib.Tests.dll" adapterTypeName="executor://xunit/VsTestRunner2/netcoreapp" className="ModbusLib.Tests.GenericReadWrite.ModbusDataConverterTests" name="ToBytes_ByteArray_ReturnsCorrectBytes" />
    </UnitTest>
    <UnitTest name="ModbusLib.Tests.Factories.ModbusClientFactoryTests.CreateRtuOverUdpClient_DefaultPort_Uses502" storage="d:\projects\modbuslib\tests\bin\debug\net9.0\modbuslib.tests.dll" id="89a31d53-4c9f-77b4-d065-200a82c0ca28">
      <Execution id="5886045a-3993-4577-a704-9fc60dea3ea8" />
      <TestMethod codeBase="D:\Projects\ModbusLib\Tests\bin\Debug\net9.0\ModbusLib.Tests.dll" adapterTypeName="executor://xunit/VsTestRunner2/netcoreapp" className="ModbusLib.Tests.Factories.ModbusClientFactoryTests" name="CreateRtuOverUdpClient_DefaultPort_Uses502" />
    </UnitTest>
    <UnitTest name="ModbusLib.Tests.GenericReadWrite.GenericReadWriteIntegrationTests.ReadWriteHoldingRegisters_FloatArray_Success(endianness: LittleEndian)" storage="d:\projects\modbuslib\tests\bin\debug\net9.0\modbuslib.tests.dll" id="8d201825-38aa-2f79-311d-aac08c678c23">
      <Execution id="56ebc50e-d732-497b-b677-29b41336c920" />
      <TestMethod codeBase="D:\Projects\ModbusLib\Tests\bin\Debug\net9.0\ModbusLib.Tests.dll" adapterTypeName="executor://xunit/VsTestRunner2/netcoreapp" className="ModbusLib.Tests.GenericReadWrite.GenericReadWriteIntegrationTests" name="ReadWriteHoldingRegisters_FloatArray_Success" />
    </UnitTest>
    <UnitTest name="ModbusLib.Tests.ReadFunctions.ModbusReadTests.ReadHoldingRegistersAsync_ValidRequest_ReturnsCorrectUshortArray" storage="d:\projects\modbuslib\tests\bin\debug\net9.0\modbuslib.tests.dll" id="08ce0394-0022-a791-0e39-e526c4a2c84b">
      <Execution id="83d619fe-83a9-4f78-a877-30475ae8766f" />
      <TestMethod codeBase="D:\Projects\ModbusLib\Tests\bin\Debug\net9.0\ModbusLib.Tests.dll" adapterTypeName="executor://xunit/VsTestRunner2/netcoreapp" className="ModbusLib.Tests.ReadFunctions.ModbusReadTests" name="ReadHoldingRegistersAsync_ValidRequest_ReturnsCorrectUshortArray" />
    </UnitTest>
    <UnitTest name="ModbusLib.Tests.GenericReadWrite.ModbusDataConverterTests.ToBytes_IntArray_BigEndian_ReturnsCorrectBytes" storage="d:\projects\modbuslib\tests\bin\debug\net9.0\modbuslib.tests.dll" id="89a7b90f-02fb-041d-45cf-b578460823ab">
      <Execution id="daf59519-2086-481d-a4d7-95f83d817fb3" />
      <TestMethod codeBase="D:\Projects\ModbusLib\Tests\bin\Debug\net9.0\ModbusLib.Tests.dll" adapterTypeName="executor://xunit/VsTestRunner2/netcoreapp" className="ModbusLib.Tests.GenericReadWrite.ModbusDataConverterTests" name="ToBytes_IntArray_BigEndian_ReturnsCorrectBytes" />
    </UnitTest>
    <UnitTest name="ModbusLib.Tests.Factories.ModbusClientFactoryTests.CreateUdpClient_InvalidHost_ThrowsArgumentException(invalidHost: &quot;null&quot;)" storage="d:\projects\modbuslib\tests\bin\debug\net9.0\modbuslib.tests.dll" id="559ab82a-3a29-7f27-83ff-33f8cde7d489">
      <Execution id="d38077d4-6f1e-4977-a69c-2e1d900e4ba6" />
      <TestMethod codeBase="D:\Projects\ModbusLib\Tests\bin\Debug\net9.0\ModbusLib.Tests.dll" adapterTypeName="executor://xunit/VsTestRunner2/netcoreapp" className="ModbusLib.Tests.Factories.ModbusClientFactoryTests" name="CreateUdpClient_InvalidHost_ThrowsArgumentException" />
    </UnitTest>
    <UnitTest name="ModbusLib.Tests.Integration.BasicClientIntegrationTests.ModbusClient_ExceedsMaxRetries_ThrowsException" storage="d:\projects\modbuslib\tests\bin\debug\net9.0\modbuslib.tests.dll" id="2f33949c-1e1d-c6a6-f96d-5181b890b05f">
      <Execution id="c747c158-d32c-40b6-8991-90d36a7184d1" />
      <TestMethod codeBase="D:\Projects\ModbusLib\Tests\bin\Debug\net9.0\ModbusLib.Tests.dll" adapterTypeName="executor://xunit/VsTestRunner2/netcoreapp" className="ModbusLib.Tests.Integration.BasicClientIntegrationTests" name="ModbusClient_ExceedsMaxRetries_ThrowsException" />
    </UnitTest>
    <UnitTest name="ModbusLib.Tests.Protocols.RtuProtocolTests.CalculateExpectedResponseLength_VariousFunctions_CorrectLength(function: ReadInputRegisters, quantity: 5, expectedLength: 16)" storage="d:\projects\modbuslib\tests\bin\debug\net9.0\modbuslib.tests.dll" id="01050945-7bda-ec74-1335-fb66aec21182">
      <Execution id="f08589a3-23af-44b0-bf6c-72c1d07a1c44" />
      <TestMethod codeBase="D:\Projects\ModbusLib\Tests\bin\Debug\net9.0\ModbusLib.Tests.dll" adapterTypeName="executor://xunit/VsTestRunner2/netcoreapp" className="ModbusLib.Tests.Protocols.RtuProtocolTests" name="CalculateExpectedResponseLength_VariousFunctions_CorrectLength" />
    </UnitTest>
    <UnitTest name="ModbusLib.Tests.GenericReadWrite.MidLittleEndianTests.ModbusDataConverter_MidLittleEndian_SingleInt_CorrectConversion" storage="d:\projects\modbuslib\tests\bin\debug\net9.0\modbuslib.tests.dll" id="65e99711-f80f-73bf-6f3b-6d486d208589">
      <Execution id="09e6d042-ea1d-441f-be6d-309afe7ca611" />
      <TestMethod codeBase="D:\Projects\ModbusLib\Tests\bin\Debug\net9.0\ModbusLib.Tests.dll" adapterTypeName="executor://xunit/VsTestRunner2/netcoreapp" className="ModbusLib.Tests.GenericReadWrite.MidLittleEndianTests" name="ModbusDataConverter_MidLittleEndian_SingleInt_CorrectConversion" />
    </UnitTest>
    <UnitTest name="ModbusLib.Tests.GenericReadWrite.GenericBoundaryTests.ModbusDataConverter_MaxArraySize_DoesNotThrow" storage="d:\projects\modbuslib\tests\bin\debug\net9.0\modbuslib.tests.dll" id="dff63d3a-1505-e84f-3447-f077f05c0952">
      <Execution id="3b9a7939-0d5e-4e74-a54e-5c08fcb8f44b" />
      <TestMethod codeBase="D:\Projects\ModbusLib\Tests\bin\Debug\net9.0\ModbusLib.Tests.dll" adapterTypeName="executor://xunit/VsTestRunner2/netcoreapp" className="ModbusLib.Tests.GenericReadWrite.GenericBoundaryTests" name="ModbusDataConverter_MaxArraySize_DoesNotThrow" />
    </UnitTest>
    <UnitTest name="ModbusLib.Tests.Protocols.TcpProtocolTests.CalculateExpectedResponseLength_VariousFunctions_CorrectLength(function: ReadInputRegisters, quantity: 5, expectedLength: 19)" storage="d:\projects\modbuslib\tests\bin\debug\net9.0\modbuslib.tests.dll" id="5539426a-4319-04a9-da9b-164e240dc5d1">
      <Execution id="f10d108d-7839-4e6d-8fdb-e9a8f043ebe7" />
      <TestMethod codeBase="D:\Projects\ModbusLib\Tests\bin\Debug\net9.0\ModbusLib.Tests.dll" adapterTypeName="executor://xunit/VsTestRunner2/netcoreapp" className="ModbusLib.Tests.Protocols.TcpProtocolTests" name="CalculateExpectedResponseLength_VariousFunctions_CorrectLength" />
    </UnitTest>
    <UnitTest name="ModbusLib.Tests.WriteFunctions.ModbusWriteTests.WriteSingleRegisterAsync_ValidValues_Success(value: 0)" storage="d:\projects\modbuslib\tests\bin\debug\net9.0\modbuslib.tests.dll" id="2ebaf4ca-13bb-015d-d298-f9863d2df474">
      <Execution id="293b3fa0-6f23-4b99-b61a-16ca26aac8a9" />
      <TestMethod codeBase="D:\Projects\ModbusLib\Tests\bin\Debug\net9.0\ModbusLib.Tests.dll" adapterTypeName="executor://xunit/VsTestRunner2/netcoreapp" className="ModbusLib.Tests.WriteFunctions.ModbusWriteTests" name="WriteSingleRegisterAsync_ValidValues_Success" />
    </UnitTest>
    <UnitTest name="ModbusLib.Tests.Protocols.TcpProtocolTests.ValidateResponse_IncorrectLength_ReturnsFalse" storage="d:\projects\modbuslib\tests\bin\debug\net9.0\modbuslib.tests.dll" id="ac474067-67a2-ea6c-3f6d-8fbb15309754">
      <Execution id="e0755c11-c6b6-48b3-93b5-272a93f8c2d8" />
      <TestMethod codeBase="D:\Projects\ModbusLib\Tests\bin\Debug\net9.0\ModbusLib.Tests.dll" adapterTypeName="executor://xunit/VsTestRunner2/netcoreapp" className="ModbusLib.Tests.Protocols.TcpProtocolTests" name="ValidateResponse_IncorrectLength_ReturnsFalse" />
    </UnitTest>
    <UnitTest name="ModbusLib.Tests.Protocols.RtuProtocolTests.BuildRequest_WriteMultipleCoilsNoData_ThrowsArgumentException" storage="d:\projects\modbuslib\tests\bin\debug\net9.0\modbuslib.tests.dll" id="d61bed47-100f-3ad6-938f-6e3e38af6bb2">
      <Execution id="a87223cc-1a49-452b-93fd-bcca7d22f2d0" />
      <TestMethod codeBase="D:\Projects\ModbusLib\Tests\bin\Debug\net9.0\ModbusLib.Tests.dll" adapterTypeName="executor://xunit/VsTestRunner2/netcoreapp" className="ModbusLib.Tests.Protocols.RtuProtocolTests" name="BuildRequest_WriteMultipleCoilsNoData_ThrowsArgumentException" />
    </UnitTest>
    <UnitTest name="ModbusLib.Tests.GenericReadWrite.ModbusDataConverterTests.GetRegisterCount_Float_ReturnsTwo" storage="d:\projects\modbuslib\tests\bin\debug\net9.0\modbuslib.tests.dll" id="3156a273-6caa-7e6b-43d5-4f73feb17192">
      <Execution id="17e4aa05-c18a-4b7e-a7b2-ac36453c77a2" />
      <TestMethod codeBase="D:\Projects\ModbusLib\Tests\bin\Debug\net9.0\ModbusLib.Tests.dll" adapterTypeName="executor://xunit/VsTestRunner2/netcoreapp" className="ModbusLib.Tests.GenericReadWrite.ModbusDataConverterTests" name="GetRegisterCount_Float_ReturnsTwo" />
    </UnitTest>
    <UnitTest name="ModbusLib.Tests.Integration.BasicClientIntegrationTests.ModbusClient_OperationAfterDispose_ThrowsObjectDisposedException" storage="d:\projects\modbuslib\tests\bin\debug\net9.0\modbuslib.tests.dll" id="fbe89eb3-03ca-f64e-ec71-3473e97d1bcb">
      <Execution id="901e9212-c55b-4675-a5d5-1057673b18df" />
      <TestMethod codeBase="D:\Projects\ModbusLib\Tests\bin\Debug\net9.0\ModbusLib.Tests.dll" adapterTypeName="executor://xunit/VsTestRunner2/netcoreapp" className="ModbusLib.Tests.Integration.BasicClientIntegrationTests" name="ModbusClient_OperationAfterDispose_ThrowsObjectDisposedException" />
    </UnitTest>
    <UnitTest name="ModbusLib.Tests.GenericReadWrite.GenericBoundaryTests.ReadInputRegisters_ZeroCount_ThrowsArgumentException" storage="d:\projects\modbuslib\tests\bin\debug\net9.0\modbuslib.tests.dll" id="f2a77da2-7160-19ba-963d-931ff5b43e62">
      <Execution id="b6a552e9-ad74-415c-bda2-49831542f4ac" />
      <TestMethod codeBase="D:\Projects\ModbusLib\Tests\bin\Debug\net9.0\ModbusLib.Tests.dll" adapterTypeName="executor://xunit/VsTestRunner2/netcoreapp" className="ModbusLib.Tests.GenericReadWrite.GenericBoundaryTests" name="ReadInputRegisters_ZeroCount_ThrowsArgumentException" />
    </UnitTest>
    <UnitTest name="ModbusLib.Tests.Protocols.TcpProtocolTests.ValidateResponse_InvalidProtocolId_ReturnsFalse" storage="d:\projects\modbuslib\tests\bin\debug\net9.0\modbuslib.tests.dll" id="6b51df92-44ef-badf-cf1f-ac70fe206287">
      <Execution id="d4c34715-e0e7-4942-ba99-1728d2a3be04" />
      <TestMethod codeBase="D:\Projects\ModbusLib\Tests\bin\Debug\net9.0\ModbusLib.Tests.dll" adapterTypeName="executor://xunit/VsTestRunner2/netcoreapp" className="ModbusLib.Tests.Protocols.TcpProtocolTests" name="ValidateResponse_InvalidProtocolId_ReturnsFalse" />
    </UnitTest>
    <UnitTest name="ModbusLib.Tests.ReadFunctions.ModbusReadTests.ReadCoilsAsync_ErrorResponse_ThrowsModbusException" storage="d:\projects\modbuslib\tests\bin\debug\net9.0\modbuslib.tests.dll" id="661bd3bd-5171-63b9-04cc-1acb45224e71">
      <Execution id="02a7f625-3749-4a09-bc96-2ad5018bd857" />
      <TestMethod codeBase="D:\Projects\ModbusLib\Tests\bin\Debug\net9.0\ModbusLib.Tests.dll" adapterTypeName="executor://xunit/VsTestRunner2/netcoreapp" className="ModbusLib.Tests.ReadFunctions.ModbusReadTests" name="ReadCoilsAsync_ErrorResponse_ThrowsModbusException" />
    </UnitTest>
    <UnitTest name="ModbusLib.Tests.ReadFunctions.ModbusReadTests.ReadCoilsAsync_MaximumQuantity_Success" storage="d:\projects\modbuslib\tests\bin\debug\net9.0\modbuslib.tests.dll" id="5340c7c7-84b4-b162-91e9-15576dc434f3">
      <Execution id="a0249ecb-1207-447f-a991-f2dab6bb23f7" />
      <TestMethod codeBase="D:\Projects\ModbusLib\Tests\bin\Debug\net9.0\ModbusLib.Tests.dll" adapterTypeName="executor://xunit/VsTestRunner2/netcoreapp" className="ModbusLib.Tests.ReadFunctions.ModbusReadTests" name="ReadCoilsAsync_MaximumQuantity_Success" />
    </UnitTest>
    <UnitTest name="ModbusLib.Tests.GenericReadWrite.GenericBasicTests.ModbusDataConverter_IntArray_RoundTrip_Success(endianness: MidLittleEndian)" storage="d:\projects\modbuslib\tests\bin\debug\net9.0\modbuslib.tests.dll" id="e1fd49fd-77b1-eb01-64ca-819ab2864cc2">
      <Execution id="1e7b41b5-bb18-4488-9ab5-4739e6dc3685" />
      <TestMethod codeBase="D:\Projects\ModbusLib\Tests\bin\Debug\net9.0\ModbusLib.Tests.dll" adapterTypeName="executor://xunit/VsTestRunner2/netcoreapp" className="ModbusLib.Tests.GenericReadWrite.GenericBasicTests" name="ModbusDataConverter_IntArray_RoundTrip_Success" />
    </UnitTest>
    <UnitTest name="ModbusLib.Tests.GenericReadWrite.GenericCompatibilityTests.GenericReadWrite_SimpleStruct_Success(endianness: BigEndian)" storage="d:\projects\modbuslib\tests\bin\debug\net9.0\modbuslib.tests.dll" id="e64c78af-bdf8-eade-ba6f-8a58466f5896">
      <Execution id="8342ab33-7c2d-412d-ba34-5b5f9cbb89cc" />
      <TestMethod codeBase="D:\Projects\ModbusLib\Tests\bin\Debug\net9.0\ModbusLib.Tests.dll" adapterTypeName="executor://xunit/VsTestRunner2/netcoreapp" className="ModbusLib.Tests.GenericReadWrite.GenericCompatibilityTests" name="GenericReadWrite_SimpleStruct_Success" />
    </UnitTest>
    <UnitTest name="ModbusLib.Tests.GenericReadWrite.GenericCompatibilityTests.GenericReadWrite_AllBasicTypes_Success(endianness: LittleEndian)" storage="d:\projects\modbuslib\tests\bin\debug\net9.0\modbuslib.tests.dll" id="f9201b2e-ecbc-c112-55af-2f274b6b8878">
      <Execution id="be17d00b-226c-4202-a55f-c041e020cf4c" />
      <TestMethod codeBase="D:\Projects\ModbusLib\Tests\bin\Debug\net9.0\ModbusLib.Tests.dll" adapterTypeName="executor://xunit/VsTestRunner2/netcoreapp" className="ModbusLib.Tests.GenericReadWrite.GenericCompatibilityTests" name="GenericReadWrite_AllBasicTypes_Success" />
    </UnitTest>
    <UnitTest name="ModbusLib.Tests.GenericReadWrite.GenericBasicTests.ModbusSpanExtensions_BasicOperations_Success" storage="d:\projects\modbuslib\tests\bin\debug\net9.0\modbuslib.tests.dll" id="4d783bd1-938b-73d2-6049-6da0ba2807a1">
      <Execution id="8da5e857-c430-4fee-9183-c77fe3006667" />
      <TestMethod codeBase="D:\Projects\ModbusLib\Tests\bin\Debug\net9.0\ModbusLib.Tests.dll" adapterTypeName="executor://xunit/VsTestRunner2/netcoreapp" className="ModbusLib.Tests.GenericReadWrite.GenericBasicTests" name="ModbusSpanExtensions_BasicOperations_Success" />
    </UnitTest>
    <UnitTest name="ModbusLib.Tests.GenericReadWrite.GenericCompatibilityTests.GenericReadWrite_FloatingPointTypes_Success(endianness: MidLittleEndian)" storage="d:\projects\modbuslib\tests\bin\debug\net9.0\modbuslib.tests.dll" id="9e8a4ca9-be10-24c8-96e0-6a6aa1cb1f36">
      <Execution id="c34b904f-7939-4000-8b11-b59acd2798b3" />
      <TestMethod codeBase="D:\Projects\ModbusLib\Tests\bin\Debug\net9.0\ModbusLib.Tests.dll" adapterTypeName="executor://xunit/VsTestRunner2/netcoreapp" className="ModbusLib.Tests.GenericReadWrite.GenericCompatibilityTests" name="GenericReadWrite_FloatingPointTypes_Success" />
    </UnitTest>
    <UnitTest name="ModbusLib.Tests.Protocols.RtuProtocolTests.BuildRequest_ReadCoils_CorrectFrame" storage="d:\projects\modbuslib\tests\bin\debug\net9.0\modbuslib.tests.dll" id="976b27cb-0653-d89f-97ed-6cc94391ff87">
      <Execution id="2e9d5fb6-27fb-4967-8dc5-c633d131b031" />
      <TestMethod codeBase="D:\Projects\ModbusLib\Tests\bin\Debug\net9.0\ModbusLib.Tests.dll" adapterTypeName="executor://xunit/VsTestRunner2/netcoreapp" className="ModbusLib.Tests.Protocols.RtuProtocolTests" name="BuildRequest_ReadCoils_CorrectFrame" />
    </UnitTest>
    <UnitTest name="ModbusLib.Tests.Protocols.TcpProtocolTests.ParseResponse_ReadCoilsValid_CorrectParsing" storage="d:\projects\modbuslib\tests\bin\debug\net9.0\modbuslib.tests.dll" id="5543e054-5ff1-ff3a-4672-4a392f0d9085">
      <Execution id="416becdf-7ad2-43e5-9cf8-8d5c027cf518" />
      <TestMethod codeBase="D:\Projects\ModbusLib\Tests\bin\Debug\net9.0\ModbusLib.Tests.dll" adapterTypeName="executor://xunit/VsTestRunner2/netcoreapp" className="ModbusLib.Tests.Protocols.TcpProtocolTests" name="ParseResponse_ReadCoilsValid_CorrectParsing" />
    </UnitTest>
    <UnitTest name="ModbusLib.Tests.Factories.ModbusClientFactoryTests.CreateRtuOverUdpClient_ValidConfig_ReturnsRtuOverUdpClient" storage="d:\projects\modbuslib\tests\bin\debug\net9.0\modbuslib.tests.dll" id="ebfc4fe3-c2e6-b320-2d0b-ab8e8d8aeeaf">
      <Execution id="4dde8d15-9dad-4839-b850-2eb823e3ccc4" />
      <TestMethod codeBase="D:\Projects\ModbusLib\Tests\bin\Debug\net9.0\ModbusLib.Tests.dll" adapterTypeName="executor://xunit/VsTestRunner2/netcoreapp" className="ModbusLib.Tests.Factories.ModbusClientFactoryTests" name="CreateRtuOverUdpClient_ValidConfig_ReturnsRtuOverUdpClient" />
    </UnitTest>
    <UnitTest name="ModbusLib.Tests.Integration.BasicClientIntegrationTests.ModbusClient_RetriesProperty_CanBeSet" storage="d:\projects\modbuslib\tests\bin\debug\net9.0\modbuslib.tests.dll" id="f1a66aa1-0fd3-af4f-babe-511225483ea5">
      <Execution id="0a5bc2f0-ddc3-4cd5-8d88-90abbbd0d7b0" />
      <TestMethod codeBase="D:\Projects\ModbusLib\Tests\bin\Debug\net9.0\ModbusLib.Tests.dll" adapterTypeName="executor://xunit/VsTestRunner2/netcoreapp" className="ModbusLib.Tests.Integration.BasicClientIntegrationTests" name="ModbusClient_RetriesProperty_CanBeSet" />
    </UnitTest>
    <UnitTest name="ModbusLib.Tests.Protocols.RtuProtocolTests.CalculateExpectedResponseLength_VariousFunctions_CorrectLength(function: WriteMultipleRegisters, quantity: 10, expectedLength: 8)" storage="d:\projects\modbuslib\tests\bin\debug\net9.0\modbuslib.tests.dll" id="052cdbf5-07cc-468c-aa66-ede67857e240">
      <Execution id="21dd5caf-e70f-4863-b5c1-ac9eccdc4fa1" />
      <TestMethod codeBase="D:\Projects\ModbusLib\Tests\bin\Debug\net9.0\ModbusLib.Tests.dll" adapterTypeName="executor://xunit/VsTestRunner2/netcoreapp" className="ModbusLib.Tests.Protocols.RtuProtocolTests" name="CalculateExpectedResponseLength_VariousFunctions_CorrectLength" />
    </UnitTest>
    <UnitTest name="ModbusLib.Tests.GenericReadWrite.GenericBasicTests.ModbusDataConverter_FloatArray_RoundTrip_Success(endianness: LittleEndian)" storage="d:\projects\modbuslib\tests\bin\debug\net9.0\modbuslib.tests.dll" id="063108f2-5c4e-53c5-07ea-ec7552576f30">
      <Execution id="c58d6163-03d3-44f2-b7a4-a92077e99e7c" />
      <TestMethod codeBase="D:\Projects\ModbusLib\Tests\bin\Debug\net9.0\ModbusLib.Tests.dll" adapterTypeName="executor://xunit/VsTestRunner2/netcoreapp" className="ModbusLib.Tests.GenericReadWrite.GenericBasicTests" name="ModbusDataConverter_FloatArray_RoundTrip_Success" />
    </UnitTest>
    <UnitTest name="ModbusLib.Tests.GenericReadWrite.GenericBoundaryTests.ModbusDataConverter_FromBytes_ZeroCount_ReturnsEmptyArray" storage="d:\projects\modbuslib\tests\bin\debug\net9.0\modbuslib.tests.dll" id="48fb78f6-1600-55e1-7f9a-08c1ddae112a">
      <Execution id="525a0b20-4502-4dd9-a984-0ba242033b02" />
      <TestMethod codeBase="D:\Projects\ModbusLib\Tests\bin\Debug\net9.0\ModbusLib.Tests.dll" adapterTypeName="executor://xunit/VsTestRunner2/netcoreapp" className="ModbusLib.Tests.GenericReadWrite.GenericBoundaryTests" name="ModbusDataConverter_FromBytes_ZeroCount_ReturnsEmptyArray" />
    </UnitTest>
    <UnitTest name="ModbusLib.Tests.GenericReadWrite.MidLittleEndianTests.ModbusDataConverter_MidLittleEndian_Double_HandledCorrectly" storage="d:\projects\modbuslib\tests\bin\debug\net9.0\modbuslib.tests.dll" id="55df3538-9c80-287e-f09c-4445baeb3203">
      <Execution id="fc1bbb99-c82f-40ac-9be9-3be3743cb036" />
      <TestMethod codeBase="D:\Projects\ModbusLib\Tests\bin\Debug\net9.0\ModbusLib.Tests.dll" adapterTypeName="executor://xunit/VsTestRunner2/netcoreapp" className="ModbusLib.Tests.GenericReadWrite.MidLittleEndianTests" name="ModbusDataConverter_MidLittleEndian_Double_HandledCorrectly" />
    </UnitTest>
    <UnitTest name="ModbusLib.Tests.GenericReadWrite.GenericCompatibilityTests.GenericReadWrite_LargeIntArray_Success(endianness: LittleEndian)" storage="d:\projects\modbuslib\tests\bin\debug\net9.0\modbuslib.tests.dll" id="eed3c8a5-7fcc-3e2a-111f-b790741d474e">
      <Execution id="199ccf8c-3635-48e8-9519-a2a1188a92e9" />
      <TestMethod codeBase="D:\Projects\ModbusLib\Tests\bin\Debug\net9.0\ModbusLib.Tests.dll" adapterTypeName="executor://xunit/VsTestRunner2/netcoreapp" className="ModbusLib.Tests.GenericReadWrite.GenericCompatibilityTests" name="GenericReadWrite_LargeIntArray_Success" />
    </UnitTest>
    <UnitTest name="ModbusLib.Tests.Integration.BasicClientIntegrationTests.ModbusClient_SimpleWriteOperation_Success" storage="d:\projects\modbuslib\tests\bin\debug\net9.0\modbuslib.tests.dll" id="7d89d9d6-469c-5e60-758a-2ead9041a07e">
      <Execution id="66fc5310-0097-4129-86f8-ba62af3f7a47" />
      <TestMethod codeBase="D:\Projects\ModbusLib\Tests\bin\Debug\net9.0\ModbusLib.Tests.dll" adapterTypeName="executor://xunit/VsTestRunner2/netcoreapp" className="ModbusLib.Tests.Integration.BasicClientIntegrationTests" name="ModbusClient_SimpleWriteOperation_Success" />
    </UnitTest>
    <UnitTest name="ModbusLib.Tests.AdvancedFunctions.ModbusAdvancedTests.ReadWriteMultipleRegistersAsync_IncorrectResponseDataLength_ThrowsCommunicationException" storage="d:\projects\modbuslib\tests\bin\debug\net9.0\modbuslib.tests.dll" id="4962fe6d-b9b7-5082-dd64-4bcd9daff4fd">
      <Execution id="6acb04c2-2352-4c06-afa4-a306c08193c7" />
      <TestMethod codeBase="D:\Projects\ModbusLib\Tests\bin\Debug\net9.0\ModbusLib.Tests.dll" adapterTypeName="executor://xunit/VsTestRunner2/netcoreapp" className="ModbusLib.Tests.AdvancedFunctions.ModbusAdvancedTests" name="ReadWriteMultipleRegistersAsync_IncorrectResponseDataLength_ThrowsCommunicationException" />
    </UnitTest>
    <UnitTest name="ModbusLib.Tests.GenericReadWrite.GenericBoundaryTests.WriteMultipleRegisters_NullArray_ThrowsArgumentException" storage="d:\projects\modbuslib\tests\bin\debug\net9.0\modbuslib.tests.dll" id="b5216e1c-01e1-7a82-5b4e-8f8205e27f08">
      <Execution id="9c37fb65-f7bf-4e66-bc3f-39a5e405dd99" />
      <TestMethod codeBase="D:\Projects\ModbusLib\Tests\bin\Debug\net9.0\ModbusLib.Tests.dll" adapterTypeName="executor://xunit/VsTestRunner2/netcoreapp" className="ModbusLib.Tests.GenericReadWrite.GenericBoundaryTests" name="WriteMultipleRegisters_NullArray_ThrowsArgumentException" />
    </UnitTest>
    <UnitTest name="ModbusLib.Tests.Factories.ModbusClientFactoryTests.CreateClient_RtuTypeWithoutSerialConfig_ThrowsArgumentNullException" storage="d:\projects\modbuslib\tests\bin\debug\net9.0\modbuslib.tests.dll" id="3a542a63-d1f2-f134-d012-51ca63b7f607">
      <Execution id="529d5ec7-cb87-4bb4-8468-cc9a4b59b88f" />
      <TestMethod codeBase="D:\Projects\ModbusLib\Tests\bin\Debug\net9.0\ModbusLib.Tests.dll" adapterTypeName="executor://xunit/VsTestRunner2/netcoreapp" className="ModbusLib.Tests.Factories.ModbusClientFactoryTests" name="CreateClient_RtuTypeWithoutSerialConfig_ThrowsArgumentNullException" />
    </UnitTest>
    <UnitTest name="ModbusLib.Tests.GenericReadWrite.GenericPerformanceTests.ModbusSpanExtensions_BigEndian_Performance" storage="d:\projects\modbuslib\tests\bin\debug\net9.0\modbuslib.tests.dll" id="c982b85c-0e52-9ea2-ef28-1eb2807e9dc9">
      <Execution id="f91502d2-aa5a-4238-9fdb-1191527d5d01" />
      <TestMethod codeBase="D:\Projects\ModbusLib\Tests\bin\Debug\net9.0\ModbusLib.Tests.dll" adapterTypeName="executor://xunit/VsTestRunner2/netcoreapp" className="ModbusLib.Tests.GenericReadWrite.GenericPerformanceTests" name="ModbusSpanExtensions_BigEndian_Performance" />
    </UnitTest>
    <UnitTest name="ModbusLib.Tests.GenericReadWrite.GenericCompatibilityTests.GenericReadWrite_AllBasicTypes_Success(endianness: MidLittleEndian)" storage="d:\projects\modbuslib\tests\bin\debug\net9.0\modbuslib.tests.dll" id="94faad71-f334-ef13-c24e-744e800f2827">
      <Execution id="bf71c5bc-cd8a-4462-a62c-059f42784d74" />
      <TestMethod codeBase="D:\Projects\ModbusLib\Tests\bin\Debug\net9.0\ModbusLib.Tests.dll" adapterTypeName="executor://xunit/VsTestRunner2/netcoreapp" className="ModbusLib.Tests.GenericReadWrite.GenericCompatibilityTests" name="GenericReadWrite_AllBasicTypes_Success" />
    </UnitTest>
    <UnitTest name="ModbusLib.Tests.GenericReadWrite.GenericCompatibilityTests.GenericReadWrite_MinMaxValues_Success(endianness: MidLittleEndian)" storage="d:\projects\modbuslib\tests\bin\debug\net9.0\modbuslib.tests.dll" id="a1f7b939-30e7-1bbe-1c3a-a235fa02e26d">
      <Execution id="71c2dade-354f-4d0f-a618-f7aa841cc93b" />
      <TestMethod codeBase="D:\Projects\ModbusLib\Tests\bin\Debug\net9.0\ModbusLib.Tests.dll" adapterTypeName="executor://xunit/VsTestRunner2/netcoreapp" className="ModbusLib.Tests.GenericReadWrite.GenericCompatibilityTests" name="GenericReadWrite_MinMaxValues_Success" />
    </UnitTest>
    <UnitTest name="ModbusLib.Tests.GenericReadWrite.GenericBasicTests.ModbusDataConverter_FloatArray_RoundTrip_Success(endianness: MidLittleEndian)" storage="d:\projects\modbuslib\tests\bin\debug\net9.0\modbuslib.tests.dll" id="e8ddce7f-558e-ac6e-b601-16e3e17257b5">
      <Execution id="7358752b-bcde-42b1-9974-6f457cbe1fbb" />
      <TestMethod codeBase="D:\Projects\ModbusLib\Tests\bin\Debug\net9.0\ModbusLib.Tests.dll" adapterTypeName="executor://xunit/VsTestRunner2/netcoreapp" className="ModbusLib.Tests.GenericReadWrite.GenericBasicTests" name="ModbusDataConverter_FloatArray_RoundTrip_Success" />
    </UnitTest>
    <UnitTest name="ModbusLib.Tests.Factories.ModbusClientFactoryTests.CreateRtuClient_InvalidPortName_ThrowsArgumentException(invalidPortName: &quot;&quot;)" storage="d:\projects\modbuslib\tests\bin\debug\net9.0\modbuslib.tests.dll" id="865086a8-04a5-9a37-269a-b5b614650e93">
      <Execution id="3f9830a7-4710-4e02-abe3-cfab1b6b1b9c" />
      <TestMethod codeBase="D:\Projects\ModbusLib\Tests\bin\Debug\net9.0\ModbusLib.Tests.dll" adapterTypeName="executor://xunit/VsTestRunner2/netcoreapp" className="ModbusLib.Tests.Factories.ModbusClientFactoryTests" name="CreateRtuClient_InvalidPortName_ThrowsArgumentException" />
    </UnitTest>
    <UnitTest name="ModbusLib.Tests.GenericReadWrite.GenericBoundaryTests.GetTotalRegisterCount_EdgeCases_ReturnsCorrectValue(byteCount: 5, expectedRegisters: 3)" storage="d:\projects\modbuslib\tests\bin\debug\net9.0\modbuslib.tests.dll" id="7282a7b6-ef73-d503-5a5f-071cc026373d">
      <Execution id="ccdc61d8-3357-4f1e-9d03-dfd911fc2735" />
      <TestMethod codeBase="D:\Projects\ModbusLib\Tests\bin\Debug\net9.0\ModbusLib.Tests.dll" adapterTypeName="executor://xunit/VsTestRunner2/netcoreapp" className="ModbusLib.Tests.GenericReadWrite.GenericBoundaryTests" name="GetTotalRegisterCount_EdgeCases_ReturnsCorrectValue" />
    </UnitTest>
    <UnitTest name="ModbusLib.Tests.GenericReadWrite.ModbusSpanExtensionsTests.SetBigEndian_UShort_SetsCorrectValue" storage="d:\projects\modbuslib\tests\bin\debug\net9.0\modbuslib.tests.dll" id="4953023a-dc03-89e4-b0d2-aec24c561c2d">
      <Execution id="32d3a352-e45c-4119-885f-498f6b2d64f3" />
      <TestMethod codeBase="D:\Projects\ModbusLib\Tests\bin\Debug\net9.0\ModbusLib.Tests.dll" adapterTypeName="executor://xunit/VsTestRunner2/netcoreapp" className="ModbusLib.Tests.GenericReadWrite.ModbusSpanExtensionsTests" name="SetBigEndian_UShort_SetsCorrectValue" />
    </UnitTest>
    <UnitTest name="ModbusLib.Tests.WriteFunctions.ModbusWriteTests.WriteSingleCoilAsync_ValidValues_Success(value: False)" storage="d:\projects\modbuslib\tests\bin\debug\net9.0\modbuslib.tests.dll" id="9fe14633-674e-f429-8358-a0e736a7db6f">
      <Execution id="354fc4ba-56c3-4f91-9003-edf85aeeb8ba" />
      <TestMethod codeBase="D:\Projects\ModbusLib\Tests\bin\Debug\net9.0\ModbusLib.Tests.dll" adapterTypeName="executor://xunit/VsTestRunner2/netcoreapp" className="ModbusLib.Tests.WriteFunctions.ModbusWriteTests" name="WriteSingleCoilAsync_ValidValues_Success" />
    </UnitTest>
    <UnitTest name="ModbusLib.Tests.GenericReadWrite.GenericBoundaryTests.SpanExtensions_EdgeAddress_Success" storage="d:\projects\modbuslib\tests\bin\debug\net9.0\modbuslib.tests.dll" id="ed75005d-1571-2f13-995e-d68b4c844da3">
      <Execution id="a31f33fb-cde8-4e38-a438-80f9226cdf75" />
      <TestMethod codeBase="D:\Projects\ModbusLib\Tests\bin\Debug\net9.0\ModbusLib.Tests.dll" adapterTypeName="executor://xunit/VsTestRunner2/netcoreapp" className="ModbusLib.Tests.GenericReadWrite.GenericBoundaryTests" name="SpanExtensions_EdgeAddress_Success" />
    </UnitTest>
    <UnitTest name="ModbusLib.Tests.Protocols.RtuProtocolTests.BuildRequest_WriteMultipleCoils_CorrectFrame" storage="d:\projects\modbuslib\tests\bin\debug\net9.0\modbuslib.tests.dll" id="301e2ca9-8fdf-9366-4241-5525872e1753">
      <Execution id="c9c51c31-1dde-4187-b9c8-16dda962f282" />
      <TestMethod codeBase="D:\Projects\ModbusLib\Tests\bin\Debug\net9.0\ModbusLib.Tests.dll" adapterTypeName="executor://xunit/VsTestRunner2/netcoreapp" className="ModbusLib.Tests.Protocols.RtuProtocolTests" name="BuildRequest_WriteMultipleCoils_CorrectFrame" />
    </UnitTest>
    <UnitTest name="ModbusLib.Tests.AdvancedFunctions.ModbusAdvancedTests.ReadWriteMultipleRegistersAsync_MaximumReadQuantity_Success" storage="d:\projects\modbuslib\tests\bin\debug\net9.0\modbuslib.tests.dll" id="1c84df26-e9fe-4d77-a959-8c13c0d532d4">
      <Execution id="94eb009c-6499-46f4-8f06-44ae7aa009ca" />
      <TestMethod codeBase="D:\Projects\ModbusLib\Tests\bin\Debug\net9.0\ModbusLib.Tests.dll" adapterTypeName="executor://xunit/VsTestRunner2/netcoreapp" className="ModbusLib.Tests.AdvancedFunctions.ModbusAdvancedTests" name="ReadWriteMultipleRegistersAsync_MaximumReadQuantity_Success" />
    </UnitTest>
    <UnitTest name="ModbusLib.Tests.GenericReadWrite.GenericCompatibilityTests.GenericReadWrite_LargeByteArray_Success(endianness: LittleEndian)" storage="d:\projects\modbuslib\tests\bin\debug\net9.0\modbuslib.tests.dll" id="e1350ec0-05ff-dea7-b8e6-6a73ad5dafc4">
      <Execution id="b0c9b61f-0a2d-4713-89a2-bc5baac77b2b" />
      <TestMethod codeBase="D:\Projects\ModbusLib\Tests\bin\Debug\net9.0\ModbusLib.Tests.dll" adapterTypeName="executor://xunit/VsTestRunner2/netcoreapp" className="ModbusLib.Tests.GenericReadWrite.GenericCompatibilityTests" name="GenericReadWrite_LargeByteArray_Success" />
    </UnitTest>
    <UnitTest name="ModbusLib.Tests.GenericReadWrite.GenericReadWriteIntegrationTests.ReadWriteInputRegisters_DoubleArray_Success(endianness: BigEndian)" storage="d:\projects\modbuslib\tests\bin\debug\net9.0\modbuslib.tests.dll" id="853e570b-762a-0df8-f1af-8fe8d9ce4f8a">
      <Execution id="9e67e320-09a6-4c3a-a342-703cbdfed497" />
      <TestMethod codeBase="D:\Projects\ModbusLib\Tests\bin\Debug\net9.0\ModbusLib.Tests.dll" adapterTypeName="executor://xunit/VsTestRunner2/netcoreapp" className="ModbusLib.Tests.GenericReadWrite.GenericReadWriteIntegrationTests" name="ReadWriteInputRegisters_DoubleArray_Success" />
    </UnitTest>
    <UnitTest name="ModbusLib.Tests.GenericReadWrite.MidLittleEndianTests.ModbusDataConverter_MidLittleEndian_SpecificValues_RoundTrip(testValue: -1412567295)" storage="d:\projects\modbuslib\tests\bin\debug\net9.0\modbuslib.tests.dll" id="955c8624-6ae7-7330-2050-614f38aa3819">
      <Execution id="df811328-222f-4296-9f7a-94de42208648" />
      <TestMethod codeBase="D:\Projects\ModbusLib\Tests\bin\Debug\net9.0\ModbusLib.Tests.dll" adapterTypeName="executor://xunit/VsTestRunner2/netcoreapp" className="ModbusLib.Tests.GenericReadWrite.MidLittleEndianTests" name="ModbusDataConverter_MidLittleEndian_SpecificValues_RoundTrip" />
    </UnitTest>
    <UnitTest name="ModbusLib.Tests.ReadFunctions.ModbusReadTests.ReadCoilsAsync_InvalidQuantity_ThrowsArgumentException(invalidQuantity: 2001)" storage="d:\projects\modbuslib\tests\bin\debug\net9.0\modbuslib.tests.dll" id="29e76321-8d4b-7009-03d9-1c8a9c8d7e69">
      <Execution id="d7f1e8a4-d2d7-4e75-9819-c4279716a27d" />
      <TestMethod codeBase="D:\Projects\ModbusLib\Tests\bin\Debug\net9.0\ModbusLib.Tests.dll" adapterTypeName="executor://xunit/VsTestRunner2/netcoreapp" className="ModbusLib.Tests.ReadFunctions.ModbusReadTests" name="ReadCoilsAsync_InvalidQuantity_ThrowsArgumentException" />
    </UnitTest>
    <UnitTest name="ModbusLib.Tests.GenericReadWrite.GenericCompatibilityTests.GenericReadWrite_SpecialFloatValues_Success" storage="d:\projects\modbuslib\tests\bin\debug\net9.0\modbuslib.tests.dll" id="2e3a089e-4ddd-0119-1a12-5db0db6e2c4a">
      <Execution id="454e419b-b26d-4449-b4cf-19225525dcc1" />
      <TestMethod codeBase="D:\Projects\ModbusLib\Tests\bin\Debug\net9.0\ModbusLib.Tests.dll" adapterTypeName="executor://xunit/VsTestRunner2/netcoreapp" className="ModbusLib.Tests.GenericReadWrite.GenericCompatibilityTests" name="GenericReadWrite_SpecialFloatValues_Success" />
    </UnitTest>
    <UnitTest name="ModbusLib.Tests.Factories.ModbusClientFactoryTests.CreateTcpClient_WithHostAndPort_ReturnsTcpClient" storage="d:\projects\modbuslib\tests\bin\debug\net9.0\modbuslib.tests.dll" id="d2e561f6-4e98-432e-94f4-d4383609cf13">
      <Execution id="fe2a352b-c887-4269-8218-0a10038264ce" />
      <TestMethod codeBase="D:\Projects\ModbusLib\Tests\bin\Debug\net9.0\ModbusLib.Tests.dll" adapterTypeName="executor://xunit/VsTestRunner2/netcoreapp" className="ModbusLib.Tests.Factories.ModbusClientFactoryTests" name="CreateTcpClient_WithHostAndPort_ReturnsTcpClient" />
    </UnitTest>
    <UnitTest name="ModbusLib.Tests.GenericReadWrite.ModbusSpanExtensionsTests.SetLittleEndian_Byte_SetsCorrectValue" storage="d:\projects\modbuslib\tests\bin\debug\net9.0\modbuslib.tests.dll" id="a588bc82-3e28-ef56-b83d-b89a6237fd05">
      <Execution id="7d208fbc-ca77-4ca3-9acc-01ff7050bec2" />
      <TestMethod codeBase="D:\Projects\ModbusLib\Tests\bin\Debug\net9.0\ModbusLib.Tests.dll" adapterTypeName="executor://xunit/VsTestRunner2/netcoreapp" className="ModbusLib.Tests.GenericReadWrite.ModbusSpanExtensionsTests" name="SetLittleEndian_Byte_SetsCorrectValue" />
    </UnitTest>
    <UnitTest name="ModbusLib.Tests.GenericReadWrite.GenericPerformanceTests.ModbusDataConverter_FloatArray_Performance" storage="d:\projects\modbuslib\tests\bin\debug\net9.0\modbuslib.tests.dll" id="0134fc5a-ccd2-96ba-c790-276d584a7b6a">
      <Execution id="1c47456f-513d-4f01-8148-030f93028bd8" />
      <TestMethod codeBase="D:\Projects\ModbusLib\Tests\bin\Debug\net9.0\ModbusLib.Tests.dll" adapterTypeName="executor://xunit/VsTestRunner2/netcoreapp" className="ModbusLib.Tests.GenericReadWrite.GenericPerformanceTests" name="ModbusDataConverter_FloatArray_Performance" />
    </UnitTest>
    <UnitTest name="ModbusLib.Tests.WriteFunctions.ModbusWriteTests.WriteSingleCoilAsync_ErrorResponse_ThrowsModbusException" storage="d:\projects\modbuslib\tests\bin\debug\net9.0\modbuslib.tests.dll" id="6038a8e1-9bcf-40f6-1f5f-3a02c8b9f7e9">
      <Execution id="72b3324a-14fd-485d-a1d8-6c0f6d3b856b" />
      <TestMethod codeBase="D:\Projects\ModbusLib\Tests\bin\Debug\net9.0\ModbusLib.Tests.dll" adapterTypeName="executor://xunit/VsTestRunner2/netcoreapp" className="ModbusLib.Tests.WriteFunctions.ModbusWriteTests" name="WriteSingleCoilAsync_ErrorResponse_ThrowsModbusException" />
    </UnitTest>
    <UnitTest name="ModbusLib.Tests.Factories.ModbusClientFactoryTests.CreateClient_RtuOverUdpType_ReturnsRtuOverUdpClient" storage="d:\projects\modbuslib\tests\bin\debug\net9.0\modbuslib.tests.dll" id="bd62c191-c165-8ab0-54bb-5f80f86fd598">
      <Execution id="277399e5-ac26-40d6-9ea3-2f533544921e" />
      <TestMethod codeBase="D:\Projects\ModbusLib\Tests\bin\Debug\net9.0\ModbusLib.Tests.dll" adapterTypeName="executor://xunit/VsTestRunner2/netcoreapp" className="ModbusLib.Tests.Factories.ModbusClientFactoryTests" name="CreateClient_RtuOverUdpType_ReturnsRtuOverUdpClient" />
    </UnitTest>
    <UnitTest name="ModbusLib.Tests.GenericReadWrite.GenericBoundaryTests.GetTotalRegisterCount_EdgeCases_ReturnsCorrectValue(byteCount: 3, expectedRegisters: 2)" storage="d:\projects\modbuslib\tests\bin\debug\net9.0\modbuslib.tests.dll" id="34683f3d-638e-11eb-c5f7-540d5b40b83c">
      <Execution id="a63707b2-a4be-43b4-baba-51ef59ec130a" />
      <TestMethod codeBase="D:\Projects\ModbusLib\Tests\bin\Debug\net9.0\ModbusLib.Tests.dll" adapterTypeName="executor://xunit/VsTestRunner2/netcoreapp" className="ModbusLib.Tests.GenericReadWrite.GenericBoundaryTests" name="GetTotalRegisterCount_EdgeCases_ReturnsCorrectValue" />
    </UnitTest>
    <UnitTest name="ModbusLib.Tests.WriteFunctions.ModbusWriteTests.WriteSingleCoilAsync_ValidValues_Success(value: True)" storage="d:\projects\modbuslib\tests\bin\debug\net9.0\modbuslib.tests.dll" id="68a48b36-4fa6-962a-8f10-8478fa553323">
      <Execution id="392808c7-2de3-4b68-a6e4-3872950b9923" />
      <TestMethod codeBase="D:\Projects\ModbusLib\Tests\bin\Debug\net9.0\ModbusLib.Tests.dll" adapterTypeName="executor://xunit/VsTestRunner2/netcoreapp" className="ModbusLib.Tests.WriteFunctions.ModbusWriteTests" name="WriteSingleCoilAsync_ValidValues_Success" />
    </UnitTest>
    <UnitTest name="ModbusLib.Tests.Protocols.TcpProtocolTests.ParseResponse_EmptyDataResponse_HandlesCorrectly" storage="d:\projects\modbuslib\tests\bin\debug\net9.0\modbuslib.tests.dll" id="ccbc7a03-8775-24de-b27b-b995c458fb6c">
      <Execution id="df0976d9-bdbe-42a8-a5db-acd151f5eb1b" />
      <TestMethod codeBase="D:\Projects\ModbusLib\Tests\bin\Debug\net9.0\ModbusLib.Tests.dll" adapterTypeName="executor://xunit/VsTestRunner2/netcoreapp" className="ModbusLib.Tests.Protocols.TcpProtocolTests" name="ParseResponse_EmptyDataResponse_HandlesCorrectly" />
    </UnitTest>
    <UnitTest name="ModbusLib.Tests.GenericReadWrite.GenericReadWriteIntegrationTests.ReadHoldingRegisters_InvalidCount_ThrowsArgumentException" storage="d:\projects\modbuslib\tests\bin\debug\net9.0\modbuslib.tests.dll" id="88915296-fbf6-b431-0461-dd18d28885f4">
      <Execution id="9cc8efcb-d0f5-4705-872a-1e5565979b5b" />
      <TestMethod codeBase="D:\Projects\ModbusLib\Tests\bin\Debug\net9.0\ModbusLib.Tests.dll" adapterTypeName="executor://xunit/VsTestRunner2/netcoreapp" className="ModbusLib.Tests.GenericReadWrite.GenericReadWriteIntegrationTests" name="ReadHoldingRegisters_InvalidCount_ThrowsArgumentException" />
    </UnitTest>
    <UnitTest name="ModbusLib.Tests.WriteFunctions.ModbusWriteTests.WriteMultipleRegistersAsync_ValidArray_Success" storage="d:\projects\modbuslib\tests\bin\debug\net9.0\modbuslib.tests.dll" id="b3152e1d-e572-aebc-7469-096859696600">
      <Execution id="2d0326a4-b54c-4128-8a9a-899218d7cfec" />
      <TestMethod codeBase="D:\Projects\ModbusLib\Tests\bin\Debug\net9.0\ModbusLib.Tests.dll" adapterTypeName="executor://xunit/VsTestRunner2/netcoreapp" className="ModbusLib.Tests.WriteFunctions.ModbusWriteTests" name="WriteMultipleRegistersAsync_ValidArray_Success" />
    </UnitTest>
    <UnitTest name="ModbusLib.Tests.Factories.ModbusClientFactoryTests.CreateRtuOverTcpClient_DefaultPort_Uses502" storage="d:\projects\modbuslib\tests\bin\debug\net9.0\modbuslib.tests.dll" id="d736f662-9ad3-47b7-9385-580fb9cf5718">
      <Execution id="5d1138b3-ed1a-44f7-9588-1a253da10e1e" />
      <TestMethod codeBase="D:\Projects\ModbusLib\Tests\bin\Debug\net9.0\ModbusLib.Tests.dll" adapterTypeName="executor://xunit/VsTestRunner2/netcoreapp" className="ModbusLib.Tests.Factories.ModbusClientFactoryTests" name="CreateRtuOverTcpClient_DefaultPort_Uses502" />
    </UnitTest>
    <UnitTest name="ModbusLib.Tests.GenericReadWrite.ModbusSpanExtensionsTests.SetBigEndian_Byte_SetsCorrectValue" storage="d:\projects\modbuslib\tests\bin\debug\net9.0\modbuslib.tests.dll" id="b9df5b4a-d571-30e6-76f1-c996ac9136d5">
      <Execution id="51f9078f-b68e-44a2-bd3d-3c60bbe4f80f" />
      <TestMethod codeBase="D:\Projects\ModbusLib\Tests\bin\Debug\net9.0\ModbusLib.Tests.dll" adapterTypeName="executor://xunit/VsTestRunner2/netcoreapp" className="ModbusLib.Tests.GenericReadWrite.ModbusSpanExtensionsTests" name="SetBigEndian_Byte_SetsCorrectValue" />
    </UnitTest>
    <UnitTest name="ModbusLib.Tests.Integration.BasicClientIntegrationTests.ModbusClient_RequestWhenNotConnected_ThrowsConnectionException" storage="d:\projects\modbuslib\tests\bin\debug\net9.0\modbuslib.tests.dll" id="197523df-7e73-6860-e3f2-17552ba53642">
      <Execution id="84252e0d-231d-41d8-a1c0-3b220d23237a" />
      <TestMethod codeBase="D:\Projects\ModbusLib\Tests\bin\Debug\net9.0\ModbusLib.Tests.dll" adapterTypeName="executor://xunit/VsTestRunner2/netcoreapp" className="ModbusLib.Tests.Integration.BasicClientIntegrationTests" name="ModbusClient_RequestWhenNotConnected_ThrowsConnectionException" />
    </UnitTest>
    <UnitTest name="ModbusLib.Tests.Protocols.TcpProtocolTests.ValidateResponse_TooShort_ReturnsFalse" storage="d:\projects\modbuslib\tests\bin\debug\net9.0\modbuslib.tests.dll" id="9f5fc253-fedf-469e-55a4-d58939bfdc3c">
      <Execution id="e8ca3a24-5651-469b-a22b-506076f41795" />
      <TestMethod codeBase="D:\Projects\ModbusLib\Tests\bin\Debug\net9.0\ModbusLib.Tests.dll" adapterTypeName="executor://xunit/VsTestRunner2/netcoreapp" className="ModbusLib.Tests.Protocols.TcpProtocolTests" name="ValidateResponse_TooShort_ReturnsFalse" />
    </UnitTest>
    <UnitTest name="ModbusLib.Tests.Factories.ModbusClientFactoryTests.CreateRtuOverUdpClient_InvalidHost_ThrowsArgumentException(invalidHost: &quot;null&quot;)" storage="d:\projects\modbuslib\tests\bin\debug\net9.0\modbuslib.tests.dll" id="830d6192-a677-f6e8-a5d4-a079842c173c">
      <Execution id="9f4c9fff-2fcd-4a07-ba39-ed6311c207a6" />
      <TestMethod codeBase="D:\Projects\ModbusLib\Tests\bin\Debug\net9.0\ModbusLib.Tests.dll" adapterTypeName="executor://xunit/VsTestRunner2/netcoreapp" className="ModbusLib.Tests.Factories.ModbusClientFactoryTests" name="CreateRtuOverUdpClient_InvalidHost_ThrowsArgumentException" />
    </UnitTest>
    <UnitTest name="ModbusLib.Tests.Factories.ModbusClientFactoryTests.CreateClient_RtuType_ReturnsRtuClient" storage="d:\projects\modbuslib\tests\bin\debug\net9.0\modbuslib.tests.dll" id="6afb7f4f-6ebb-2e19-f5f1-c72d655f83a2">
      <Execution id="6fdd30dc-783e-4f18-9b67-cb8cf97d2147" />
      <TestMethod codeBase="D:\Projects\ModbusLib\Tests\bin\Debug\net9.0\ModbusLib.Tests.dll" adapterTypeName="executor://xunit/VsTestRunner2/netcoreapp" className="ModbusLib.Tests.Factories.ModbusClientFactoryTests" name="CreateClient_RtuType_ReturnsRtuClient" />
    </UnitTest>
    <UnitTest name="ModbusLib.Tests.Protocols.RtuProtocolTests.CalculateExpectedResponseLength_VariousFunctions_CorrectLength(function: ReadHoldingRegisters, quantity: 10, expectedLength: 26)" storage="d:\projects\modbuslib\tests\bin\debug\net9.0\modbuslib.tests.dll" id="37630390-9ccb-721e-77eb-25ee9ed1ca49">
      <Execution id="9787613c-a0c8-41c1-afc3-813523f39dfd" />
      <TestMethod codeBase="D:\Projects\ModbusLib\Tests\bin\Debug\net9.0\ModbusLib.Tests.dll" adapterTypeName="executor://xunit/VsTestRunner2/netcoreapp" className="ModbusLib.Tests.Protocols.RtuProtocolTests" name="CalculateExpectedResponseLength_VariousFunctions_CorrectLength" />
    </UnitTest>
    <UnitTest name="ModbusLib.Tests.GenericReadWrite.GenericBoundaryTests.GetTotalRegisterCount_EdgeCases_ReturnsCorrectValue(byteCount: 2, expectedRegisters: 1)" storage="d:\projects\modbuslib\tests\bin\debug\net9.0\modbuslib.tests.dll" id="74755c67-67c1-c701-1bf4-cf7e1b0637e3">
      <Execution id="7fccb1f3-8b20-4aca-a095-1c39515409b9" />
      <TestMethod codeBase="D:\Projects\ModbusLib\Tests\bin\Debug\net9.0\ModbusLib.Tests.dll" adapterTypeName="executor://xunit/VsTestRunner2/netcoreapp" className="ModbusLib.Tests.GenericReadWrite.GenericBoundaryTests" name="GetTotalRegisterCount_EdgeCases_ReturnsCorrectValue" />
    </UnitTest>
    <UnitTest name="ModbusLib.Tests.GenericReadWrite.GenericCompatibilityTests.GenericReadWrite_LargeByteArray_Success(endianness: BigEndian)" storage="d:\projects\modbuslib\tests\bin\debug\net9.0\modbuslib.tests.dll" id="95ee7f61-2498-b12a-d0c5-c6e370788c3e">
      <Execution id="8fc23db5-85fb-4801-add4-79ae2e458b47" />
      <TestMethod codeBase="D:\Projects\ModbusLib\Tests\bin\Debug\net9.0\ModbusLib.Tests.dll" adapterTypeName="executor://xunit/VsTestRunner2/netcoreapp" className="ModbusLib.Tests.GenericReadWrite.GenericCompatibilityTests" name="GenericReadWrite_LargeByteArray_Success" />
    </UnitTest>
    <UnitTest name="ModbusLib.Tests.GenericReadWrite.GenericBasicTests.ModbusDataConverter_ByteArray_RoundTrip_Success(endianness: LittleEndian)" storage="d:\projects\modbuslib\tests\bin\debug\net9.0\modbuslib.tests.dll" id="d2ba59f5-4648-50f7-33a1-7920d6905064">
      <Execution id="b3e5bfdc-e971-419c-ae31-83df646b692b" />
      <TestMethod codeBase="D:\Projects\ModbusLib\Tests\bin\Debug\net9.0\ModbusLib.Tests.dll" adapterTypeName="executor://xunit/VsTestRunner2/netcoreapp" className="ModbusLib.Tests.GenericReadWrite.GenericBasicTests" name="ModbusDataConverter_ByteArray_RoundTrip_Success" />
    </UnitTest>
    <UnitTest name="ModbusLib.Tests.GenericReadWrite.GenericBoundaryTests.WriteMultipleRegisters_ExceedsRegisterLimit_ThrowsArgumentException" storage="d:\projects\modbuslib\tests\bin\debug\net9.0\modbuslib.tests.dll" id="aa3fc26a-f2f3-420c-1519-8628a1981013">
      <Execution id="bcc7ac3e-74df-4ec1-b43e-f13f1b13319a" />
      <TestMethod codeBase="D:\Projects\ModbusLib\Tests\bin\Debug\net9.0\ModbusLib.Tests.dll" adapterTypeName="executor://xunit/VsTestRunner2/netcoreapp" className="ModbusLib.Tests.GenericReadWrite.GenericBoundaryTests" name="WriteMultipleRegisters_ExceedsRegisterLimit_ThrowsArgumentException" />
    </UnitTest>
    <UnitTest name="ModbusLib.Tests.GenericReadWrite.GenericBasicTests.ModbusDataConverter_FloatArray_RoundTrip_Success(endianness: BigEndian)" storage="d:\projects\modbuslib\tests\bin\debug\net9.0\modbuslib.tests.dll" id="7868a721-dedc-76a2-d4ed-0e1d1b316c9c">
      <Execution id="ac0c5abf-df9a-4eb5-bda3-a30603037e27" />
      <TestMethod codeBase="D:\Projects\ModbusLib\Tests\bin\Debug\net9.0\ModbusLib.Tests.dll" adapterTypeName="executor://xunit/VsTestRunner2/netcoreapp" className="ModbusLib.Tests.GenericReadWrite.GenericBasicTests" name="ModbusDataConverter_FloatArray_RoundTrip_Success" />
    </UnitTest>
    <UnitTest name="ModbusLib.Tests.GenericReadWrite.ModbusSpanExtensionsTests.GetBigEndian_OutOfRange_ThrowsArgumentOutOfRangeException" storage="d:\projects\modbuslib\tests\bin\debug\net9.0\modbuslib.tests.dll" id="30621b55-1a4e-ad43-661f-42427c4049c1">
      <Execution id="5efbcfaa-3f4f-4fa1-b705-50946c565dc6" />
      <TestMethod codeBase="D:\Projects\ModbusLib\Tests\bin\Debug\net9.0\ModbusLib.Tests.dll" adapterTypeName="executor://xunit/VsTestRunner2/netcoreapp" className="ModbusLib.Tests.GenericReadWrite.ModbusSpanExtensionsTests" name="GetBigEndian_OutOfRange_ThrowsArgumentOutOfRangeException" />
    </UnitTest>
    <UnitTest name="ModbusLib.Tests.GenericReadWrite.MidLittleEndianTests.ModbusDataConverter_MidLittleEndian_ByteArray_HandledCorrectly" storage="d:\projects\modbuslib\tests\bin\debug\net9.0\modbuslib.tests.dll" id="a076e408-5a3b-5ad2-647d-fc2492486d99">
      <Execution id="86a85eca-b3c3-4162-a0df-0cf7ac170ceb" />
      <TestMethod codeBase="D:\Projects\ModbusLib\Tests\bin\Debug\net9.0\ModbusLib.Tests.dll" adapterTypeName="executor://xunit/VsTestRunner2/netcoreapp" className="ModbusLib.Tests.GenericReadWrite.MidLittleEndianTests" name="ModbusDataConverter_MidLittleEndian_ByteArray_HandledCorrectly" />
    </UnitTest>
    <UnitTest name="ModbusLib.Tests.Protocols.RtuProtocolTests.CalculateExpectedResponseLength_VariousFunctions_CorrectLength(function: ReadCoils, quantity: 8, expectedLength: 7)" storage="d:\projects\modbuslib\tests\bin\debug\net9.0\modbuslib.tests.dll" id="d8e76d58-47b7-f401-964c-ff084a06c94b">
      <Execution id="0fd3b23c-6051-4b06-a5fb-4d60b4dd6be0" />
      <TestMethod codeBase="D:\Projects\ModbusLib\Tests\bin\Debug\net9.0\ModbusLib.Tests.dll" adapterTypeName="executor://xunit/VsTestRunner2/netcoreapp" className="ModbusLib.Tests.Protocols.RtuProtocolTests" name="CalculateExpectedResponseLength_VariousFunctions_CorrectLength" />
    </UnitTest>
    <UnitTest name="ModbusLib.Tests.WriteFunctions.ModbusWriteTests.WriteMultipleCoilsAsync_TooManyCoils_ThrowsArgumentException" storage="d:\projects\modbuslib\tests\bin\debug\net9.0\modbuslib.tests.dll" id="be3d85c2-f8dd-7c5d-fd07-f504c909629d">
      <Execution id="8d62c329-67c4-436d-825d-95763206d85b" />
      <TestMethod codeBase="D:\Projects\ModbusLib\Tests\bin\Debug\net9.0\ModbusLib.Tests.dll" adapterTypeName="executor://xunit/VsTestRunner2/netcoreapp" className="ModbusLib.Tests.WriteFunctions.ModbusWriteTests" name="WriteMultipleCoilsAsync_TooManyCoils_ThrowsArgumentException" />
    </UnitTest>
    <UnitTest name="ModbusLib.Tests.Protocols.RtuProtocolTests.ValidateResponse_ValidCrc_ReturnsTrue" storage="d:\projects\modbuslib\tests\bin\debug\net9.0\modbuslib.tests.dll" id="eb8ad43d-accc-850d-aa24-e65261c26683">
      <Execution id="23292d06-5a30-4057-8453-2f943c73c97b" />
      <TestMethod codeBase="D:\Projects\ModbusLib\Tests\bin\Debug\net9.0\ModbusLib.Tests.dll" adapterTypeName="executor://xunit/VsTestRunner2/netcoreapp" className="ModbusLib.Tests.Protocols.RtuProtocolTests" name="ValidateResponse_ValidCrc_ReturnsTrue" />
    </UnitTest>
    <UnitTest name="ModbusLib.Tests.Factories.ModbusClientFactoryTests.CreateUdpClient_DefaultPort_Uses502" storage="d:\projects\modbuslib\tests\bin\debug\net9.0\modbuslib.tests.dll" id="427ae54c-3c34-7130-2d65-1d07eba99676">
      <Execution id="96ca6a29-c7da-4b76-89ac-be8d3cb0c547" />
      <TestMethod codeBase="D:\Projects\ModbusLib\Tests\bin\Debug\net9.0\ModbusLib.Tests.dll" adapterTypeName="executor://xunit/VsTestRunner2/netcoreapp" className="ModbusLib.Tests.Factories.ModbusClientFactoryTests" name="CreateUdpClient_DefaultPort_Uses502" />
    </UnitTest>
    <UnitTest name="ModbusLib.Tests.GenericReadWrite.GenericBoundaryTests.GetTotalRegisterCount_EdgeCases_ReturnsCorrectValue(byteCount: 1, expectedRegisters: 1)" storage="d:\projects\modbuslib\tests\bin\debug\net9.0\modbuslib.tests.dll" id="07c0cf65-4c30-aca4-7f62-879b4948c077">
      <Execution id="232e5828-3f7c-4e40-8452-645a92770919" />
      <TestMethod codeBase="D:\Projects\ModbusLib\Tests\bin\Debug\net9.0\ModbusLib.Tests.dll" adapterTypeName="executor://xunit/VsTestRunner2/netcoreapp" className="ModbusLib.Tests.GenericReadWrite.GenericBoundaryTests" name="GetTotalRegisterCount_EdgeCases_ReturnsCorrectValue" />
    </UnitTest>
    <UnitTest name="ModbusLib.Tests.Factories.ModbusClientFactoryTests.CreateRtuClient_NullConfig_ThrowsArgumentNullException" storage="d:\projects\modbuslib\tests\bin\debug\net9.0\modbuslib.tests.dll" id="2d0c2adb-45e9-dc60-15f9-4cad1d6be487">
      <Execution id="0284e2d3-365d-4c81-b810-83628f92db09" />
      <TestMethod codeBase="D:\Projects\ModbusLib\Tests\bin\Debug\net9.0\ModbusLib.Tests.dll" adapterTypeName="executor://xunit/VsTestRunner2/netcoreapp" className="ModbusLib.Tests.Factories.ModbusClientFactoryTests" name="CreateRtuClient_NullConfig_ThrowsArgumentNullException" />
    </UnitTest>
    <UnitTest name="ModbusLib.Tests.Integration.BasicClientIntegrationTests.ModbusClient_ConnectFailed_ReturnsFalse" storage="d:\projects\modbuslib\tests\bin\debug\net9.0\modbuslib.tests.dll" id="20433633-88f1-2d6d-4244-2397a8febdbe">
      <Execution id="19fa97cf-a012-4f84-a0d4-7eca1e6026f0" />
      <TestMethod codeBase="D:\Projects\ModbusLib\Tests\bin\Debug\net9.0\ModbusLib.Tests.dll" adapterTypeName="executor://xunit/VsTestRunner2/netcoreapp" className="ModbusLib.Tests.Integration.BasicClientIntegrationTests" name="ModbusClient_ConnectFailed_ReturnsFalse" />
    </UnitTest>
    <UnitTest name="ModbusLib.Tests.Protocols.TcpProtocolTests.CalculateExpectedResponseLength_VariousFunctions_CorrectLength(function: WriteSingleRegister, quantity: 1, expectedLength: 12)" storage="d:\projects\modbuslib\tests\bin\debug\net9.0\modbuslib.tests.dll" id="c06bf551-d66f-b34c-92a5-1b1feb51c079">
      <Execution id="28683749-42a5-4223-8b61-aaa9117cdbd7" />
      <TestMethod codeBase="D:\Projects\ModbusLib\Tests\bin\Debug\net9.0\ModbusLib.Tests.dll" adapterTypeName="executor://xunit/VsTestRunner2/netcoreapp" className="ModbusLib.Tests.Protocols.TcpProtocolTests" name="CalculateExpectedResponseLength_VariousFunctions_CorrectLength" />
    </UnitTest>
    <UnitTest name="ModbusLib.Tests.GenericReadWrite.GenericBasicTests.ModbusDataConverter_EmptyArray_HandledCorrectly" storage="d:\projects\modbuslib\tests\bin\debug\net9.0\modbuslib.tests.dll" id="a155b8bf-1969-bd95-9f46-b6de5809a8a6">
      <Execution id="e09a6e66-d2ee-4d7e-84b2-f247c7aecdf8" />
      <TestMethod codeBase="D:\Projects\ModbusLib\Tests\bin\Debug\net9.0\ModbusLib.Tests.dll" adapterTypeName="executor://xunit/VsTestRunner2/netcoreapp" className="ModbusLib.Tests.GenericReadWrite.GenericBasicTests" name="ModbusDataConverter_EmptyArray_HandledCorrectly" />
    </UnitTest>
    <UnitTest name="ModbusLib.Tests.GenericReadWrite.GenericBoundaryTests.ModbusDataConverter_EmptyArray_DoesNotThrow" storage="d:\projects\modbuslib\tests\bin\debug\net9.0\modbuslib.tests.dll" id="c63e3230-b426-b663-0937-bcf2ee0859c6">
      <Execution id="dd5c3fad-733a-4755-940a-8f600447e410" />
      <TestMethod codeBase="D:\Projects\ModbusLib\Tests\bin\Debug\net9.0\ModbusLib.Tests.dll" adapterTypeName="executor://xunit/VsTestRunner2/netcoreapp" className="ModbusLib.Tests.GenericReadWrite.GenericBoundaryTests" name="ModbusDataConverter_EmptyArray_DoesNotThrow" />
    </UnitTest>
    <UnitTest name="ModbusLib.Tests.Factories.ModbusClientFactoryTests.CreateClient_UnsupportedConnectionType_ThrowsNotSupportedException" storage="d:\projects\modbuslib\tests\bin\debug\net9.0\modbuslib.tests.dll" id="0c140fde-e442-61a3-91f0-0d909d97f497">
      <Execution id="49cd85b0-ba78-4e74-a266-0e81fceece7d" />
      <TestMethod codeBase="D:\Projects\ModbusLib\Tests\bin\Debug\net9.0\ModbusLib.Tests.dll" adapterTypeName="executor://xunit/VsTestRunner2/netcoreapp" className="ModbusLib.Tests.Factories.ModbusClientFactoryTests" name="CreateClient_UnsupportedConnectionType_ThrowsNotSupportedException" />
    </UnitTest>
    <UnitTest name="ModbusLib.Tests.ReadFunctions.ModbusReadTests.ReadCoilsAsync_BoundaryValues_Success" storage="d:\projects\modbuslib\tests\bin\debug\net9.0\modbuslib.tests.dll" id="a141a05b-d7ac-e418-8091-43dc4664e902">
      <Execution id="43d038fd-9bf1-49e0-868f-ee175f428024" />
      <TestMethod codeBase="D:\Projects\ModbusLib\Tests\bin\Debug\net9.0\ModbusLib.Tests.dll" adapterTypeName="executor://xunit/VsTestRunner2/netcoreapp" className="ModbusLib.Tests.ReadFunctions.ModbusReadTests" name="ReadCoilsAsync_BoundaryValues_Success" />
    </UnitTest>
    <UnitTest name="ModbusLib.Tests.GenericReadWrite.GenericReadWriteIntegrationTests.WriteSingleRegister_Int_UsesMultipleRegisters" storage="d:\projects\modbuslib\tests\bin\debug\net9.0\modbuslib.tests.dll" id="48ac35b0-a45f-a523-4945-7fb109273006">
      <Execution id="86cd6c2f-228b-4d9d-a06a-1498b115c8e3" />
      <TestMethod codeBase="D:\Projects\ModbusLib\Tests\bin\Debug\net9.0\ModbusLib.Tests.dll" adapterTypeName="executor://xunit/VsTestRunner2/netcoreapp" className="ModbusLib.Tests.GenericReadWrite.GenericReadWriteIntegrationTests" name="WriteSingleRegister_Int_UsesMultipleRegisters" />
    </UnitTest>
    <UnitTest name="ModbusLib.Tests.GenericReadWrite.GenericBasicTests.ModbusDataConverter_ByteArray_RoundTrip_Success(endianness: BigEndian)" storage="d:\projects\modbuslib\tests\bin\debug\net9.0\modbuslib.tests.dll" id="2a8a5741-14db-a9c3-03ef-a03eae28637b">
      <Execution id="2e359b11-bec7-466a-bc76-0003b7c74cd5" />
      <TestMethod codeBase="D:\Projects\ModbusLib\Tests\bin\Debug\net9.0\ModbusLib.Tests.dll" adapterTypeName="executor://xunit/VsTestRunner2/netcoreapp" className="ModbusLib.Tests.GenericReadWrite.GenericBasicTests" name="ModbusDataConverter_ByteArray_RoundTrip_Success" />
    </UnitTest>
    <UnitTest name="ModbusLib.Tests.GenericReadWrite.GenericReadWriteIntegrationTests.ReadWriteHoldingRegisters_FloatArray_Success(endianness: BigEndian)" storage="d:\projects\modbuslib\tests\bin\debug\net9.0\modbuslib.tests.dll" id="aeb58d62-9226-3158-64a2-be022f79aee4">
      <Execution id="0133a7b5-3ccf-48cc-aa5c-3b56f730ea67" />
      <TestMethod codeBase="D:\Projects\ModbusLib\Tests\bin\Debug\net9.0\ModbusLib.Tests.dll" adapterTypeName="executor://xunit/VsTestRunner2/netcoreapp" className="ModbusLib.Tests.GenericReadWrite.GenericReadWriteIntegrationTests" name="ReadWriteHoldingRegisters_FloatArray_Success" />
    </UnitTest>
    <UnitTest name="ModbusLib.Tests.Protocols.TcpProtocolTests.ParseResponse_ErrorResponse_CorrectErrorParsing" storage="d:\projects\modbuslib\tests\bin\debug\net9.0\modbuslib.tests.dll" id="2f185cef-7d69-2d2e-2b21-8e7d9f8e682f">
      <Execution id="4ef89b35-80a8-4153-8442-26cb6a197fe1" />
      <TestMethod codeBase="D:\Projects\ModbusLib\Tests\bin\Debug\net9.0\ModbusLib.Tests.dll" adapterTypeName="executor://xunit/VsTestRunner2/netcoreapp" className="ModbusLib.Tests.Protocols.TcpProtocolTests" name="ParseResponse_ErrorResponse_CorrectErrorParsing" />
    </UnitTest>
    <UnitTest name="ModbusLib.Tests.GenericReadWrite.GenericPerformanceTests.ModbusDataConverter_DifferentEndianness_Performance(endianness: BigEndian)" storage="d:\projects\modbuslib\tests\bin\debug\net9.0\modbuslib.tests.dll" id="04218da4-4ef0-3f7a-6f77-4d58eff77fc0">
      <Execution id="0c002d68-df28-4914-ae5c-381dc48b4dd8" />
      <TestMethod codeBase="D:\Projects\ModbusLib\Tests\bin\Debug\net9.0\ModbusLib.Tests.dll" adapterTypeName="executor://xunit/VsTestRunner2/netcoreapp" className="ModbusLib.Tests.GenericReadWrite.GenericPerformanceTests" name="ModbusDataConverter_DifferentEndianness_Performance" />
    </UnitTest>
    <UnitTest name="ModbusLib.Tests.Factories.ModbusClientFactoryTests.CreateClient_TcpType_ReturnsTcpClient" storage="d:\projects\modbuslib\tests\bin\debug\net9.0\modbuslib.tests.dll" id="d89df07e-2cd9-0ee7-22ff-69350312743f">
      <Execution id="2e5b4915-edcd-49e6-a8f6-0c936fa43e4f" />
      <TestMethod codeBase="D:\Projects\ModbusLib\Tests\bin\Debug\net9.0\ModbusLib.Tests.dll" adapterTypeName="executor://xunit/VsTestRunner2/netcoreapp" className="ModbusLib.Tests.Factories.ModbusClientFactoryTests" name="CreateClient_TcpType_ReturnsTcpClient" />
    </UnitTest>
    <UnitTest name="ModbusLib.Tests.Factories.ModbusClientFactoryTests.CreateRtuOverTcpClient_ValidConfig_ReturnsRtuOverTcpClient" storage="d:\projects\modbuslib\tests\bin\debug\net9.0\modbuslib.tests.dll" id="e88e7d4b-e540-75fc-b036-67c711f374d0">
      <Execution id="f28c2f6d-620b-48b9-afee-d2187480ec3c" />
      <TestMethod codeBase="D:\Projects\ModbusLib\Tests\bin\Debug\net9.0\ModbusLib.Tests.dll" adapterTypeName="executor://xunit/VsTestRunner2/netcoreapp" className="ModbusLib.Tests.Factories.ModbusClientFactoryTests" name="CreateRtuOverTcpClient_ValidConfig_ReturnsRtuOverTcpClient" />
    </UnitTest>
    <UnitTest name="ModbusLib.Tests.GenericReadWrite.GenericReadWriteIntegrationTests.ReadWriteInputRegisters_DoubleArray_Success(endianness: LittleEndian)" storage="d:\projects\modbuslib\tests\bin\debug\net9.0\modbuslib.tests.dll" id="6f970b1f-16f5-35af-e19f-561426464bf7">
      <Execution id="a5893382-4319-4b0d-8d03-3274c7353e45" />
      <TestMethod codeBase="D:\Projects\ModbusLib\Tests\bin\Debug\net9.0\ModbusLib.Tests.dll" adapterTypeName="executor://xunit/VsTestRunner2/netcoreapp" className="ModbusLib.Tests.GenericReadWrite.GenericReadWriteIntegrationTests" name="ReadWriteInputRegisters_DoubleArray_Success" />
    </UnitTest>
    <UnitTest name="ModbusLib.Tests.Protocols.RtuProtocolTests.BuildRequest_WriteSingleCoil_FalseValue" storage="d:\projects\modbuslib\tests\bin\debug\net9.0\modbuslib.tests.dll" id="7e122765-1dcd-400a-731a-f0d52121b6a4">
      <Execution id="4b096b8d-1614-4979-9eeb-b07d629b845e" />
      <TestMethod codeBase="D:\Projects\ModbusLib\Tests\bin\Debug\net9.0\ModbusLib.Tests.dll" adapterTypeName="executor://xunit/VsTestRunner2/netcoreapp" className="ModbusLib.Tests.Protocols.RtuProtocolTests" name="BuildRequest_WriteSingleCoil_FalseValue" />
    </UnitTest>
    <UnitTest name="ModbusLib.Tests.AdvancedFunctions.ModbusAdvancedTests.ReadWriteMultipleRegistersAsync_MaximumWriteQuantity_Success" storage="d:\projects\modbuslib\tests\bin\debug\net9.0\modbuslib.tests.dll" id="0a09f26e-ae3a-bd9d-866c-70453e1bec5d">
      <Execution id="17b5803b-dc65-4abd-8114-77ad79766f1a" />
      <TestMethod codeBase="D:\Projects\ModbusLib\Tests\bin\Debug\net9.0\ModbusLib.Tests.dll" adapterTypeName="executor://xunit/VsTestRunner2/netcoreapp" className="ModbusLib.Tests.AdvancedFunctions.ModbusAdvancedTests" name="ReadWriteMultipleRegistersAsync_MaximumWriteQuantity_Success" />
    </UnitTest>
    <UnitTest name="ModbusLib.Tests.Protocols.TcpProtocolTests.CalculateExpectedResponseLength_VariousFunctions_CorrectLength(function: ReadCoils, quantity: 16, expectedLength: 11)" storage="d:\projects\modbuslib\tests\bin\debug\net9.0\modbuslib.tests.dll" id="54c4d33c-c896-b7bc-8ff4-3a84b6f5c0b7">
      <Execution id="c7fa91af-289c-424b-bf1f-bef3f5423cc8" />
      <TestMethod codeBase="D:\Projects\ModbusLib\Tests\bin\Debug\net9.0\ModbusLib.Tests.dll" adapterTypeName="executor://xunit/VsTestRunner2/netcoreapp" className="ModbusLib.Tests.Protocols.TcpProtocolTests" name="CalculateExpectedResponseLength_VariousFunctions_CorrectLength" />
    </UnitTest>
    <UnitTest name="ModbusLib.Tests.Protocols.TcpProtocolTests.BuildRequest_WriteSingleCoilNoData_ThrowsArgumentException" storage="d:\projects\modbuslib\tests\bin\debug\net9.0\modbuslib.tests.dll" id="be9eb14a-c35c-d641-775a-e476a6c88e91">
      <Execution id="baf201e3-1515-4e7a-8879-bbc13eef89ec" />
      <TestMethod codeBase="D:\Projects\ModbusLib\Tests\bin\Debug\net9.0\ModbusLib.Tests.dll" adapterTypeName="executor://xunit/VsTestRunner2/netcoreapp" className="ModbusLib.Tests.Protocols.TcpProtocolTests" name="BuildRequest_WriteSingleCoilNoData_ThrowsArgumentException" />
    </UnitTest>
    <UnitTest name="ModbusLib.Tests.Factories.ModbusClientFactoryTests.CreateUdpClient_InvalidHost_ThrowsArgumentException(invalidHost: &quot;&quot;)" storage="d:\projects\modbuslib\tests\bin\debug\net9.0\modbuslib.tests.dll" id="36f51760-ec80-a679-a4fe-117af6a6dfd1">
      <Execution id="b4527520-e27d-48bf-b623-b42dbc17d4e7" />
      <TestMethod codeBase="D:\Projects\ModbusLib\Tests\bin\Debug\net9.0\ModbusLib.Tests.dll" adapterTypeName="executor://xunit/VsTestRunner2/netcoreapp" className="ModbusLib.Tests.Factories.ModbusClientFactoryTests" name="CreateUdpClient_InvalidHost_ThrowsArgumentException" />
    </UnitTest>
    <UnitTest name="ModbusLib.Tests.ReadFunctions.ModbusReadTests.ReadHoldingRegistersAsync_InvalidQuantity_ThrowsArgumentException(invalidQuantity: 126)" storage="d:\projects\modbuslib\tests\bin\debug\net9.0\modbuslib.tests.dll" id="cd97a4ce-10fb-6e91-23d7-cc19df138c81">
      <Execution id="ca67484e-f0b8-4a37-8d26-f489b5966272" />
      <TestMethod codeBase="D:\Projects\ModbusLib\Tests\bin\Debug\net9.0\ModbusLib.Tests.dll" adapterTypeName="executor://xunit/VsTestRunner2/netcoreapp" className="ModbusLib.Tests.ReadFunctions.ModbusReadTests" name="ReadHoldingRegistersAsync_InvalidQuantity_ThrowsArgumentException" />
    </UnitTest>
    <UnitTest name="ModbusLib.Tests.GenericReadWrite.ModbusDataConverterTests.FromBytes_ToIntArray_RoundTrip_Success" storage="d:\projects\modbuslib\tests\bin\debug\net9.0\modbuslib.tests.dll" id="4fa7632d-56cf-1c41-a2fb-72ff80bd8eea">
      <Execution id="569242cd-404d-4aeb-a2e5-90610886e0f6" />
      <TestMethod codeBase="D:\Projects\ModbusLib\Tests\bin\Debug\net9.0\ModbusLib.Tests.dll" adapterTypeName="executor://xunit/VsTestRunner2/netcoreapp" className="ModbusLib.Tests.GenericReadWrite.ModbusDataConverterTests" name="FromBytes_ToIntArray_RoundTrip_Success" />
    </UnitTest>
    <UnitTest name="ModbusLib.Tests.GenericReadWrite.ModbusSpanExtensionsTests.GetBigEndian_UShort_ReturnsCorrectValue" storage="d:\projects\modbuslib\tests\bin\debug\net9.0\modbuslib.tests.dll" id="4fefa1d2-2b1e-d1b0-d129-59cb8faad289">
      <Execution id="258cfdc1-7774-40cf-a3a5-13971f4219f7" />
      <TestMethod codeBase="D:\Projects\ModbusLib\Tests\bin\Debug\net9.0\ModbusLib.Tests.dll" adapterTypeName="executor://xunit/VsTestRunner2/netcoreapp" className="ModbusLib.Tests.GenericReadWrite.ModbusSpanExtensionsTests" name="GetBigEndian_UShort_ReturnsCorrectValue" />
    </UnitTest>
    <UnitTest name="ModbusLib.Tests.GenericReadWrite.MidLittleEndianTests.ModbusDataConverter_MidLittleEndian_SpecificValues_RoundTrip(testValue: 305419896)" storage="d:\projects\modbuslib\tests\bin\debug\net9.0\modbuslib.tests.dll" id="a75b0826-00a5-d6bd-479f-7b7bc5456919">
      <Execution id="3761dad3-c530-4c5a-a93c-0e3c542809b3" />
      <TestMethod codeBase="D:\Projects\ModbusLib\Tests\bin\Debug\net9.0\ModbusLib.Tests.dll" adapterTypeName="executor://xunit/VsTestRunner2/netcoreapp" className="ModbusLib.Tests.GenericReadWrite.MidLittleEndianTests" name="ModbusDataConverter_MidLittleEndian_SpecificValues_RoundTrip" />
    </UnitTest>
    <UnitTest name="ModbusLib.Tests.AdvancedFunctions.ModbusAdvancedTests.ReadWriteMultipleRegistersAsync_WriteDataIntegrity_CorrectByteOrder" storage="d:\projects\modbuslib\tests\bin\debug\net9.0\modbuslib.tests.dll" id="c6f90b60-6128-39f9-e076-81ec6d87867f">
      <Execution id="794301e9-5561-45b9-bcc5-416fe60168eb" />
      <TestMethod codeBase="D:\Projects\ModbusLib\Tests\bin\Debug\net9.0\ModbusLib.Tests.dll" adapterTypeName="executor://xunit/VsTestRunner2/netcoreapp" className="ModbusLib.Tests.AdvancedFunctions.ModbusAdvancedTests" name="ReadWriteMultipleRegistersAsync_WriteDataIntegrity_CorrectByteOrder" />
    </UnitTest>
    <UnitTest name="ModbusLib.Tests.Integration.BasicClientIntegrationTests.ModbusClient_Dispose_DisposesTransport" storage="d:\projects\modbuslib\tests\bin\debug\net9.0\modbuslib.tests.dll" id="7c63c7a9-ef20-87a9-9a86-6fce7dbb7235">
      <Execution id="be6f8c96-bd46-4a48-b2d7-302b97bdf98d" />
      <TestMethod codeBase="D:\Projects\ModbusLib\Tests\bin\Debug\net9.0\ModbusLib.Tests.dll" adapterTypeName="executor://xunit/VsTestRunner2/netcoreapp" className="ModbusLib.Tests.Integration.BasicClientIntegrationTests" name="ModbusClient_Dispose_DisposesTransport" />
    </UnitTest>
    <UnitTest name="ModbusLib.Tests.AdvancedFunctions.ModbusAdvancedTests.ReadWriteMultipleRegistersAsync_TooManyWriteRegisters_ThrowsArgumentException" storage="d:\projects\modbuslib\tests\bin\debug\net9.0\modbuslib.tests.dll" id="8ac769c3-b00c-40e9-8f6c-2802d1f5a242">
      <Execution id="f020ddca-817f-416a-b6c0-5e983484de8e" />
      <TestMethod codeBase="D:\Projects\ModbusLib\Tests\bin\Debug\net9.0\ModbusLib.Tests.dll" adapterTypeName="executor://xunit/VsTestRunner2/netcoreapp" className="ModbusLib.Tests.AdvancedFunctions.ModbusAdvancedTests" name="ReadWriteMultipleRegistersAsync_TooManyWriteRegisters_ThrowsArgumentException" />
    </UnitTest>
    <UnitTest name="ModbusLib.Tests.Integration.BasicClientIntegrationTests.ModbusClient_InitialState_IsNotConnected" storage="d:\projects\modbuslib\tests\bin\debug\net9.0\modbuslib.tests.dll" id="6a1d560f-f9f8-989e-302d-bb357a2222a2">
      <Execution id="6c36e145-5ae7-4786-a9ce-3f48b2968f51" />
      <TestMethod codeBase="D:\Projects\ModbusLib\Tests\bin\Debug\net9.0\ModbusLib.Tests.dll" adapterTypeName="executor://xunit/VsTestRunner2/netcoreapp" className="ModbusLib.Tests.Integration.BasicClientIntegrationTests" name="ModbusClient_InitialState_IsNotConnected" />
    </UnitTest>
    <UnitTest name="ModbusLib.Tests.GenericReadWrite.MidLittleEndianTests.ModbusDataConverter_MidLittleEndian_UShortArray_HandledCorrectly" storage="d:\projects\modbuslib\tests\bin\debug\net9.0\modbuslib.tests.dll" id="1294b900-f078-9c20-6931-fbd71166eb96">
      <Execution id="d819b074-e0d7-44bc-a7fe-b0775e3b59e2" />
      <TestMethod codeBase="D:\Projects\ModbusLib\Tests\bin\Debug\net9.0\ModbusLib.Tests.dll" adapterTypeName="executor://xunit/VsTestRunner2/netcoreapp" className="ModbusLib.Tests.GenericReadWrite.MidLittleEndianTests" name="ModbusDataConverter_MidLittleEndian_UShortArray_HandledCorrectly" />
    </UnitTest>
    <UnitTest name="ModbusLib.Tests.Integration.BasicClientIntegrationTests.ModbusClient_ConnectAsync_UpdatesConnectionState" storage="d:\projects\modbuslib\tests\bin\debug\net9.0\modbuslib.tests.dll" id="44f2bf4c-114b-3822-0c45-ab81347fae5e">
      <Execution id="5d537894-7a15-4300-bcbb-361186ccc5ce" />
      <TestMethod codeBase="D:\Projects\ModbusLib\Tests\bin\Debug\net9.0\ModbusLib.Tests.dll" adapterTypeName="executor://xunit/VsTestRunner2/netcoreapp" className="ModbusLib.Tests.Integration.BasicClientIntegrationTests" name="ModbusClient_ConnectAsync_UpdatesConnectionState" />
    </UnitTest>
    <UnitTest name="ModbusLib.Tests.GenericReadWrite.ModbusDataConverterTests.GetRegisterCount_Int_ReturnsTwo" storage="d:\projects\modbuslib\tests\bin\debug\net9.0\modbuslib.tests.dll" id="7d43f9b2-42c7-de75-168d-e7fe6c2f0ba4">
      <Execution id="283b06f9-7688-4b53-a917-d9c098d87fe3" />
      <TestMethod codeBase="D:\Projects\ModbusLib\Tests\bin\Debug\net9.0\ModbusLib.Tests.dll" adapterTypeName="executor://xunit/VsTestRunner2/netcoreapp" className="ModbusLib.Tests.GenericReadWrite.ModbusDataConverterTests" name="GetRegisterCount_Int_ReturnsTwo" />
    </UnitTest>
    <UnitTest name="ModbusLib.Tests.Protocols.RtuProtocolTests.CalculateExpectedResponseLength_VariousFunctions_CorrectLength(function: WriteSingleRegister, quantity: 1, expectedLength: 8)" storage="d:\projects\modbuslib\tests\bin\debug\net9.0\modbuslib.tests.dll" id="460a6941-a2e9-cd06-63bc-6a334a1761e0">
      <Execution id="0a2c0e38-5ac7-4ba0-bd27-02a641f42ffe" />
      <TestMethod codeBase="D:\Projects\ModbusLib\Tests\bin\Debug\net9.0\ModbusLib.Tests.dll" adapterTypeName="executor://xunit/VsTestRunner2/netcoreapp" className="ModbusLib.Tests.Protocols.RtuProtocolTests" name="CalculateExpectedResponseLength_VariousFunctions_CorrectLength" />
    </UnitTest>
    <UnitTest name="ModbusLib.Tests.GenericReadWrite.ModbusDataConverterTests.FromBytes_ToByteArray_RoundTrip_Success" storage="d:\projects\modbuslib\tests\bin\debug\net9.0\modbuslib.tests.dll" id="0ececda0-c3fa-4f6d-55b6-0a6442582321">
      <Execution id="5f4f2cd4-4b90-4941-931f-bbd4dec266c8" />
      <TestMethod codeBase="D:\Projects\ModbusLib\Tests\bin\Debug\net9.0\ModbusLib.Tests.dll" adapterTypeName="executor://xunit/VsTestRunner2/netcoreapp" className="ModbusLib.Tests.GenericReadWrite.ModbusDataConverterTests" name="FromBytes_ToByteArray_RoundTrip_Success" />
    </UnitTest>
    <UnitTest name="ModbusLib.Tests.Protocols.RtuProtocolTests.CalculateExpectedResponseLength_VariousFunctions_CorrectLength(function: WriteSingleCoil, quantity: 1, expectedLength: 8)" storage="d:\projects\modbuslib\tests\bin\debug\net9.0\modbuslib.tests.dll" id="a0ce5da4-3e94-87f9-6916-0135774e30da">
      <Execution id="8793f25b-57d3-4782-a9f1-9bac2b1c7ddc" />
      <TestMethod codeBase="D:\Projects\ModbusLib\Tests\bin\Debug\net9.0\ModbusLib.Tests.dll" adapterTypeName="executor://xunit/VsTestRunner2/netcoreapp" className="ModbusLib.Tests.Protocols.RtuProtocolTests" name="CalculateExpectedResponseLength_VariousFunctions_CorrectLength" />
    </UnitTest>
    <UnitTest name="ModbusLib.Tests.Integration.BasicClientIntegrationTests.ModbusClient_DisconnectAfterDispose_DoesNotThrow" storage="d:\projects\modbuslib\tests\bin\debug\net9.0\modbuslib.tests.dll" id="21b3787f-7f11-81de-c8ba-8c434b794123">
      <Execution id="c9ed3858-6996-427c-aea3-4a0cdaa5b47d" />
      <TestMethod codeBase="D:\Projects\ModbusLib\Tests\bin\Debug\net9.0\ModbusLib.Tests.dll" adapterTypeName="executor://xunit/VsTestRunner2/netcoreapp" className="ModbusLib.Tests.Integration.BasicClientIntegrationTests" name="ModbusClient_DisconnectAfterDispose_DoesNotThrow" />
    </UnitTest>
    <UnitTest name="ModbusLib.Tests.ReadFunctions.ModbusReadTests.ReadDiscreteInputsAsync_ValidRequest_ReturnsCorrectBoolArray" storage="d:\projects\modbuslib\tests\bin\debug\net9.0\modbuslib.tests.dll" id="cedfbaec-9474-60ba-c8fe-8706fc545dd3">
      <Execution id="c7de6604-c09c-4a96-8c60-61b4fa156292" />
      <TestMethod codeBase="D:\Projects\ModbusLib\Tests\bin\Debug\net9.0\ModbusLib.Tests.dll" adapterTypeName="executor://xunit/VsTestRunner2/netcoreapp" className="ModbusLib.Tests.ReadFunctions.ModbusReadTests" name="ReadDiscreteInputsAsync_ValidRequest_ReturnsCorrectBoolArray" />
    </UnitTest>
    <UnitTest name="ModbusLib.Tests.GenericReadWrite.MidLittleEndianTests.ReadWriteHoldingRegisters_MidLittleEndian_IntArray_Success" storage="d:\projects\modbuslib\tests\bin\debug\net9.0\modbuslib.tests.dll" id="93d9e520-6879-8cb5-3e35-4fd74cd186fd">
      <Execution id="705e4f08-5271-4f09-95f8-86aa73c5ff9c" />
      <TestMethod codeBase="D:\Projects\ModbusLib\Tests\bin\Debug\net9.0\ModbusLib.Tests.dll" adapterTypeName="executor://xunit/VsTestRunner2/netcoreapp" className="ModbusLib.Tests.GenericReadWrite.MidLittleEndianTests" name="ReadWriteHoldingRegisters_MidLittleEndian_IntArray_Success" />
    </UnitTest>
    <UnitTest name="ModbusLib.Tests.GenericReadWrite.ModbusSpanExtensionsTests.GetLittleEndian_UShort_ReturnsCorrectValue" storage="d:\projects\modbuslib\tests\bin\debug\net9.0\modbuslib.tests.dll" id="245dd0dc-336f-9bd2-5cb7-c3a92304f661">
      <Execution id="6abc6c7e-95a7-478b-9dcb-6fff88d54462" />
      <TestMethod codeBase="D:\Projects\ModbusLib\Tests\bin\Debug\net9.0\ModbusLib.Tests.dll" adapterTypeName="executor://xunit/VsTestRunner2/netcoreapp" className="ModbusLib.Tests.GenericReadWrite.ModbusSpanExtensionsTests" name="GetLittleEndian_UShort_ReturnsCorrectValue" />
    </UnitTest>
    <UnitTest name="ModbusLib.Tests.Protocols.TcpProtocolTests.BuildRequest_TransactionIdIncrement_Sequential" storage="d:\projects\modbuslib\tests\bin\debug\net9.0\modbuslib.tests.dll" id="4087cc78-c97e-f912-006d-2fcb6505617f">
      <Execution id="2c0a6bce-d36c-4492-9abd-bc95da512e89" />
      <TestMethod codeBase="D:\Projects\ModbusLib\Tests\bin\Debug\net9.0\ModbusLib.Tests.dll" adapterTypeName="executor://xunit/VsTestRunner2/netcoreapp" className="ModbusLib.Tests.Protocols.TcpProtocolTests" name="BuildRequest_TransactionIdIncrement_Sequential" />
    </UnitTest>
    <UnitTest name="ModbusLib.Tests.GenericReadWrite.GenericBoundaryTests.SpanExtensions_SetLittleEndian_NegativeAddress_ThrowsException" storage="d:\projects\modbuslib\tests\bin\debug\net9.0\modbuslib.tests.dll" id="5990c425-3ea8-4814-b998-4b5cd31ce261">
      <Execution id="b102404f-2a49-450b-9066-92756238af77" />
      <TestMethod codeBase="D:\Projects\ModbusLib\Tests\bin\Debug\net9.0\ModbusLib.Tests.dll" adapterTypeName="executor://xunit/VsTestRunner2/netcoreapp" className="ModbusLib.Tests.GenericReadWrite.GenericBoundaryTests" name="SpanExtensions_SetLittleEndian_NegativeAddress_ThrowsException" />
    </UnitTest>
    <UnitTest name="ModbusLib.Tests.Protocols.RtuProtocolTests.BuildRequest_WriteSingleRegisterInsufficientData_ThrowsArgumentException" storage="d:\projects\modbuslib\tests\bin\debug\net9.0\modbuslib.tests.dll" id="86acbe90-955f-e3e9-95fa-34868be4c674">
      <Execution id="c5f548b8-79d0-4fd2-8c54-cd06fe5a81c0" />
      <TestMethod codeBase="D:\Projects\ModbusLib\Tests\bin\Debug\net9.0\ModbusLib.Tests.dll" adapterTypeName="executor://xunit/VsTestRunner2/netcoreapp" className="ModbusLib.Tests.Protocols.RtuProtocolTests" name="BuildRequest_WriteSingleRegisterInsufficientData_ThrowsArgumentException" />
    </UnitTest>
    <UnitTest name="ModbusLib.Tests.GenericReadWrite.ModbusSpanExtensionsTests.SetLittleEndian_UShort_SetsCorrectValue" storage="d:\projects\modbuslib\tests\bin\debug\net9.0\modbuslib.tests.dll" id="2443e421-41e1-42a1-44f3-79c093f62e28">
      <Execution id="dd802037-4fec-4875-b7b5-6c67c15e515e" />
      <TestMethod codeBase="D:\Projects\ModbusLib\Tests\bin\Debug\net9.0\ModbusLib.Tests.dll" adapterTypeName="executor://xunit/VsTestRunner2/netcoreapp" className="ModbusLib.Tests.GenericReadWrite.ModbusSpanExtensionsTests" name="SetLittleEndian_UShort_SetsCorrectValue" />
    </UnitTest>
    <UnitTest name="ModbusLib.Tests.Protocols.TcpProtocolTests.BuildRequest_ReadCoils_CorrectMbapHeader" storage="d:\projects\modbuslib\tests\bin\debug\net9.0\modbuslib.tests.dll" id="a4f7811c-6a4c-ac0c-a233-1c2bbf02f9bc">
      <Execution id="eab59aa6-4ed5-4201-bf6b-258534c14d9e" />
      <TestMethod codeBase="D:\Projects\ModbusLib\Tests\bin\Debug\net9.0\ModbusLib.Tests.dll" adapterTypeName="executor://xunit/VsTestRunner2/netcoreapp" className="ModbusLib.Tests.Protocols.TcpProtocolTests" name="BuildRequest_ReadCoils_CorrectMbapHeader" />
    </UnitTest>
    <UnitTest name="ModbusLib.Tests.GenericReadWrite.ModbusSpanExtensionsTests.SetBigEndian_OutOfRange_ThrowsArgumentOutOfRangeException" storage="d:\projects\modbuslib\tests\bin\debug\net9.0\modbuslib.tests.dll" id="3391d062-8fd9-13e6-f608-09aaecab5252">
      <Execution id="38ddd502-118c-4412-bc4b-8642c1104396" />
      <TestMethod codeBase="D:\Projects\ModbusLib\Tests\bin\Debug\net9.0\ModbusLib.Tests.dll" adapterTypeName="executor://xunit/VsTestRunner2/netcoreapp" className="ModbusLib.Tests.GenericReadWrite.ModbusSpanExtensionsTests" name="SetBigEndian_OutOfRange_ThrowsArgumentOutOfRangeException" />
    </UnitTest>
    <UnitTest name="ModbusLib.Tests.AdvancedFunctions.ModbusAdvancedTests.ReadWriteMultipleRegistersAsync_RequestDataFormat_CorrectStructure" storage="d:\projects\modbuslib\tests\bin\debug\net9.0\modbuslib.tests.dll" id="f587e4db-c032-5e8c-bc2b-5611efad30b2">
      <Execution id="86af70a5-0be4-4ab1-ae4e-281b64629646" />
      <TestMethod codeBase="D:\Projects\ModbusLib\Tests\bin\Debug\net9.0\ModbusLib.Tests.dll" adapterTypeName="executor://xunit/VsTestRunner2/netcoreapp" className="ModbusLib.Tests.AdvancedFunctions.ModbusAdvancedTests" name="ReadWriteMultipleRegistersAsync_RequestDataFormat_CorrectStructure" />
    </UnitTest>
    <UnitTest name="ModbusLib.Tests.WriteFunctions.ModbusWriteTests.WriteSingleRegisterAsync_ValidValues_Success(value: 100)" storage="d:\projects\modbuslib\tests\bin\debug\net9.0\modbuslib.tests.dll" id="6625c9dd-1927-b875-70c3-850ec0ff7eae">
      <Execution id="449a1586-04ca-4b7d-a3c5-a5b217cc5778" />
      <TestMethod codeBase="D:\Projects\ModbusLib\Tests\bin\Debug\net9.0\ModbusLib.Tests.dll" adapterTypeName="executor://xunit/VsTestRunner2/netcoreapp" className="ModbusLib.Tests.WriteFunctions.ModbusWriteTests" name="WriteSingleRegisterAsync_ValidValues_Success" />
    </UnitTest>
    <UnitTest name="ModbusLib.Tests.Protocols.TcpProtocolTests.BuildRequest_WriteMultipleRegisters_CorrectLength" storage="d:\projects\modbuslib\tests\bin\debug\net9.0\modbuslib.tests.dll" id="54a207bb-066f-0562-39ef-f988f958fab6">
      <Execution id="18fbb61d-45ae-423b-ab39-b987bd4c1c13" />
      <TestMethod codeBase="D:\Projects\ModbusLib\Tests\bin\Debug\net9.0\ModbusLib.Tests.dll" adapterTypeName="executor://xunit/VsTestRunner2/netcoreapp" className="ModbusLib.Tests.Protocols.TcpProtocolTests" name="BuildRequest_WriteMultipleRegisters_CorrectLength" />
    </UnitTest>
    <UnitTest name="ModbusLib.Tests.GenericReadWrite.MidLittleEndianTests.ModbusDataConverter_CompareDifferentEndianness_ProducesDifferentResults" storage="d:\projects\modbuslib\tests\bin\debug\net9.0\modbuslib.tests.dll" id="f0729d76-616f-dbd4-0fed-73d667305f4e">
      <Execution id="0eca3a73-5643-42be-9ca9-6d460489953a" />
      <TestMethod codeBase="D:\Projects\ModbusLib\Tests\bin\Debug\net9.0\ModbusLib.Tests.dll" adapterTypeName="executor://xunit/VsTestRunner2/netcoreapp" className="ModbusLib.Tests.GenericReadWrite.MidLittleEndianTests" name="ModbusDataConverter_CompareDifferentEndianness_ProducesDifferentResults" />
    </UnitTest>
    <UnitTest name="ModbusLib.Tests.Protocols.TcpProtocolTests.ParseResponse_TooShort_ThrowsException" storage="d:\projects\modbuslib\tests\bin\debug\net9.0\modbuslib.tests.dll" id="2e3551ea-a910-3701-c66d-5ff6cafc9873">
      <Execution id="fe498321-9034-4e68-9ebc-a5155d2830d9" />
      <TestMethod codeBase="D:\Projects\ModbusLib\Tests\bin\Debug\net9.0\ModbusLib.Tests.dll" adapterTypeName="executor://xunit/VsTestRunner2/netcoreapp" className="ModbusLib.Tests.Protocols.TcpProtocolTests" name="ParseResponse_TooShort_ThrowsException" />
    </UnitTest>
    <UnitTest name="ModbusLib.Tests.Protocols.RtuProtocolTests.BuildRequest_WriteSingleRegister_CorrectValue" storage="d:\projects\modbuslib\tests\bin\debug\net9.0\modbuslib.tests.dll" id="a8188de4-232a-aca2-3b2b-13cac3e5f01f">
      <Execution id="735c11ee-2e89-4467-9f70-a8273072e2d4" />
      <TestMethod codeBase="D:\Projects\ModbusLib\Tests\bin\Debug\net9.0\ModbusLib.Tests.dll" adapterTypeName="executor://xunit/VsTestRunner2/netcoreapp" className="ModbusLib.Tests.Protocols.RtuProtocolTests" name="BuildRequest_WriteSingleRegister_CorrectValue" />
    </UnitTest>
    <UnitTest name="ModbusLib.Tests.Factories.ModbusClientFactoryTests.CreateMultipleClients_SameConfiguration_ReturnsIndependentInstances" storage="d:\projects\modbuslib\tests\bin\debug\net9.0\modbuslib.tests.dll" id="681f0fca-f9a1-ed05-216e-057f177e521c">
      <Execution id="2a65b795-4fb7-497f-bddc-5d01c532e16a" />
      <TestMethod codeBase="D:\Projects\ModbusLib\Tests\bin\Debug\net9.0\ModbusLib.Tests.dll" adapterTypeName="executor://xunit/VsTestRunner2/netcoreapp" className="ModbusLib.Tests.Factories.ModbusClientFactoryTests" name="CreateMultipleClients_SameConfiguration_ReturnsIndependentInstances" />
    </UnitTest>
    <UnitTest name="ModbusLib.Tests.Factories.ModbusClientFactoryTests.CreateRtuClient_WithPortNameAndBaudRate_ReturnsRtuClient" storage="d:\projects\modbuslib\tests\bin\debug\net9.0\modbuslib.tests.dll" id="f952e59c-9335-0bfe-5930-008d5dd78c7b">
      <Execution id="deb608ae-da3c-4280-b33b-069f1952747c" />
      <TestMethod codeBase="D:\Projects\ModbusLib\Tests\bin\Debug\net9.0\ModbusLib.Tests.dll" adapterTypeName="executor://xunit/VsTestRunner2/netcoreapp" className="ModbusLib.Tests.Factories.ModbusClientFactoryTests" name="CreateRtuClient_WithPortNameAndBaudRate_ReturnsRtuClient" />
    </UnitTest>
    <UnitTest name="ModbusLib.Tests.Protocols.RtuProtocolTests.ParseResponse_InvalidCrc_ThrowsException" storage="d:\projects\modbuslib\tests\bin\debug\net9.0\modbuslib.tests.dll" id="0e35e222-8ec4-9486-3277-970cbc28cfe2">
      <Execution id="bf1a3c3a-95df-4fd4-9d56-7300733b8094" />
      <TestMethod codeBase="D:\Projects\ModbusLib\Tests\bin\Debug\net9.0\ModbusLib.Tests.dll" adapterTypeName="executor://xunit/VsTestRunner2/netcoreapp" className="ModbusLib.Tests.Protocols.RtuProtocolTests" name="ParseResponse_InvalidCrc_ThrowsException" />
    </UnitTest>
    <UnitTest name="ModbusLib.Tests.Factories.ModbusClientFactoryTests.CreateRtuOverTcpClient_InvalidHost_ThrowsArgumentException(invalidHost: &quot;&quot;)" storage="d:\projects\modbuslib\tests\bin\debug\net9.0\modbuslib.tests.dll" id="09588256-9cd3-8547-39e8-adb70f0142f2">
      <Execution id="b9dffaeb-f524-4538-902a-57cb4a49db03" />
      <TestMethod codeBase="D:\Projects\ModbusLib\Tests\bin\Debug\net9.0\ModbusLib.Tests.dll" adapterTypeName="executor://xunit/VsTestRunner2/netcoreapp" className="ModbusLib.Tests.Factories.ModbusClientFactoryTests" name="CreateRtuOverTcpClient_InvalidHost_ThrowsArgumentException" />
    </UnitTest>
    <UnitTest name="ModbusLib.Tests.GenericReadWrite.ModbusDataConverterTests.GetTotalRegisterCount_MultipleInts_ReturnsCorrectCount" storage="d:\projects\modbuslib\tests\bin\debug\net9.0\modbuslib.tests.dll" id="3811a3e6-d0ea-361a-97a7-481f8d660901">
      <Execution id="cc349ca0-5f9b-41ad-80b0-96792b9f954c" />
      <TestMethod codeBase="D:\Projects\ModbusLib\Tests\bin\Debug\net9.0\ModbusLib.Tests.dll" adapterTypeName="executor://xunit/VsTestRunner2/netcoreapp" className="ModbusLib.Tests.GenericReadWrite.ModbusDataConverterTests" name="GetTotalRegisterCount_MultipleInts_ReturnsCorrectCount" />
    </UnitTest>
    <UnitTest name="ModbusLib.Tests.GenericReadWrite.ModbusDataConverterTests.FromBytes_ToFloatArray_RoundTrip_Success" storage="d:\projects\modbuslib\tests\bin\debug\net9.0\modbuslib.tests.dll" id="30aa461f-dc4d-4336-4c6f-9f1b55bd062a">
      <Execution id="d28a2b81-03c5-40c6-b701-d9cf5b9344d0" />
      <TestMethod codeBase="D:\Projects\ModbusLib\Tests\bin\Debug\net9.0\ModbusLib.Tests.dll" adapterTypeName="executor://xunit/VsTestRunner2/netcoreapp" className="ModbusLib.Tests.GenericReadWrite.ModbusDataConverterTests" name="FromBytes_ToFloatArray_RoundTrip_Success" />
    </UnitTest>
    <UnitTest name="ModbusLib.Tests.Factories.ModbusClientFactoryTests.CreateRtuOverTcpClient_InvalidHost_ThrowsArgumentException(invalidHost: &quot;null&quot;)" storage="d:\projects\modbuslib\tests\bin\debug\net9.0\modbuslib.tests.dll" id="5ff55214-e679-7986-acf1-243fb331dd57">
      <Execution id="823931a8-d6c0-4bcb-afc3-c98bf3ed4843" />
      <TestMethod codeBase="D:\Projects\ModbusLib\Tests\bin\Debug\net9.0\ModbusLib.Tests.dll" adapterTypeName="executor://xunit/VsTestRunner2/netcoreapp" className="ModbusLib.Tests.Factories.ModbusClientFactoryTests" name="CreateRtuOverTcpClient_InvalidHost_ThrowsArgumentException" />
    </UnitTest>
    <UnitTest name="ModbusLib.Tests.Factories.ModbusClientFactoryTests.CreateClient_RtuOverTcpType_ReturnsRtuOverTcpClient" storage="d:\projects\modbuslib\tests\bin\debug\net9.0\modbuslib.tests.dll" id="8c5f12e5-9c4b-384d-6fa3-d13905467cf1">
      <Execution id="4e114f1c-88cf-4220-b671-957b616a93d2" />
      <TestMethod codeBase="D:\Projects\ModbusLib\Tests\bin\Debug\net9.0\ModbusLib.Tests.dll" adapterTypeName="executor://xunit/VsTestRunner2/netcoreapp" className="ModbusLib.Tests.Factories.ModbusClientFactoryTests" name="CreateClient_RtuOverTcpType_ReturnsRtuOverTcpClient" />
    </UnitTest>
    <UnitTest name="ModbusLib.Tests.GenericReadWrite.GenericBoundaryTests.SpanExtensions_GetBigEndian_InvalidAddress_ThrowsException" storage="d:\projects\modbuslib\tests\bin\debug\net9.0\modbuslib.tests.dll" id="07ff4826-7da9-d9b9-8924-94bb478c98a6">
      <Execution id="7c73db1b-3c63-46cd-8453-4a7196887cb8" />
      <TestMethod codeBase="D:\Projects\ModbusLib\Tests\bin\Debug\net9.0\ModbusLib.Tests.dll" adapterTypeName="executor://xunit/VsTestRunner2/netcoreapp" className="ModbusLib.Tests.GenericReadWrite.GenericBoundaryTests" name="SpanExtensions_GetBigEndian_InvalidAddress_ThrowsException" />
    </UnitTest>
    <UnitTest name="ModbusLib.Tests.Protocols.TcpProtocolTests.ValidateResponse_ValidResponse_ReturnsTrue" storage="d:\projects\modbuslib\tests\bin\debug\net9.0\modbuslib.tests.dll" id="6a9c52bf-959e-fdeb-ce08-f059dc176a75">
      <Execution id="301d809c-7502-4521-9fb9-f0a7a0c20792" />
      <TestMethod codeBase="D:\Projects\ModbusLib\Tests\bin\Debug\net9.0\ModbusLib.Tests.dll" adapterTypeName="executor://xunit/VsTestRunner2/netcoreapp" className="ModbusLib.Tests.Protocols.TcpProtocolTests" name="ValidateResponse_ValidResponse_ReturnsTrue" />
    </UnitTest>
    <UnitTest name="ModbusLib.Tests.Factories.ModbusClientFactoryTests.CreateClients_DifferentTypes_ReturnsCorrectTypes" storage="d:\projects\modbuslib\tests\bin\debug\net9.0\modbuslib.tests.dll" id="f699dd08-5e4a-2500-1f9a-e25a6693e39a">
      <Execution id="0836b291-a987-44c3-926a-3d4b5de31e5e" />
      <TestMethod codeBase="D:\Projects\ModbusLib\Tests\bin\Debug\net9.0\ModbusLib.Tests.dll" adapterTypeName="executor://xunit/VsTestRunner2/netcoreapp" className="ModbusLib.Tests.Factories.ModbusClientFactoryTests" name="CreateClients_DifferentTypes_ReturnsCorrectTypes" />
    </UnitTest>
    <UnitTest name="ModbusLib.Tests.Protocols.RtuProtocolTests.BuildRequest_WriteMultipleRegisters_CorrectFrame" storage="d:\projects\modbuslib\tests\bin\debug\net9.0\modbuslib.tests.dll" id="ecc78a2f-ee5e-a72c-36fd-e26241e6a8c9">
      <Execution id="a9d40fd7-b9ec-4298-af30-f4af07bc0e5c" />
      <TestMethod codeBase="D:\Projects\ModbusLib\Tests\bin\Debug\net9.0\ModbusLib.Tests.dll" adapterTypeName="executor://xunit/VsTestRunner2/netcoreapp" className="ModbusLib.Tests.Protocols.RtuProtocolTests" name="BuildRequest_WriteMultipleRegisters_CorrectFrame" />
    </UnitTest>
    <UnitTest name="ModbusLib.Tests.GenericReadWrite.GenericCompatibilityTests.GenericReadWrite_LongTypes_Success(endianness: BigEndian)" storage="d:\projects\modbuslib\tests\bin\debug\net9.0\modbuslib.tests.dll" id="5a58d0d7-6c0e-8bd7-6aed-ef60ac243e6a">
      <Execution id="c1a03997-d017-43e4-9c44-c659b39770d8" />
      <TestMethod codeBase="D:\Projects\ModbusLib\Tests\bin\Debug\net9.0\ModbusLib.Tests.dll" adapterTypeName="executor://xunit/VsTestRunner2/netcoreapp" className="ModbusLib.Tests.GenericReadWrite.GenericCompatibilityTests" name="GenericReadWrite_LongTypes_Success" />
    </UnitTest>
    <UnitTest name="ModbusLib.Tests.GenericReadWrite.GenericCompatibilityTests.GenericReadWrite_SimpleStruct_Success(endianness: LittleEndian)" storage="d:\projects\modbuslib\tests\bin\debug\net9.0\modbuslib.tests.dll" id="76d33c27-4d0f-c878-e7d7-a7e703584926">
      <Execution id="f51ec172-12f8-49c3-815f-992b408fc952" />
      <TestMethod codeBase="D:\Projects\ModbusLib\Tests\bin\Debug\net9.0\ModbusLib.Tests.dll" adapterTypeName="executor://xunit/VsTestRunner2/netcoreapp" className="ModbusLib.Tests.GenericReadWrite.GenericCompatibilityTests" name="GenericReadWrite_SimpleStruct_Success" />
    </UnitTest>
    <UnitTest name="ModbusLib.Tests.Factories.ModbusClientFactoryTests.CreateTcpClient_ValidConfig_ReturnsTcpClient" storage="d:\projects\modbuslib\tests\bin\debug\net9.0\modbuslib.tests.dll" id="a3276eca-c91e-5fa4-935f-68d383a4fc24">
      <Execution id="0584bff6-d47d-476b-9090-30cf6c76f386" />
      <TestMethod codeBase="D:\Projects\ModbusLib\Tests\bin\Debug\net9.0\ModbusLib.Tests.dll" adapterTypeName="executor://xunit/VsTestRunner2/netcoreapp" className="ModbusLib.Tests.Factories.ModbusClientFactoryTests" name="CreateTcpClient_ValidConfig_ReturnsTcpClient" />
    </UnitTest>
    <UnitTest name="ModbusLib.Tests.ReadFunctions.ModbusReadTests.ReadInputRegistersAsync_SpecialValues_Success" storage="d:\projects\modbuslib\tests\bin\debug\net9.0\modbuslib.tests.dll" id="ad4cc763-93a7-431e-9d07-06d211cedc5f">
      <Execution id="b8eeba53-8644-4a97-8a30-6f91b83627a5" />
      <TestMethod codeBase="D:\Projects\ModbusLib\Tests\bin\Debug\net9.0\ModbusLib.Tests.dll" adapterTypeName="executor://xunit/VsTestRunner2/netcoreapp" className="ModbusLib.Tests.ReadFunctions.ModbusReadTests" name="ReadInputRegistersAsync_SpecialValues_Success" />
    </UnitTest>
    <UnitTest name="ModbusLib.Tests.WriteFunctions.ModbusWriteTests.WriteSingleRegisterAsync_ValidValues_Success(value: 65535)" storage="d:\projects\modbuslib\tests\bin\debug\net9.0\modbuslib.tests.dll" id="a406bb7a-d1e4-7051-c966-fa757d5c6992">
      <Execution id="62aaa55f-a87b-4031-bbb7-383344aaa193" />
      <TestMethod codeBase="D:\Projects\ModbusLib\Tests\bin\Debug\net9.0\ModbusLib.Tests.dll" adapterTypeName="executor://xunit/VsTestRunner2/netcoreapp" className="ModbusLib.Tests.WriteFunctions.ModbusWriteTests" name="WriteSingleRegisterAsync_ValidValues_Success" />
    </UnitTest>
    <UnitTest name="ModbusLib.Tests.ReadFunctions.ModbusReadTests.ReadInputRegistersAsync_ValidRequest_ReturnsCorrectUshortArray" storage="d:\projects\modbuslib\tests\bin\debug\net9.0\modbuslib.tests.dll" id="bd07edbe-41e1-5243-c025-46f78a7481ed">
      <Execution id="182033cb-6f9e-4b99-9ea5-cf3a079d46d2" />
      <TestMethod codeBase="D:\Projects\ModbusLib\Tests\bin\Debug\net9.0\ModbusLib.Tests.dll" adapterTypeName="executor://xunit/VsTestRunner2/netcoreapp" className="ModbusLib.Tests.ReadFunctions.ModbusReadTests" name="ReadInputRegistersAsync_ValidRequest_ReturnsCorrectUshortArray" />
    </UnitTest>
    <UnitTest name="ModbusLib.Tests.GenericReadWrite.GenericCompatibilityTests.GenericReadWrite_SpecialDoubleValues_Success" storage="d:\projects\modbuslib\tests\bin\debug\net9.0\modbuslib.tests.dll" id="846799f1-e436-5163-1962-ee1fa5b1eef2">
      <Execution id="a75520c0-b94e-40f5-b640-4cf0503649ab" />
      <TestMethod codeBase="D:\Projects\ModbusLib\Tests\bin\Debug\net9.0\ModbusLib.Tests.dll" adapterTypeName="executor://xunit/VsTestRunner2/netcoreapp" className="ModbusLib.Tests.GenericReadWrite.GenericCompatibilityTests" name="GenericReadWrite_SpecialDoubleValues_Success" />
    </UnitTest>
    <UnitTest name="ModbusLib.Tests.Protocols.TcpProtocolTests.CalculateExpectedResponseLength_VariousFunctions_CorrectLength(function: ReadHoldingRegisters, quantity: 10, expectedLength: 29)" storage="d:\projects\modbuslib\tests\bin\debug\net9.0\modbuslib.tests.dll" id="2b56d25e-5f2c-81ed-696e-75179872084b">
      <Execution id="56811a05-402e-49b8-bff2-93e135614661" />
      <TestMethod codeBase="D:\Projects\ModbusLib\Tests\bin\Debug\net9.0\ModbusLib.Tests.dll" adapterTypeName="executor://xunit/VsTestRunner2/netcoreapp" className="ModbusLib.Tests.Protocols.TcpProtocolTests" name="CalculateExpectedResponseLength_VariousFunctions_CorrectLength" />
    </UnitTest>
    <UnitTest name="ModbusLib.Tests.Integration.BasicClientIntegrationTests.ModbusClient_TimeoutProperty_SetsTransportTimeout" storage="d:\projects\modbuslib\tests\bin\debug\net9.0\modbuslib.tests.dll" id="a7a00093-6ebb-8498-9fad-54784f526544">
      <Execution id="bfc4f7a5-478d-49d6-b97a-12254b39dab2" />
      <TestMethod codeBase="D:\Projects\ModbusLib\Tests\bin\Debug\net9.0\ModbusLib.Tests.dll" adapterTypeName="executor://xunit/VsTestRunner2/netcoreapp" className="ModbusLib.Tests.Integration.BasicClientIntegrationTests" name="ModbusClient_TimeoutProperty_SetsTransportTimeout" />
    </UnitTest>
    <UnitTest name="ModbusLib.Tests.GenericReadWrite.GenericBasicTests.ModbusDataConverter_DifferentEndianness_ProducesDifferentResults" storage="d:\projects\modbuslib\tests\bin\debug\net9.0\modbuslib.tests.dll" id="d2729fa6-c20b-4941-5f73-7c0b90813274">
      <Execution id="bc1c520e-331c-4167-82d4-a146ca83134d" />
      <TestMethod codeBase="D:\Projects\ModbusLib\Tests\bin\Debug\net9.0\ModbusLib.Tests.dll" adapterTypeName="executor://xunit/VsTestRunner2/netcoreapp" className="ModbusLib.Tests.GenericReadWrite.GenericBasicTests" name="ModbusDataConverter_DifferentEndianness_ProducesDifferentResults" />
    </UnitTest>
    <UnitTest name="ModbusLib.Tests.GenericReadWrite.ModbusDataConverterTests.ToBytes_ByteArray_ReturnsCorrectBytes(input: [171, 205], endianness: LittleEndian)" storage="d:\projects\modbuslib\tests\bin\debug\net9.0\modbuslib.tests.dll" id="66e79068-9ba0-18a4-06fb-e3f7dbe59e3f">
      <Execution id="c10028cf-07f7-4c54-bf56-c400405f54d8" />
      <TestMethod codeBase="D:\Projects\ModbusLib\Tests\bin\Debug\net9.0\ModbusLib.Tests.dll" adapterTypeName="executor://xunit/VsTestRunner2/netcoreapp" className="ModbusLib.Tests.GenericReadWrite.ModbusDataConverterTests" name="ToBytes_ByteArray_ReturnsCorrectBytes" />
    </UnitTest>
    <UnitTest name="ModbusLib.Tests.Integration.BasicClientIntegrationTests.ModbusClient_RetriesProperty_DefaultValue" storage="d:\projects\modbuslib\tests\bin\debug\net9.0\modbuslib.tests.dll" id="53c6ca51-bfaa-e6aa-71e7-9ea53eb22011">
      <Execution id="053f201c-71db-42e4-bd0c-3d4c4443d43e" />
      <TestMethod codeBase="D:\Projects\ModbusLib\Tests\bin\Debug\net9.0\ModbusLib.Tests.dll" adapterTypeName="executor://xunit/VsTestRunner2/netcoreapp" className="ModbusLib.Tests.Integration.BasicClientIntegrationTests" name="ModbusClient_RetriesProperty_DefaultValue" />
    </UnitTest>
    <UnitTest name="ModbusLib.Tests.WriteFunctions.ModbusWriteTests.WriteMultipleCoilsAsync_DataConversion_CorrectByteArray" storage="d:\projects\modbuslib\tests\bin\debug\net9.0\modbuslib.tests.dll" id="2862e01c-c4ae-58ea-0326-9d8aef8a2b50">
      <Execution id="0450aa09-aeb9-46c3-aab7-64aed3a6b2be" />
      <TestMethod codeBase="D:\Projects\ModbusLib\Tests\bin\Debug\net9.0\ModbusLib.Tests.dll" adapterTypeName="executor://xunit/VsTestRunner2/netcoreapp" className="ModbusLib.Tests.WriteFunctions.ModbusWriteTests" name="WriteMultipleCoilsAsync_DataConversion_CorrectByteArray" />
    </UnitTest>
    <UnitTest name="ModbusLib.Tests.GenericReadWrite.GenericBoundaryTests.ModbusDataConverter_FromBytes_NegativeCount_ThrowsException" storage="d:\projects\modbuslib\tests\bin\debug\net9.0\modbuslib.tests.dll" id="751f08d8-6668-04bb-13f9-ee73a073aa29">
      <Execution id="f3d44eed-a1f5-4822-a1f9-f7bd289b1491" />
      <TestMethod codeBase="D:\Projects\ModbusLib\Tests\bin\Debug\net9.0\ModbusLib.Tests.dll" adapterTypeName="executor://xunit/VsTestRunner2/netcoreapp" className="ModbusLib.Tests.GenericReadWrite.GenericBoundaryTests" name="ModbusDataConverter_FromBytes_NegativeCount_ThrowsException" />
    </UnitTest>
    <UnitTest name="ModbusLib.Tests.GenericReadWrite.GenericCompatibilityTests.GenericReadWrite_FloatingPointTypes_Success(endianness: BigEndian)" storage="d:\projects\modbuslib\tests\bin\debug\net9.0\modbuslib.tests.dll" id="51af8181-329e-04d8-039c-63215592b094">
      <Execution id="499745a4-b463-401b-8c18-e701ac7499d5" />
      <TestMethod codeBase="D:\Projects\ModbusLib\Tests\bin\Debug\net9.0\ModbusLib.Tests.dll" adapterTypeName="executor://xunit/VsTestRunner2/netcoreapp" className="ModbusLib.Tests.GenericReadWrite.GenericCompatibilityTests" name="GenericReadWrite_FloatingPointTypes_Success" />
    </UnitTest>
    <UnitTest name="ModbusLib.Tests.GenericReadWrite.ModbusSpanExtensionsTests.GetBigEndian_Int_ReturnsCorrectValue" storage="d:\projects\modbuslib\tests\bin\debug\net9.0\modbuslib.tests.dll" id="e5fe1a1c-feb5-938e-9fd3-9587706ea42a">
      <Execution id="69fad7d1-3b59-4ee7-a986-30b16c0445a6" />
      <TestMethod codeBase="D:\Projects\ModbusLib\Tests\bin\Debug\net9.0\ModbusLib.Tests.dll" adapterTypeName="executor://xunit/VsTestRunner2/netcoreapp" className="ModbusLib.Tests.GenericReadWrite.ModbusSpanExtensionsTests" name="GetBigEndian_Int_ReturnsCorrectValue" />
    </UnitTest>
    <UnitTest name="ModbusLib.Tests.GenericReadWrite.GenericCompatibilityTests.GenericReadWrite_ComplexStruct_Success(endianness: BigEndian)" storage="d:\projects\modbuslib\tests\bin\debug\net9.0\modbuslib.tests.dll" id="8be18ded-c6f5-cb86-35c6-9fb12fbc8259">
      <Execution id="7352ebcd-6919-4031-872c-05c93ea25460" />
      <TestMethod codeBase="D:\Projects\ModbusLib\Tests\bin\Debug\net9.0\ModbusLib.Tests.dll" adapterTypeName="executor://xunit/VsTestRunner2/netcoreapp" className="ModbusLib.Tests.GenericReadWrite.GenericCompatibilityTests" name="GenericReadWrite_ComplexStruct_Success" />
    </UnitTest>
    <UnitTest name="ModbusLib.Tests.WriteFunctions.ModbusWriteTests.WriteMultipleRegistersAsync_NullArray_ThrowsArgumentException" storage="d:\projects\modbuslib\tests\bin\debug\net9.0\modbuslib.tests.dll" id="5d7c37df-948f-1d3a-eb9c-06ca65b28bda">
      <Execution id="5c7f95a3-ab85-4247-96d0-9f0596f15c41" />
      <TestMethod codeBase="D:\Projects\ModbusLib\Tests\bin\Debug\net9.0\ModbusLib.Tests.dll" adapterTypeName="executor://xunit/VsTestRunner2/netcoreapp" className="ModbusLib.Tests.WriteFunctions.ModbusWriteTests" name="WriteMultipleRegistersAsync_NullArray_ThrowsArgumentException" />
    </UnitTest>
    <UnitTest name="ModbusLib.Tests.GenericReadWrite.ModbusSpanExtensionsTests.GetSetRoundTrip_BigEndian_Success" storage="d:\projects\modbuslib\tests\bin\debug\net9.0\modbuslib.tests.dll" id="34ebf895-a96a-c7fd-7cee-36e43c71a2fa">
      <Execution id="3029a039-1766-479f-b608-294697cc097a" />
      <TestMethod codeBase="D:\Projects\ModbusLib\Tests\bin\Debug\net9.0\ModbusLib.Tests.dll" adapterTypeName="executor://xunit/VsTestRunner2/netcoreapp" className="ModbusLib.Tests.GenericReadWrite.ModbusSpanExtensionsTests" name="GetSetRoundTrip_BigEndian_Success" />
    </UnitTest>
    <UnitTest name="ModbusLib.Tests.GenericReadWrite.ModbusSpanExtensionsTests.SetBigEndian_Int_SetsCorrectValue" storage="d:\projects\modbuslib\tests\bin\debug\net9.0\modbuslib.tests.dll" id="5fbdb26d-3293-a8de-1e6d-305597edcab5">
      <Execution id="739dc6ca-e46e-4f1c-a1a8-1cbed773bf1d" />
      <TestMethod codeBase="D:\Projects\ModbusLib\Tests\bin\Debug\net9.0\ModbusLib.Tests.dll" adapterTypeName="executor://xunit/VsTestRunner2/netcoreapp" className="ModbusLib.Tests.GenericReadWrite.ModbusSpanExtensionsTests" name="SetBigEndian_Int_SetsCorrectValue" />
    </UnitTest>
    <UnitTest name="ModbusLib.Tests.WriteFunctions.ModbusWriteTests.WriteSingleCoilAsync_FalseValue_CorrectData" storage="d:\projects\modbuslib\tests\bin\debug\net9.0\modbuslib.tests.dll" id="804cd3b7-eae1-5170-1f2f-9f7bdf3a70d4">
      <Execution id="d8772fda-f68e-4a16-a0cb-251d4535f2d5" />
      <TestMethod codeBase="D:\Projects\ModbusLib\Tests\bin\Debug\net9.0\ModbusLib.Tests.dll" adapterTypeName="executor://xunit/VsTestRunner2/netcoreapp" className="ModbusLib.Tests.WriteFunctions.ModbusWriteTests" name="WriteSingleCoilAsync_FalseValue_CorrectData" />
    </UnitTest>
    <UnitTest name="ModbusLib.Tests.GenericReadWrite.GenericPerformanceTests.ModbusDataConverter_DifferentEndianness_Performance(endianness: MidLittleEndian)" storage="d:\projects\modbuslib\tests\bin\debug\net9.0\modbuslib.tests.dll" id="2ae61ee1-96fa-ca62-9327-a98a3cf1cbd8">
      <Execution id="e993945f-2da8-4113-9a29-afd07fd924ee" />
      <TestMethod codeBase="D:\Projects\ModbusLib\Tests\bin\Debug\net9.0\ModbusLib.Tests.dll" adapterTypeName="executor://xunit/VsTestRunner2/netcoreapp" className="ModbusLib.Tests.GenericReadWrite.GenericPerformanceTests" name="ModbusDataConverter_DifferentEndianness_Performance" />
    </UnitTest>
    <UnitTest name="ModbusLib.Tests.GenericReadWrite.GenericPerformanceTests.RegisterCountCalculation_Performance" storage="d:\projects\modbuslib\tests\bin\debug\net9.0\modbuslib.tests.dll" id="50ecd80c-93cf-b149-56e0-d896df8638c3">
      <Execution id="705cc952-18e1-44db-ad87-ead66f48b359" />
      <TestMethod codeBase="D:\Projects\ModbusLib\Tests\bin\Debug\net9.0\ModbusLib.Tests.dll" adapterTypeName="executor://xunit/VsTestRunner2/netcoreapp" className="ModbusLib.Tests.GenericReadWrite.GenericPerformanceTests" name="RegisterCountCalculation_Performance" />
    </UnitTest>
    <UnitTest name="ModbusLib.Tests.WriteFunctions.ModbusWriteTests.WriteSingleRegisterAsync_ValidValues_Success(value: 32767)" storage="d:\projects\modbuslib\tests\bin\debug\net9.0\modbuslib.tests.dll" id="2becd8fd-8a23-583b-62f7-77681a676b2f">
      <Execution id="1b343b48-3391-430f-a4a4-c72c44b7a88f" />
      <TestMethod codeBase="D:\Projects\ModbusLib\Tests\bin\Debug\net9.0\ModbusLib.Tests.dll" adapterTypeName="executor://xunit/VsTestRunner2/netcoreapp" className="ModbusLib.Tests.WriteFunctions.ModbusWriteTests" name="WriteSingleRegisterAsync_ValidValues_Success" />
    </UnitTest>
    <UnitTest name="ModbusLib.Tests.WriteFunctions.ModbusWriteTests.WriteSingleCoilAsync_DataTransformation_CorrectFormat" storage="d:\projects\modbuslib\tests\bin\debug\net9.0\modbuslib.tests.dll" id="9c950f50-85ef-e631-9f90-b5e1458f9338">
      <Execution id="eda81ed9-0073-4a55-8c41-bf9a62e8288d" />
      <TestMethod codeBase="D:\Projects\ModbusLib\Tests\bin\Debug\net9.0\ModbusLib.Tests.dll" adapterTypeName="executor://xunit/VsTestRunner2/netcoreapp" className="ModbusLib.Tests.WriteFunctions.ModbusWriteTests" name="WriteSingleCoilAsync_DataTransformation_CorrectFormat" />
    </UnitTest>
    <UnitTest name="ModbusLib.Tests.Protocols.TcpProtocolTests.BuildRequest_WriteSingleCoil_CorrectMbapLength" storage="d:\projects\modbuslib\tests\bin\debug\net9.0\modbuslib.tests.dll" id="1491b3a5-21af-2796-c830-eb7e31970239">
      <Execution id="5a3bf122-e998-493b-a8d8-a40787be4f76" />
      <TestMethod codeBase="D:\Projects\ModbusLib\Tests\bin\Debug\net9.0\ModbusLib.Tests.dll" adapterTypeName="executor://xunit/VsTestRunner2/netcoreapp" className="ModbusLib.Tests.Protocols.TcpProtocolTests" name="BuildRequest_WriteSingleCoil_CorrectMbapLength" />
    </UnitTest>
    <UnitTest name="ModbusLib.Tests.Protocols.TcpProtocolTests.CalculateExpectedResponseLength_VariousFunctions_CorrectLength(function: WriteSingleCoil, quantity: 1, expectedLength: 12)" storage="d:\projects\modbuslib\tests\bin\debug\net9.0\modbuslib.tests.dll" id="e5a71cf3-631f-7129-3fae-ae583931783c">
      <Execution id="5dc7c3f8-a1f8-4465-8ed7-defff9c7a87d" />
      <TestMethod codeBase="D:\Projects\ModbusLib\Tests\bin\Debug\net9.0\ModbusLib.Tests.dll" adapterTypeName="executor://xunit/VsTestRunner2/netcoreapp" className="ModbusLib.Tests.Protocols.TcpProtocolTests" name="CalculateExpectedResponseLength_VariousFunctions_CorrectLength" />
    </UnitTest>
    <UnitTest name="ModbusLib.Tests.Protocols.RtuProtocolTests.BuildRequest_WriteSingleCoil_TrueValue" storage="d:\projects\modbuslib\tests\bin\debug\net9.0\modbuslib.tests.dll" id="2b845f3f-b50a-7145-af60-a69349cfe923">
      <Execution id="7bed3c78-f4e9-4f21-acfb-7dde8532be44" />
      <TestMethod codeBase="D:\Projects\ModbusLib\Tests\bin\Debug\net9.0\ModbusLib.Tests.dll" adapterTypeName="executor://xunit/VsTestRunner2/netcoreapp" className="ModbusLib.Tests.Protocols.RtuProtocolTests" name="BuildRequest_WriteSingleCoil_TrueValue" />
    </UnitTest>
    <UnitTest name="ModbusLib.Tests.GenericReadWrite.ModbusSpanExtensionsTests.GetLittleEndian_Int_ReturnsCorrectValue" storage="d:\projects\modbuslib\tests\bin\debug\net9.0\modbuslib.tests.dll" id="3a238b42-edc8-4553-b132-f154f6a259c6">
      <Execution id="c789c0e4-5194-44d9-a7c8-87c9c059dfae" />
      <TestMethod codeBase="D:\Projects\ModbusLib\Tests\bin\Debug\net9.0\ModbusLib.Tests.dll" adapterTypeName="executor://xunit/VsTestRunner2/netcoreapp" className="ModbusLib.Tests.GenericReadWrite.ModbusSpanExtensionsTests" name="GetLittleEndian_Int_ReturnsCorrectValue" />
    </UnitTest>
    <UnitTest name="ModbusLib.Tests.Protocols.RtuProtocolTests.ParseResponse_ReadHoldingRegistersValid_CorrectParsing" storage="d:\projects\modbuslib\tests\bin\debug\net9.0\modbuslib.tests.dll" id="eba5cf8e-5673-54ae-fa55-9a5b58105958">
      <Execution id="e1a65c15-ab36-4703-822b-b2e298d4e319" />
      <TestMethod codeBase="D:\Projects\ModbusLib\Tests\bin\Debug\net9.0\ModbusLib.Tests.dll" adapterTypeName="executor://xunit/VsTestRunner2/netcoreapp" className="ModbusLib.Tests.Protocols.RtuProtocolTests" name="ParseResponse_ReadHoldingRegistersValid_CorrectParsing" />
    </UnitTest>
    <UnitTest name="ModbusLib.Tests.GenericReadWrite.MidLittleEndianTests.ModbusDataConverter_MidLittleEndian_OddByteCount_HandledCorrectly" storage="d:\projects\modbuslib\tests\bin\debug\net9.0\modbuslib.tests.dll" id="46e3d7cf-ea23-7dcc-62a0-14187cb92e69">
      <Execution id="b3b68615-f9a4-4edb-918b-00fea7b34dd1" />
      <TestMethod codeBase="D:\Projects\ModbusLib\Tests\bin\Debug\net9.0\ModbusLib.Tests.dll" adapterTypeName="executor://xunit/VsTestRunner2/netcoreapp" className="ModbusLib.Tests.GenericReadWrite.MidLittleEndianTests" name="ModbusDataConverter_MidLittleEndian_OddByteCount_HandledCorrectly" />
    </UnitTest>
    <UnitTest name="ModbusLib.Tests.Factories.ModbusClientFactoryTests.CreateRtuClient_InvalidPortName_ThrowsArgumentException(invalidPortName: &quot;null&quot;)" storage="d:\projects\modbuslib\tests\bin\debug\net9.0\modbuslib.tests.dll" id="b9cf61ee-1149-e422-9400-cfcb915f3eaa">
      <Execution id="4b181756-dcf3-477b-b4f1-ca7336c9d063" />
      <TestMethod codeBase="D:\Projects\ModbusLib\Tests\bin\Debug\net9.0\ModbusLib.Tests.dll" adapterTypeName="executor://xunit/VsTestRunner2/netcoreapp" className="ModbusLib.Tests.Factories.ModbusClientFactoryTests" name="CreateRtuClient_InvalidPortName_ThrowsArgumentException" />
    </UnitTest>
    <UnitTest name="ModbusLib.Tests.GenericReadWrite.ModbusSpanExtensionsTests.GetBigEndian_Byte_ReturnsCorrectValue" storage="d:\projects\modbuslib\tests\bin\debug\net9.0\modbuslib.tests.dll" id="b2cf016a-3428-0bad-2d42-8c41c4c2a113">
      <Execution id="25ebe597-632f-45bd-8c51-fdabcc7c1910" />
      <TestMethod codeBase="D:\Projects\ModbusLib\Tests\bin\Debug\net9.0\ModbusLib.Tests.dll" adapterTypeName="executor://xunit/VsTestRunner2/netcoreapp" className="ModbusLib.Tests.GenericReadWrite.ModbusSpanExtensionsTests" name="GetBigEndian_Byte_ReturnsCorrectValue" />
    </UnitTest>
    <UnitTest name="ModbusLib.Tests.GenericReadWrite.GenericBoundaryTests.ModbusDataConverter_FromBytes_EmptyBytes_ThrowsException" storage="d:\projects\modbuslib\tests\bin\debug\net9.0\modbuslib.tests.dll" id="b620b1c6-bb65-35c5-cd96-59d65f55e59a">
      <Execution id="68e74098-a596-4811-8b21-2adea0a1ef1f" />
      <TestMethod codeBase="D:\Projects\ModbusLib\Tests\bin\Debug\net9.0\ModbusLib.Tests.dll" adapterTypeName="executor://xunit/VsTestRunner2/netcoreapp" className="ModbusLib.Tests.GenericReadWrite.GenericBoundaryTests" name="ModbusDataConverter_FromBytes_EmptyBytes_ThrowsException" />
    </UnitTest>
    <UnitTest name="ModbusLib.Tests.GenericReadWrite.GenericReadWriteIntegrationTests.WriteMultipleRegisters_EmptyArray_ThrowsArgumentException" storage="d:\projects\modbuslib\tests\bin\debug\net9.0\modbuslib.tests.dll" id="bc43362b-d6bd-6a6b-d7f0-2de07c359d8b">
      <Execution id="e3f20d04-fe82-4bb1-b795-b927c012f6de" />
      <TestMethod codeBase="D:\Projects\ModbusLib\Tests\bin\Debug\net9.0\ModbusLib.Tests.dll" adapterTypeName="executor://xunit/VsTestRunner2/netcoreapp" className="ModbusLib.Tests.GenericReadWrite.GenericReadWriteIntegrationTests" name="WriteMultipleRegisters_EmptyArray_ThrowsArgumentException" />
    </UnitTest>
    <UnitTest name="ModbusLib.Tests.GenericReadWrite.ModbusDataConverterTests.ToBytes_DifferentEndianness_DoesNotThrow(endianness: BigEndian)" storage="d:\projects\modbuslib\tests\bin\debug\net9.0\modbuslib.tests.dll" id="200a5c27-d2f4-e16c-ec12-812726ca8fb2">
      <Execution id="d7c60022-1705-47de-ae43-0657f43b7070" />
      <TestMethod codeBase="D:\Projects\ModbusLib\Tests\bin\Debug\net9.0\ModbusLib.Tests.dll" adapterTypeName="executor://xunit/VsTestRunner2/netcoreapp" className="ModbusLib.Tests.GenericReadWrite.ModbusDataConverterTests" name="ToBytes_DifferentEndianness_DoesNotThrow" />
    </UnitTest>
    <UnitTest name="ModbusLib.Tests.GenericReadWrite.ModbusSpanExtensionsTests.GetSetRoundTrip_LittleEndian_Success" storage="d:\projects\modbuslib\tests\bin\debug\net9.0\modbuslib.tests.dll" id="477c800a-ec62-8202-0e92-00be7b29051e">
      <Execution id="33e33b5e-b6f9-411f-8761-eb00edefb42f" />
      <TestMethod codeBase="D:\Projects\ModbusLib\Tests\bin\Debug\net9.0\ModbusLib.Tests.dll" adapterTypeName="executor://xunit/VsTestRunner2/netcoreapp" className="ModbusLib.Tests.GenericReadWrite.ModbusSpanExtensionsTests" name="GetSetRoundTrip_LittleEndian_Success" />
    </UnitTest>
    <UnitTest name="ModbusLib.Tests.GenericReadWrite.MidLittleEndianTests.WriteSingleRegister_MidLittleEndian_Int_UsesMultipleRegisters" storage="d:\projects\modbuslib\tests\bin\debug\net9.0\modbuslib.tests.dll" id="9a74e1a1-f175-680b-187a-25599b540d66">
      <Execution id="264f5d30-d5a7-4b9e-ba28-09f37671f2c8" />
      <TestMethod codeBase="D:\Projects\ModbusLib\Tests\bin\Debug\net9.0\ModbusLib.Tests.dll" adapterTypeName="executor://xunit/VsTestRunner2/netcoreapp" className="ModbusLib.Tests.GenericReadWrite.MidLittleEndianTests" name="WriteSingleRegister_MidLittleEndian_Int_UsesMultipleRegisters" />
    </UnitTest>
    <UnitTest name="ModbusLib.Tests.WriteFunctions.ModbusWriteTests.WriteMultipleRegistersAsync_EmptyArray_ThrowsArgumentException" storage="d:\projects\modbuslib\tests\bin\debug\net9.0\modbuslib.tests.dll" id="fd9c70cb-0e7b-967e-1c79-81bd5ff2c183">
      <Execution id="d047148d-fdcc-40b5-a738-388e97c93b1e" />
      <TestMethod codeBase="D:\Projects\ModbusLib\Tests\bin\Debug\net9.0\ModbusLib.Tests.dll" adapterTypeName="executor://xunit/VsTestRunner2/netcoreapp" className="ModbusLib.Tests.WriteFunctions.ModbusWriteTests" name="WriteMultipleRegistersAsync_EmptyArray_ThrowsArgumentException" />
    </UnitTest>
    <UnitTest name="ModbusLib.Tests.GenericReadWrite.GenericBoundaryTests.SpanExtensions_GetLittleEndian_NegativeAddress_ThrowsException" storage="d:\projects\modbuslib\tests\bin\debug\net9.0\modbuslib.tests.dll" id="76af85b0-86be-793c-b3ac-b29e96be8a1b">
      <Execution id="20f7ff75-661e-41a1-9e4d-86eb49d4d85f" />
      <TestMethod codeBase="D:\Projects\ModbusLib\Tests\bin\Debug\net9.0\ModbusLib.Tests.dll" adapterTypeName="executor://xunit/VsTestRunner2/netcoreapp" className="ModbusLib.Tests.GenericReadWrite.GenericBoundaryTests" name="SpanExtensions_GetLittleEndian_NegativeAddress_ThrowsException" />
    </UnitTest>
    <UnitTest name="ModbusLib.Tests.WriteFunctions.ModbusWriteTests.WriteMultipleCoilsAsync_EmptyArray_ThrowsArgumentException" storage="d:\projects\modbuslib\tests\bin\debug\net9.0\modbuslib.tests.dll" id="c7e57ef9-615a-fb58-ca3f-0ad2c1e8c3fb">
      <Execution id="30602958-dfe0-41e5-ac09-9754ef7c40d3" />
      <TestMethod codeBase="D:\Projects\ModbusLib\Tests\bin\Debug\net9.0\ModbusLib.Tests.dll" adapterTypeName="executor://xunit/VsTestRunner2/netcoreapp" className="ModbusLib.Tests.WriteFunctions.ModbusWriteTests" name="WriteMultipleCoilsAsync_EmptyArray_ThrowsArgumentException" />
    </UnitTest>
    <UnitTest name="ModbusLib.Tests.Factories.ModbusClientFactoryTests.CreateUdpClient_ValidConfig_ReturnsUdpClient" storage="d:\projects\modbuslib\tests\bin\debug\net9.0\modbuslib.tests.dll" id="27b4953f-9c3d-ba57-9bad-ee91e8f45672">
      <Execution id="aa025742-5afb-47c0-a249-1ae5c86dcda4" />
      <TestMethod codeBase="D:\Projects\ModbusLib\Tests\bin\Debug\net9.0\ModbusLib.Tests.dll" adapterTypeName="executor://xunit/VsTestRunner2/netcoreapp" className="ModbusLib.Tests.Factories.ModbusClientFactoryTests" name="CreateUdpClient_ValidConfig_ReturnsUdpClient" />
    </UnitTest>
  </TestDefinitions>
  <TestEntries>
    <TestEntry testId="e1350ec0-05ff-dea7-b8e6-6a73ad5dafc4" executionId="b0c9b61f-0a2d-4713-89a2-bc5baac77b2b" testListId="8c84fa94-04c1-424b-9868-57a2d4851a1d" />
    <TestEntry testId="ac474067-67a2-ea6c-3f6d-8fbb15309754" executionId="e0755c11-c6b6-48b3-93b5-272a93f8c2d8" testListId="8c84fa94-04c1-424b-9868-57a2d4851a1d" />
    <TestEntry testId="09e973ba-3892-ed51-4d66-7f01da9f3aa6" executionId="6522f992-fa80-4a2e-b726-310e1eedbd3f" testListId="8c84fa94-04c1-424b-9868-57a2d4851a1d" />
    <TestEntry testId="a8188de4-232a-aca2-3b2b-13cac3e5f01f" executionId="735c11ee-2e89-4467-9f70-a8273072e2d4" testListId="8c84fa94-04c1-424b-9868-57a2d4851a1d" />
    <TestEntry testId="6b51df92-44ef-badf-cf1f-ac70fe206287" executionId="d4c34715-e0e7-4942-ba99-1728d2a3be04" testListId="8c84fa94-04c1-424b-9868-57a2d4851a1d" />
    <TestEntry testId="cae0f664-2899-c696-ae20-8d83f3b5a0b5" executionId="bf81bdf2-1cbe-401e-83d0-e283a40a8c1b" testListId="8c84fa94-04c1-424b-9868-57a2d4851a1d" />
    <TestEntry testId="4eb13dc4-2ff5-342e-3640-add27cc3693b" executionId="3bcc7e4d-24c1-425f-b5ff-0d5c84f8e9ad" testListId="8c84fa94-04c1-424b-9868-57a2d4851a1d" />
    <TestEntry testId="6a1d560f-f9f8-989e-302d-bb357a2222a2" executionId="6c36e145-5ae7-4786-a9ce-3f48b2968f51" testListId="8c84fa94-04c1-424b-9868-57a2d4851a1d" />
    <TestEntry testId="fe130ea2-82ec-85f2-3ef4-3c86f94a98ca" executionId="258370a6-4d28-4d01-aaa9-3cb93ea7d20f" testListId="8c84fa94-04c1-424b-9868-57a2d4851a1d" />
    <TestEntry testId="0e71cae7-d978-1827-11f0-7e63c544f905" executionId="71f2be8b-eb7b-437d-899c-e81e2ca5c0f5" testListId="8c84fa94-04c1-424b-9868-57a2d4851a1d" />
    <TestEntry testId="bd62c191-c165-8ab0-54bb-5f80f86fd598" executionId="277399e5-ac26-40d6-9ea3-2f533544921e" testListId="8c84fa94-04c1-424b-9868-57a2d4851a1d" />
    <TestEntry testId="8e2f3957-156e-11d0-30ba-298f905843e9" executionId="fdd98a3b-3c17-495f-9494-93f8b83dab84" testListId="8c84fa94-04c1-424b-9868-57a2d4851a1d" />
    <TestEntry testId="54c4d33c-c896-b7bc-8ff4-3a84b6f5c0b7" executionId="c7fa91af-289c-424b-bf1f-bef3f5423cc8" testListId="8c84fa94-04c1-424b-9868-57a2d4851a1d" />
    <TestEntry testId="c12094e4-2901-27c5-211e-8fc0182268f6" executionId="01c774ab-7fe7-43fd-9fa9-196dc1869e8e" testListId="8c84fa94-04c1-424b-9868-57a2d4851a1d" />
    <TestEntry testId="dff63d3a-1505-e84f-3447-f077f05c0952" executionId="3b9a7939-0d5e-4e74-a54e-5c08fcb8f44b" testListId="8c84fa94-04c1-424b-9868-57a2d4851a1d" />
    <TestEntry testId="3811a3e6-d0ea-361a-97a7-481f8d660901" executionId="cc349ca0-5f9b-41ad-80b0-96792b9f954c" testListId="8c84fa94-04c1-424b-9868-57a2d4851a1d" />
    <TestEntry testId="096e3a7f-0dd5-4f1a-e2e4-ed34da62a142" executionId="83c608df-9593-4d02-8b0f-2db81f1f3b62" testListId="8c84fa94-04c1-424b-9868-57a2d4851a1d" />
    <TestEntry testId="ecc78a2f-ee5e-a72c-36fd-e26241e6a8c9" executionId="a9d40fd7-b9ec-4298-af30-f4af07bc0e5c" testListId="8c84fa94-04c1-424b-9868-57a2d4851a1d" />
    <TestEntry testId="200a5c27-d2f4-e16c-ec12-812726ca8fb2" executionId="d7c60022-1705-47de-ae43-0657f43b7070" testListId="8c84fa94-04c1-424b-9868-57a2d4851a1d" />
    <TestEntry testId="3ca035b8-3046-a80c-191c-564d2fa94ee4" executionId="c18c78f2-fcba-40f6-b6c2-aba33580e1b8" testListId="8c84fa94-04c1-424b-9868-57a2d4851a1d" />
    <TestEntry testId="8b3dea63-f2e0-52e1-2cd2-ccb946472b3f" executionId="59ab74dc-40fa-44b6-a8b2-2874bfa1a508" testListId="8c84fa94-04c1-424b-9868-57a2d4851a1d" />
    <TestEntry testId="c5c730f3-477e-908d-4794-ac4fb3959f88" executionId="e06e441a-4de1-41f4-9087-95516812b4db" testListId="8c84fa94-04c1-424b-9868-57a2d4851a1d" />
    <TestEntry testId="e89e949b-4805-3a31-34aa-beb8bee58424" executionId="ef2ecaf0-bc40-4565-b8e4-1acb7d0e9ce9" testListId="8c84fa94-04c1-424b-9868-57a2d4851a1d" />
    <TestEntry testId="ebfc4fe3-c2e6-b320-2d0b-ab8e8d8aeeaf" executionId="4dde8d15-9dad-4839-b850-2eb823e3ccc4" testListId="8c84fa94-04c1-424b-9868-57a2d4851a1d" />
    <TestEntry testId="3e7e149a-15ce-e1f1-dc52-99f7f2232858" executionId="98ee3daa-0e40-493d-b6c7-2252b0484440" testListId="8c84fa94-04c1-424b-9868-57a2d4851a1d" />
    <TestEntry testId="477c800a-ec62-8202-0e92-00be7b29051e" executionId="33e33b5e-b6f9-411f-8761-eb00edefb42f" testListId="8c84fa94-04c1-424b-9868-57a2d4851a1d" />
    <TestEntry testId="fbf5835f-821d-7808-b9c2-590bbf4fd361" executionId="79495bf5-309d-4d6d-b85a-d49a3443e250" testListId="8c84fa94-04c1-424b-9868-57a2d4851a1d" />
    <TestEntry testId="5340c7c7-84b4-b162-91e9-15576dc434f3" executionId="a0249ecb-1207-447f-a991-f2dab6bb23f7" testListId="8c84fa94-04c1-424b-9868-57a2d4851a1d" />
    <TestEntry testId="42756bca-c1fd-49c4-b410-21aa1dafc002" executionId="831ed59e-a1db-4d35-9b6d-a5c5fc815494" testListId="8c84fa94-04c1-424b-9868-57a2d4851a1d" />
    <TestEntry testId="d2ba59f5-4648-50f7-33a1-7920d6905064" executionId="b3e5bfdc-e971-419c-ae31-83df646b692b" testListId="8c84fa94-04c1-424b-9868-57a2d4851a1d" />
    <TestEntry testId="76d33c27-4d0f-c878-e7d7-a7e703584926" executionId="f51ec172-12f8-49c3-815f-992b408fc952" testListId="8c84fa94-04c1-424b-9868-57a2d4851a1d" />
    <TestEntry testId="00121893-fae9-7800-e625-81491e89df62" executionId="879e7a47-8944-4c3d-9c11-fab6aa5e5654" testListId="8c84fa94-04c1-424b-9868-57a2d4851a1d" />
    <TestEntry testId="21b3787f-7f11-81de-c8ba-8c434b794123" executionId="c9ed3858-6996-427c-aea3-4a0cdaa5b47d" testListId="8c84fa94-04c1-424b-9868-57a2d4851a1d" />
    <TestEntry testId="34ebf895-a96a-c7fd-7cee-36e43c71a2fa" executionId="3029a039-1766-479f-b608-294697cc097a" testListId="8c84fa94-04c1-424b-9868-57a2d4851a1d" />
    <TestEntry testId="37630390-9ccb-721e-77eb-25ee9ed1ca49" executionId="9787613c-a0c8-41c1-afc3-813523f39dfd" testListId="8c84fa94-04c1-424b-9868-57a2d4851a1d" />
    <TestEntry testId="44f2bf4c-114b-3822-0c45-ab81347fae5e" executionId="5d537894-7a15-4300-bcbb-361186ccc5ce" testListId="8c84fa94-04c1-424b-9868-57a2d4851a1d" />
    <TestEntry testId="5a58d0d7-6c0e-8bd7-6aed-ef60ac243e6a" executionId="c1a03997-d017-43e4-9c44-c659b39770d8" testListId="8c84fa94-04c1-424b-9868-57a2d4851a1d" />
    <TestEntry testId="88915296-fbf6-b431-0461-dd18d28885f4" executionId="9cc8efcb-d0f5-4705-872a-1e5565979b5b" testListId="8c84fa94-04c1-424b-9868-57a2d4851a1d" />
    <TestEntry testId="4fefa1d2-2b1e-d1b0-d129-59cb8faad289" executionId="258cfdc1-7774-40cf-a3a5-13971f4219f7" testListId="8c84fa94-04c1-424b-9868-57a2d4851a1d" />
    <TestEntry testId="be9eb14a-c35c-d641-775a-e476a6c88e91" executionId="baf201e3-1515-4e7a-8879-bbc13eef89ec" testListId="8c84fa94-04c1-424b-9868-57a2d4851a1d" />
    <TestEntry testId="559ab82a-3a29-7f27-83ff-33f8cde7d489" executionId="d38077d4-6f1e-4977-a69c-2e1d900e4ba6" testListId="8c84fa94-04c1-424b-9868-57a2d4851a1d" />
    <TestEntry testId="f1a66aa1-0fd3-af4f-babe-511225483ea5" executionId="0a5bc2f0-ddc3-4cd5-8d88-90abbbd0d7b0" testListId="8c84fa94-04c1-424b-9868-57a2d4851a1d" />
    <TestEntry testId="29e76321-8d4b-7009-03d9-1c8a9c8d7e69" executionId="d7f1e8a4-d2d7-4e75-9819-c4279716a27d" testListId="8c84fa94-04c1-424b-9868-57a2d4851a1d" />
    <TestEntry testId="d1a8d4fc-6ddf-af47-aff2-90caeb4ecc53" executionId="f342edf9-63e1-42a9-981f-f2ebe55a37ca" testListId="8c84fa94-04c1-424b-9868-57a2d4851a1d" />
    <TestEntry testId="8798a339-a1d4-ba0c-60ca-baaf0a58bb07" executionId="b4cc13f5-47a4-4768-8007-3743a38653ae" testListId="8c84fa94-04c1-424b-9868-57a2d4851a1d" />
    <TestEntry testId="1bf10a64-e4ed-626f-6603-08a7e395a786" executionId="ff1d79ec-5ffb-4fcb-9f12-91d490365f9d" testListId="8c84fa94-04c1-424b-9868-57a2d4851a1d" />
    <TestEntry testId="a076e408-5a3b-5ad2-647d-fc2492486d99" executionId="86a85eca-b3c3-4162-a0df-0cf7ac170ceb" testListId="8c84fa94-04c1-424b-9868-57a2d4851a1d" />
    <TestEntry testId="5990c425-3ea8-4814-b998-4b5cd31ce261" executionId="b102404f-2a49-450b-9066-92756238af77" testListId="8c84fa94-04c1-424b-9868-57a2d4851a1d" />
    <TestEntry testId="2d0c2adb-45e9-dc60-15f9-4cad1d6be487" executionId="0284e2d3-365d-4c81-b810-83628f92db09" testListId="8c84fa94-04c1-424b-9868-57a2d4851a1d" />
    <TestEntry testId="ce44a582-1174-21a6-bc71-021f16372844" executionId="61c3268e-e3f0-4e83-ae82-2c5623265875" testListId="8c84fa94-04c1-424b-9868-57a2d4851a1d" />
    <TestEntry testId="a31fa52f-6533-bbc6-5bd5-a60d53feef1d" executionId="eecf2dac-20d6-4605-b4cd-314ae0f7ee57" testListId="8c84fa94-04c1-424b-9868-57a2d4851a1d" />
    <TestEntry testId="0134fc5a-ccd2-96ba-c790-276d584a7b6a" executionId="1c47456f-513d-4f01-8148-030f93028bd8" testListId="8c84fa94-04c1-424b-9868-57a2d4851a1d" />
    <TestEntry testId="04218da4-4ef0-3f7a-6f77-4d58eff77fc0" executionId="0c002d68-df28-4914-ae5c-381dc48b4dd8" testListId="8c84fa94-04c1-424b-9868-57a2d4851a1d" />
    <TestEntry testId="9f5fc253-fedf-469e-55a4-d58939bfdc3c" executionId="e8ca3a24-5651-469b-a22b-506076f41795" testListId="8c84fa94-04c1-424b-9868-57a2d4851a1d" />
    <TestEntry testId="955c8624-6ae7-7330-2050-614f38aa3819" executionId="df811328-222f-4296-9f7a-94de42208648" testListId="8c84fa94-04c1-424b-9868-57a2d4851a1d" />
    <TestEntry testId="a6670fb4-d8c4-fc74-766d-610ef4a14a89" executionId="b04a696b-0e3a-4901-a913-85a7cbf08b99" testListId="8c84fa94-04c1-424b-9868-57a2d4851a1d" />
    <TestEntry testId="39f757b8-fe01-1a67-949e-1eccdcd4a617" executionId="0febed69-f7e1-43e1-bd1d-20b584eab9fe" testListId="8c84fa94-04c1-424b-9868-57a2d4851a1d" />
    <TestEntry testId="245dd0dc-336f-9bd2-5cb7-c3a92304f661" executionId="6abc6c7e-95a7-478b-9dcb-6fff88d54462" testListId="8c84fa94-04c1-424b-9868-57a2d4851a1d" />
    <TestEntry testId="e88e7d4b-e540-75fc-b036-67c711f374d0" executionId="f28c2f6d-620b-48b9-afee-d2187480ec3c" testListId="8c84fa94-04c1-424b-9868-57a2d4851a1d" />
    <TestEntry testId="7e122765-1dcd-400a-731a-f0d52121b6a4" executionId="4b096b8d-1614-4979-9eeb-b07d629b845e" testListId="8c84fa94-04c1-424b-9868-57a2d4851a1d" />
    <TestEntry testId="5ff55214-e679-7986-acf1-243fb331dd57" executionId="823931a8-d6c0-4bcb-afc3-c98bf3ed4843" testListId="8c84fa94-04c1-424b-9868-57a2d4851a1d" />
    <TestEntry testId="50ecd80c-93cf-b149-56e0-d896df8638c3" executionId="705cc952-18e1-44db-ad87-ead66f48b359" testListId="8c84fa94-04c1-424b-9868-57a2d4851a1d" />
    <TestEntry testId="e8ddce7f-558e-ac6e-b601-16e3e17257b5" executionId="7358752b-bcde-42b1-9974-6f457cbe1fbb" testListId="8c84fa94-04c1-424b-9868-57a2d4851a1d" />
    <TestEntry testId="54a207bb-066f-0562-39ef-f988f958fab6" executionId="18fbb61d-45ae-423b-ab39-b987bd4c1c13" testListId="8c84fa94-04c1-424b-9868-57a2d4851a1d" />
    <TestEntry testId="d61bed47-100f-3ad6-938f-6e3e38af6bb2" executionId="a87223cc-1a49-452b-93fd-bcca7d22f2d0" testListId="8c84fa94-04c1-424b-9868-57a2d4851a1d" />
    <TestEntry testId="853e570b-762a-0df8-f1af-8fe8d9ce4f8a" executionId="9e67e320-09a6-4c3a-a342-703cbdfed497" testListId="8c84fa94-04c1-424b-9868-57a2d4851a1d" />
    <TestEntry testId="87a6c832-fa22-2c71-5ed6-8fb3a953f944" executionId="fa696e9d-4827-4b4a-8d9d-5c7faa8e7bb8" testListId="8c84fa94-04c1-424b-9868-57a2d4851a1d" />
    <TestEntry testId="06feb2b3-b200-3412-affb-8dc616000cec" executionId="7abad85c-4927-49cc-bba4-3ec3783c2f43" testListId="8c84fa94-04c1-424b-9868-57a2d4851a1d" />
    <TestEntry testId="78522144-6115-2633-95e9-00b5988f8edf" executionId="7331e679-fa49-4091-bb2d-da695045dc32" testListId="8c84fa94-04c1-424b-9868-57a2d4851a1d" />
    <TestEntry testId="b5216e1c-01e1-7a82-5b4e-8f8205e27f08" executionId="9c37fb65-f7bf-4e66-bc3f-39a5e405dd99" testListId="8c84fa94-04c1-424b-9868-57a2d4851a1d" />
    <TestEntry testId="eb8ad43d-accc-850d-aa24-e65261c26683" executionId="23292d06-5a30-4057-8453-2f943c73c97b" testListId="8c84fa94-04c1-424b-9868-57a2d4851a1d" />
    <TestEntry testId="2f185cef-7d69-2d2e-2b21-8e7d9f8e682f" executionId="4ef89b35-80a8-4153-8442-26cb6a197fe1" testListId="8c84fa94-04c1-424b-9868-57a2d4851a1d" />
    <TestEntry testId="eba5cf8e-5673-54ae-fa55-9a5b58105958" executionId="e1a65c15-ab36-4703-822b-b2e298d4e319" testListId="8c84fa94-04c1-424b-9868-57a2d4851a1d" />
    <TestEntry testId="dd8bd54d-ea78-2c11-8f51-c4e364aec876" executionId="6491d490-8fa2-4bdf-94b6-179d70f5884c" testListId="8c84fa94-04c1-424b-9868-57a2d4851a1d" />
    <TestEntry testId="a75b0826-00a5-d6bd-479f-7b7bc5456919" executionId="3761dad3-c530-4c5a-a93c-0e3c542809b3" testListId="8c84fa94-04c1-424b-9868-57a2d4851a1d" />
    <TestEntry testId="27f13a69-c4aa-6e02-91c7-6f01c5545c8b" executionId="16e7b53c-a354-4be3-b43b-f4be422b810c" testListId="8c84fa94-04c1-424b-9868-57a2d4851a1d" />
    <TestEntry testId="052cdbf5-07cc-468c-aa66-ede67857e240" executionId="21dd5caf-e70f-4863-b5c1-ac9eccdc4fa1" testListId="8c84fa94-04c1-424b-9868-57a2d4851a1d" />
    <TestEntry testId="e4c70c11-f753-2e0a-3a5a-f84b66962643" executionId="fe718526-94a1-4dab-9664-944f1ec0bae8" testListId="8c84fa94-04c1-424b-9868-57a2d4851a1d" />
    <TestEntry testId="93d9e520-6879-8cb5-3e35-4fd74cd186fd" executionId="705e4f08-5271-4f09-95f8-86aa73c5ff9c" testListId="8c84fa94-04c1-424b-9868-57a2d4851a1d" />
    <TestEntry testId="1294b900-f078-9c20-6931-fbd71166eb96" executionId="d819b074-e0d7-44bc-a7fe-b0775e3b59e2" testListId="8c84fa94-04c1-424b-9868-57a2d4851a1d" />
    <TestEntry testId="48ac35b0-a45f-a523-4945-7fb109273006" executionId="86cd6c2f-228b-4d9d-a06a-1498b115c8e3" testListId="8c84fa94-04c1-424b-9868-57a2d4851a1d" />
    <TestEntry testId="4c56b31b-5451-9db8-4c2f-e73bf5382456" executionId="a767398e-d33d-4c8c-8050-24b5aca03632" testListId="8c84fa94-04c1-424b-9868-57a2d4851a1d" />
    <TestEntry testId="76af85b0-86be-793c-b3ac-b29e96be8a1b" executionId="20f7ff75-661e-41a1-9e4d-86eb49d4d85f" testListId="8c84fa94-04c1-424b-9868-57a2d4851a1d" />
    <TestEntry testId="427ae54c-3c34-7130-2d65-1d07eba99676" executionId="96ca6a29-c7da-4b76-89ac-be8d3cb0c547" testListId="8c84fa94-04c1-424b-9868-57a2d4851a1d" />
    <TestEntry testId="fc2866c7-b6fc-2da5-2cf0-fda29ffde603" executionId="d939382b-3d54-462f-a3ce-39162d8922bb" testListId="8c84fa94-04c1-424b-9868-57a2d4851a1d" />
    <TestEntry testId="eed3c8a5-7fcc-3e2a-111f-b790741d474e" executionId="199ccf8c-3635-48e8-9519-a2a1188a92e9" testListId="8c84fa94-04c1-424b-9868-57a2d4851a1d" />
    <TestEntry testId="d1eaf5b9-0ba1-2487-4922-ad2b28131975" executionId="b8ea5647-ac7e-4c92-ac54-10a12765ba68" testListId="8c84fa94-04c1-424b-9868-57a2d4851a1d" />
    <TestEntry testId="2ebaf4ca-13bb-015d-d298-f9863d2df474" executionId="293b3fa0-6f23-4b99-b61a-16ca26aac8a9" testListId="8c84fa94-04c1-424b-9868-57a2d4851a1d" />
    <TestEntry testId="8ac769c3-b00c-40e9-8f6c-2802d1f5a242" executionId="f020ddca-817f-416a-b6c0-5e983484de8e" testListId="8c84fa94-04c1-424b-9868-57a2d4851a1d" />
    <TestEntry testId="d2729fa6-c20b-4941-5f73-7c0b90813274" executionId="bc1c520e-331c-4167-82d4-a146ca83134d" testListId="8c84fa94-04c1-424b-9868-57a2d4851a1d" />
    <TestEntry testId="403bee57-2f12-40c4-a674-baab9ae18e23" executionId="ce82eaa1-ac72-469e-8b95-32b67f48d170" testListId="8c84fa94-04c1-424b-9868-57a2d4851a1d" />
    <TestEntry testId="07c0cf65-4c30-aca4-7f62-879b4948c077" executionId="232e5828-3f7c-4e40-8452-645a92770919" testListId="8c84fa94-04c1-424b-9868-57a2d4851a1d" />
    <TestEntry testId="2b845f3f-b50a-7145-af60-a69349cfe923" executionId="7bed3c78-f4e9-4f21-acfb-7dde8532be44" testListId="8c84fa94-04c1-424b-9868-57a2d4851a1d" />
    <TestEntry testId="bd07edbe-41e1-5243-c025-46f78a7481ed" executionId="182033cb-6f9e-4b99-9ea5-cf3a079d46d2" testListId="8c84fa94-04c1-424b-9868-57a2d4851a1d" />
    <TestEntry testId="f0d19d6c-a235-b919-f14a-67af0cd779b9" executionId="7d5b5fff-8d49-4c42-8169-d0160d6cf675" testListId="8c84fa94-04c1-424b-9868-57a2d4851a1d" />
    <TestEntry testId="53c6ca51-bfaa-e6aa-71e7-9ea53eb22011" executionId="053f201c-71db-42e4-bd0c-3d4c4443d43e" testListId="8c84fa94-04c1-424b-9868-57a2d4851a1d" />
    <TestEntry testId="0a00ec3d-e225-1052-6505-8c2ca3cdc8ae" executionId="3667739d-9803-44bd-a682-3fd15705e5b4" testListId="8c84fa94-04c1-424b-9868-57a2d4851a1d" />
    <TestEntry testId="301e2ca9-8fdf-9366-4241-5525872e1753" executionId="c9c51c31-1dde-4187-b9c8-16dda962f282" testListId="8c84fa94-04c1-424b-9868-57a2d4851a1d" />
    <TestEntry testId="6625c9dd-1927-b875-70c3-850ec0ff7eae" executionId="449a1586-04ca-4b7d-a3c5-a5b217cc5778" testListId="8c84fa94-04c1-424b-9868-57a2d4851a1d" />
    <TestEntry testId="94faad71-f334-ef13-c24e-744e800f2827" executionId="bf71c5bc-cd8a-4462-a62c-059f42784d74" testListId="8c84fa94-04c1-424b-9868-57a2d4851a1d" />
    <TestEntry testId="a3276eca-c91e-5fa4-935f-68d383a4fc24" executionId="0584bff6-d47d-476b-9090-30cf6c76f386" testListId="8c84fa94-04c1-424b-9868-57a2d4851a1d" />
    <TestEntry testId="1491b3a5-21af-2796-c830-eb7e31970239" executionId="5a3bf122-e998-493b-a8d8-a40787be4f76" testListId="8c84fa94-04c1-424b-9868-57a2d4851a1d" />
    <TestEntry testId="be3d85c2-f8dd-7c5d-fd07-f504c909629d" executionId="8d62c329-67c4-436d-825d-95763206d85b" testListId="8c84fa94-04c1-424b-9868-57a2d4851a1d" />
    <TestEntry testId="70df8018-c99e-9173-d78b-c512b199be04" executionId="754e43ab-4ac1-4559-83ff-541f31bdaa4c" testListId="8c84fa94-04c1-424b-9868-57a2d4851a1d" />
    <TestEntry testId="a155b8bf-1969-bd95-9f46-b6de5809a8a6" executionId="e09a6e66-d2ee-4d7e-84b2-f247c7aecdf8" testListId="8c84fa94-04c1-424b-9868-57a2d4851a1d" />
    <TestEntry testId="95ee7f61-2498-b12a-d0c5-c6e370788c3e" executionId="8fc23db5-85fb-4801-add4-79ae2e458b47" testListId="8c84fa94-04c1-424b-9868-57a2d4851a1d" />
    <TestEntry testId="2ae61ee1-96fa-ca62-9327-a98a3cf1cbd8" executionId="e993945f-2da8-4113-9a29-afd07fd924ee" testListId="8c84fa94-04c1-424b-9868-57a2d4851a1d" />
    <TestEntry testId="e5ecc30a-747f-c08f-5eb1-094a6f34beb6" executionId="80245ee6-ff32-4762-b4b8-b5edd19b39cb" testListId="8c84fa94-04c1-424b-9868-57a2d4851a1d" />
    <TestEntry testId="a406bb7a-d1e4-7051-c966-fa757d5c6992" executionId="62aaa55f-a87b-4031-bbb7-383344aaa193" testListId="8c84fa94-04c1-424b-9868-57a2d4851a1d" />
    <TestEntry testId="dc2b365f-282a-dbe2-c26a-7ed7e84d6597" executionId="eccef702-9b41-4939-8928-c39ee330c75e" testListId="8c84fa94-04c1-424b-9868-57a2d4851a1d" />
    <TestEntry testId="b9cf61ee-1149-e422-9400-cfcb915f3eaa" executionId="4b181756-dcf3-477b-b4f1-ca7336c9d063" testListId="8c84fa94-04c1-424b-9868-57a2d4851a1d" />
    <TestEntry testId="8e5fa42b-80ae-b88e-1733-bfc4eb2c3314" executionId="ed5e3c3d-53a9-4694-b23a-146e57e2af3e" testListId="8c84fa94-04c1-424b-9868-57a2d4851a1d" />
    <TestEntry testId="7282a7b6-ef73-d503-5a5f-071cc026373d" executionId="ccdc61d8-3357-4f1e-9d03-dfd911fc2735" testListId="8c84fa94-04c1-424b-9868-57a2d4851a1d" />
    <TestEntry testId="7446bf5f-f528-ce00-cb21-653ece4f9e84" executionId="a9178404-39d3-4e63-a9d0-70fc08542f21" testListId="8c84fa94-04c1-424b-9868-57a2d4851a1d" />
    <TestEntry testId="65e99711-f80f-73bf-6f3b-6d486d208589" executionId="09e6d042-ea1d-441f-be6d-309afe7ca611" testListId="8c84fa94-04c1-424b-9868-57a2d4851a1d" />
    <TestEntry testId="f67c8813-8427-2ce9-569d-56e04b3520a9" executionId="abe079d5-8c3f-47bd-ae05-2e4ea6e2e415" testListId="8c84fa94-04c1-424b-9868-57a2d4851a1d" />
    <TestEntry testId="58ada9db-68d6-1834-14ca-5929551f8944" executionId="58a7e327-4b87-49ff-9bdd-caea0990496a" testListId="8c84fa94-04c1-424b-9868-57a2d4851a1d" />
    <TestEntry testId="89a7b90f-02fb-041d-45cf-b578460823ab" executionId="daf59519-2086-481d-a4d7-95f83d817fb3" testListId="8c84fa94-04c1-424b-9868-57a2d4851a1d" />
    <TestEntry testId="b620b1c6-bb65-35c5-cd96-59d65f55e59a" executionId="68e74098-a596-4811-8b21-2adea0a1ef1f" testListId="8c84fa94-04c1-424b-9868-57a2d4851a1d" />
    <TestEntry testId="18398a06-33e8-2b21-e4ca-cebe64b64a9d" executionId="ff3be777-f9c5-4ad3-9c8c-bdfee59c8560" testListId="8c84fa94-04c1-424b-9868-57a2d4851a1d" />
    <TestEntry testId="ad850256-3bde-7d3b-221c-64f79c39dad7" executionId="b537a357-83ae-4c09-ac02-17ae1de8b23b" testListId="8c84fa94-04c1-424b-9868-57a2d4851a1d" />
    <TestEntry testId="209d6141-e3fa-a04f-2aed-f81406a6d556" executionId="fc5e19c4-9a87-43d1-90d6-4381dc08f8bc" testListId="8c84fa94-04c1-424b-9868-57a2d4851a1d" />
    <TestEntry testId="a4f7811c-6a4c-ac0c-a233-1c2bbf02f9bc" executionId="eab59aa6-4ed5-4201-bf6b-258534c14d9e" testListId="8c84fa94-04c1-424b-9868-57a2d4851a1d" />
    <TestEntry testId="2e3551ea-a910-3701-c66d-5ff6cafc9873" executionId="fe498321-9034-4e68-9ebc-a5155d2830d9" testListId="8c84fa94-04c1-424b-9868-57a2d4851a1d" />
    <TestEntry testId="e5a71cf3-631f-7129-3fae-ae583931783c" executionId="5dc7c3f8-a1f8-4465-8ed7-defff9c7a87d" testListId="8c84fa94-04c1-424b-9868-57a2d4851a1d" />
    <TestEntry testId="6a9c52bf-959e-fdeb-ce08-f059dc176a75" executionId="301d809c-7502-4521-9fb9-f0a7a0c20792" testListId="8c84fa94-04c1-424b-9868-57a2d4851a1d" />
    <TestEntry testId="fe0666a2-5c4e-6213-2303-52fe12e3dc56" executionId="064835aa-8622-4795-b508-59be7d47332e" testListId="8c84fa94-04c1-424b-9868-57a2d4851a1d" />
    <TestEntry testId="89a31d53-4c9f-77b4-d065-200a82c0ca28" executionId="5886045a-3993-4577-a704-9fc60dea3ea8" testListId="8c84fa94-04c1-424b-9868-57a2d4851a1d" />
    <TestEntry testId="0e35e222-8ec4-9486-3277-970cbc28cfe2" executionId="bf1a3c3a-95df-4fd4-9d56-7300733b8094" testListId="8c84fa94-04c1-424b-9868-57a2d4851a1d" />
    <TestEntry testId="133d7c94-d7e0-b06a-90f4-13ccd45b11a3" executionId="252ee5da-458a-47fb-a65e-ccf7ebf7ed33" testListId="8c84fa94-04c1-424b-9868-57a2d4851a1d" />
    <TestEntry testId="0fce7aac-8681-2e72-91dd-26b943894d6f" executionId="6d559ddf-2897-4ac8-9091-e6e20dd10400" testListId="8c84fa94-04c1-424b-9868-57a2d4851a1d" />
    <TestEntry testId="8d201825-38aa-2f79-311d-aac08c678c23" executionId="56ebc50e-d732-497b-b677-29b41336c920" testListId="8c84fa94-04c1-424b-9868-57a2d4851a1d" />
    <TestEntry testId="846799f1-e436-5163-1962-ee1fa5b1eef2" executionId="a75520c0-b94e-40f5-b640-4cf0503649ab" testListId="8c84fa94-04c1-424b-9868-57a2d4851a1d" />
    <TestEntry testId="a588bc82-3e28-ef56-b83d-b89a6237fd05" executionId="7d208fbc-ca77-4ca3-9acc-01ff7050bec2" testListId="8c84fa94-04c1-424b-9868-57a2d4851a1d" />
    <TestEntry testId="ccbc7a03-8775-24de-b27b-b995c458fb6c" executionId="df0976d9-bdbe-42a8-a5db-acd151f5eb1b" testListId="8c84fa94-04c1-424b-9868-57a2d4851a1d" />
    <TestEntry testId="87d8b694-b422-2e4a-fd4a-ea2c0df50313" executionId="6d93bf89-6395-4695-8a0e-459987414ebb" testListId="8c84fa94-04c1-424b-9868-57a2d4851a1d" />
    <TestEntry testId="c06bf551-d66f-b34c-92a5-1b1feb51c079" executionId="28683749-42a5-4223-8b61-aaa9117cdbd7" testListId="8c84fa94-04c1-424b-9868-57a2d4851a1d" />
    <TestEntry testId="2e3a089e-4ddd-0119-1a12-5db0db6e2c4a" executionId="454e419b-b26d-4449-b4cf-19225525dcc1" testListId="8c84fa94-04c1-424b-9868-57a2d4851a1d" />
    <TestEntry testId="2faf224c-bc32-cfaa-d6e7-267e1783644e" executionId="27c08ef5-21f4-4acb-8465-ad707be7bb34" testListId="8c84fa94-04c1-424b-9868-57a2d4851a1d" />
    <TestEntry testId="f952e59c-9335-0bfe-5930-008d5dd78c7b" executionId="deb608ae-da3c-4280-b33b-069f1952747c" testListId="8c84fa94-04c1-424b-9868-57a2d4851a1d" />
    <TestEntry testId="7d43f9b2-42c7-de75-168d-e7fe6c2f0ba4" executionId="283b06f9-7688-4b53-a917-d9c098d87fe3" testListId="8c84fa94-04c1-424b-9868-57a2d4851a1d" />
    <TestEntry testId="9044797d-9c8c-3424-a868-4cd6eb8279db" executionId="f7e69149-d2ad-4bbd-b667-90b06deb4feb" testListId="8c84fa94-04c1-424b-9868-57a2d4851a1d" />
    <TestEntry testId="6e02d53f-02e2-bfcd-09e4-9de35f5c4ba8" executionId="59eefdbc-f59e-4396-928a-c5eac08c38d1" testListId="8c84fa94-04c1-424b-9868-57a2d4851a1d" />
    <TestEntry testId="08f85264-b865-8405-6766-e01431e27d22" executionId="703d6ceb-b206-469c-bf94-4143ba7a71e3" testListId="8c84fa94-04c1-424b-9868-57a2d4851a1d" />
    <TestEntry testId="f8ce6604-431a-ec4a-d048-c4a9e33558ea" executionId="933a871c-5b77-4bd0-92ff-5104cf08e21b" testListId="8c84fa94-04c1-424b-9868-57a2d4851a1d" />
    <TestEntry testId="9b93db35-af8d-aeaa-7058-8f31c2e28b92" executionId="9c2d053e-2387-470b-9137-c1dee70e7c4f" testListId="8c84fa94-04c1-424b-9868-57a2d4851a1d" />
    <TestEntry testId="74755c67-67c1-c701-1bf4-cf7e1b0637e3" executionId="7fccb1f3-8b20-4aca-a095-1c39515409b9" testListId="8c84fa94-04c1-424b-9868-57a2d4851a1d" />
    <TestEntry testId="09588256-9cd3-8547-39e8-adb70f0142f2" executionId="b9dffaeb-f524-4538-902a-57cb4a49db03" testListId="8c84fa94-04c1-424b-9868-57a2d4851a1d" />
    <TestEntry testId="9c2ff94e-29fc-5987-3a0a-6c8c5be6de7e" executionId="1dbfa9ce-fae6-424b-ada4-8019017bc877" testListId="8c84fa94-04c1-424b-9868-57a2d4851a1d" />
    <TestEntry testId="3391d062-8fd9-13e6-f608-09aaecab5252" executionId="38ddd502-118c-4412-bc4b-8642c1104396" testListId="8c84fa94-04c1-424b-9868-57a2d4851a1d" />
    <TestEntry testId="3dee866c-7afc-631e-e15a-c1ac0697476f" executionId="89ec5c08-3007-499c-8a25-c54c6e7ec46f" testListId="8c84fa94-04c1-424b-9868-57a2d4851a1d" />
    <TestEntry testId="5d7c37df-948f-1d3a-eb9c-06ca65b28bda" executionId="5c7f95a3-ab85-4247-96d0-9f0596f15c41" testListId="8c84fa94-04c1-424b-9868-57a2d4851a1d" />
    <TestEntry testId="248ac818-6d18-9119-af87-56a53a9749df" executionId="6f86d471-e480-4001-abae-87d9da027b5d" testListId="8c84fa94-04c1-424b-9868-57a2d4851a1d" />
    <TestEntry testId="c1090cf4-30b9-bd3c-a8b0-ed3abc69cd9d" executionId="a8dd8b01-3c8a-4c58-8317-daf541428402" testListId="8c84fa94-04c1-424b-9868-57a2d4851a1d" />
    <TestEntry testId="f2a77da2-7160-19ba-963d-931ff5b43e62" executionId="b6a552e9-ad74-415c-bda2-49831542f4ac" testListId="8c84fa94-04c1-424b-9868-57a2d4851a1d" />
    <TestEntry testId="495e0a1d-55b0-9e1b-7082-9beb8d31f296" executionId="1330f694-18ce-442b-8c8b-4ccc837a765b" testListId="8c84fa94-04c1-424b-9868-57a2d4851a1d" />
    <TestEntry testId="a182dddd-532c-210a-d604-4bb0b18c5889" executionId="37b48074-cb01-4443-884b-63cfb566dce9" testListId="8c84fa94-04c1-424b-9868-57a2d4851a1d" />
    <TestEntry testId="08ce0394-0022-a791-0e39-e526c4a2c84b" executionId="83d619fe-83a9-4f78-a877-30475ae8766f" testListId="8c84fa94-04c1-424b-9868-57a2d4851a1d" />
    <TestEntry testId="a0ce5da4-3e94-87f9-6916-0135774e30da" executionId="8793f25b-57d3-4782-a9f1-9bac2b1c7ddc" testListId="8c84fa94-04c1-424b-9868-57a2d4851a1d" />
    <TestEntry testId="8be18ded-c6f5-cb86-35c6-9fb12fbc8259" executionId="7352ebcd-6919-4031-872c-05c93ea25460" testListId="8c84fa94-04c1-424b-9868-57a2d4851a1d" />
    <TestEntry testId="01050945-7bda-ec74-1335-fb66aec21182" executionId="f08589a3-23af-44b0-bf6c-72c1d07a1c44" testListId="8c84fa94-04c1-424b-9868-57a2d4851a1d" />
    <TestEntry testId="07ff4826-7da9-d9b9-8924-94bb478c98a6" executionId="7c73db1b-3c63-46cd-8453-4a7196887cb8" testListId="8c84fa94-04c1-424b-9868-57a2d4851a1d" />
    <TestEntry testId="2b56d25e-5f2c-81ed-696e-75179872084b" executionId="56811a05-402e-49b8-bff2-93e135614661" testListId="8c84fa94-04c1-424b-9868-57a2d4851a1d" />
    <TestEntry testId="30aa461f-dc4d-4336-4c6f-9f1b55bd062a" executionId="d28a2b81-03c5-40c6-b701-d9cf5b9344d0" testListId="8c84fa94-04c1-424b-9868-57a2d4851a1d" />
    <TestEntry testId="68a48b36-4fa6-962a-8f10-8478fa553323" executionId="392808c7-2de3-4b68-a6e4-3872950b9923" testListId="8c84fa94-04c1-424b-9868-57a2d4851a1d" />
    <TestEntry testId="1ca06f6f-3df2-55f5-9ccd-e23d8eadfe25" executionId="a9d00e63-db55-4de5-a734-fb165f927a7a" testListId="8c84fa94-04c1-424b-9868-57a2d4851a1d" />
    <TestEntry testId="ed5771a0-9d22-450f-86e5-c81fb0c1a0b6" executionId="468256f9-7f9a-4d10-bc51-71ffcc87edc4" testListId="8c84fa94-04c1-424b-9868-57a2d4851a1d" />
    <TestEntry testId="460a6941-a2e9-cd06-63bc-6a334a1761e0" executionId="0a2c0e38-5ac7-4ba0-bd27-02a641f42ffe" testListId="8c84fa94-04c1-424b-9868-57a2d4851a1d" />
    <TestEntry testId="9468bcd1-9c4d-2520-3087-db160c21aa88" executionId="583a7465-b3ef-48bf-8dd8-fd6d28788bc6" testListId="8c84fa94-04c1-424b-9868-57a2d4851a1d" />
    <TestEntry testId="6f970b1f-16f5-35af-e19f-561426464bf7" executionId="a5893382-4319-4b0d-8d03-3274c7353e45" testListId="8c84fa94-04c1-424b-9868-57a2d4851a1d" />
    <TestEntry testId="52835730-c49c-ecdc-4449-100b3a3a61c3" executionId="84d7d887-1156-4c98-b888-79dfa2ada803" testListId="8c84fa94-04c1-424b-9868-57a2d4851a1d" />
    <TestEntry testId="e5fe1a1c-feb5-938e-9fd3-9587706ea42a" executionId="69fad7d1-3b59-4ee7-a986-30b16c0445a6" testListId="8c84fa94-04c1-424b-9868-57a2d4851a1d" />
    <TestEntry testId="681f0fca-f9a1-ed05-216e-057f177e521c" executionId="2a65b795-4fb7-497f-bddc-5d01c532e16a" testListId="8c84fa94-04c1-424b-9868-57a2d4851a1d" />
    <TestEntry testId="48fb78f6-1600-55e1-7f9a-08c1ddae112a" executionId="525a0b20-4502-4dd9-a984-0ba242033b02" testListId="8c84fa94-04c1-424b-9868-57a2d4851a1d" />
    <TestEntry testId="685e904f-9e80-2f2f-7314-48b02e6dbfa7" executionId="cf7cee4e-fe06-4318-a827-012fc6b4a99f" testListId="8c84fa94-04c1-424b-9868-57a2d4851a1d" />
    <TestEntry testId="f0729d76-616f-dbd4-0fed-73d667305f4e" executionId="0eca3a73-5643-42be-9ca9-6d460489953a" testListId="8c84fa94-04c1-424b-9868-57a2d4851a1d" />
    <TestEntry testId="4087cc78-c97e-f912-006d-2fcb6505617f" executionId="2c0a6bce-d36c-4492-9abd-bc95da512e89" testListId="8c84fa94-04c1-424b-9868-57a2d4851a1d" />
    <TestEntry testId="8a9d9ece-271a-0583-c809-303d0bc7cb7c" executionId="a4617376-77cf-4a10-9c78-5f7fe398e760" testListId="8c84fa94-04c1-424b-9868-57a2d4851a1d" />
    <TestEntry testId="063108f2-5c4e-53c5-07ea-ec7552576f30" executionId="c58d6163-03d3-44f2-b7a4-a92077e99e7c" testListId="8c84fa94-04c1-424b-9868-57a2d4851a1d" />
    <TestEntry testId="6a829240-af31-53f6-eb16-e247bb834346" executionId="a7eee7d0-5ff1-4ec8-8e6d-0dae5d83c82c" testListId="8c84fa94-04c1-424b-9868-57a2d4851a1d" />
    <TestEntry testId="e64c78af-bdf8-eade-ba6f-8a58466f5896" executionId="8342ab33-7c2d-412d-ba34-5b5f9cbb89cc" testListId="8c84fa94-04c1-424b-9868-57a2d4851a1d" />
    <TestEntry testId="dafaa681-a454-527a-c688-300ed7e8671e" executionId="fee68651-69fb-4072-a509-a7167191784d" testListId="8c84fa94-04c1-424b-9868-57a2d4851a1d" />
    <TestEntry testId="6afb7f4f-6ebb-2e19-f5f1-c72d655f83a2" executionId="6fdd30dc-783e-4f18-9b67-cb8cf97d2147" testListId="8c84fa94-04c1-424b-9868-57a2d4851a1d" />
    <TestEntry testId="5543e054-5ff1-ff3a-4672-4a392f0d9085" executionId="416becdf-7ad2-43e5-9cf8-8d5c027cf518" testListId="8c84fa94-04c1-424b-9868-57a2d4851a1d" />
    <TestEntry testId="19a38a7b-3cb8-4d1b-b0e8-8f162f211dfe" executionId="3fd3d02a-7982-4ee3-9f1b-6b4a06c32432" testListId="8c84fa94-04c1-424b-9868-57a2d4851a1d" />
    <TestEntry testId="ebc6d51f-fc0d-9f75-055b-40cbcd471994" executionId="ed0cc97c-8509-4025-9659-0795b9e175e5" testListId="8c84fa94-04c1-424b-9868-57a2d4851a1d" />
    <TestEntry testId="a141a05b-d7ac-e418-8091-43dc4664e902" executionId="43d038fd-9bf1-49e0-868f-ee175f428024" testListId="8c84fa94-04c1-424b-9868-57a2d4851a1d" />
    <TestEntry testId="45d19557-1024-46d5-ff8b-758b9cd77a7c" executionId="932e73d2-553c-4189-961e-845994309b16" testListId="8c84fa94-04c1-424b-9868-57a2d4851a1d" />
    <TestEntry testId="beaedefa-451e-ae2d-1510-99533403595c" executionId="266260dd-75f6-4617-bf3c-b6eb9095548d" testListId="8c84fa94-04c1-424b-9868-57a2d4851a1d" />
    <TestEntry testId="27fab389-0d50-9fb5-929c-7fe8970d2d0e" executionId="381a6d8b-23c4-49b0-8f0e-094126bb7360" testListId="8c84fa94-04c1-424b-9868-57a2d4851a1d" />
    <TestEntry testId="197523df-7e73-6860-e3f2-17552ba53642" executionId="84252e0d-231d-41d8-a1c0-3b220d23237a" testListId="8c84fa94-04c1-424b-9868-57a2d4851a1d" />
    <TestEntry testId="ff80af3b-aada-39c4-bb07-86060d7d73d1" executionId="c95ee641-4d4b-4f16-8520-9d543c759906" testListId="8c84fa94-04c1-424b-9868-57a2d4851a1d" />
    <TestEntry testId="79f9a34e-c2f9-beee-3517-e82914cec2e2" executionId="5be97b93-7675-4df1-9df0-d73903b3da3c" testListId="8c84fa94-04c1-424b-9868-57a2d4851a1d" />
    <TestEntry testId="9e8a4ca9-be10-24c8-96e0-6a6aa1cb1f36" executionId="c34b904f-7939-4000-8b11-b59acd2798b3" testListId="8c84fa94-04c1-424b-9868-57a2d4851a1d" />
    <TestEntry testId="9a74e1a1-f175-680b-187a-25599b540d66" executionId="264f5d30-d5a7-4b9e-ba28-09f37671f2c8" testListId="8c84fa94-04c1-424b-9868-57a2d4851a1d" />
    <TestEntry testId="66e79068-9ba0-18a4-06fb-e3f7dbe59e3f" executionId="c10028cf-07f7-4c54-bf56-c400405f54d8" testListId="8c84fa94-04c1-424b-9868-57a2d4851a1d" />
    <TestEntry testId="cd97a4ce-10fb-6e91-23d7-cc19df138c81" executionId="ca67484e-f0b8-4a37-8d26-f489b5966272" testListId="8c84fa94-04c1-424b-9868-57a2d4851a1d" />
    <TestEntry testId="36f51760-ec80-a679-a4fe-117af6a6dfd1" executionId="b4527520-e27d-48bf-b623-b42dbc17d4e7" testListId="8c84fa94-04c1-424b-9868-57a2d4851a1d" />
    <TestEntry testId="dfc0911b-f1f1-cbce-f7a2-5a0ea82a79d0" executionId="b88d8daf-f7b5-40c8-a9af-0270b776ba66" testListId="8c84fa94-04c1-424b-9868-57a2d4851a1d" />
    <TestEntry testId="4d783bd1-938b-73d2-6049-6da0ba2807a1" executionId="8da5e857-c430-4fee-9183-c77fe3006667" testListId="8c84fa94-04c1-424b-9868-57a2d4851a1d" />
    <TestEntry testId="51af8181-329e-04d8-039c-63215592b094" executionId="499745a4-b463-401b-8c18-e701ac7499d5" testListId="8c84fa94-04c1-424b-9868-57a2d4851a1d" />
    <TestEntry testId="7868a721-dedc-76a2-d4ed-0e1d1b316c9c" executionId="ac0c5abf-df9a-4eb5-bda3-a30603037e27" testListId="8c84fa94-04c1-424b-9868-57a2d4851a1d" />
    <TestEntry testId="9c950f50-85ef-e631-9f90-b5e1458f9338" executionId="eda81ed9-0073-4a55-8c41-bf9a62e8288d" testListId="8c84fa94-04c1-424b-9868-57a2d4851a1d" />
    <TestEntry testId="6038a8e1-9bcf-40f6-1f5f-3a02c8b9f7e9" executionId="72b3324a-14fd-485d-a1d8-6c0f6d3b856b" testListId="8c84fa94-04c1-424b-9868-57a2d4851a1d" />
    <TestEntry testId="73cbd55e-cec4-d77d-b305-dea8507979a3" executionId="2e7addd3-9452-414d-8194-bc88310c5476" testListId="8c84fa94-04c1-424b-9868-57a2d4851a1d" />
    <TestEntry testId="804cd3b7-eae1-5170-1f2f-9f7bdf3a70d4" executionId="d8772fda-f68e-4a16-a0cb-251d4535f2d5" testListId="8c84fa94-04c1-424b-9868-57a2d4851a1d" />
    <TestEntry testId="7657b361-07cf-356b-f804-e231ea48865b" executionId="56874162-168e-462f-8259-6b2d80a8f399" testListId="8c84fa94-04c1-424b-9868-57a2d4851a1d" />
    <TestEntry testId="a1f7b939-30e7-1bbe-1c3a-a235fa02e26d" executionId="71c2dade-354f-4d0f-a618-f7aa841cc93b" testListId="8c84fa94-04c1-424b-9868-57a2d4851a1d" />
    <TestEntry testId="865086a8-04a5-9a37-269a-b5b614650e93" executionId="3f9830a7-4710-4e02-abe3-cfab1b6b1b9c" testListId="8c84fa94-04c1-424b-9868-57a2d4851a1d" />
    <TestEntry testId="3a238b42-edc8-4553-b132-f154f6a259c6" executionId="c789c0e4-5194-44d9-a7c8-87c9c059dfae" testListId="8c84fa94-04c1-424b-9868-57a2d4851a1d" />
    <TestEntry testId="4fa7632d-56cf-1c41-a2fb-72ff80bd8eea" executionId="569242cd-404d-4aeb-a2e5-90610886e0f6" testListId="8c84fa94-04c1-424b-9868-57a2d4851a1d" />
    <TestEntry testId="cedfbaec-9474-60ba-c8fe-8706fc545dd3" executionId="c7de6604-c09c-4a96-8c60-61b4fa156292" testListId="8c84fa94-04c1-424b-9868-57a2d4851a1d" />
    <TestEntry testId="9202b02e-4e92-02c8-af8a-52cd6337ffb8" executionId="cd37d571-37b7-43b7-91fc-ca64160e3c61" testListId="8c84fa94-04c1-424b-9868-57a2d4851a1d" />
    <TestEntry testId="5a80ff61-9584-39b6-93ce-84b7c6c6be80" executionId="616d26b0-3706-4dd1-8ca3-1555d955fb64" testListId="8c84fa94-04c1-424b-9868-57a2d4851a1d" />
    <TestEntry testId="0e2568b6-f8d3-13b8-fdc8-7e8fee2587d9" executionId="27fa1036-aeab-4fda-9c8c-76cbe513eecc" testListId="8c84fa94-04c1-424b-9868-57a2d4851a1d" />
    <TestEntry testId="fbe89eb3-03ca-f64e-ec71-3473e97d1bcb" executionId="901e9212-c55b-4675-a5d5-1057673b18df" testListId="8c84fa94-04c1-424b-9868-57a2d4851a1d" />
    <TestEntry testId="2862e01c-c4ae-58ea-0326-9d8aef8a2b50" executionId="0450aa09-aeb9-46c3-aab7-64aed3a6b2be" testListId="8c84fa94-04c1-424b-9868-57a2d4851a1d" />
    <TestEntry testId="0f3bf857-2af0-e8e9-e356-472f13eb4907" executionId="dc3340b0-bc69-452f-ba9b-50e8a825c778" testListId="8c84fa94-04c1-424b-9868-57a2d4851a1d" />
    <TestEntry testId="329dd99a-08c5-453c-4dc0-70fd7d658d3f" executionId="0615b800-cdd9-415b-bada-a630cd08b0fd" testListId="8c84fa94-04c1-424b-9868-57a2d4851a1d" />
    <TestEntry testId="20433633-88f1-2d6d-4244-2397a8febdbe" executionId="19fa97cf-a012-4f84-a0d4-7eca1e6026f0" testListId="8c84fa94-04c1-424b-9868-57a2d4851a1d" />
    <TestEntry testId="4953023a-dc03-89e4-b0d2-aec24c561c2d" executionId="32d3a352-e45c-4119-885f-498f6b2d64f3" testListId="8c84fa94-04c1-424b-9868-57a2d4851a1d" />
    <TestEntry testId="88012b0c-b40b-9f71-5422-c571c645413b" executionId="54b510dd-176e-42c3-8ee9-5ecdb0cf8891" testListId="8c84fa94-04c1-424b-9868-57a2d4851a1d" />
    <TestEntry testId="c6f90b60-6128-39f9-e076-81ec6d87867f" executionId="794301e9-5561-45b9-bcc5-416fe60168eb" testListId="8c84fa94-04c1-424b-9868-57a2d4851a1d" />
    <TestEntry testId="654579d2-c34c-02f8-1418-da9b3bcfeb8d" executionId="54e02622-735b-48a7-b9db-bf49d1dd3a14" testListId="8c84fa94-04c1-424b-9868-57a2d4851a1d" />
    <TestEntry testId="a4de3ca7-45d7-f6bc-452d-efe05505c31c" executionId="678e3c1d-b6c7-4756-a938-e680c9d76ae9" testListId="8c84fa94-04c1-424b-9868-57a2d4851a1d" />
    <TestEntry testId="5539426a-4319-04a9-da9b-164e240dc5d1" executionId="f10d108d-7839-4e6d-8fdb-e9a8f043ebe7" testListId="8c84fa94-04c1-424b-9868-57a2d4851a1d" />
    <TestEntry testId="a7a00093-6ebb-8498-9fad-54784f526544" executionId="bfc4f7a5-478d-49d6-b97a-12254b39dab2" testListId="8c84fa94-04c1-424b-9868-57a2d4851a1d" />
    <TestEntry testId="e1fd49fd-77b1-eb01-64ca-819ab2864cc2" executionId="1e7b41b5-bb18-4488-9ab5-4739e6dc3685" testListId="8c84fa94-04c1-424b-9868-57a2d4851a1d" />
    <TestEntry testId="c7e57ef9-615a-fb58-ca3f-0ad2c1e8c3fb" executionId="30602958-dfe0-41e5-ac09-9754ef7c40d3" testListId="8c84fa94-04c1-424b-9868-57a2d4851a1d" />
    <TestEntry testId="9f2eda9e-2213-b382-6502-d334776b57f5" executionId="f48eae4b-5432-4683-8e8a-88d669327c98" testListId="8c84fa94-04c1-424b-9868-57a2d4851a1d" />
    <TestEntry testId="41d6de66-f560-2ebe-5918-3666aecdd3d2" executionId="467ac7ec-8303-46e9-a101-2ba570f9cb32" testListId="8c84fa94-04c1-424b-9868-57a2d4851a1d" />
    <TestEntry testId="ed75005d-1571-2f13-995e-d68b4c844da3" executionId="a31f33fb-cde8-4e38-a438-80f9226cdf75" testListId="8c84fa94-04c1-424b-9868-57a2d4851a1d" />
    <TestEntry testId="d9e1d5fe-d1ea-2e91-cf19-3347b7632135" executionId="630e3115-af96-4390-bd4a-1362a2aea1af" testListId="8c84fa94-04c1-424b-9868-57a2d4851a1d" />
    <TestEntry testId="976b27cb-0653-d89f-97ed-6cc94391ff87" executionId="2e9d5fb6-27fb-4967-8dc5-c633d131b031" testListId="8c84fa94-04c1-424b-9868-57a2d4851a1d" />
    <TestEntry testId="d8e76d58-47b7-f401-964c-ff084a06c94b" executionId="0fd3b23c-6051-4b06-a5fb-4d60b4dd6be0" testListId="8c84fa94-04c1-424b-9868-57a2d4851a1d" />
    <TestEntry testId="ab9324e8-e308-9d2f-bd4d-ae968494b7c6" executionId="0f3a7c60-8bd9-4e2d-b16f-e05759183a0a" testListId="8c84fa94-04c1-424b-9868-57a2d4851a1d" />
    <TestEntry testId="b9df5b4a-d571-30e6-76f1-c996ac9136d5" executionId="51f9078f-b68e-44a2-bd3d-3c60bbe4f80f" testListId="8c84fa94-04c1-424b-9868-57a2d4851a1d" />
    <TestEntry testId="f9201b2e-ecbc-c112-55af-2f274b6b8878" executionId="be17d00b-226c-4202-a55f-c041e020cf4c" testListId="8c84fa94-04c1-424b-9868-57a2d4851a1d" />
    <TestEntry testId="2f33949c-1e1d-c6a6-f96d-5181b890b05f" executionId="c747c158-d32c-40b6-8991-90d36a7184d1" testListId="8c84fa94-04c1-424b-9868-57a2d4851a1d" />
    <TestEntry testId="d3b241b4-d26c-b88e-d386-547294979303" executionId="9df56bf4-ee00-4c12-ba4d-dfca4ed1778c" testListId="8c84fa94-04c1-424b-9868-57a2d4851a1d" />
    <TestEntry testId="c63e3230-b426-b663-0937-bcf2ee0859c6" executionId="dd5c3fad-733a-4755-940a-8f600447e410" testListId="8c84fa94-04c1-424b-9868-57a2d4851a1d" />
    <TestEntry testId="751f08d8-6668-04bb-13f9-ee73a073aa29" executionId="f3d44eed-a1f5-4822-a1f9-f7bd289b1491" testListId="8c84fa94-04c1-424b-9868-57a2d4851a1d" />
    <TestEntry testId="ad4cc763-93a7-431e-9d07-06d211cedc5f" executionId="b8eeba53-8644-4a97-8a30-6f91b83627a5" testListId="8c84fa94-04c1-424b-9868-57a2d4851a1d" />
    <TestEntry testId="7c63c7a9-ef20-87a9-9a86-6fce7dbb7235" executionId="be6f8c96-bd46-4a48-b2d7-302b97bdf98d" testListId="8c84fa94-04c1-424b-9868-57a2d4851a1d" />
    <TestEntry testId="bc43362b-d6bd-6a6b-d7f0-2de07c359d8b" executionId="e3f20d04-fe82-4bb1-b795-b927c012f6de" testListId="8c84fa94-04c1-424b-9868-57a2d4851a1d" />
    <TestEntry testId="d2e561f6-4e98-432e-94f4-d4383609cf13" executionId="fe2a352b-c887-4269-8218-0a10038264ce" testListId="8c84fa94-04c1-424b-9868-57a2d4851a1d" />
    <TestEntry testId="0ececda0-c3fa-4f6d-55b6-0a6442582321" executionId="5f4f2cd4-4b90-4941-931f-bbd4dec266c8" testListId="8c84fa94-04c1-424b-9868-57a2d4851a1d" />
    <TestEntry testId="1c84df26-e9fe-4d77-a959-8c13c0d532d4" executionId="94eb009c-6499-46f4-8f06-44ae7aa009ca" testListId="8c84fa94-04c1-424b-9868-57a2d4851a1d" />
    <TestEntry testId="e00946a9-f36b-c156-204a-517e9373fad4" executionId="1b4936fb-a1a6-4d92-910c-26f4e6f682b9" testListId="8c84fa94-04c1-424b-9868-57a2d4851a1d" />
    <TestEntry testId="b3152e1d-e572-aebc-7469-096859696600" executionId="2d0326a4-b54c-4128-8a9a-899218d7cfec" testListId="8c84fa94-04c1-424b-9868-57a2d4851a1d" />
    <TestEntry testId="9368d1c1-8bd0-243e-21ab-c0cf65825690" executionId="65d75c24-38c1-45dd-9144-82324f21c2f5" testListId="8c84fa94-04c1-424b-9868-57a2d4851a1d" />
    <TestEntry testId="1050ab71-4125-915a-5f64-ee1114bab09f" executionId="917cd993-61b9-4289-a46d-36f5d107ef59" testListId="8c84fa94-04c1-424b-9868-57a2d4851a1d" />
    <TestEntry testId="dc3d199e-afb1-cbd5-4fdf-b0a86561d0d0" executionId="cb6765de-4a79-44a9-ae2d-ab1f9f762197" testListId="8c84fa94-04c1-424b-9868-57a2d4851a1d" />
    <TestEntry testId="4962fe6d-b9b7-5082-dd64-4bcd9daff4fd" executionId="6acb04c2-2352-4c06-afa4-a306c08193c7" testListId="8c84fa94-04c1-424b-9868-57a2d4851a1d" />
    <TestEntry testId="0a09f26e-ae3a-bd9d-866c-70453e1bec5d" executionId="17b5803b-dc65-4abd-8114-77ad79766f1a" testListId="8c84fa94-04c1-424b-9868-57a2d4851a1d" />
    <TestEntry testId="34683f3d-638e-11eb-c5f7-540d5b40b83c" executionId="a63707b2-a4be-43b4-baba-51ef59ec130a" testListId="8c84fa94-04c1-424b-9868-57a2d4851a1d" />
    <TestEntry testId="51a99ef4-6872-0274-7ab4-c35de7791465" executionId="8499f001-e48f-4cf1-a183-9a965637f1fc" testListId="8c84fa94-04c1-424b-9868-57a2d4851a1d" />
    <TestEntry testId="30113ce5-0efd-56af-6cb4-88b345fe64c1" executionId="ec8f9996-dd81-4688-a4fe-12f7621fd44f" testListId="8c84fa94-04c1-424b-9868-57a2d4851a1d" />
    <TestEntry testId="661bd3bd-5171-63b9-04cc-1acb45224e71" executionId="02a7f625-3749-4a09-bc96-2ad5018bd857" testListId="8c84fa94-04c1-424b-9868-57a2d4851a1d" />
    <TestEntry testId="d736f662-9ad3-47b7-9385-580fb9cf5718" executionId="5d1138b3-ed1a-44f7-9588-1a253da10e1e" testListId="8c84fa94-04c1-424b-9868-57a2d4851a1d" />
    <TestEntry testId="b0fbfedf-366f-9756-9006-372749629945" executionId="a23a3972-221f-4457-b9a7-74014c521f11" testListId="8c84fa94-04c1-424b-9868-57a2d4851a1d" />
    <TestEntry testId="86acbe90-955f-e3e9-95fa-34868be4c674" executionId="c5f548b8-79d0-4fd2-8c54-cd06fe5a81c0" testListId="8c84fa94-04c1-424b-9868-57a2d4851a1d" />
    <TestEntry testId="603442d0-4240-0d2f-de09-8b1033e58d07" executionId="92f5b27e-ed34-40b8-926e-2936577cda00" testListId="8c84fa94-04c1-424b-9868-57a2d4851a1d" />
    <TestEntry testId="2443e421-41e1-42a1-44f3-79c093f62e28" executionId="dd802037-4fec-4875-b7b5-6c67c15e515e" testListId="8c84fa94-04c1-424b-9868-57a2d4851a1d" />
    <TestEntry testId="0c140fde-e442-61a3-91f0-0d909d97f497" executionId="49cd85b0-ba78-4e74-a266-0e81fceece7d" testListId="8c84fa94-04c1-424b-9868-57a2d4851a1d" />
    <TestEntry testId="538f0004-ee99-a5dd-43e1-bbb1f30c0e9a" executionId="cfcffc2d-0107-4ed5-83cd-e4a4bf2441e0" testListId="8c84fa94-04c1-424b-9868-57a2d4851a1d" />
    <TestEntry testId="23a1f655-7aae-c40d-9ea5-4cb3c5cd6c74" executionId="6e7a3af5-8bc0-40dc-b3fe-f862e45fd7a1" testListId="8c84fa94-04c1-424b-9868-57a2d4851a1d" />
    <TestEntry testId="c982b85c-0e52-9ea2-ef28-1eb2807e9dc9" executionId="f91502d2-aa5a-4238-9fdb-1191527d5d01" testListId="8c84fa94-04c1-424b-9868-57a2d4851a1d" />
    <TestEntry testId="f699dd08-5e4a-2500-1f9a-e25a6693e39a" executionId="0836b291-a987-44c3-926a-3d4b5de31e5e" testListId="8c84fa94-04c1-424b-9868-57a2d4851a1d" />
    <TestEntry testId="8c5f12e5-9c4b-384d-6fa3-d13905467cf1" executionId="4e114f1c-88cf-4220-b671-957b616a93d2" testListId="8c84fa94-04c1-424b-9868-57a2d4851a1d" />
    <TestEntry testId="5fbdb26d-3293-a8de-1e6d-305597edcab5" executionId="739dc6ca-e46e-4f1c-a1a8-1cbed773bf1d" testListId="8c84fa94-04c1-424b-9868-57a2d4851a1d" />
    <TestEntry testId="46e3d7cf-ea23-7dcc-62a0-14187cb92e69" executionId="b3b68615-f9a4-4edb-918b-00fea7b34dd1" testListId="8c84fa94-04c1-424b-9868-57a2d4851a1d" />
    <TestEntry testId="59837421-7c29-6523-99d3-74bbfe8fe9c4" executionId="7bf6d53e-1fba-4a4d-aead-a7ab6d93fa13" testListId="8c84fa94-04c1-424b-9868-57a2d4851a1d" />
    <TestEntry testId="b730576d-3511-b0b9-40c7-43a83d045e9a" executionId="2e5d087d-f76f-4ec4-8dd2-86c4c46f9ea1" testListId="8c84fa94-04c1-424b-9868-57a2d4851a1d" />
    <TestEntry testId="d89df07e-2cd9-0ee7-22ff-69350312743f" executionId="2e5b4915-edcd-49e6-a8f6-0c936fa43e4f" testListId="8c84fa94-04c1-424b-9868-57a2d4851a1d" />
    <TestEntry testId="9fe14633-674e-f429-8358-a0e736a7db6f" executionId="354fc4ba-56c3-4f91-9003-edf85aeeb8ba" testListId="8c84fa94-04c1-424b-9868-57a2d4851a1d" />
    <TestEntry testId="cb025955-a459-54b6-1acf-e70366821ce1" executionId="14a04ce0-cd9a-4efb-ad5b-a9cec578afc0" testListId="8c84fa94-04c1-424b-9868-57a2d4851a1d" />
    <TestEntry testId="eb26f735-083b-8abb-afb0-75616e4f7277" executionId="d670853e-4027-4812-82ab-2c4b7c228da6" testListId="8c84fa94-04c1-424b-9868-57a2d4851a1d" />
    <TestEntry testId="8dda40ed-2756-612f-a5a6-b9241f6cac60" executionId="e61300ba-3a1c-4e09-bff3-d797e44f5108" testListId="8c84fa94-04c1-424b-9868-57a2d4851a1d" />
    <TestEntry testId="cd53719c-f457-1076-db69-656e217f61d4" executionId="e484b02c-56fe-4980-8e5a-985e5c599fd9" testListId="8c84fa94-04c1-424b-9868-57a2d4851a1d" />
    <TestEntry testId="30621b55-1a4e-ad43-661f-42427c4049c1" executionId="5efbcfaa-3f4f-4fa1-b705-50946c565dc6" testListId="8c84fa94-04c1-424b-9868-57a2d4851a1d" />
    <TestEntry testId="2becd8fd-8a23-583b-62f7-77681a676b2f" executionId="1b343b48-3391-430f-a4a4-c72c44b7a88f" testListId="8c84fa94-04c1-424b-9868-57a2d4851a1d" />
    <TestEntry testId="27b4953f-9c3d-ba57-9bad-ee91e8f45672" executionId="aa025742-5afb-47c0-a249-1ae5c86dcda4" testListId="8c84fa94-04c1-424b-9868-57a2d4851a1d" />
    <TestEntry testId="f587e4db-c032-5e8c-bc2b-5611efad30b2" executionId="86af70a5-0be4-4ab1-ae4e-281b64629646" testListId="8c84fa94-04c1-424b-9868-57a2d4851a1d" />
    <TestEntry testId="3d6ab73d-df9a-36bc-1fde-58fd4b2e0996" executionId="d752bc86-cc24-4d78-ac21-9dd86154bcbd" testListId="8c84fa94-04c1-424b-9868-57a2d4851a1d" />
    <TestEntry testId="958979d9-0df3-6f8c-df54-578dede5de02" executionId="921b8ef9-b6dc-478a-87e7-964648c8647b" testListId="8c84fa94-04c1-424b-9868-57a2d4851a1d" />
    <TestEntry testId="aa3fc26a-f2f3-420c-1519-8628a1981013" executionId="bcc7ac3e-74df-4ec1-b43e-f13f1b13319a" testListId="8c84fa94-04c1-424b-9868-57a2d4851a1d" />
    <TestEntry testId="3156a273-6caa-7e6b-43d5-4f73feb17192" executionId="17e4aa05-c18a-4b7e-a7b2-ac36453c77a2" testListId="8c84fa94-04c1-424b-9868-57a2d4851a1d" />
    <TestEntry testId="fd9c70cb-0e7b-967e-1c79-81bd5ff2c183" executionId="d047148d-fdcc-40b5-a738-388e97c93b1e" testListId="8c84fa94-04c1-424b-9868-57a2d4851a1d" />
    <TestEntry testId="8bc238e3-5c06-b48d-7dae-8b68de252013" executionId="394cf118-2eb2-4491-8e6e-d2e57bce9b50" testListId="8c84fa94-04c1-424b-9868-57a2d4851a1d" />
    <TestEntry testId="b6430163-7d92-10ff-0ae3-1fb83accc6db" executionId="c073e13b-bc49-4c70-8be1-c6cf93d32d01" testListId="8c84fa94-04c1-424b-9868-57a2d4851a1d" />
    <TestEntry testId="9e9689cc-34ba-37a8-6b2e-21fb400dc28f" executionId="4e5def42-9016-4e86-846e-bb2627975eb8" testListId="8c84fa94-04c1-424b-9868-57a2d4851a1d" />
    <TestEntry testId="55df3538-9c80-287e-f09c-4445baeb3203" executionId="fc1bbb99-c82f-40ac-9be9-3be3743cb036" testListId="8c84fa94-04c1-424b-9868-57a2d4851a1d" />
    <TestEntry testId="651b206a-ee4e-c462-0c23-35e418a25369" executionId="c35c9985-c776-4125-a203-02e8874dbaec" testListId="8c84fa94-04c1-424b-9868-57a2d4851a1d" />
    <TestEntry testId="b2cf016a-3428-0bad-2d42-8c41c4c2a113" executionId="25ebe597-632f-45bd-8c51-fdabcc7c1910" testListId="8c84fa94-04c1-424b-9868-57a2d4851a1d" />
    <TestEntry testId="830d6192-a677-f6e8-a5d4-a079842c173c" executionId="9f4c9fff-2fcd-4a07-ba39-ed6311c207a6" testListId="8c84fa94-04c1-424b-9868-57a2d4851a1d" />
    <TestEntry testId="55af9da8-d813-fb3d-3a35-eea6bafa3235" executionId="55ccf296-f127-47c2-bb86-28e206b51848" testListId="8c84fa94-04c1-424b-9868-57a2d4851a1d" />
    <TestEntry testId="be6195bc-b4d3-0a5e-ace7-d5deca770d84" executionId="b041ae1f-aa0b-4d9b-bdc1-ab1556e2b346" testListId="8c84fa94-04c1-424b-9868-57a2d4851a1d" />
    <TestEntry testId="2a8a5741-14db-a9c3-03ef-a03eae28637b" executionId="2e359b11-bec7-466a-bc76-0003b7c74cd5" testListId="8c84fa94-04c1-424b-9868-57a2d4851a1d" />
    <TestEntry testId="bf7d4585-2c52-56a8-0161-c02d78a936b7" executionId="cee94ba2-69bf-495e-bc02-3dd20ea490bf" testListId="8c84fa94-04c1-424b-9868-57a2d4851a1d" />
    <TestEntry testId="8ca15d71-a3a7-982c-c385-57d6e8597813" executionId="3c3b1df9-2b44-4f2d-83b0-943d563fb45d" testListId="8c84fa94-04c1-424b-9868-57a2d4851a1d" />
    <TestEntry testId="3a542a63-d1f2-f134-d012-51ca63b7f607" executionId="529d5ec7-cb87-4bb4-8468-cc9a4b59b88f" testListId="8c84fa94-04c1-424b-9868-57a2d4851a1d" />
    <TestEntry testId="179279d4-51cc-7ace-a3f4-992bfbdd080c" executionId="602c1c8f-849b-4864-be8c-438dc3b62858" testListId="8c84fa94-04c1-424b-9868-57a2d4851a1d" />
    <TestEntry testId="aeb58d62-9226-3158-64a2-be022f79aee4" executionId="0133a7b5-3ccf-48cc-aa5c-3b56f730ea67" testListId="8c84fa94-04c1-424b-9868-57a2d4851a1d" />
    <TestEntry testId="7d89d9d6-469c-5e60-758a-2ead9041a07e" executionId="66fc5310-0097-4129-86f8-ba62af3f7a47" testListId="8c84fa94-04c1-424b-9868-57a2d4851a1d" />
  </TestEntries>
  <TestLists>
    <TestList name="列表中未列出的结果" id="8c84fa94-04c1-424b-9868-57a2d4851a1d" />
    <TestList name="所有已加载的结果" id="19431567-8539-422a-85d7-44ee4e166bda" />
  </TestLists>
  <ResultSummary outcome="Failed">
    <Counters total="305" executed="305" passed="292" failed="13" error="0" timeout="0" aborted="0" inconclusive="0" passedButRunAborted="0" notRunnable="0" notExecuted="0" disconnected="0" warning="0" completed="0" inProgress="0" pending="0" />
    <Output>
      <StdOut>[xUnit.net 00:00:00.00] xUnit.net VSTest Adapter v2.8.2+699d445a1a (64-bit .NET 9.0.8)&#xD;
[xUnit.net 00:00:00.18]   Discovering: ModbusLib.Tests&#xD;
[xUnit.net 00:00:00.31]   Discovered:  ModbusLib.Tests&#xD;
[xUnit.net 00:00:00.32]   Starting:    ModbusLib.Tests&#xD;
[xUnit.net 00:00:00.46]       Assert.Equal() Failure: Values differ&#xD;
[xUnit.net 00:00:00.46]       Expected: 4660&#xD;
[xUnit.net 00:00:00.46]       Actual:   13330&#xD;
[xUnit.net 00:00:00.46]       Stack Trace:&#xD;
[xUnit.net 00:00:00.46]         D:\Projects\ModbusLib\Tests\src\GenericReadWrite\ModbusSpanExtensionsTests.cs(35,0): at ModbusLib.Tests.GenericReadWrite.ModbusSpanExtensionsTests.GetBigEndian_UShort_ReturnsCorrectValue()&#xD;
[xUnit.net 00:00:00.46]            at System.RuntimeMethodHandle.InvokeMethod(Object target, Void** arguments, Signature sig, Boolean isConstructor)&#xD;
[xUnit.net 00:00:00.46]            at System.Reflection.MethodBaseInvoker.InvokeWithNoArgs(Object obj, BindingFlags invokeAttr)&#xD;
[xUnit.net 00:00:00.46]       Assert.Throws() Failure: Exception type was not an exact match&#xD;
[xUnit.net 00:00:00.46]       Expected: typeof(System.ArgumentNullException)&#xD;
[xUnit.net 00:00:00.46]       Actual:   typeof(System.NullReferenceException)&#xD;
[xUnit.net 00:00:00.46]       ---- System.NullReferenceException : Object reference not set to an instance of an object.&#xD;
[xUnit.net 00:00:00.46]       Stack Trace:&#xD;
[xUnit.net 00:00:00.46]         D:\Projects\ModbusLib\Tests\src\GenericReadWrite\GenericBoundaryTests.cs(56,0): at ModbusLib.Tests.GenericReadWrite.GenericBoundaryTests.ModbusDataConverter_FromBytes_NullBytes_ThrowsException()&#xD;
[xUnit.net 00:00:00.46]            at System.RuntimeMethodHandle.InvokeMethod(Object target, Void** arguments, Signature sig, Boolean isConstructor)&#xD;
[xUnit.net 00:00:00.46]            at System.Reflection.MethodBaseInvoker.InvokeWithNoArgs(Object obj, BindingFlags invokeAttr)&#xD;
[xUnit.net 00:00:00.46]         ----- Inner Stack Trace -----&#xD;
[xUnit.net 00:00:00.46]         D:\Projects\ModbusLib\ModbusLib\src\Models\ModbusDataConverter.cs(76,0): at ModbusLib.Models.ModbusDataConverter.FromBytes[T](Byte[] bytes, Int32 count, ModbusEndianness endianness)&#xD;
[xUnit.net 00:00:00.46]         D:\Projects\ModbusLib\Tests\src\GenericReadWrite\GenericBoundaryTests.cs(57,0): at ModbusLib.Tests.GenericReadWrite.GenericBoundaryTests.&lt;&gt;c.&lt;ModbusDataConverter_FromBytes_NullBytes_ThrowsException&gt;b__5_0()&#xD;
[xUnit.net 00:00:00.46]       Assert.Equal() Failure: Values differ&#xD;
[xUnit.net 00:00:00.46]       Expected: 120&#xD;
[xUnit.net 00:00:00.46]       Actual:   18&#xD;
[xUnit.net 00:00:00.46]       Stack Trace:&#xD;
[xUnit.net 00:00:00.46]         D:\Projects\ModbusLib\Tests\src\GenericReadWrite\ModbusDataConverterTests.cs(108,0): at ModbusLib.Tests.GenericReadWrite.ModbusDataConverterTests.ToBytes_IntArray_BigEndian_ReturnsCorrectBytes()&#xD;
[xUnit.net 00:00:00.46]            at System.RuntimeMethodHandle.InvokeMethod(Object target, Void** arguments, Signature sig, Boolean isConstructor)&#xD;
[xUnit.net 00:00:00.46]            at System.Reflection.MethodBaseInvoker.InvokeWithNoArgs(Object obj, BindingFlags invokeAttr)&#xD;
[xUnit.net 00:00:00.47]       Assert.Throws() Failure: Exception type was not an exact match&#xD;
[xUnit.net 00:00:00.47]       Expected: typeof(System.ArgumentNullException)&#xD;
[xUnit.net 00:00:00.47]       Actual:   typeof(System.NullReferenceException)&#xD;
[xUnit.net 00:00:00.47]       ---- System.NullReferenceException : Object reference not set to an instance of an object.&#xD;
[xUnit.net 00:00:00.47]       Stack Trace:&#xD;
[xUnit.net 00:00:00.47]         D:\Projects\ModbusLib\Tests\src\GenericReadWrite\GenericBoundaryTests.cs(37,0): at ModbusLib.Tests.GenericReadWrite.GenericBoundaryTests.ModbusDataConverter_NullArray_ThrowsException()&#xD;
[xUnit.net 00:00:00.47]            at System.RuntimeMethodHandle.InvokeMethod(Object target, Void** arguments, Signature sig, Boolean isConstructor)&#xD;
[xUnit.net 00:00:00.47]            at System.Reflection.MethodBaseInvoker.InvokeWithNoArgs(Object obj, BindingFlags invokeAttr)&#xD;
[xUnit.net 00:00:00.47]         ----- Inner Stack Trace -----&#xD;
[xUnit.net 00:00:00.47]         D:\Projects\ModbusLib\ModbusLib\src\Models\ModbusDataConverter.cs(44,0): at ModbusLib.Models.ModbusDataConverter.ToBytes[T](T[] values, ModbusEndianness endianness)&#xD;
[xUnit.net 00:00:00.47]         D:\Projects\ModbusLib\Tests\src\GenericReadWrite\GenericBoundaryTests.cs(38,0): at ModbusLib.Tests.GenericReadWrite.GenericBoundaryTests.&lt;&gt;c.&lt;ModbusDataConverter_NullArray_ThrowsException&gt;b__3_0()&#xD;
[xUnit.net 00:00:00.47]       Assert.Equal() Failure: Values differ&#xD;
[xUnit.net 00:00:00.47]       Expected: 30806&#xD;
[xUnit.net 00:00:00.47]       Actual:   22136&#xD;
[xUnit.net 00:00:00.47]       Stack Trace:&#xD;
[xUnit.net 00:00:00.47]         D:\Projects\ModbusLib\Tests\src\GenericReadWrite\ModbusSpanExtensionsTests.cs(174,0): at ModbusLib.Tests.GenericReadWrite.ModbusSpanExtensionsTests.SetLittleEndian_Int_SetsCorrectValue()&#xD;
[xUnit.net 00:00:00.47]            at System.RuntimeMethodHandle.InvokeMethod(Object target, Void** arguments, Signature sig, Boolean isConstructor)&#xD;
[xUnit.net 00:00:00.47]            at System.Reflection.MethodBaseInvoker.InvokeWithNoArgs(Object obj, BindingFlags invokeAttr)&#xD;
[xUnit.net 00:00:00.47]       Assert.Equal() Failure: Values differ&#xD;
[xUnit.net 00:00:00.47]       Expected: 2018915346&#xD;
[xUnit.net 00:00:00.47]       Actual:   1450709556&#xD;
[xUnit.net 00:00:00.47]       Stack Trace:&#xD;
[xUnit.net 00:00:00.47]         D:\Projects\ModbusLib\Tests\src\GenericReadWrite\ModbusSpanExtensionsTests.cs(89,0): at ModbusLib.Tests.GenericReadWrite.ModbusSpanExtensionsTests.GetLittleEndian_Int_ReturnsCorrectValue()&#xD;
[xUnit.net 00:00:00.47]            at System.RuntimeMethodHandle.InvokeMethod(Object target, Void** arguments, Signature sig, Boolean isConstructor)&#xD;
[xUnit.net 00:00:00.47]            at System.Reflection.MethodBaseInvoker.InvokeWithNoArgs(Object obj, BindingFlags invokeAttr)&#xD;
[xUnit.net 00:00:00.47]       Assert.Throws() Failure: Exception type was not an exact match&#xD;
[xUnit.net 00:00:00.47]       Expected: typeof(System.ArgumentException)&#xD;
[xUnit.net 00:00:00.47]       Actual:   typeof(System.ArgumentOutOfRangeException)&#xD;
[xUnit.net 00:00:00.47]       ---- System.ArgumentOutOfRangeException : minimumLength ('-4') must be a non-negative value. (Parameter 'minimumLength')&#xD;
[xUnit.net 00:00:00.47]       Actual value was -4.&#xD;
[xUnit.net 00:00:00.47]       Stack Trace:&#xD;
[xUnit.net 00:00:00.47]         D:\Projects\ModbusLib\Tests\src\GenericReadWrite\GenericBoundaryTests.cs(80,0): at ModbusLib.Tests.GenericReadWrite.GenericBoundaryTests.ModbusDataConverter_FromBytes_NegativeCount_ThrowsException()&#xD;
[xUnit.net 00:00:00.47]            at System.RuntimeMethodHandle.InvokeMethod(Object target, Void** arguments, Signature sig, Boolean isConstructor)&#xD;
[xUnit.net 00:00:00.47]            at System.Reflection.MethodBaseInvoker.InvokeWithNoArgs(Object obj, BindingFlags invokeAttr)&#xD;
[xUnit.net 00:00:00.47]         ----- Inner Stack Trace -----&#xD;
[xUnit.net 00:00:00.47]            at System.ArgumentOutOfRangeException.ThrowNegative[T](T value, String paramName)&#xD;
[xUnit.net 00:00:00.47]            at System.ArgumentOutOfRangeException.ThrowIfNegative[T](T value, String paramName)&#xD;
[xUnit.net 00:00:00.47]            at System.Buffers.SharedArrayPool`1.Rent(Int32 minimumLength)&#xD;
[xUnit.net 00:00:00.47]         D:\Projects\ModbusLib\ModbusLib\src\Models\ModbusDataConverter.cs(79,0): at ModbusLib.Models.ModbusDataConverter.FromBytes[T](Byte[] bytes, Int32 count, ModbusEndianness endianness)&#xD;
[xUnit.net 00:00:00.47]         D:\Projects\ModbusLib\Tests\src\GenericReadWrite\GenericBoundaryTests.cs(81,0): at ModbusLib.Tests.GenericReadWrite.GenericBoundaryTests.&lt;&gt;c__DisplayClass7_0.&lt;ModbusDataConverter_FromBytes_NegativeCount_ThrowsException&gt;b__0()&#xD;
[xUnit.net 00:00:00.47]       Assert.Equal() Failure: Values differ&#xD;
[xUnit.net 00:00:00.47]       Expected: 13330&#xD;
[xUnit.net 00:00:00.47]       Actual:   4660&#xD;
[xUnit.net 00:00:00.47]       Stack Trace:&#xD;
[xUnit.net 00:00:00.47]         D:\Projects\ModbusLib\Tests\src\GenericReadWrite\ModbusSpanExtensionsTests.cs(160,0): at ModbusLib.Tests.GenericReadWrite.ModbusSpanExtensionsTests.SetLittleEndian_UShort_SetsCorrectValue()&#xD;
[xUnit.net 00:00:00.47]            at System.RuntimeMethodHandle.InvokeMethod(Object target, Void** arguments, Signature sig, Boolean isConstructor)&#xD;
[xUnit.net 00:00:00.47]            at System.Reflection.MethodBaseInvoker.InvokeWithNoArgs(Object obj, BindingFlags invokeAttr)&#xD;
[xUnit.net 00:00:00.47]       Assert.Equal() Failure: Values differ&#xD;
[xUnit.net 00:00:00.47]       Expected: 305419896&#xD;
[xUnit.net 00:00:00.47]       Actual:   2018915346&#xD;
[xUnit.net 00:00:00.47]       Stack Trace:&#xD;
[xUnit.net 00:00:00.47]         D:\Projects\ModbusLib\Tests\src\GenericReadWrite\ModbusSpanExtensionsTests.cs(49,0): at ModbusLib.Tests.GenericReadWrite.ModbusSpanExtensionsTests.GetBigEndian_Int_ReturnsCorrectValue()&#xD;
[xUnit.net 00:00:00.47]            at System.RuntimeMethodHandle.InvokeMethod(Object target, Void** arguments, Signature sig, Boolean isConstructor)&#xD;
[xUnit.net 00:00:00.47]            at System.Reflection.MethodBaseInvoker.InvokeWithNoArgs(Object obj, BindingFlags invokeAttr)&#xD;
[xUnit.net 00:00:00.48]       Assert.Equal() Failure: Values differ&#xD;
[xUnit.net 00:00:00.48]       Expected: 0&#xD;
[xUnit.net 00:00:00.48]       Actual:   -1&#xD;
[xUnit.net 00:00:00.48]       Stack Trace:&#xD;
[xUnit.net 00:00:00.48]         D:\Projects\ModbusLib\Tests\src\GenericReadWrite\GenericBoundaryTests.cs(124,0): at ModbusLib.Tests.GenericReadWrite.GenericBoundaryTests.GetTotalRegisterCount_NegativeCount_ReturnsZero()&#xD;
[xUnit.net 00:00:00.48]            at System.RuntimeMethodHandle.InvokeMethod(Object target, Void** arguments, Signature sig, Boolean isConstructor)&#xD;
[xUnit.net 00:00:00.48]            at System.Reflection.MethodBaseInvoker.InvokeWithNoArgs(Object obj, BindingFlags invokeAttr)&#xD;
[xUnit.net 00:00:00.48]       Assert.Equal() Failure: Values differ&#xD;
[xUnit.net 00:00:00.48]       Expected: 4660&#xD;
[xUnit.net 00:00:00.48]       Actual:   30806&#xD;
[xUnit.net 00:00:00.48]       Stack Trace:&#xD;
[xUnit.net 00:00:00.48]         D:\Projects\ModbusLib\Tests\src\GenericReadWrite\ModbusSpanExtensionsTests.cs(131,0): at ModbusLib.Tests.GenericReadWrite.ModbusSpanExtensionsTests.SetBigEndian_Int_SetsCorrectValue()&#xD;
[xUnit.net 00:00:00.48]            at System.RuntimeMethodHandle.InvokeMethod(Object target, Void** arguments, Signature sig, Boolean isConstructor)&#xD;
[xUnit.net 00:00:00.48]            at System.Reflection.MethodBaseInvoker.InvokeWithNoArgs(Object obj, BindingFlags invokeAttr)&#xD;
[xUnit.net 00:00:00.48]       Assert.Equal() Failure: Values differ&#xD;
[xUnit.net 00:00:00.48]       Expected: 13330&#xD;
[xUnit.net 00:00:00.48]       Actual:   4660&#xD;
[xUnit.net 00:00:00.48]       Stack Trace:&#xD;
[xUnit.net 00:00:00.48]         D:\Projects\ModbusLib\Tests\src\GenericReadWrite\ModbusSpanExtensionsTests.cs(75,0): at ModbusLib.Tests.GenericReadWrite.ModbusSpanExtensionsTests.GetLittleEndian_UShort_ReturnsCorrectValue()&#xD;
[xUnit.net 00:00:00.48]            at System.RuntimeMethodHandle.InvokeMethod(Object target, Void** arguments, Signature sig, Boolean isConstructor)&#xD;
[xUnit.net 00:00:00.48]            at System.Reflection.MethodBaseInvoker.InvokeWithNoArgs(Object obj, BindingFlags invokeAttr)&#xD;
[xUnit.net 00:00:00.48]       Assert.Equal() Failure: Values differ&#xD;
[xUnit.net 00:00:00.48]       Expected: 4660&#xD;
[xUnit.net 00:00:00.48]       Actual:   13330&#xD;
[xUnit.net 00:00:00.48]       Stack Trace:&#xD;
[xUnit.net 00:00:00.48]         D:\Projects\ModbusLib\Tests\src\GenericReadWrite\ModbusSpanExtensionsTests.cs(117,0): at ModbusLib.Tests.GenericReadWrite.ModbusSpanExtensionsTests.SetBigEndian_UShort_SetsCorrectValue()&#xD;
[xUnit.net 00:00:00.48]            at System.RuntimeMethodHandle.InvokeMethod(Object target, Void** arguments, Signature sig, Boolean isConstructor)&#xD;
[xUnit.net 00:00:00.48]            at System.Reflection.MethodBaseInvoker.InvokeWithNoArgs(Object obj, BindingFlags invokeAttr)&#xD;
[xUnit.net 00:00:01.13]   Finished:    ModbusLib.Tests&#xD;
</StdOut>
    </Output>
    <RunInfos>
      <RunInfo computerName="XIAOXIN" outcome="Error" timestamp="2025-09-06T10:50:14.2682042+08:00">
        <Text>[xUnit.net 00:00:00.46]     ModbusLib.Tests.GenericReadWrite.ModbusSpanExtensionsTests.GetBigEndian_UShort_ReturnsCorrectValue [FAIL]</Text>
      </RunInfo>
      <RunInfo computerName="XIAOXIN" outcome="Error" timestamp="2025-09-06T10:50:14.2685448+08:00">
        <Text>[xUnit.net 00:00:00.46]     ModbusLib.Tests.GenericReadWrite.GenericBoundaryTests.ModbusDataConverter_FromBytes_NullBytes_ThrowsException [FAIL]</Text>
      </RunInfo>
      <RunInfo computerName="XIAOXIN" outcome="Error" timestamp="2025-09-06T10:50:14.2914236+08:00">
        <Text>[xUnit.net 00:00:00.46]     ModbusLib.Tests.GenericReadWrite.ModbusDataConverterTests.ToBytes_IntArray_BigEndian_ReturnsCorrectBytes [FAIL]</Text>
      </RunInfo>
      <RunInfo computerName="XIAOXIN" outcome="Error" timestamp="2025-09-06T10:50:14.2934722+08:00">
        <Text>[xUnit.net 00:00:00.47]     ModbusLib.Tests.GenericReadWrite.GenericBoundaryTests.ModbusDataConverter_NullArray_ThrowsException [FAIL]</Text>
      </RunInfo>
      <RunInfo computerName="XIAOXIN" outcome="Error" timestamp="2025-09-06T10:50:14.2944535+08:00">
        <Text>[xUnit.net 00:00:00.47]     ModbusLib.Tests.GenericReadWrite.ModbusSpanExtensionsTests.SetLittleEndian_Int_SetsCorrectValue [FAIL]</Text>
      </RunInfo>
      <RunInfo computerName="XIAOXIN" outcome="Error" timestamp="2025-09-06T10:50:14.2957697+08:00">
        <Text>[xUnit.net 00:00:00.47]     ModbusLib.Tests.GenericReadWrite.ModbusSpanExtensionsTests.GetLittleEndian_Int_ReturnsCorrectValue [FAIL]</Text>
      </RunInfo>
      <RunInfo computerName="XIAOXIN" outcome="Error" timestamp="2025-09-06T10:50:14.2962165+08:00">
        <Text>[xUnit.net 00:00:00.47]     ModbusLib.Tests.GenericReadWrite.GenericBoundaryTests.ModbusDataConverter_FromBytes_NegativeCount_ThrowsException [FAIL]</Text>
      </RunInfo>
      <RunInfo computerName="XIAOXIN" outcome="Error" timestamp="2025-09-06T10:50:14.2967504+08:00">
        <Text>[xUnit.net 00:00:00.47]     ModbusLib.Tests.GenericReadWrite.ModbusSpanExtensionsTests.SetLittleEndian_UShort_SetsCorrectValue [FAIL]</Text>
      </RunInfo>
      <RunInfo computerName="XIAOXIN" outcome="Error" timestamp="2025-09-06T10:50:14.2974754+08:00">
        <Text>[xUnit.net 00:00:00.47]     ModbusLib.Tests.GenericReadWrite.ModbusSpanExtensionsTests.GetBigEndian_Int_ReturnsCorrectValue [FAIL]</Text>
      </RunInfo>
      <RunInfo computerName="XIAOXIN" outcome="Error" timestamp="2025-09-06T10:50:14.2980286+08:00">
        <Text>[xUnit.net 00:00:00.48]     ModbusLib.Tests.GenericReadWrite.GenericBoundaryTests.GetTotalRegisterCount_NegativeCount_ReturnsZero [FAIL]</Text>
      </RunInfo>
      <RunInfo computerName="XIAOXIN" outcome="Error" timestamp="2025-09-06T10:50:14.2985798+08:00">
        <Text>[xUnit.net 00:00:00.48]     ModbusLib.Tests.GenericReadWrite.ModbusSpanExtensionsTests.SetBigEndian_Int_SetsCorrectValue [FAIL]</Text>
      </RunInfo>
      <RunInfo computerName="XIAOXIN" outcome="Error" timestamp="2025-09-06T10:50:14.2988529+08:00">
        <Text>[xUnit.net 00:00:00.48]     ModbusLib.Tests.GenericReadWrite.ModbusSpanExtensionsTests.GetLittleEndian_UShort_ReturnsCorrectValue [FAIL]</Text>
      </RunInfo>
      <RunInfo computerName="XIAOXIN" outcome="Error" timestamp="2025-09-06T10:50:14.2990700+08:00">
        <Text>[xUnit.net 00:00:00.48]     ModbusLib.Tests.GenericReadWrite.ModbusSpanExtensionsTests.SetBigEndian_UShort_SetsCorrectValue [FAIL]</Text>
      </RunInfo>
    </RunInfos>
  </ResultSummary>
</TestRun>